[2024-08-27T10:50:49.849+0900] {local_task_job_runner.py:120} INFO - ::group::Pre task execution logs
[2024-08-27T10:50:49.863+0900] {taskinstance.py:2076} INFO - Dependencies all met for dep_context=non-requeueable deps ti=<TaskInstance: data_for_audit.fetch_data scheduled__2024-08-27T00:00:00+00:00 [queued]>
[2024-08-27T10:50:49.868+0900] {taskinstance.py:2076} INFO - Dependencies all met for dep_context=requeueable deps ti=<TaskInstance: data_for_audit.fetch_data scheduled__2024-08-27T00:00:00+00:00 [queued]>
[2024-08-27T10:50:49.868+0900] {taskinstance.py:2306} INFO - Starting attempt 1 of 1
[2024-08-27T10:50:49.890+0900] {taskinstance.py:2330} INFO - Executing <Task(BashOperator): fetch_data> on 2024-08-27 00:00:00+00:00
[2024-08-27T10:50:49.893+0900] {standard_task_runner.py:64} INFO - Started process 20079 to run task
[2024-08-27T10:50:49.900+0900] {standard_task_runner.py:90} INFO - Running: ['airflow', 'tasks', 'run', 'data_for_audit', 'fetch_data', 'scheduled__2024-08-27T00:00:00+00:00', '--job-id', '12', '--raw', '--subdir', 'DAGS_FOLDER/audit.py', '--cfg-path', '/tmp/tmp5pgbfmlh']
[2024-08-27T10:50:49.903+0900] {standard_task_runner.py:91} INFO - Job 12: Subtask fetch_data
[2024-08-27T10:50:49.960+0900] {task_command.py:426} INFO - Running <TaskInstance: data_for_audit.fetch_data scheduled__2024-08-27T00:00:00+00:00 [running]> on host KYUSEOK-NB.
[2024-08-27T10:50:50.045+0900] {taskinstance.py:2648} INFO - Exporting env vars: AIRFLOW_CTX_DAG_OWNER='airflow' AIRFLOW_CTX_DAG_ID='data_for_audit' AIRFLOW_CTX_TASK_ID='fetch_data' AIRFLOW_CTX_EXECUTION_DATE='2024-08-27T00:00:00+00:00' AIRFLOW_CTX_TRY_NUMBER='1' AIRFLOW_CTX_DAG_RUN_ID='scheduled__2024-08-27T00:00:00+00:00'
[2024-08-27T10:50:50.046+0900] {taskinstance.py:430} INFO - ::endgroup::
[2024-08-27T10:50:50.063+0900] {subprocess.py:63} INFO - Tmp dir root location: /tmp
[2024-08-27T10:50:50.064+0900] {subprocess.py:75} INFO - Running command: ['/usr/bin/bash', '-c', '\n        $SPARK_HOME/bin/spark-submit /home/kyuseok00/teamproj/chat/py/audit.py\n    ']
[2024-08-27T10:50:50.070+0900] {subprocess.py:86} INFO - Output:
[2024-08-27T10:50:51.347+0900] {subprocess.py:93} INFO - 24/08/27 10:50:51 WARN Utils: Your hostname, KYUSEOK-NB resolves to a loopback address: 127.0.1.1; using 10.255.255.254 instead (on interface lo)
[2024-08-27T10:50:51.349+0900] {subprocess.py:93} INFO - 24/08/27 10:50:51 WARN Utils: Set SPARK_LOCAL_IP if you need to bind to another address
[2024-08-27T10:50:52.392+0900] {subprocess.py:93} INFO - 24/08/27 10:50:52 INFO SparkContext: Running Spark version 3.5.1
[2024-08-27T10:50:52.392+0900] {subprocess.py:93} INFO - 24/08/27 10:50:52 INFO SparkContext: OS info Linux, 5.15.153.1-microsoft-standard-WSL2, amd64
[2024-08-27T10:50:52.393+0900] {subprocess.py:93} INFO - 24/08/27 10:50:52 INFO SparkContext: Java version 17.0.12
[2024-08-27T10:50:52.436+0900] {subprocess.py:93} INFO - 24/08/27 10:50:52 WARN NativeCodeLoader: Unable to load native-hadoop library for your platform... using builtin-java classes where applicable
[2024-08-27T10:50:52.514+0900] {subprocess.py:93} INFO - 24/08/27 10:50:52 INFO ResourceUtils: ==============================================================
[2024-08-27T10:50:52.514+0900] {subprocess.py:93} INFO - 24/08/27 10:50:52 INFO ResourceUtils: No custom resources configured for spark.driver.
[2024-08-27T10:50:52.514+0900] {subprocess.py:93} INFO - 24/08/27 10:50:52 INFO ResourceUtils: ==============================================================
[2024-08-27T10:50:52.515+0900] {subprocess.py:93} INFO - 24/08/27 10:50:52 INFO SparkContext: Submitted application: KafkaAudit
[2024-08-27T10:50:52.531+0900] {subprocess.py:93} INFO - 24/08/27 10:50:52 INFO ResourceProfile: Default ResourceProfile created, executor resources: Map(cores -> name: cores, amount: 1, script: , vendor: , memory -> name: memory, amount: 1024, script: , vendor: , offHeap -> name: offHeap, amount: 0, script: , vendor: ), task resources: Map(cpus -> name: cpus, amount: 1.0)
[2024-08-27T10:50:52.538+0900] {subprocess.py:93} INFO - 24/08/27 10:50:52 INFO ResourceProfile: Limiting resource is cpu
[2024-08-27T10:50:52.539+0900] {subprocess.py:93} INFO - 24/08/27 10:50:52 INFO ResourceProfileManager: Added ResourceProfile id: 0
[2024-08-27T10:50:52.589+0900] {subprocess.py:93} INFO - 24/08/27 10:50:52 INFO SecurityManager: Changing view acls to: kyuseok00
[2024-08-27T10:50:52.590+0900] {subprocess.py:93} INFO - 24/08/27 10:50:52 INFO SecurityManager: Changing modify acls to: kyuseok00
[2024-08-27T10:50:52.591+0900] {subprocess.py:93} INFO - 24/08/27 10:50:52 INFO SecurityManager: Changing view acls groups to:
[2024-08-27T10:50:52.592+0900] {subprocess.py:93} INFO - 24/08/27 10:50:52 INFO SecurityManager: Changing modify acls groups to:
[2024-08-27T10:50:52.592+0900] {subprocess.py:93} INFO - 24/08/27 10:50:52 INFO SecurityManager: SecurityManager: authentication disabled; ui acls disabled; users with view permissions: kyuseok00; groups with view permissions: EMPTY; users with modify permissions: kyuseok00; groups with modify permissions: EMPTY
[2024-08-27T10:50:52.822+0900] {subprocess.py:93} INFO - 24/08/27 10:50:52 INFO Utils: Successfully started service 'sparkDriver' on port 39875.
[2024-08-27T10:50:52.844+0900] {subprocess.py:93} INFO - 24/08/27 10:50:52 INFO SparkEnv: Registering MapOutputTracker
[2024-08-27T10:50:52.876+0900] {subprocess.py:93} INFO - 24/08/27 10:50:52 INFO SparkEnv: Registering BlockManagerMaster
[2024-08-27T10:50:52.898+0900] {subprocess.py:93} INFO - 24/08/27 10:50:52 INFO BlockManagerMasterEndpoint: Using org.apache.spark.storage.DefaultTopologyMapper for getting topology information
[2024-08-27T10:50:52.899+0900] {subprocess.py:93} INFO - 24/08/27 10:50:52 INFO BlockManagerMasterEndpoint: BlockManagerMasterEndpoint up
[2024-08-27T10:50:52.904+0900] {subprocess.py:93} INFO - 24/08/27 10:50:52 INFO SparkEnv: Registering BlockManagerMasterHeartbeat
[2024-08-27T10:50:52.922+0900] {subprocess.py:93} INFO - 24/08/27 10:50:52 INFO DiskBlockManager: Created local directory at /tmp/blockmgr-ad9f1869-6b80-4e3a-9b3d-036b771bac62
[2024-08-27T10:50:52.946+0900] {subprocess.py:93} INFO - 24/08/27 10:50:52 INFO MemoryStore: MemoryStore started with capacity 434.4 MiB
[2024-08-27T10:50:52.961+0900] {subprocess.py:93} INFO - 24/08/27 10:50:52 INFO SparkEnv: Registering OutputCommitCoordinator
[2024-08-27T10:50:53.076+0900] {subprocess.py:93} INFO - 24/08/27 10:50:53 INFO JettyUtils: Start Jetty 0.0.0.0:4040 for SparkUI
[2024-08-27T10:50:53.133+0900] {subprocess.py:93} INFO - 24/08/27 10:50:53 INFO Utils: Successfully started service 'SparkUI' on port 4040.
[2024-08-27T10:50:53.249+0900] {subprocess.py:93} INFO - 24/08/27 10:50:53 INFO Executor: Starting executor ID driver on host 10.255.255.254
[2024-08-27T10:50:53.250+0900] {subprocess.py:93} INFO - 24/08/27 10:50:53 INFO Executor: OS info Linux, 5.15.153.1-microsoft-standard-WSL2, amd64
[2024-08-27T10:50:53.250+0900] {subprocess.py:93} INFO - 24/08/27 10:50:53 INFO Executor: Java version 17.0.12
[2024-08-27T10:50:53.256+0900] {subprocess.py:93} INFO - 24/08/27 10:50:53 INFO Executor: Starting executor with user classpath (userClassPathFirst = false): ''
[2024-08-27T10:50:53.257+0900] {subprocess.py:93} INFO - 24/08/27 10:50:53 INFO Executor: Created or updated repl class loader org.apache.spark.util.MutableURLClassLoader@e83169f for default.
[2024-08-27T10:50:53.276+0900] {subprocess.py:93} INFO - 24/08/27 10:50:53 INFO Utils: Successfully started service 'org.apache.spark.network.netty.NettyBlockTransferService' on port 44857.
[2024-08-27T10:50:53.276+0900] {subprocess.py:93} INFO - 24/08/27 10:50:53 INFO NettyBlockTransferService: Server created on 10.255.255.254:44857
[2024-08-27T10:50:53.278+0900] {subprocess.py:93} INFO - 24/08/27 10:50:53 INFO BlockManager: Using org.apache.spark.storage.RandomBlockReplicationPolicy for block replication policy
[2024-08-27T10:50:53.283+0900] {subprocess.py:93} INFO - 24/08/27 10:50:53 INFO BlockManagerMaster: Registering BlockManager BlockManagerId(driver, 10.255.255.254, 44857, None)
[2024-08-27T10:50:53.286+0900] {subprocess.py:93} INFO - 24/08/27 10:50:53 INFO BlockManagerMasterEndpoint: Registering block manager 10.255.255.254:44857 with 434.4 MiB RAM, BlockManagerId(driver, 10.255.255.254, 44857, None)
[2024-08-27T10:50:53.288+0900] {subprocess.py:93} INFO - 24/08/27 10:50:53 INFO BlockManagerMaster: Registered BlockManager BlockManagerId(driver, 10.255.255.254, 44857, None)
[2024-08-27T10:50:53.289+0900] {subprocess.py:93} INFO - 24/08/27 10:50:53 INFO BlockManager: Initialized BlockManager: BlockManagerId(driver, 10.255.255.254, 44857, None)
[2024-08-27T10:50:58.748+0900] {subprocess.py:93} INFO - 24/08/27 10:50:58 INFO SparkContext: SparkContext is stopping with exitCode 0.
[2024-08-27T10:50:58.758+0900] {subprocess.py:93} INFO - 24/08/27 10:50:58 INFO SparkUI: Stopped Spark web UI at http://10.255.255.254:4040
[2024-08-27T10:50:58.767+0900] {subprocess.py:93} INFO - 24/08/27 10:50:58 INFO MapOutputTrackerMasterEndpoint: MapOutputTrackerMasterEndpoint stopped!
[2024-08-27T10:50:58.787+0900] {subprocess.py:93} INFO - 24/08/27 10:50:58 INFO MemoryStore: MemoryStore cleared
[2024-08-27T10:50:58.787+0900] {subprocess.py:93} INFO - 24/08/27 10:50:58 INFO BlockManager: BlockManager stopped
[2024-08-27T10:50:58.791+0900] {subprocess.py:93} INFO - 24/08/27 10:50:58 INFO BlockManagerMaster: BlockManagerMaster stopped
[2024-08-27T10:50:58.793+0900] {subprocess.py:93} INFO - 24/08/27 10:50:58 INFO OutputCommitCoordinator$OutputCommitCoordinatorEndpoint: OutputCommitCoordinator stopped!
[2024-08-27T10:50:58.799+0900] {subprocess.py:93} INFO - 24/08/27 10:50:58 INFO SparkContext: Successfully stopped SparkContext
[2024-08-27T10:50:59.059+0900] {subprocess.py:93} INFO - 24/08/27 10:50:59 INFO ShutdownHookManager: Shutdown hook called
[2024-08-27T10:50:59.060+0900] {subprocess.py:93} INFO - 24/08/27 10:50:59 INFO ShutdownHookManager: Deleting directory /tmp/spark-e2a1e4c6-0afc-4e50-8cb0-15b355316728/pyspark-68a5e4ff-db7c-4ced-897d-2a8ebaea4620
[2024-08-27T10:50:59.062+0900] {subprocess.py:93} INFO - 24/08/27 10:50:59 INFO ShutdownHookManager: Deleting directory /tmp/spark-85c56b4c-e9ca-49d3-8108-7b413a1ecd4f
[2024-08-27T10:50:59.064+0900] {subprocess.py:93} INFO - 24/08/27 10:50:59 INFO ShutdownHookManager: Deleting directory /tmp/spark-e2a1e4c6-0afc-4e50-8cb0-15b355316728
[2024-08-27T10:50:59.084+0900] {subprocess.py:97} INFO - Command exited with return code 0
[2024-08-27T10:50:59.084+0900] {taskinstance.py:441} INFO - ::group::Post task execution logs
[2024-08-27T10:50:59.103+0900] {taskinstance.py:1206} INFO - Marking task as SUCCESS. dag_id=data_for_audit, task_id=fetch_data, run_id=scheduled__2024-08-27T00:00:00+00:00, execution_date=20240827T000000, start_date=20240827T015049, end_date=20240827T015059
[2024-08-27T10:50:59.157+0900] {local_task_job_runner.py:243} INFO - Task exited with return code 0
[2024-08-27T10:50:59.167+0900] {taskinstance.py:3503} INFO - 0 downstream tasks scheduled from follow-on schedule check
[2024-08-27T10:50:59.168+0900] {local_task_job_runner.py:222} INFO - ::endgroup::
