[2024-08-26T17:17:11.795+0900] {local_task_job_runner.py:120} INFO - ::group::Pre task execution logs
[2024-08-26T17:17:11.816+0900] {taskinstance.py:2076} INFO - Dependencies all met for dep_context=non-requeueable deps ti=<TaskInstance: data_for_audit.fetch_data scheduled__2024-08-26T07:00:00+00:00 [queued]>
[2024-08-26T17:17:11.823+0900] {taskinstance.py:2076} INFO - Dependencies all met for dep_context=requeueable deps ti=<TaskInstance: data_for_audit.fetch_data scheduled__2024-08-26T07:00:00+00:00 [queued]>
[2024-08-26T17:17:11.823+0900] {taskinstance.py:2306} INFO - Starting attempt 1 of 1
[2024-08-26T17:17:11.839+0900] {taskinstance.py:2330} INFO - Executing <Task(BashOperator): fetch_data> on 2024-08-26 07:00:00+00:00
[2024-08-26T17:17:11.841+0900] {standard_task_runner.py:64} INFO - Started process 84366 to run task
[2024-08-26T17:17:11.844+0900] {standard_task_runner.py:90} INFO - Running: ['airflow', 'tasks', 'run', 'data_for_audit', 'fetch_data', 'scheduled__2024-08-26T07:00:00+00:00', '--job-id', '9', '--raw', '--subdir', 'DAGS_FOLDER/audit.py', '--cfg-path', '/tmp/tmp4jug0j7e']
[2024-08-26T17:17:11.846+0900] {standard_task_runner.py:91} INFO - Job 9: Subtask fetch_data
[2024-08-26T17:17:11.887+0900] {task_command.py:426} INFO - Running <TaskInstance: data_for_audit.fetch_data scheduled__2024-08-26T07:00:00+00:00 [running]> on host KYUSEOK-NB.
[2024-08-26T17:17:11.952+0900] {taskinstance.py:2648} INFO - Exporting env vars: AIRFLOW_CTX_DAG_OWNER='airflow' AIRFLOW_CTX_DAG_ID='data_for_audit' AIRFLOW_CTX_TASK_ID='fetch_data' AIRFLOW_CTX_EXECUTION_DATE='2024-08-26T07:00:00+00:00' AIRFLOW_CTX_TRY_NUMBER='1' AIRFLOW_CTX_DAG_RUN_ID='scheduled__2024-08-26T07:00:00+00:00'
[2024-08-26T17:17:11.952+0900] {taskinstance.py:430} INFO - ::endgroup::
[2024-08-26T17:17:11.969+0900] {subprocess.py:63} INFO - Tmp dir root location: /tmp
[2024-08-26T17:17:11.970+0900] {subprocess.py:75} INFO - Running command: ['/usr/bin/bash', '-c', '\n        $SPARK_HOME/bin/spark-submit /home/kyuseok00/teamproj/chat/py/audit.py\n    ']
[2024-08-26T17:17:11.975+0900] {subprocess.py:86} INFO - Output:
[2024-08-26T17:17:14.297+0900] {subprocess.py:93} INFO - 24/08/26 17:17:14 WARN Utils: Your hostname, KYUSEOK-NB resolves to a loopback address: 127.0.1.1; using 10.255.255.254 instead (on interface lo)
[2024-08-26T17:17:14.299+0900] {subprocess.py:93} INFO - 24/08/26 17:17:14 WARN Utils: Set SPARK_LOCAL_IP if you need to bind to another address
[2024-08-26T17:17:15.598+0900] {subprocess.py:93} INFO - 24/08/26 17:17:15 INFO SparkContext: Running Spark version 3.5.1
[2024-08-26T17:17:15.598+0900] {subprocess.py:93} INFO - 24/08/26 17:17:15 INFO SparkContext: OS info Linux, 5.15.153.1-microsoft-standard-WSL2, amd64
[2024-08-26T17:17:15.599+0900] {subprocess.py:93} INFO - 24/08/26 17:17:15 INFO SparkContext: Java version 17.0.12
[2024-08-26T17:17:15.708+0900] {subprocess.py:93} INFO - 24/08/26 17:17:15 WARN NativeCodeLoader: Unable to load native-hadoop library for your platform... using builtin-java classes where applicable
[2024-08-26T17:17:15.876+0900] {subprocess.py:93} INFO - 24/08/26 17:17:15 INFO ResourceUtils: ==============================================================
[2024-08-26T17:17:15.877+0900] {subprocess.py:93} INFO - 24/08/26 17:17:15 INFO ResourceUtils: No custom resources configured for spark.driver.
[2024-08-26T17:17:15.877+0900] {subprocess.py:93} INFO - 24/08/26 17:17:15 INFO ResourceUtils: ==============================================================
[2024-08-26T17:17:15.878+0900] {subprocess.py:93} INFO - 24/08/26 17:17:15 INFO SparkContext: Submitted application: KafkaAudit
[2024-08-26T17:17:15.905+0900] {subprocess.py:93} INFO - 24/08/26 17:17:15 INFO ResourceProfile: Default ResourceProfile created, executor resources: Map(cores -> name: cores, amount: 1, script: , vendor: , memory -> name: memory, amount: 1024, script: , vendor: , offHeap -> name: offHeap, amount: 0, script: , vendor: ), task resources: Map(cpus -> name: cpus, amount: 1.0)
[2024-08-26T17:17:15.916+0900] {subprocess.py:93} INFO - 24/08/26 17:17:15 INFO ResourceProfile: Limiting resource is cpu
[2024-08-26T17:17:15.918+0900] {subprocess.py:93} INFO - 24/08/26 17:17:15 INFO ResourceProfileManager: Added ResourceProfile id: 0
[2024-08-26T17:17:16.011+0900] {subprocess.py:93} INFO - 24/08/26 17:17:16 INFO SecurityManager: Changing view acls to: kyuseok00
[2024-08-26T17:17:16.013+0900] {subprocess.py:93} INFO - 24/08/26 17:17:16 INFO SecurityManager: Changing modify acls to: kyuseok00
[2024-08-26T17:17:16.014+0900] {subprocess.py:93} INFO - 24/08/26 17:17:16 INFO SecurityManager: Changing view acls groups to:
[2024-08-26T17:17:16.014+0900] {subprocess.py:93} INFO - 24/08/26 17:17:16 INFO SecurityManager: Changing modify acls groups to:
[2024-08-26T17:17:16.015+0900] {subprocess.py:93} INFO - 24/08/26 17:17:16 INFO SecurityManager: SecurityManager: authentication disabled; ui acls disabled; users with view permissions: kyuseok00; groups with view permissions: EMPTY; users with modify permissions: kyuseok00; groups with modify permissions: EMPTY
[2024-08-26T17:17:16.430+0900] {subprocess.py:93} INFO - 24/08/26 17:17:16 INFO Utils: Successfully started service 'sparkDriver' on port 40897.
[2024-08-26T17:17:16.471+0900] {subprocess.py:93} INFO - 24/08/26 17:17:16 INFO SparkEnv: Registering MapOutputTracker
[2024-08-26T17:17:16.515+0900] {subprocess.py:93} INFO - 24/08/26 17:17:16 INFO SparkEnv: Registering BlockManagerMaster
[2024-08-26T17:17:16.546+0900] {subprocess.py:93} INFO - 24/08/26 17:17:16 INFO BlockManagerMasterEndpoint: Using org.apache.spark.storage.DefaultTopologyMapper for getting topology information
[2024-08-26T17:17:16.547+0900] {subprocess.py:93} INFO - 24/08/26 17:17:16 INFO BlockManagerMasterEndpoint: BlockManagerMasterEndpoint up
[2024-08-26T17:17:16.554+0900] {subprocess.py:93} INFO - 24/08/26 17:17:16 INFO SparkEnv: Registering BlockManagerMasterHeartbeat
[2024-08-26T17:17:16.590+0900] {subprocess.py:93} INFO - 24/08/26 17:17:16 INFO DiskBlockManager: Created local directory at /tmp/blockmgr-a766be5b-c7b7-48bf-b1ca-4627da08a785
[2024-08-26T17:17:16.618+0900] {subprocess.py:93} INFO - 24/08/26 17:17:16 INFO MemoryStore: MemoryStore started with capacity 434.4 MiB
[2024-08-26T17:17:16.639+0900] {subprocess.py:93} INFO - 24/08/26 17:17:16 INFO SparkEnv: Registering OutputCommitCoordinator
[2024-08-26T17:17:16.785+0900] {subprocess.py:93} INFO - 24/08/26 17:17:16 INFO JettyUtils: Start Jetty 0.0.0.0:4040 for SparkUI
[2024-08-26T17:17:16.857+0900] {subprocess.py:93} INFO - 24/08/26 17:17:16 INFO Utils: Successfully started service 'SparkUI' on port 4040.
[2024-08-26T17:17:16.979+0900] {subprocess.py:93} INFO - 24/08/26 17:17:16 INFO Executor: Starting executor ID driver on host 10.255.255.254
[2024-08-26T17:17:16.979+0900] {subprocess.py:93} INFO - 24/08/26 17:17:16 INFO Executor: OS info Linux, 5.15.153.1-microsoft-standard-WSL2, amd64
[2024-08-26T17:17:16.979+0900] {subprocess.py:93} INFO - 24/08/26 17:17:16 INFO Executor: Java version 17.0.12
[2024-08-26T17:17:16.987+0900] {subprocess.py:93} INFO - 24/08/26 17:17:16 INFO Executor: Starting executor with user classpath (userClassPathFirst = false): ''
[2024-08-26T17:17:16.987+0900] {subprocess.py:93} INFO - 24/08/26 17:17:16 INFO Executor: Created or updated repl class loader org.apache.spark.util.MutableURLClassLoader@4f06a80c for default.
[2024-08-26T17:17:17.011+0900] {subprocess.py:93} INFO - 24/08/26 17:17:17 INFO Utils: Successfully started service 'org.apache.spark.network.netty.NettyBlockTransferService' on port 46595.
[2024-08-26T17:17:17.012+0900] {subprocess.py:93} INFO - 24/08/26 17:17:17 INFO NettyBlockTransferService: Server created on 10.255.255.254:46595
[2024-08-26T17:17:17.014+0900] {subprocess.py:93} INFO - 24/08/26 17:17:17 INFO BlockManager: Using org.apache.spark.storage.RandomBlockReplicationPolicy for block replication policy
[2024-08-26T17:17:17.021+0900] {subprocess.py:93} INFO - 24/08/26 17:17:17 INFO BlockManagerMaster: Registering BlockManager BlockManagerId(driver, 10.255.255.254, 46595, None)
[2024-08-26T17:17:17.025+0900] {subprocess.py:93} INFO - 24/08/26 17:17:17 INFO BlockManagerMasterEndpoint: Registering block manager 10.255.255.254:46595 with 434.4 MiB RAM, BlockManagerId(driver, 10.255.255.254, 46595, None)
[2024-08-26T17:17:17.027+0900] {subprocess.py:93} INFO - 24/08/26 17:17:17 INFO BlockManagerMaster: Registered BlockManager BlockManagerId(driver, 10.255.255.254, 46595, None)
[2024-08-26T17:17:17.029+0900] {subprocess.py:93} INFO - 24/08/26 17:17:17 INFO BlockManager: Initialized BlockManager: BlockManagerId(driver, 10.255.255.254, 46595, None)
[2024-08-26T17:17:23.757+0900] {subprocess.py:93} INFO - 24/08/26 17:17:23 INFO SharedState: Setting hive.metastore.warehouse.dir ('null') to the value of spark.sql.warehouse.dir.
[2024-08-26T17:17:23.767+0900] {subprocess.py:93} INFO - 24/08/26 17:17:23 INFO SharedState: Warehouse path is 'file:/tmp/airflowtmp7al1njcw/spark-warehouse'.
[2024-08-26T17:17:26.110+0900] {subprocess.py:93} INFO - 24/08/26 17:17:26 INFO ParquetUtils: Using default output committer for Parquet: org.apache.parquet.hadoop.ParquetOutputCommitter
[2024-08-26T17:17:26.142+0900] {subprocess.py:93} INFO - 24/08/26 17:17:26 INFO FileOutputCommitter: File Output Committer Algorithm version is 1
[2024-08-26T17:17:26.143+0900] {subprocess.py:93} INFO - 24/08/26 17:17:26 INFO FileOutputCommitter: FileOutputCommitter skip cleanup _temporary folders under output directory:false, ignore cleanup failures: false
[2024-08-26T17:17:26.144+0900] {subprocess.py:93} INFO - 24/08/26 17:17:26 INFO SQLHadoopMapReduceCommitProtocol: Using user defined output committer class org.apache.parquet.hadoop.ParquetOutputCommitter
[2024-08-26T17:17:26.144+0900] {subprocess.py:93} INFO - 24/08/26 17:17:26 INFO FileOutputCommitter: File Output Committer Algorithm version is 1
[2024-08-26T17:17:26.144+0900] {subprocess.py:93} INFO - 24/08/26 17:17:26 INFO FileOutputCommitter: FileOutputCommitter skip cleanup _temporary folders under output directory:false, ignore cleanup failures: false
[2024-08-26T17:17:26.145+0900] {subprocess.py:93} INFO - 24/08/26 17:17:26 INFO SQLHadoopMapReduceCommitProtocol: Using output committer class org.apache.parquet.hadoop.ParquetOutputCommitter
[2024-08-26T17:17:26.449+0900] {subprocess.py:93} INFO - 24/08/26 17:17:26 INFO CodeGenerator: Code generated in 209.695001 ms
[2024-08-26T17:17:26.494+0900] {subprocess.py:93} INFO - 24/08/26 17:17:26 INFO SparkContext: Starting job: parquet at NativeMethodAccessorImpl.java:0
[2024-08-26T17:17:26.505+0900] {subprocess.py:93} INFO - 24/08/26 17:17:26 INFO DAGScheduler: Got job 0 (parquet at NativeMethodAccessorImpl.java:0) with 8 output partitions
[2024-08-26T17:17:26.505+0900] {subprocess.py:93} INFO - 24/08/26 17:17:26 INFO DAGScheduler: Final stage: ResultStage 0 (parquet at NativeMethodAccessorImpl.java:0)
[2024-08-26T17:17:26.505+0900] {subprocess.py:93} INFO - 24/08/26 17:17:26 INFO DAGScheduler: Parents of final stage: List()
[2024-08-26T17:17:26.506+0900] {subprocess.py:93} INFO - 24/08/26 17:17:26 INFO DAGScheduler: Missing parents: List()
[2024-08-26T17:17:26.509+0900] {subprocess.py:93} INFO - 24/08/26 17:17:26 INFO DAGScheduler: Submitting ResultStage 0 (MapPartitionsRDD[6] at parquet at NativeMethodAccessorImpl.java:0), which has no missing parents
[2024-08-26T17:17:26.638+0900] {subprocess.py:93} INFO - 24/08/26 17:17:26 INFO MemoryStore: Block broadcast_0 stored as values in memory (estimated size 214.4 KiB, free 434.2 MiB)
[2024-08-26T17:17:26.677+0900] {subprocess.py:93} INFO - 24/08/26 17:17:26 INFO MemoryStore: Block broadcast_0_piece0 stored as bytes in memory (estimated size 77.8 KiB, free 434.1 MiB)
[2024-08-26T17:17:26.680+0900] {subprocess.py:93} INFO - 24/08/26 17:17:26 INFO BlockManagerInfo: Added broadcast_0_piece0 in memory on 10.255.255.254:46595 (size: 77.8 KiB, free: 434.3 MiB)
[2024-08-26T17:17:26.684+0900] {subprocess.py:93} INFO - 24/08/26 17:17:26 INFO SparkContext: Created broadcast 0 from broadcast at DAGScheduler.scala:1585
[2024-08-26T17:17:26.698+0900] {subprocess.py:93} INFO - 24/08/26 17:17:26 INFO DAGScheduler: Submitting 8 missing tasks from ResultStage 0 (MapPartitionsRDD[6] at parquet at NativeMethodAccessorImpl.java:0) (first 15 tasks are for partitions Vector(0, 1, 2, 3, 4, 5, 6, 7))
[2024-08-26T17:17:26.700+0900] {subprocess.py:93} INFO - 24/08/26 17:17:26 INFO TaskSchedulerImpl: Adding task set 0.0 with 8 tasks resource profile 0
[2024-08-26T17:17:26.742+0900] {subprocess.py:93} INFO - 24/08/26 17:17:26 INFO TaskSetManager: Starting task 0.0 in stage 0.0 (TID 0) (10.255.255.254, executor driver, partition 0, PROCESS_LOCAL, 7781 bytes)
[2024-08-26T17:17:26.745+0900] {subprocess.py:93} INFO - 24/08/26 17:17:26 INFO TaskSetManager: Starting task 1.0 in stage 0.0 (TID 1) (10.255.255.254, executor driver, partition 1, PROCESS_LOCAL, 7852 bytes)
[2024-08-26T17:17:26.746+0900] {subprocess.py:93} INFO - 24/08/26 17:17:26 INFO TaskSetManager: Starting task 2.0 in stage 0.0 (TID 2) (10.255.255.254, executor driver, partition 2, PROCESS_LOCAL, 7750 bytes)
[2024-08-26T17:17:26.746+0900] {subprocess.py:93} INFO - 24/08/26 17:17:26 INFO TaskSetManager: Starting task 3.0 in stage 0.0 (TID 3) (10.255.255.254, executor driver, partition 3, PROCESS_LOCAL, 7889 bytes)
[2024-08-26T17:17:26.747+0900] {subprocess.py:93} INFO - 24/08/26 17:17:26 INFO TaskSetManager: Starting task 4.0 in stage 0.0 (TID 4) (10.255.255.254, executor driver, partition 4, PROCESS_LOCAL, 7722 bytes)
[2024-08-26T17:17:26.748+0900] {subprocess.py:93} INFO - 24/08/26 17:17:26 INFO TaskSetManager: Starting task 5.0 in stage 0.0 (TID 5) (10.255.255.254, executor driver, partition 5, PROCESS_LOCAL, 7896 bytes)
[2024-08-26T17:17:26.749+0900] {subprocess.py:93} INFO - 24/08/26 17:17:26 INFO TaskSetManager: Starting task 6.0 in stage 0.0 (TID 6) (10.255.255.254, executor driver, partition 6, PROCESS_LOCAL, 7779 bytes)
[2024-08-26T17:17:26.751+0900] {subprocess.py:93} INFO - 24/08/26 17:17:26 INFO TaskSetManager: Starting task 7.0 in stage 0.0 (TID 7) (10.255.255.254, executor driver, partition 7, PROCESS_LOCAL, 7833 bytes)
[2024-08-26T17:17:26.762+0900] {subprocess.py:93} INFO - 24/08/26 17:17:26 INFO Executor: Running task 7.0 in stage 0.0 (TID 7)
[2024-08-26T17:17:26.762+0900] {subprocess.py:93} INFO - 24/08/26 17:17:26 INFO Executor: Running task 2.0 in stage 0.0 (TID 2)
[2024-08-26T17:17:26.763+0900] {subprocess.py:93} INFO - 24/08/26 17:17:26 INFO Executor: Running task 4.0 in stage 0.0 (TID 4)
[2024-08-26T17:17:26.763+0900] {subprocess.py:93} INFO - 24/08/26 17:17:26 INFO Executor: Running task 0.0 in stage 0.0 (TID 0)
[2024-08-26T17:17:26.763+0900] {subprocess.py:93} INFO - 24/08/26 17:17:26 INFO Executor: Running task 6.0 in stage 0.0 (TID 6)
[2024-08-26T17:17:26.763+0900] {subprocess.py:93} INFO - 24/08/26 17:17:26 INFO Executor: Running task 3.0 in stage 0.0 (TID 3)
[2024-08-26T17:17:26.763+0900] {subprocess.py:93} INFO - 24/08/26 17:17:26 INFO Executor: Running task 1.0 in stage 0.0 (TID 1)
[2024-08-26T17:17:26.763+0900] {subprocess.py:93} INFO - 24/08/26 17:17:26 INFO Executor: Running task 5.0 in stage 0.0 (TID 5)
[2024-08-26T17:17:27.801+0900] {subprocess.py:93} INFO - 24/08/26 17:17:27 INFO CodeGenerator: Code generated in 20.1528 ms
[2024-08-26T17:17:27.806+0900] {subprocess.py:93} INFO - 24/08/26 17:17:27 INFO FileOutputCommitter: File Output Committer Algorithm version is 1
[2024-08-26T17:17:27.807+0900] {subprocess.py:93} INFO - 24/08/26 17:17:27 INFO FileOutputCommitter: FileOutputCommitter skip cleanup _temporary folders under output directory:false, ignore cleanup failures: false
[2024-08-26T17:17:27.807+0900] {subprocess.py:93} INFO - 24/08/26 17:17:27 INFO SQLHadoopMapReduceCommitProtocol: Using user defined output committer class org.apache.parquet.hadoop.ParquetOutputCommitter
[2024-08-26T17:17:27.808+0900] {subprocess.py:93} INFO - 24/08/26 17:17:27 INFO FileOutputCommitter: File Output Committer Algorithm version is 1
[2024-08-26T17:17:27.808+0900] {subprocess.py:93} INFO - 24/08/26 17:17:27 INFO FileOutputCommitter: FileOutputCommitter skip cleanup _temporary folders under output directory:false, ignore cleanup failures: false
[2024-08-26T17:17:27.808+0900] {subprocess.py:93} INFO - 24/08/26 17:17:27 INFO FileOutputCommitter: File Output Committer Algorithm version is 1
[2024-08-26T17:17:27.808+0900] {subprocess.py:93} INFO - 24/08/26 17:17:27 INFO FileOutputCommitter: FileOutputCommitter skip cleanup _temporary folders under output directory:false, ignore cleanup failures: false
[2024-08-26T17:17:27.808+0900] {subprocess.py:93} INFO - 24/08/26 17:17:27 INFO SQLHadoopMapReduceCommitProtocol: Using output committer class org.apache.parquet.hadoop.ParquetOutputCommitter
[2024-08-26T17:17:27.809+0900] {subprocess.py:93} INFO - 24/08/26 17:17:27 INFO SQLHadoopMapReduceCommitProtocol: Using user defined output committer class org.apache.parquet.hadoop.ParquetOutputCommitter
[2024-08-26T17:17:27.809+0900] {subprocess.py:93} INFO - 24/08/26 17:17:27 INFO FileOutputCommitter: File Output Committer Algorithm version is 1
[2024-08-26T17:17:27.809+0900] {subprocess.py:93} INFO - 24/08/26 17:17:27 INFO FileOutputCommitter: FileOutputCommitter skip cleanup _temporary folders under output directory:false, ignore cleanup failures: false
[2024-08-26T17:17:27.810+0900] {subprocess.py:93} INFO - 24/08/26 17:17:27 INFO SQLHadoopMapReduceCommitProtocol: Using output committer class org.apache.parquet.hadoop.ParquetOutputCommitter
[2024-08-26T17:17:27.812+0900] {subprocess.py:93} INFO - 24/08/26 17:17:27 INFO FileOutputCommitter: File Output Committer Algorithm version is 1
[2024-08-26T17:17:27.812+0900] {subprocess.py:93} INFO - 24/08/26 17:17:27 INFO FileOutputCommitter: FileOutputCommitter skip cleanup _temporary folders under output directory:false, ignore cleanup failures: false
[2024-08-26T17:17:27.813+0900] {subprocess.py:93} INFO - 24/08/26 17:17:27 INFO SQLHadoopMapReduceCommitProtocol: Using user defined output committer class org.apache.parquet.hadoop.ParquetOutputCommitter
[2024-08-26T17:17:27.813+0900] {subprocess.py:93} INFO - 24/08/26 17:17:27 INFO FileOutputCommitter: File Output Committer Algorithm version is 1
[2024-08-26T17:17:27.813+0900] {subprocess.py:93} INFO - 24/08/26 17:17:27 INFO FileOutputCommitter: FileOutputCommitter skip cleanup _temporary folders under output directory:false, ignore cleanup failures: false
[2024-08-26T17:17:27.814+0900] {subprocess.py:93} INFO - 24/08/26 17:17:27 INFO SQLHadoopMapReduceCommitProtocol: Using output committer class org.apache.parquet.hadoop.ParquetOutputCommitter
[2024-08-26T17:17:27.815+0900] {subprocess.py:93} INFO - 24/08/26 17:17:27 INFO FileOutputCommitter: File Output Committer Algorithm version is 1
[2024-08-26T17:17:27.815+0900] {subprocess.py:93} INFO - 24/08/26 17:17:27 INFO FileOutputCommitter: FileOutputCommitter skip cleanup _temporary folders under output directory:false, ignore cleanup failures: false
[2024-08-26T17:17:27.816+0900] {subprocess.py:93} INFO - 24/08/26 17:17:27 INFO SQLHadoopMapReduceCommitProtocol: Using user defined output committer class org.apache.parquet.hadoop.ParquetOutputCommitter
[2024-08-26T17:17:27.816+0900] {subprocess.py:93} INFO - 24/08/26 17:17:27 INFO FileOutputCommitter: File Output Committer Algorithm version is 1
[2024-08-26T17:17:27.816+0900] {subprocess.py:93} INFO - 24/08/26 17:17:27 INFO FileOutputCommitter: FileOutputCommitter skip cleanup _temporary folders under output directory:false, ignore cleanup failures: false
[2024-08-26T17:17:27.817+0900] {subprocess.py:93} INFO - 24/08/26 17:17:27 INFO SQLHadoopMapReduceCommitProtocol: Using output committer class org.apache.parquet.hadoop.ParquetOutputCommitter
[2024-08-26T17:17:27.831+0900] {subprocess.py:93} INFO - 24/08/26 17:17:27 INFO CodecConfig: Compression: SNAPPY
[2024-08-26T17:17:27.838+0900] {subprocess.py:93} INFO - 24/08/26 17:17:27 INFO FileOutputCommitter: File Output Committer Algorithm version is 1
[2024-08-26T17:17:27.838+0900] {subprocess.py:93} INFO - 24/08/26 17:17:27 INFO FileOutputCommitter: FileOutputCommitter skip cleanup _temporary folders under output directory:false, ignore cleanup failures: false
[2024-08-26T17:17:27.839+0900] {subprocess.py:93} INFO - 24/08/26 17:17:27 INFO SQLHadoopMapReduceCommitProtocol: Using user defined output committer class org.apache.parquet.hadoop.ParquetOutputCommitter
[2024-08-26T17:17:27.839+0900] {subprocess.py:93} INFO - 24/08/26 17:17:27 INFO FileOutputCommitter: File Output Committer Algorithm version is 1
[2024-08-26T17:17:27.840+0900] {subprocess.py:93} INFO - 24/08/26 17:17:27 INFO FileOutputCommitter: FileOutputCommitter skip cleanup _temporary folders under output directory:false, ignore cleanup failures: false
[2024-08-26T17:17:27.840+0900] {subprocess.py:93} INFO - 24/08/26 17:17:27 INFO SQLHadoopMapReduceCommitProtocol: Using output committer class org.apache.parquet.hadoop.ParquetOutputCommitter
[2024-08-26T17:17:27.841+0900] {subprocess.py:93} INFO - 24/08/26 17:17:27 INFO CodecConfig: Compression: SNAPPY
[2024-08-26T17:17:27.858+0900] {subprocess.py:93} INFO - 24/08/26 17:17:27 INFO FileOutputCommitter: File Output Committer Algorithm version is 1
[2024-08-26T17:17:27.859+0900] {subprocess.py:93} INFO - 24/08/26 17:17:27 INFO FileOutputCommitter: FileOutputCommitter skip cleanup _temporary folders under output directory:false, ignore cleanup failures: false
[2024-08-26T17:17:27.859+0900] {subprocess.py:93} INFO - 24/08/26 17:17:27 INFO SQLHadoopMapReduceCommitProtocol: Using user defined output committer class org.apache.parquet.hadoop.ParquetOutputCommitter
[2024-08-26T17:17:27.860+0900] {subprocess.py:93} INFO - 24/08/26 17:17:27 INFO FileOutputCommitter: File Output Committer Algorithm version is 1
[2024-08-26T17:17:27.860+0900] {subprocess.py:93} INFO - 24/08/26 17:17:27 INFO FileOutputCommitter: FileOutputCommitter skip cleanup _temporary folders under output directory:false, ignore cleanup failures: false
[2024-08-26T17:17:27.861+0900] {subprocess.py:93} INFO - 24/08/26 17:17:27 INFO SQLHadoopMapReduceCommitProtocol: Using output committer class org.apache.parquet.hadoop.ParquetOutputCommitter
[2024-08-26T17:17:27.877+0900] {subprocess.py:93} INFO - 24/08/26 17:17:27 INFO ParquetOutputFormat: ParquetRecordWriter [block size: 134217728b, row group padding size: 8388608b, validating: false]
[2024-08-26T17:17:27.917+0900] {subprocess.py:93} INFO - 24/08/26 17:17:27 INFO ParquetWriteSupport: Initialized Parquet WriteSupport with Catalyst schema:
[2024-08-26T17:17:27.917+0900] {subprocess.py:93} INFO - {
[2024-08-26T17:17:27.918+0900] {subprocess.py:93} INFO -   "type" : "struct",
[2024-08-26T17:17:27.918+0900] {subprocess.py:93} INFO -   "fields" : [ {
[2024-08-26T17:17:27.918+0900] {subprocess.py:93} INFO -     "name" : "sender",
[2024-08-26T17:17:27.918+0900] {subprocess.py:93} INFO -     "type" : "string",
[2024-08-26T17:17:27.918+0900] {subprocess.py:93} INFO -     "nullable" : true,
[2024-08-26T17:17:27.919+0900] {subprocess.py:93} INFO -     "metadata" : { }
[2024-08-26T17:17:27.919+0900] {subprocess.py:93} INFO -   }, {
[2024-08-26T17:17:27.919+0900] {subprocess.py:93} INFO -     "name" : "message",
[2024-08-26T17:17:27.919+0900] {subprocess.py:93} INFO -     "type" : "string",
[2024-08-26T17:17:27.919+0900] {subprocess.py:93} INFO -     "nullable" : true,
[2024-08-26T17:17:27.920+0900] {subprocess.py:93} INFO -     "metadata" : { }
[2024-08-26T17:17:27.920+0900] {subprocess.py:93} INFO -   }, {
[2024-08-26T17:17:27.920+0900] {subprocess.py:93} INFO -     "name" : "end",
[2024-08-26T17:17:27.920+0900] {subprocess.py:93} INFO -     "type" : "boolean",
[2024-08-26T17:17:27.920+0900] {subprocess.py:93} INFO -     "nullable" : true,
[2024-08-26T17:17:27.920+0900] {subprocess.py:93} INFO -     "metadata" : { }
[2024-08-26T17:17:27.921+0900] {subprocess.py:93} INFO -   }, {
[2024-08-26T17:17:27.921+0900] {subprocess.py:93} INFO -     "name" : "timestamp",
[2024-08-26T17:17:27.921+0900] {subprocess.py:93} INFO -     "type" : "string",
[2024-08-26T17:17:27.921+0900] {subprocess.py:93} INFO -     "nullable" : true,
[2024-08-26T17:17:27.921+0900] {subprocess.py:93} INFO -     "metadata" : { }
[2024-08-26T17:17:27.921+0900] {subprocess.py:93} INFO -   } ]
[2024-08-26T17:17:27.922+0900] {subprocess.py:93} INFO - }
[2024-08-26T17:17:27.922+0900] {subprocess.py:93} INFO - and corresponding Parquet message type:
[2024-08-26T17:17:27.922+0900] {subprocess.py:93} INFO - message spark_schema {
[2024-08-26T17:17:27.922+0900] {subprocess.py:93} INFO -   optional binary sender (STRING);
[2024-08-26T17:17:27.922+0900] {subprocess.py:93} INFO -   optional binary message (STRING);
[2024-08-26T17:17:27.922+0900] {subprocess.py:93} INFO -   optional boolean end;
[2024-08-26T17:17:27.923+0900] {subprocess.py:93} INFO -   optional binary timestamp (STRING);
[2024-08-26T17:17:27.923+0900] {subprocess.py:93} INFO - }
[2024-08-26T17:17:27.923+0900] {subprocess.py:93} INFO - 
[2024-08-26T17:17:27.923+0900] {subprocess.py:93} INFO - 
[2024-08-26T17:17:27.928+0900] {subprocess.py:93} INFO - 24/08/26 17:17:27 INFO FileOutputCommitter: File Output Committer Algorithm version is 1
[2024-08-26T17:17:27.928+0900] {subprocess.py:93} INFO - 24/08/26 17:17:27 INFO FileOutputCommitter: FileOutputCommitter skip cleanup _temporary folders under output directory:false, ignore cleanup failures: false
[2024-08-26T17:17:27.929+0900] {subprocess.py:93} INFO - 24/08/26 17:17:27 INFO SQLHadoopMapReduceCommitProtocol: Using user defined output committer class org.apache.parquet.hadoop.ParquetOutputCommitter
[2024-08-26T17:17:27.929+0900] {subprocess.py:93} INFO - 24/08/26 17:17:27 INFO FileOutputCommitter: File Output Committer Algorithm version is 1
[2024-08-26T17:17:27.930+0900] {subprocess.py:93} INFO - 24/08/26 17:17:27 INFO FileOutputCommitter: FileOutputCommitter skip cleanup _temporary folders under output directory:false, ignore cleanup failures: false
[2024-08-26T17:17:27.930+0900] {subprocess.py:93} INFO - 24/08/26 17:17:27 INFO SQLHadoopMapReduceCommitProtocol: Using output committer class org.apache.parquet.hadoop.ParquetOutputCommitter
[2024-08-26T17:17:27.967+0900] {subprocess.py:93} INFO - 24/08/26 17:17:27 INFO FileOutputCommitter: File Output Committer Algorithm version is 1
[2024-08-26T17:17:27.967+0900] {subprocess.py:93} INFO - 24/08/26 17:17:27 INFO FileOutputCommitter: FileOutputCommitter skip cleanup _temporary folders under output directory:false, ignore cleanup failures: false
[2024-08-26T17:17:27.968+0900] {subprocess.py:93} INFO - 24/08/26 17:17:27 INFO SQLHadoopMapReduceCommitProtocol: Using user defined output committer class org.apache.parquet.hadoop.ParquetOutputCommitter
[2024-08-26T17:17:27.968+0900] {subprocess.py:93} INFO - 24/08/26 17:17:27 INFO FileOutputCommitter: File Output Committer Algorithm version is 1
[2024-08-26T17:17:27.968+0900] {subprocess.py:93} INFO - 24/08/26 17:17:27 INFO FileOutputCommitter: FileOutputCommitter skip cleanup _temporary folders under output directory:false, ignore cleanup failures: false
[2024-08-26T17:17:27.971+0900] {subprocess.py:93} INFO - 24/08/26 17:17:27 INFO SQLHadoopMapReduceCommitProtocol: Using output committer class org.apache.parquet.hadoop.ParquetOutputCommitter
[2024-08-26T17:17:28.090+0900] {subprocess.py:93} INFO - 24/08/26 17:17:28 INFO CodecConfig: Compression: SNAPPY
[2024-08-26T17:17:28.096+0900] {subprocess.py:93} INFO - 24/08/26 17:17:28 INFO CodecConfig: Compression: SNAPPY
[2024-08-26T17:17:28.096+0900] {subprocess.py:93} INFO - 24/08/26 17:17:28 INFO CodecConfig: Compression: SNAPPY
[2024-08-26T17:17:28.097+0900] {subprocess.py:93} INFO - 24/08/26 17:17:28 INFO CodecConfig: Compression: SNAPPY
[2024-08-26T17:17:28.097+0900] {subprocess.py:93} INFO - 24/08/26 17:17:28 INFO ParquetOutputFormat: ParquetRecordWriter [block size: 134217728b, row group padding size: 8388608b, validating: false]
[2024-08-26T17:17:28.101+0900] {subprocess.py:93} INFO - 24/08/26 17:17:28 INFO ParquetOutputFormat: ParquetRecordWriter [block size: 134217728b, row group padding size: 8388608b, validating: false]
[2024-08-26T17:17:28.102+0900] {subprocess.py:93} INFO - 24/08/26 17:17:28 INFO CodecConfig: Compression: SNAPPY
[2024-08-26T17:17:28.103+0900] {subprocess.py:93} INFO - 24/08/26 17:17:28 INFO CodecConfig: Compression: SNAPPY
[2024-08-26T17:17:28.106+0900] {subprocess.py:93} INFO - 24/08/26 17:17:28 INFO ParquetWriteSupport: Initialized Parquet WriteSupport with Catalyst schema:
[2024-08-26T17:17:28.106+0900] {subprocess.py:93} INFO - {
[2024-08-26T17:17:28.106+0900] {subprocess.py:93} INFO -   "type" : "struct",
[2024-08-26T17:17:28.106+0900] {subprocess.py:93} INFO -   "fields" : [ {
[2024-08-26T17:17:28.107+0900] {subprocess.py:93} INFO -     "name" : "sender",
[2024-08-26T17:17:28.107+0900] {subprocess.py:93} INFO -     "type" : "string",
[2024-08-26T17:17:28.107+0900] {subprocess.py:93} INFO -     "nullable" : true,
[2024-08-26T17:17:28.107+0900] {subprocess.py:93} INFO -     "metadata" : { }
[2024-08-26T17:17:28.107+0900] {subprocess.py:93} INFO -   }, {
[2024-08-26T17:17:28.107+0900] {subprocess.py:93} INFO -     "name" : "message",
[2024-08-26T17:17:28.108+0900] {subprocess.py:93} INFO -     "type" : "string",
[2024-08-26T17:17:28.108+0900] {subprocess.py:93} INFO -     "nullable" : true,
[2024-08-26T17:17:28.108+0900] {subprocess.py:93} INFO -     "metadata" : { }
[2024-08-26T17:17:28.108+0900] {subprocess.py:93} INFO -   }, {
[2024-08-26T17:17:28.108+0900] {subprocess.py:93} INFO -     "name" : "end",
[2024-08-26T17:17:28.108+0900] {subprocess.py:93} INFO -     "type" : "boolean",
[2024-08-26T17:17:28.109+0900] {subprocess.py:93} INFO -     "nullable" : true,
[2024-08-26T17:17:28.109+0900] {subprocess.py:93} INFO -     "metadata" : { }
[2024-08-26T17:17:28.109+0900] {subprocess.py:93} INFO -   }, {
[2024-08-26T17:17:28.109+0900] {subprocess.py:93} INFO -     "name" : "timestamp",
[2024-08-26T17:17:28.109+0900] {subprocess.py:93} INFO -     "type" : "string",
[2024-08-26T17:17:28.109+0900] {subprocess.py:93} INFO -     "nullable" : true,
[2024-08-26T17:17:28.110+0900] {subprocess.py:93} INFO -     "metadata" : { }
[2024-08-26T17:17:28.110+0900] {subprocess.py:93} INFO -   } ]
[2024-08-26T17:17:28.110+0900] {subprocess.py:93} INFO - }
[2024-08-26T17:17:28.110+0900] {subprocess.py:93} INFO - and corresponding Parquet message type:
[2024-08-26T17:17:28.110+0900] {subprocess.py:93} INFO - message spark_schema {
[2024-08-26T17:17:28.110+0900] {subprocess.py:93} INFO -   optional binary sender (STRING);
[2024-08-26T17:17:28.111+0900] {subprocess.py:93} INFO -   optional binary message (STRING);
[2024-08-26T17:17:28.111+0900] {subprocess.py:93} INFO -   optional boolean end;
[2024-08-26T17:17:28.111+0900] {subprocess.py:93} INFO -   optional binary timestamp (STRING);
[2024-08-26T17:17:28.111+0900] {subprocess.py:93} INFO - }
[2024-08-26T17:17:28.111+0900] {subprocess.py:93} INFO - 
[2024-08-26T17:17:28.111+0900] {subprocess.py:93} INFO - 
[2024-08-26T17:17:28.111+0900] {subprocess.py:93} INFO - 24/08/26 17:17:28 INFO ParquetOutputFormat: ParquetRecordWriter [block size: 134217728b, row group padding size: 8388608b, validating: false]
[2024-08-26T17:17:28.116+0900] {subprocess.py:93} INFO - 24/08/26 17:17:28 INFO ParquetWriteSupport: Initialized Parquet WriteSupport with Catalyst schema:
[2024-08-26T17:17:28.116+0900] {subprocess.py:93} INFO - {
[2024-08-26T17:17:28.117+0900] {subprocess.py:93} INFO -   "type" : "struct",
[2024-08-26T17:17:28.117+0900] {subprocess.py:93} INFO -   "fields" : [ {
[2024-08-26T17:17:28.117+0900] {subprocess.py:93} INFO -     "name" : "sender",
[2024-08-26T17:17:28.117+0900] {subprocess.py:93} INFO -     "type" : "string",
[2024-08-26T17:17:28.117+0900] {subprocess.py:93} INFO -     "nullable" : true,
[2024-08-26T17:17:28.117+0900] {subprocess.py:93} INFO -     "metadata" : { }
[2024-08-26T17:17:28.118+0900] {subprocess.py:93} INFO -   }, {
[2024-08-26T17:17:28.118+0900] {subprocess.py:93} INFO -     "name" : "message",
[2024-08-26T17:17:28.118+0900] {subprocess.py:93} INFO -     "type" : "string",
[2024-08-26T17:17:28.118+0900] {subprocess.py:93} INFO -     "nullable" : true,
[2024-08-26T17:17:28.118+0900] {subprocess.py:93} INFO -     "metadata" : { }
[2024-08-26T17:17:28.118+0900] {subprocess.py:93} INFO -   }, {
[2024-08-26T17:17:28.119+0900] {subprocess.py:93} INFO -     "name" : "end",
[2024-08-26T17:17:28.119+0900] {subprocess.py:93} INFO -     "type" : "boolean",
[2024-08-26T17:17:28.119+0900] {subprocess.py:93} INFO -     "nullable" : true,
[2024-08-26T17:17:28.119+0900] {subprocess.py:93} INFO -     "metadata" : { }
[2024-08-26T17:17:28.119+0900] {subprocess.py:93} INFO -   }, {
[2024-08-26T17:17:28.119+0900] {subprocess.py:93} INFO -     "name" : "timestamp",
[2024-08-26T17:17:28.120+0900] {subprocess.py:93} INFO -     "type" : "string",
[2024-08-26T17:17:28.120+0900] {subprocess.py:93} INFO -     "nullable" : true,
[2024-08-26T17:17:28.121+0900] {subprocess.py:93} INFO -     "metadata" : { }
[2024-08-26T17:17:28.121+0900] {subprocess.py:93} INFO -   } ]
[2024-08-26T17:17:28.121+0900] {subprocess.py:93} INFO - }
[2024-08-26T17:17:28.121+0900] {subprocess.py:93} INFO - and corresponding Parquet message type:
[2024-08-26T17:17:28.121+0900] {subprocess.py:93} INFO - message spark_schema {
[2024-08-26T17:17:28.122+0900] {subprocess.py:93} INFO -   optional binary sender (STRING);
[2024-08-26T17:17:28.122+0900] {subprocess.py:93} INFO -   optional binary message (STRING);
[2024-08-26T17:17:28.122+0900] {subprocess.py:93} INFO -   optional boolean end;
[2024-08-26T17:17:28.122+0900] {subprocess.py:93} INFO -   optional binary timestamp (STRING);
[2024-08-26T17:17:28.123+0900] {subprocess.py:93} INFO - }
[2024-08-26T17:17:28.123+0900] {subprocess.py:93} INFO - 
[2024-08-26T17:17:28.123+0900] {subprocess.py:93} INFO - 
[2024-08-26T17:17:28.123+0900] {subprocess.py:93} INFO - 24/08/26 17:17:28 INFO ParquetWriteSupport: Initialized Parquet WriteSupport with Catalyst schema:
[2024-08-26T17:17:28.123+0900] {subprocess.py:93} INFO - {
[2024-08-26T17:17:28.123+0900] {subprocess.py:93} INFO -   "type" : "struct",
[2024-08-26T17:17:28.123+0900] {subprocess.py:93} INFO -   "fields" : [ {
[2024-08-26T17:17:28.124+0900] {subprocess.py:93} INFO -     "name" : "sender",
[2024-08-26T17:17:28.124+0900] {subprocess.py:93} INFO -     "type" : "string",
[2024-08-26T17:17:28.124+0900] {subprocess.py:93} INFO -     "nullable" : true,
[2024-08-26T17:17:28.124+0900] {subprocess.py:93} INFO -     "metadata" : { }
[2024-08-26T17:17:28.124+0900] {subprocess.py:93} INFO -   }, {
[2024-08-26T17:17:28.125+0900] {subprocess.py:93} INFO -     "name" : "message",
[2024-08-26T17:17:28.125+0900] {subprocess.py:93} INFO -     "type" : "string",
[2024-08-26T17:17:28.126+0900] {subprocess.py:93} INFO -     "nullable" : true,
[2024-08-26T17:17:28.126+0900] {subprocess.py:93} INFO -     "metadata" : { }
[2024-08-26T17:17:28.126+0900] {subprocess.py:93} INFO -   }, {
[2024-08-26T17:17:28.131+0900] {subprocess.py:93} INFO -     "name" : "end",
[2024-08-26T17:17:28.131+0900] {subprocess.py:93} INFO -     "type" : "boolean",
[2024-08-26T17:17:28.131+0900] {subprocess.py:93} INFO -     "nullable" : true,
[2024-08-26T17:17:28.132+0900] {subprocess.py:93} INFO -     "metadata" : { }
[2024-08-26T17:17:28.132+0900] {subprocess.py:93} INFO -   }, {
[2024-08-26T17:17:28.132+0900] {subprocess.py:93} INFO -     "name" : "timestamp",
[2024-08-26T17:17:28.132+0900] {subprocess.py:93} INFO -     "type" : "string",
[2024-08-26T17:17:28.132+0900] {subprocess.py:93} INFO -     "nullable" : true,
[2024-08-26T17:17:28.132+0900] {subprocess.py:93} INFO -     "metadata" : { }
[2024-08-26T17:17:28.133+0900] {subprocess.py:93} INFO -   } ]
[2024-08-26T17:17:28.133+0900] {subprocess.py:93} INFO - }
[2024-08-26T17:17:28.133+0900] {subprocess.py:93} INFO - and corresponding Parquet message type:
[2024-08-26T17:17:28.133+0900] {subprocess.py:93} INFO - message spark_schema {
[2024-08-26T17:17:28.133+0900] {subprocess.py:93} INFO -   optional binary sender (STRING);
[2024-08-26T17:17:28.133+0900] {subprocess.py:93} INFO -   optional binary message (STRING);
[2024-08-26T17:17:28.133+0900] {subprocess.py:93} INFO -   optional boolean end;
[2024-08-26T17:17:28.134+0900] {subprocess.py:93} INFO -   optional binary timestamp (STRING);
[2024-08-26T17:17:28.134+0900] {subprocess.py:93} INFO - }
[2024-08-26T17:17:28.134+0900] {subprocess.py:93} INFO - 
[2024-08-26T17:17:28.134+0900] {subprocess.py:93} INFO - 
[2024-08-26T17:17:28.142+0900] {subprocess.py:93} INFO - 24/08/26 17:17:28 INFO CodecConfig: Compression: SNAPPY
[2024-08-26T17:17:28.146+0900] {subprocess.py:93} INFO - 24/08/26 17:17:28 INFO CodecConfig: Compression: SNAPPY
[2024-08-26T17:17:28.148+0900] {subprocess.py:93} INFO - 24/08/26 17:17:28 INFO ParquetOutputFormat: ParquetRecordWriter [block size: 134217728b, row group padding size: 8388608b, validating: false]
[2024-08-26T17:17:28.151+0900] {subprocess.py:93} INFO - 24/08/26 17:17:28 INFO ParquetWriteSupport: Initialized Parquet WriteSupport with Catalyst schema:
[2024-08-26T17:17:28.151+0900] {subprocess.py:93} INFO - {
[2024-08-26T17:17:28.152+0900] {subprocess.py:93} INFO -   "type" : "struct",
[2024-08-26T17:17:28.152+0900] {subprocess.py:93} INFO -   "fields" : [ {
[2024-08-26T17:17:28.152+0900] {subprocess.py:93} INFO -     "name" : "sender",
[2024-08-26T17:17:28.152+0900] {subprocess.py:93} INFO -     "type" : "string",
[2024-08-26T17:17:28.152+0900] {subprocess.py:93} INFO -     "nullable" : true,
[2024-08-26T17:17:28.152+0900] {subprocess.py:93} INFO -     "metadata" : { }
[2024-08-26T17:17:28.152+0900] {subprocess.py:93} INFO -   }, {
[2024-08-26T17:17:28.153+0900] {subprocess.py:93} INFO -     "name" : "message",
[2024-08-26T17:17:28.153+0900] {subprocess.py:93} INFO -     "type" : "string",
[2024-08-26T17:17:28.153+0900] {subprocess.py:93} INFO -     "nullable" : true,
[2024-08-26T17:17:28.153+0900] {subprocess.py:93} INFO -     "metadata" : { }
[2024-08-26T17:17:28.153+0900] {subprocess.py:93} INFO -   }, {
[2024-08-26T17:17:28.153+0900] {subprocess.py:93} INFO -     "name" : "end",
[2024-08-26T17:17:28.154+0900] {subprocess.py:93} INFO -     "type" : "boolean",
[2024-08-26T17:17:28.154+0900] {subprocess.py:93} INFO -     "nullable" : true,
[2024-08-26T17:17:28.154+0900] {subprocess.py:93} INFO -     "metadata" : { }
[2024-08-26T17:17:28.154+0900] {subprocess.py:93} INFO -   }, {
[2024-08-26T17:17:28.154+0900] {subprocess.py:93} INFO -     "name" : "timestamp",
[2024-08-26T17:17:28.154+0900] {subprocess.py:93} INFO -     "type" : "string",
[2024-08-26T17:17:28.155+0900] {subprocess.py:93} INFO -     "nullable" : true,
[2024-08-26T17:17:28.155+0900] {subprocess.py:93} INFO -     "metadata" : { }
[2024-08-26T17:17:28.155+0900] {subprocess.py:93} INFO -   } ]
[2024-08-26T17:17:28.156+0900] {subprocess.py:93} INFO - }
[2024-08-26T17:17:28.156+0900] {subprocess.py:93} INFO - and corresponding Parquet message type:
[2024-08-26T17:17:28.156+0900] {subprocess.py:93} INFO - message spark_schema {
[2024-08-26T17:17:28.156+0900] {subprocess.py:93} INFO -   optional binary sender (STRING);
[2024-08-26T17:17:28.157+0900] {subprocess.py:93} INFO -   optional binary message (STRING);
[2024-08-26T17:17:28.158+0900] {subprocess.py:93} INFO -   optional boolean end;
[2024-08-26T17:17:28.158+0900] {subprocess.py:93} INFO -   optional binary timestamp (STRING);
[2024-08-26T17:17:28.159+0900] {subprocess.py:93} INFO - }
[2024-08-26T17:17:28.159+0900] {subprocess.py:93} INFO - 
[2024-08-26T17:17:28.159+0900] {subprocess.py:93} INFO - 
[2024-08-26T17:17:28.196+0900] {subprocess.py:93} INFO - 24/08/26 17:17:28 INFO CodecConfig: Compression: SNAPPY
[2024-08-26T17:17:28.198+0900] {subprocess.py:93} INFO - 24/08/26 17:17:28 INFO CodecConfig: Compression: SNAPPY
[2024-08-26T17:17:28.198+0900] {subprocess.py:93} INFO - 24/08/26 17:17:28 INFO CodecPool: Got brand-new compressor [.snappy]
[2024-08-26T17:17:28.198+0900] {subprocess.py:93} INFO - 24/08/26 17:17:28 INFO CodecPool: Got brand-new compressor [.snappy]
[2024-08-26T17:17:28.199+0900] {subprocess.py:93} INFO - 24/08/26 17:17:28 INFO CodecPool: Got brand-new compressor [.snappy]
[2024-08-26T17:17:28.199+0900] {subprocess.py:93} INFO - 24/08/26 17:17:28 INFO CodecPool: Got brand-new compressor [.snappy]
[2024-08-26T17:17:28.199+0900] {subprocess.py:93} INFO - 24/08/26 17:17:28 INFO CodecPool: Got brand-new compressor [.snappy]
[2024-08-26T17:17:28.201+0900] {subprocess.py:93} INFO - 24/08/26 17:17:28 INFO ParquetOutputFormat: ParquetRecordWriter [block size: 134217728b, row group padding size: 8388608b, validating: false]
[2024-08-26T17:17:28.203+0900] {subprocess.py:93} INFO - 24/08/26 17:17:28 INFO ParquetWriteSupport: Initialized Parquet WriteSupport with Catalyst schema:
[2024-08-26T17:17:28.204+0900] {subprocess.py:93} INFO - {
[2024-08-26T17:17:28.204+0900] {subprocess.py:93} INFO -   "type" : "struct",
[2024-08-26T17:17:28.204+0900] {subprocess.py:93} INFO -   "fields" : [ {
[2024-08-26T17:17:28.204+0900] {subprocess.py:93} INFO -     "name" : "sender",
[2024-08-26T17:17:28.204+0900] {subprocess.py:93} INFO -     "type" : "string",
[2024-08-26T17:17:28.205+0900] {subprocess.py:93} INFO -     "nullable" : true,
[2024-08-26T17:17:28.205+0900] {subprocess.py:93} INFO -     "metadata" : { }
[2024-08-26T17:17:28.205+0900] {subprocess.py:93} INFO -   }, {
[2024-08-26T17:17:28.205+0900] {subprocess.py:93} INFO -     "name" : "message",
[2024-08-26T17:17:28.205+0900] {subprocess.py:93} INFO -     "type" : "string",
[2024-08-26T17:17:28.205+0900] {subprocess.py:93} INFO -     "nullable" : true,
[2024-08-26T17:17:28.206+0900] {subprocess.py:93} INFO -     "metadata" : { }
[2024-08-26T17:17:28.206+0900] {subprocess.py:93} INFO -   }, {
[2024-08-26T17:17:28.206+0900] {subprocess.py:93} INFO -     "name" : "end",
[2024-08-26T17:17:28.206+0900] {subprocess.py:93} INFO -     "type" : "boolean",
[2024-08-26T17:17:28.206+0900] {subprocess.py:93} INFO -     "nullable" : true,
[2024-08-26T17:17:28.206+0900] {subprocess.py:93} INFO -     "metadata" : { }
[2024-08-26T17:17:28.207+0900] {subprocess.py:93} INFO -   }, {
[2024-08-26T17:17:28.207+0900] {subprocess.py:93} INFO -     "name" : "timestamp",
[2024-08-26T17:17:28.207+0900] {subprocess.py:93} INFO -     "type" : "string",
[2024-08-26T17:17:28.207+0900] {subprocess.py:93} INFO -     "nullable" : true,
[2024-08-26T17:17:28.207+0900] {subprocess.py:93} INFO -     "metadata" : { }
[2024-08-26T17:17:28.207+0900] {subprocess.py:93} INFO -   } ]
[2024-08-26T17:17:28.207+0900] {subprocess.py:93} INFO - }
[2024-08-26T17:17:28.208+0900] {subprocess.py:93} INFO - and corresponding Parquet message type:
[2024-08-26T17:17:28.208+0900] {subprocess.py:93} INFO - message spark_schema {
[2024-08-26T17:17:28.208+0900] {subprocess.py:93} INFO -   optional binary sender (STRING);
[2024-08-26T17:17:28.208+0900] {subprocess.py:93} INFO -   optional binary message (STRING);
[2024-08-26T17:17:28.208+0900] {subprocess.py:93} INFO -   optional boolean end;
[2024-08-26T17:17:28.209+0900] {subprocess.py:93} INFO -   optional binary timestamp (STRING);
[2024-08-26T17:17:28.209+0900] {subprocess.py:93} INFO - }
[2024-08-26T17:17:28.209+0900] {subprocess.py:93} INFO - 
[2024-08-26T17:17:28.209+0900] {subprocess.py:93} INFO - 
[2024-08-26T17:17:28.234+0900] {subprocess.py:93} INFO - 24/08/26 17:17:28 INFO CodecPool: Got brand-new compressor [.snappy]
[2024-08-26T17:17:28.250+0900] {subprocess.py:93} INFO - 24/08/26 17:17:28 INFO CodecConfig: Compression: SNAPPY
[2024-08-26T17:17:28.251+0900] {subprocess.py:93} INFO - 24/08/26 17:17:28 INFO CodecConfig: Compression: SNAPPY
[2024-08-26T17:17:28.254+0900] {subprocess.py:93} INFO - 24/08/26 17:17:28 INFO ParquetOutputFormat: ParquetRecordWriter [block size: 134217728b, row group padding size: 8388608b, validating: false]
[2024-08-26T17:17:28.256+0900] {subprocess.py:93} INFO - 24/08/26 17:17:28 INFO ParquetWriteSupport: Initialized Parquet WriteSupport with Catalyst schema:
[2024-08-26T17:17:28.257+0900] {subprocess.py:93} INFO - {
[2024-08-26T17:17:28.257+0900] {subprocess.py:93} INFO -   "type" : "struct",
[2024-08-26T17:17:28.257+0900] {subprocess.py:93} INFO -   "fields" : [ {
[2024-08-26T17:17:28.258+0900] {subprocess.py:93} INFO -     "name" : "sender",
[2024-08-26T17:17:28.258+0900] {subprocess.py:93} INFO -     "type" : "string",
[2024-08-26T17:17:28.258+0900] {subprocess.py:93} INFO -     "nullable" : true,
[2024-08-26T17:17:28.258+0900] {subprocess.py:93} INFO -     "metadata" : { }
[2024-08-26T17:17:28.258+0900] {subprocess.py:93} INFO -   }, {
[2024-08-26T17:17:28.258+0900] {subprocess.py:93} INFO -     "name" : "message",
[2024-08-26T17:17:28.259+0900] {subprocess.py:93} INFO -     "type" : "string",
[2024-08-26T17:17:28.259+0900] {subprocess.py:93} INFO -     "nullable" : true,
[2024-08-26T17:17:28.259+0900] {subprocess.py:93} INFO -     "metadata" : { }
[2024-08-26T17:17:28.259+0900] {subprocess.py:93} INFO -   }, {
[2024-08-26T17:17:28.259+0900] {subprocess.py:93} INFO -     "name" : "end",
[2024-08-26T17:17:28.260+0900] {subprocess.py:93} INFO -     "type" : "boolean",
[2024-08-26T17:17:28.260+0900] {subprocess.py:93} INFO -     "nullable" : true,
[2024-08-26T17:17:28.260+0900] {subprocess.py:93} INFO -     "metadata" : { }
[2024-08-26T17:17:28.260+0900] {subprocess.py:93} INFO -   }, {
[2024-08-26T17:17:28.260+0900] {subprocess.py:93} INFO -     "name" : "timestamp",
[2024-08-26T17:17:28.261+0900] {subprocess.py:93} INFO -     "type" : "string",
[2024-08-26T17:17:28.261+0900] {subprocess.py:93} INFO -     "nullable" : true,
[2024-08-26T17:17:28.261+0900] {subprocess.py:93} INFO -     "metadata" : { }
[2024-08-26T17:17:28.261+0900] {subprocess.py:93} INFO -   } ]
[2024-08-26T17:17:28.261+0900] {subprocess.py:93} INFO - }
[2024-08-26T17:17:28.262+0900] {subprocess.py:93} INFO - and corresponding Parquet message type:
[2024-08-26T17:17:28.262+0900] {subprocess.py:93} INFO - message spark_schema {
[2024-08-26T17:17:28.262+0900] {subprocess.py:93} INFO -   optional binary sender (STRING);
[2024-08-26T17:17:28.262+0900] {subprocess.py:93} INFO -   optional binary message (STRING);
[2024-08-26T17:17:28.262+0900] {subprocess.py:93} INFO -   optional boolean end;
[2024-08-26T17:17:28.263+0900] {subprocess.py:93} INFO -   optional binary timestamp (STRING);
[2024-08-26T17:17:28.264+0900] {subprocess.py:93} INFO - }
[2024-08-26T17:17:28.265+0900] {subprocess.py:93} INFO - 
[2024-08-26T17:17:28.266+0900] {subprocess.py:93} INFO - 
[2024-08-26T17:17:28.281+0900] {subprocess.py:93} INFO - 24/08/26 17:17:28 INFO CodecPool: Got brand-new compressor [.snappy]
[2024-08-26T17:17:28.285+0900] {subprocess.py:93} INFO - 24/08/26 17:17:28 INFO CodecConfig: Compression: SNAPPY
[2024-08-26T17:17:28.286+0900] {subprocess.py:93} INFO - 24/08/26 17:17:28 INFO CodecConfig: Compression: SNAPPY
[2024-08-26T17:17:28.288+0900] {subprocess.py:93} INFO - 24/08/26 17:17:28 INFO ParquetOutputFormat: ParquetRecordWriter [block size: 134217728b, row group padding size: 8388608b, validating: false]
[2024-08-26T17:17:28.292+0900] {subprocess.py:93} INFO - 24/08/26 17:17:28 INFO ParquetWriteSupport: Initialized Parquet WriteSupport with Catalyst schema:
[2024-08-26T17:17:28.292+0900] {subprocess.py:93} INFO - {
[2024-08-26T17:17:28.293+0900] {subprocess.py:93} INFO -   "type" : "struct",
[2024-08-26T17:17:28.294+0900] {subprocess.py:93} INFO -   "fields" : [ {
[2024-08-26T17:17:28.294+0900] {subprocess.py:93} INFO -     "name" : "sender",
[2024-08-26T17:17:28.295+0900] {subprocess.py:93} INFO -     "type" : "string",
[2024-08-26T17:17:28.295+0900] {subprocess.py:93} INFO -     "nullable" : true,
[2024-08-26T17:17:28.295+0900] {subprocess.py:93} INFO -     "metadata" : { }
[2024-08-26T17:17:28.296+0900] {subprocess.py:93} INFO -   }, {
[2024-08-26T17:17:28.296+0900] {subprocess.py:93} INFO -     "name" : "message",
[2024-08-26T17:17:28.296+0900] {subprocess.py:93} INFO -     "type" : "string",
[2024-08-26T17:17:28.297+0900] {subprocess.py:93} INFO -     "nullable" : true,
[2024-08-26T17:17:28.297+0900] {subprocess.py:93} INFO -     "metadata" : { }
[2024-08-26T17:17:28.297+0900] {subprocess.py:93} INFO -   }, {
[2024-08-26T17:17:28.298+0900] {subprocess.py:93} INFO -     "name" : "end",
[2024-08-26T17:17:28.298+0900] {subprocess.py:93} INFO -     "type" : "boolean",
[2024-08-26T17:17:28.298+0900] {subprocess.py:93} INFO -     "nullable" : true,
[2024-08-26T17:17:28.298+0900] {subprocess.py:93} INFO -     "metadata" : { }
[2024-08-26T17:17:28.299+0900] {subprocess.py:93} INFO -   }, {
[2024-08-26T17:17:28.299+0900] {subprocess.py:93} INFO -     "name" : "timestamp",
[2024-08-26T17:17:28.299+0900] {subprocess.py:93} INFO -     "type" : "string",
[2024-08-26T17:17:28.299+0900] {subprocess.py:93} INFO -     "nullable" : true,
[2024-08-26T17:17:28.299+0900] {subprocess.py:93} INFO -     "metadata" : { }
[2024-08-26T17:17:28.300+0900] {subprocess.py:93} INFO -   } ]
[2024-08-26T17:17:28.300+0900] {subprocess.py:93} INFO - }
[2024-08-26T17:17:28.300+0900] {subprocess.py:93} INFO - and corresponding Parquet message type:
[2024-08-26T17:17:28.300+0900] {subprocess.py:93} INFO - message spark_schema {
[2024-08-26T17:17:28.300+0900] {subprocess.py:93} INFO -   optional binary sender (STRING);
[2024-08-26T17:17:28.301+0900] {subprocess.py:93} INFO -   optional binary message (STRING);
[2024-08-26T17:17:28.301+0900] {subprocess.py:93} INFO -   optional boolean end;
[2024-08-26T17:17:28.301+0900] {subprocess.py:93} INFO -   optional binary timestamp (STRING);
[2024-08-26T17:17:28.301+0900] {subprocess.py:93} INFO - }
[2024-08-26T17:17:28.301+0900] {subprocess.py:93} INFO - 
[2024-08-26T17:17:28.301+0900] {subprocess.py:93} INFO - 
[2024-08-26T17:17:28.306+0900] {subprocess.py:93} INFO - 24/08/26 17:17:28 INFO CodecPool: Got brand-new compressor [.snappy]
[2024-08-26T17:17:28.425+0900] {subprocess.py:93} INFO - 24/08/26 17:17:28 INFO PythonRunner: Times: total = 1061, boot = 720, init = 341, finish = 0
[2024-08-26T17:17:28.426+0900] {subprocess.py:93} INFO - 24/08/26 17:17:28 INFO PythonRunner: Times: total = 990, boot = 697, init = 292, finish = 1
[2024-08-26T17:17:28.426+0900] {subprocess.py:93} INFO - 24/08/26 17:17:28 INFO PythonRunner: Times: total = 997, boot = 709, init = 287, finish = 1
[2024-08-26T17:17:28.426+0900] {subprocess.py:93} INFO - 24/08/26 17:17:28 INFO PythonRunner: Times: total = 1169, boot = 796, init = 373, finish = 0
[2024-08-26T17:17:28.426+0900] {subprocess.py:93} INFO - 24/08/26 17:17:28 INFO PythonRunner: Times: total = 1204, boot = 767, init = 437, finish = 0
[2024-08-26T17:17:28.427+0900] {subprocess.py:93} INFO - 24/08/26 17:17:28 INFO PythonRunner: Times: total = 985, boot = 696, init = 289, finish = 0
[2024-08-26T17:17:28.427+0900] {subprocess.py:93} INFO - 24/08/26 17:17:28 INFO PythonRunner: Times: total = 1115, boot = 691, init = 424, finish = 0
[2024-08-26T17:17:28.427+0900] {subprocess.py:93} INFO - 24/08/26 17:17:28 WARN MemoryManager: Total allocation exceeds 95.00% (1,020,054,720 bytes) of heap memory
[2024-08-26T17:17:28.427+0900] {subprocess.py:93} INFO - Scaling row group sizes to 95.00% for 8 writers
[2024-08-26T17:17:28.431+0900] {subprocess.py:93} INFO - 24/08/26 17:17:28 INFO PythonRunner: Times: total = 1020, boot = 716, init = 304, finish = 0
[2024-08-26T17:17:28.678+0900] {subprocess.py:93} INFO - 24/08/26 17:17:28 INFO FileOutputCommitter: Saved output of task 'attempt_202408261717265728195816141033172_0000_m_000003_3' to file:/home/kyuseok00/teamproj/chat/data/messages_audit/_temporary/0/task_202408261717265728195816141033172_0000_m_000003
[2024-08-26T17:17:28.679+0900] {subprocess.py:93} INFO - 24/08/26 17:17:28 INFO FileOutputCommitter: Saved output of task 'attempt_202408261717265728195816141033172_0000_m_000007_7' to file:/home/kyuseok00/teamproj/chat/data/messages_audit/_temporary/0/task_202408261717265728195816141033172_0000_m_000007
[2024-08-26T17:17:28.679+0900] {subprocess.py:93} INFO - 24/08/26 17:17:28 INFO FileOutputCommitter: Saved output of task 'attempt_202408261717265728195816141033172_0000_m_000005_5' to file:/home/kyuseok00/teamproj/chat/data/messages_audit/_temporary/0/task_202408261717265728195816141033172_0000_m_000005
[2024-08-26T17:17:28.680+0900] {subprocess.py:93} INFO - 24/08/26 17:17:28 INFO FileOutputCommitter: Saved output of task 'attempt_202408261717265728195816141033172_0000_m_000000_0' to file:/home/kyuseok00/teamproj/chat/data/messages_audit/_temporary/0/task_202408261717265728195816141033172_0000_m_000000
[2024-08-26T17:17:28.681+0900] {subprocess.py:93} INFO - 24/08/26 17:17:28 INFO FileOutputCommitter: Saved output of task 'attempt_202408261717265728195816141033172_0000_m_000006_6' to file:/home/kyuseok00/teamproj/chat/data/messages_audit/_temporary/0/task_202408261717265728195816141033172_0000_m_000006
[2024-08-26T17:17:28.681+0900] {subprocess.py:93} INFO - 24/08/26 17:17:28 INFO FileOutputCommitter: Saved output of task 'attempt_202408261717265728195816141033172_0000_m_000001_1' to file:/home/kyuseok00/teamproj/chat/data/messages_audit/_temporary/0/task_202408261717265728195816141033172_0000_m_000001
[2024-08-26T17:17:28.682+0900] {subprocess.py:93} INFO - 24/08/26 17:17:28 INFO FileOutputCommitter: Saved output of task 'attempt_202408261717265728195816141033172_0000_m_000002_2' to file:/home/kyuseok00/teamproj/chat/data/messages_audit/_temporary/0/task_202408261717265728195816141033172_0000_m_000002
[2024-08-26T17:17:28.682+0900] {subprocess.py:93} INFO - 24/08/26 17:17:28 INFO SparkHadoopMapRedUtil: attempt_202408261717265728195816141033172_0000_m_000006_6: Committed. Elapsed time: 4 ms.
[2024-08-26T17:17:28.682+0900] {subprocess.py:93} INFO - 24/08/26 17:17:28 INFO SparkHadoopMapRedUtil: attempt_202408261717265728195816141033172_0000_m_000000_0: Committed. Elapsed time: 4 ms.
[2024-08-26T17:17:28.683+0900] {subprocess.py:93} INFO - 24/08/26 17:17:28 INFO SparkHadoopMapRedUtil: attempt_202408261717265728195816141033172_0000_m_000001_1: Committed. Elapsed time: 2 ms.
[2024-08-26T17:17:28.683+0900] {subprocess.py:93} INFO - 24/08/26 17:17:28 INFO SparkHadoopMapRedUtil: attempt_202408261717265728195816141033172_0000_m_000005_5: Committed. Elapsed time: 3 ms.
[2024-08-26T17:17:28.684+0900] {subprocess.py:93} INFO - 24/08/26 17:17:28 INFO SparkHadoopMapRedUtil: attempt_202408261717265728195816141033172_0000_m_000007_7: Committed. Elapsed time: 4 ms.
[2024-08-26T17:17:28.684+0900] {subprocess.py:93} INFO - 24/08/26 17:17:28 INFO SparkHadoopMapRedUtil: attempt_202408261717265728195816141033172_0000_m_000002_2: Committed. Elapsed time: 5 ms.
[2024-08-26T17:17:28.684+0900] {subprocess.py:93} INFO - 24/08/26 17:17:28 INFO FileOutputCommitter: Saved output of task 'attempt_202408261717265728195816141033172_0000_m_000004_4' to file:/home/kyuseok00/teamproj/chat/data/messages_audit/_temporary/0/task_202408261717265728195816141033172_0000_m_000004
[2024-08-26T17:17:28.684+0900] {subprocess.py:93} INFO - 24/08/26 17:17:28 INFO SparkHadoopMapRedUtil: attempt_202408261717265728195816141033172_0000_m_000004_4: Committed. Elapsed time: 5 ms.
[2024-08-26T17:17:28.685+0900] {subprocess.py:93} INFO - 24/08/26 17:17:28 INFO SparkHadoopMapRedUtil: attempt_202408261717265728195816141033172_0000_m_000003_3: Committed. Elapsed time: 3 ms.
[2024-08-26T17:17:28.719+0900] {subprocess.py:93} INFO - 24/08/26 17:17:28 INFO Executor: Finished task 3.0 in stage 0.0 (TID 3). 2961 bytes result sent to driver
[2024-08-26T17:17:28.719+0900] {subprocess.py:93} INFO - 24/08/26 17:17:28 INFO Executor: Finished task 7.0 in stage 0.0 (TID 7). 2961 bytes result sent to driver
[2024-08-26T17:17:28.719+0900] {subprocess.py:93} INFO - 24/08/26 17:17:28 INFO Executor: Finished task 2.0 in stage 0.0 (TID 2). 2961 bytes result sent to driver
[2024-08-26T17:17:28.720+0900] {subprocess.py:93} INFO - 24/08/26 17:17:28 INFO Executor: Finished task 0.0 in stage 0.0 (TID 0). 2961 bytes result sent to driver
[2024-08-26T17:17:28.723+0900] {subprocess.py:93} INFO - 24/08/26 17:17:28 INFO Executor: Finished task 5.0 in stage 0.0 (TID 5). 2961 bytes result sent to driver
[2024-08-26T17:17:28.723+0900] {subprocess.py:93} INFO - 24/08/26 17:17:28 INFO Executor: Finished task 1.0 in stage 0.0 (TID 1). 2961 bytes result sent to driver
[2024-08-26T17:17:28.724+0900] {subprocess.py:93} INFO - 24/08/26 17:17:28 INFO Executor: Finished task 4.0 in stage 0.0 (TID 4). 2961 bytes result sent to driver
[2024-08-26T17:17:28.725+0900] {subprocess.py:93} INFO - 24/08/26 17:17:28 INFO Executor: Finished task 6.0 in stage 0.0 (TID 6). 2961 bytes result sent to driver
[2024-08-26T17:17:28.735+0900] {subprocess.py:93} INFO - 24/08/26 17:17:28 INFO TaskSetManager: Finished task 5.0 in stage 0.0 (TID 5) in 1985 ms on 10.255.255.254 (executor driver) (1/8)
[2024-08-26T17:17:28.737+0900] {subprocess.py:93} INFO - 24/08/26 17:17:28 INFO TaskSetManager: Finished task 7.0 in stage 0.0 (TID 7) in 1986 ms on 10.255.255.254 (executor driver) (2/8)
[2024-08-26T17:17:28.737+0900] {subprocess.py:93} INFO - 24/08/26 17:17:28 INFO TaskSetManager: Finished task 3.0 in stage 0.0 (TID 3) in 1991 ms on 10.255.255.254 (executor driver) (3/8)
[2024-08-26T17:17:28.738+0900] {subprocess.py:93} INFO - 24/08/26 17:17:28 INFO TaskSetManager: Finished task 2.0 in stage 0.0 (TID 2) in 1992 ms on 10.255.255.254 (executor driver) (4/8)
[2024-08-26T17:17:28.738+0900] {subprocess.py:93} INFO - 24/08/26 17:17:28 INFO TaskSetManager: Finished task 1.0 in stage 0.0 (TID 1) in 1994 ms on 10.255.255.254 (executor driver) (5/8)
[2024-08-26T17:17:28.740+0900] {subprocess.py:93} INFO - 24/08/26 17:17:28 INFO TaskSetManager: Finished task 0.0 in stage 0.0 (TID 0) in 2011 ms on 10.255.255.254 (executor driver) (6/8)
[2024-08-26T17:17:28.740+0900] {subprocess.py:93} INFO - 24/08/26 17:17:28 INFO TaskSetManager: Finished task 4.0 in stage 0.0 (TID 4) in 1994 ms on 10.255.255.254 (executor driver) (7/8)
[2024-08-26T17:17:28.741+0900] {subprocess.py:93} INFO - 24/08/26 17:17:28 INFO TaskSetManager: Finished task 6.0 in stage 0.0 (TID 6) in 1992 ms on 10.255.255.254 (executor driver) (8/8)
[2024-08-26T17:17:28.742+0900] {subprocess.py:93} INFO - 24/08/26 17:17:28 INFO TaskSchedulerImpl: Removed TaskSet 0.0, whose tasks have all completed, from pool
[2024-08-26T17:17:28.743+0900] {subprocess.py:93} INFO - 24/08/26 17:17:28 INFO PythonAccumulatorV2: Connected to AccumulatorServer at host: 127.0.0.1 port: 48063
[2024-08-26T17:17:28.760+0900] {subprocess.py:93} INFO - 24/08/26 17:17:28 INFO DAGScheduler: ResultStage 0 (parquet at NativeMethodAccessorImpl.java:0) finished in 2.239 s
[2024-08-26T17:17:28.764+0900] {subprocess.py:93} INFO - 24/08/26 17:17:28 INFO DAGScheduler: Job 0 is finished. Cancelling potential speculative or zombie tasks for this job
[2024-08-26T17:17:28.764+0900] {subprocess.py:93} INFO - 24/08/26 17:17:28 INFO TaskSchedulerImpl: Killing all running tasks in stage 0: Stage finished
[2024-08-26T17:17:28.768+0900] {subprocess.py:93} INFO - 24/08/26 17:17:28 INFO DAGScheduler: Job 0 finished: parquet at NativeMethodAccessorImpl.java:0, took 2.273611 s
[2024-08-26T17:17:28.772+0900] {subprocess.py:93} INFO - 24/08/26 17:17:28 INFO FileFormatWriter: Start to commit write Job 783d3489-2dd8-48a1-b9ee-d692643b9c29.
[2024-08-26T17:17:28.796+0900] {subprocess.py:93} INFO - 24/08/26 17:17:28 INFO FileFormatWriter: Write Job 783d3489-2dd8-48a1-b9ee-d692643b9c29 committed. Elapsed time: 22 ms.
[2024-08-26T17:17:28.799+0900] {subprocess.py:93} INFO - 24/08/26 17:17:28 INFO FileFormatWriter: Finished processing stats for write job 783d3489-2dd8-48a1-b9ee-d692643b9c29.
[2024-08-26T17:17:28.804+0900] {subprocess.py:93} INFO - 24/08/26 17:17:28 INFO SparkContext: SparkContext is stopping with exitCode 0.
[2024-08-26T17:17:28.815+0900] {subprocess.py:93} INFO - 24/08/26 17:17:28 INFO SparkUI: Stopped Spark web UI at http://10.255.255.254:4040
[2024-08-26T17:17:28.834+0900] {subprocess.py:93} INFO - 24/08/26 17:17:28 INFO MapOutputTrackerMasterEndpoint: MapOutputTrackerMasterEndpoint stopped!
[2024-08-26T17:17:28.846+0900] {subprocess.py:93} INFO - 24/08/26 17:17:28 INFO MemoryStore: MemoryStore cleared
[2024-08-26T17:17:28.846+0900] {subprocess.py:93} INFO - 24/08/26 17:17:28 INFO BlockManager: BlockManager stopped
[2024-08-26T17:17:28.851+0900] {subprocess.py:93} INFO - 24/08/26 17:17:28 INFO BlockManagerMaster: BlockManagerMaster stopped
[2024-08-26T17:17:28.853+0900] {subprocess.py:93} INFO - 24/08/26 17:17:28 INFO OutputCommitCoordinator$OutputCommitCoordinatorEndpoint: OutputCommitCoordinator stopped!
[2024-08-26T17:17:28.861+0900] {subprocess.py:93} INFO - 24/08/26 17:17:28 INFO SparkContext: Successfully stopped SparkContext
[2024-08-26T17:17:29.876+0900] {subprocess.py:93} INFO - 24/08/26 17:17:29 INFO ShutdownHookManager: Shutdown hook called
[2024-08-26T17:17:29.877+0900] {subprocess.py:93} INFO - 24/08/26 17:17:29 INFO ShutdownHookManager: Deleting directory /tmp/spark-5630b57d-2bdf-4769-af62-edb18ca3c046/pyspark-574c644f-190b-4f46-875f-b4ca127f528b
[2024-08-26T17:17:29.880+0900] {subprocess.py:93} INFO - 24/08/26 17:17:29 INFO ShutdownHookManager: Deleting directory /tmp/spark-5630b57d-2bdf-4769-af62-edb18ca3c046
[2024-08-26T17:17:29.884+0900] {subprocess.py:93} INFO - 24/08/26 17:17:29 INFO ShutdownHookManager: Deleting directory /tmp/spark-e736a633-1365-48eb-b0b0-3ae433486434
[2024-08-26T17:17:29.920+0900] {subprocess.py:97} INFO - Command exited with return code 0
[2024-08-26T17:17:29.921+0900] {taskinstance.py:441} INFO - ::group::Post task execution logs
[2024-08-26T17:17:29.937+0900] {taskinstance.py:1206} INFO - Marking task as SUCCESS. dag_id=data_for_audit, task_id=fetch_data, run_id=scheduled__2024-08-26T07:00:00+00:00, execution_date=20240826T070000, start_date=20240826T081711, end_date=20240826T081729
[2024-08-26T17:17:29.960+0900] {local_task_job_runner.py:243} INFO - Task exited with return code 0
[2024-08-26T17:17:29.968+0900] {taskinstance.py:3503} INFO - 0 downstream tasks scheduled from follow-on schedule check
[2024-08-26T17:17:29.969+0900] {local_task_job_runner.py:222} INFO - ::endgroup::
