[2024-08-27T10:50:46.886+0900] {processor.py:161} INFO - Started process (PID=20071) to work on /home/kyuseok00/teamproj/airflow/dags/audit.py
[2024-08-27T10:50:46.888+0900] {processor.py:830} INFO - Processing file /home/kyuseok00/teamproj/airflow/dags/audit.py for tasks to queue
[2024-08-27T10:50:46.890+0900] {logging_mixin.py:188} INFO - [2024-08-27T10:50:46.889+0900] {dagbag.py:545} INFO - Filling up the DagBag from /home/kyuseok00/teamproj/airflow/dags/audit.py
[2024-08-27T10:50:46.963+0900] {processor.py:840} INFO - DAG(s) 'data_for_audit' retrieved from /home/kyuseok00/teamproj/airflow/dags/audit.py
[2024-08-27T10:50:46.974+0900] {logging_mixin.py:188} INFO - [2024-08-27T10:50:46.973+0900] {dag.py:3089} INFO - Sync 1 DAGs
[2024-08-27T10:50:47.009+0900] {logging_mixin.py:188} INFO - [2024-08-27T10:50:47.008+0900] {dag.py:3947} INFO - Setting next_dagrun for data_for_audit to 2024-08-27 00:00:00+00:00, run_after=2024-08-27 01:00:00+00:00
[2024-08-27T10:50:47.049+0900] {processor.py:183} INFO - Processing /home/kyuseok00/teamproj/airflow/dags/audit.py took 0.171 seconds
[2024-08-27T10:51:17.895+0900] {processor.py:161} INFO - Started process (PID=20239) to work on /home/kyuseok00/teamproj/airflow/dags/audit.py
[2024-08-27T10:51:17.898+0900] {processor.py:830} INFO - Processing file /home/kyuseok00/teamproj/airflow/dags/audit.py for tasks to queue
[2024-08-27T10:51:17.900+0900] {logging_mixin.py:188} INFO - [2024-08-27T10:51:17.900+0900] {dagbag.py:545} INFO - Filling up the DagBag from /home/kyuseok00/teamproj/airflow/dags/audit.py
[2024-08-27T10:51:17.952+0900] {processor.py:840} INFO - DAG(s) 'data_for_audit' retrieved from /home/kyuseok00/teamproj/airflow/dags/audit.py
[2024-08-27T10:51:18.055+0900] {logging_mixin.py:188} INFO - [2024-08-27T10:51:18.054+0900] {dag.py:3089} INFO - Sync 1 DAGs
[2024-08-27T10:51:18.077+0900] {logging_mixin.py:188} INFO - [2024-08-27T10:51:18.076+0900] {dag.py:3947} INFO - Setting next_dagrun for data_for_audit to 2024-08-27 01:00:00+00:00, run_after=2024-08-27 02:00:00+00:00
[2024-08-27T10:51:18.105+0900] {processor.py:183} INFO - Processing /home/kyuseok00/teamproj/airflow/dags/audit.py took 0.222 seconds
[2024-08-27T10:51:49.024+0900] {processor.py:161} INFO - Started process (PID=20247) to work on /home/kyuseok00/teamproj/airflow/dags/audit.py
[2024-08-27T10:51:49.026+0900] {processor.py:830} INFO - Processing file /home/kyuseok00/teamproj/airflow/dags/audit.py for tasks to queue
[2024-08-27T10:51:49.028+0900] {logging_mixin.py:188} INFO - [2024-08-27T10:51:49.028+0900] {dagbag.py:545} INFO - Filling up the DagBag from /home/kyuseok00/teamproj/airflow/dags/audit.py
[2024-08-27T10:51:49.078+0900] {processor.py:840} INFO - DAG(s) 'data_for_audit' retrieved from /home/kyuseok00/teamproj/airflow/dags/audit.py
[2024-08-27T10:51:49.098+0900] {logging_mixin.py:188} INFO - [2024-08-27T10:51:49.098+0900] {dag.py:3089} INFO - Sync 1 DAGs
[2024-08-27T10:51:49.116+0900] {logging_mixin.py:188} INFO - [2024-08-27T10:51:49.115+0900] {dag.py:3947} INFO - Setting next_dagrun for data_for_audit to 2024-08-27 01:00:00+00:00, run_after=2024-08-27 02:00:00+00:00
[2024-08-27T10:51:49.139+0900] {processor.py:183} INFO - Processing /home/kyuseok00/teamproj/airflow/dags/audit.py took 0.122 seconds
[2024-08-27T10:52:20.089+0900] {processor.py:161} INFO - Started process (PID=20256) to work on /home/kyuseok00/teamproj/airflow/dags/audit.py
[2024-08-27T10:52:20.098+0900] {processor.py:830} INFO - Processing file /home/kyuseok00/teamproj/airflow/dags/audit.py for tasks to queue
[2024-08-27T10:52:20.101+0900] {logging_mixin.py:188} INFO - [2024-08-27T10:52:20.100+0900] {dagbag.py:545} INFO - Filling up the DagBag from /home/kyuseok00/teamproj/airflow/dags/audit.py
[2024-08-27T10:52:20.158+0900] {processor.py:840} INFO - DAG(s) 'data_for_audit' retrieved from /home/kyuseok00/teamproj/airflow/dags/audit.py
[2024-08-27T10:52:20.179+0900] {logging_mixin.py:188} INFO - [2024-08-27T10:52:20.179+0900] {dag.py:3089} INFO - Sync 1 DAGs
[2024-08-27T10:52:20.199+0900] {logging_mixin.py:188} INFO - [2024-08-27T10:52:20.198+0900] {dag.py:3947} INFO - Setting next_dagrun for data_for_audit to 2024-08-27 01:00:00+00:00, run_after=2024-08-27 02:00:00+00:00
[2024-08-27T10:52:20.219+0900] {processor.py:183} INFO - Processing /home/kyuseok00/teamproj/airflow/dags/audit.py took 0.137 seconds
[2024-08-27T10:52:50.404+0900] {processor.py:161} INFO - Started process (PID=20410) to work on /home/kyuseok00/teamproj/airflow/dags/audit.py
[2024-08-27T10:52:50.413+0900] {processor.py:830} INFO - Processing file /home/kyuseok00/teamproj/airflow/dags/audit.py for tasks to queue
[2024-08-27T10:52:50.416+0900] {logging_mixin.py:188} INFO - [2024-08-27T10:52:50.415+0900] {dagbag.py:545} INFO - Filling up the DagBag from /home/kyuseok00/teamproj/airflow/dags/audit.py
[2024-08-27T10:52:50.461+0900] {processor.py:840} INFO - DAG(s) 'data_for_audit' retrieved from /home/kyuseok00/teamproj/airflow/dags/audit.py
[2024-08-27T10:52:50.479+0900] {logging_mixin.py:188} INFO - [2024-08-27T10:52:50.478+0900] {dag.py:3089} INFO - Sync 1 DAGs
[2024-08-27T10:52:50.498+0900] {logging_mixin.py:188} INFO - [2024-08-27T10:52:50.498+0900] {dag.py:3947} INFO - Setting next_dagrun for data_for_audit to 2024-08-27 01:00:00+00:00, run_after=2024-08-27 02:00:00+00:00
[2024-08-27T10:52:50.525+0900] {processor.py:183} INFO - Processing /home/kyuseok00/teamproj/airflow/dags/audit.py took 0.128 seconds
[2024-08-27T10:53:20.706+0900] {processor.py:161} INFO - Started process (PID=20412) to work on /home/kyuseok00/teamproj/airflow/dags/audit.py
[2024-08-27T10:53:20.715+0900] {processor.py:830} INFO - Processing file /home/kyuseok00/teamproj/airflow/dags/audit.py for tasks to queue
[2024-08-27T10:53:20.717+0900] {logging_mixin.py:188} INFO - [2024-08-27T10:53:20.717+0900] {dagbag.py:545} INFO - Filling up the DagBag from /home/kyuseok00/teamproj/airflow/dags/audit.py
[2024-08-27T10:53:20.763+0900] {processor.py:840} INFO - DAG(s) 'data_for_audit' retrieved from /home/kyuseok00/teamproj/airflow/dags/audit.py
[2024-08-27T10:53:20.781+0900] {logging_mixin.py:188} INFO - [2024-08-27T10:53:20.781+0900] {dag.py:3089} INFO - Sync 1 DAGs
[2024-08-27T10:53:20.798+0900] {logging_mixin.py:188} INFO - [2024-08-27T10:53:20.798+0900] {dag.py:3947} INFO - Setting next_dagrun for data_for_audit to 2024-08-27 01:00:00+00:00, run_after=2024-08-27 02:00:00+00:00
[2024-08-27T10:53:20.821+0900] {processor.py:183} INFO - Processing /home/kyuseok00/teamproj/airflow/dags/audit.py took 0.124 seconds
[2024-08-27T10:53:51.004+0900] {processor.py:161} INFO - Started process (PID=20420) to work on /home/kyuseok00/teamproj/airflow/dags/audit.py
[2024-08-27T10:53:51.006+0900] {processor.py:830} INFO - Processing file /home/kyuseok00/teamproj/airflow/dags/audit.py for tasks to queue
[2024-08-27T10:53:51.007+0900] {logging_mixin.py:188} INFO - [2024-08-27T10:53:51.007+0900] {dagbag.py:545} INFO - Filling up the DagBag from /home/kyuseok00/teamproj/airflow/dags/audit.py
[2024-08-27T10:53:51.053+0900] {processor.py:840} INFO - DAG(s) 'data_for_audit' retrieved from /home/kyuseok00/teamproj/airflow/dags/audit.py
[2024-08-27T10:53:51.072+0900] {logging_mixin.py:188} INFO - [2024-08-27T10:53:51.072+0900] {dag.py:3089} INFO - Sync 1 DAGs
[2024-08-27T10:53:51.092+0900] {logging_mixin.py:188} INFO - [2024-08-27T10:53:51.091+0900] {dag.py:3947} INFO - Setting next_dagrun for data_for_audit to 2024-08-27 01:00:00+00:00, run_after=2024-08-27 02:00:00+00:00
[2024-08-27T10:53:51.113+0900] {processor.py:183} INFO - Processing /home/kyuseok00/teamproj/airflow/dags/audit.py took 0.115 seconds
[2024-08-27T10:54:21.355+0900] {processor.py:161} INFO - Started process (PID=20501) to work on /home/kyuseok00/teamproj/airflow/dags/audit.py
[2024-08-27T10:54:21.365+0900] {processor.py:830} INFO - Processing file /home/kyuseok00/teamproj/airflow/dags/audit.py for tasks to queue
[2024-08-27T10:54:21.370+0900] {logging_mixin.py:188} INFO - [2024-08-27T10:54:21.369+0900] {dagbag.py:545} INFO - Filling up the DagBag from /home/kyuseok00/teamproj/airflow/dags/audit.py
[2024-08-27T10:54:21.430+0900] {processor.py:840} INFO - DAG(s) 'data_for_audit' retrieved from /home/kyuseok00/teamproj/airflow/dags/audit.py
[2024-08-27T10:54:21.454+0900] {logging_mixin.py:188} INFO - [2024-08-27T10:54:21.454+0900] {dag.py:3089} INFO - Sync 1 DAGs
[2024-08-27T10:54:21.474+0900] {logging_mixin.py:188} INFO - [2024-08-27T10:54:21.474+0900] {dag.py:3947} INFO - Setting next_dagrun for data_for_audit to 2024-08-27 01:00:00+00:00, run_after=2024-08-27 02:00:00+00:00
[2024-08-27T10:54:21.498+0900] {processor.py:183} INFO - Processing /home/kyuseok00/teamproj/airflow/dags/audit.py took 0.161 seconds
[2024-08-27T10:54:51.716+0900] {processor.py:161} INFO - Started process (PID=20966) to work on /home/kyuseok00/teamproj/airflow/dags/audit.py
[2024-08-27T10:54:51.726+0900] {processor.py:830} INFO - Processing file /home/kyuseok00/teamproj/airflow/dags/audit.py for tasks to queue
[2024-08-27T10:54:51.731+0900] {logging_mixin.py:188} INFO - [2024-08-27T10:54:51.730+0900] {dagbag.py:545} INFO - Filling up the DagBag from /home/kyuseok00/teamproj/airflow/dags/audit.py
[2024-08-27T10:54:51.799+0900] {processor.py:840} INFO - DAG(s) 'data_for_audit' retrieved from /home/kyuseok00/teamproj/airflow/dags/audit.py
[2024-08-27T10:54:51.818+0900] {logging_mixin.py:188} INFO - [2024-08-27T10:54:51.818+0900] {dag.py:3089} INFO - Sync 1 DAGs
[2024-08-27T10:54:51.839+0900] {logging_mixin.py:188} INFO - [2024-08-27T10:54:51.838+0900] {dag.py:3947} INFO - Setting next_dagrun for data_for_audit to 2024-08-27 01:00:00+00:00, run_after=2024-08-27 02:00:00+00:00
[2024-08-27T10:54:51.862+0900] {processor.py:183} INFO - Processing /home/kyuseok00/teamproj/airflow/dags/audit.py took 0.161 seconds
[2024-08-27T10:55:22.070+0900] {processor.py:161} INFO - Started process (PID=20969) to work on /home/kyuseok00/teamproj/airflow/dags/audit.py
[2024-08-27T10:55:22.071+0900] {processor.py:830} INFO - Processing file /home/kyuseok00/teamproj/airflow/dags/audit.py for tasks to queue
[2024-08-27T10:55:22.074+0900] {logging_mixin.py:188} INFO - [2024-08-27T10:55:22.074+0900] {dagbag.py:545} INFO - Filling up the DagBag from /home/kyuseok00/teamproj/airflow/dags/audit.py
[2024-08-27T10:55:22.129+0900] {processor.py:840} INFO - DAG(s) 'data_for_audit' retrieved from /home/kyuseok00/teamproj/airflow/dags/audit.py
[2024-08-27T10:55:22.148+0900] {logging_mixin.py:188} INFO - [2024-08-27T10:55:22.148+0900] {dag.py:3089} INFO - Sync 1 DAGs
[2024-08-27T10:55:22.169+0900] {logging_mixin.py:188} INFO - [2024-08-27T10:55:22.169+0900] {dag.py:3947} INFO - Setting next_dagrun for data_for_audit to 2024-08-27 01:00:00+00:00, run_after=2024-08-27 02:00:00+00:00
[2024-08-27T10:55:22.190+0900] {processor.py:183} INFO - Processing /home/kyuseok00/teamproj/airflow/dags/audit.py took 0.131 seconds
[2024-08-27T10:55:52.367+0900] {processor.py:161} INFO - Started process (PID=21067) to work on /home/kyuseok00/teamproj/airflow/dags/audit.py
[2024-08-27T10:55:52.376+0900] {processor.py:830} INFO - Processing file /home/kyuseok00/teamproj/airflow/dags/audit.py for tasks to queue
[2024-08-27T10:55:52.377+0900] {logging_mixin.py:188} INFO - [2024-08-27T10:55:52.377+0900] {dagbag.py:545} INFO - Filling up the DagBag from /home/kyuseok00/teamproj/airflow/dags/audit.py
[2024-08-27T10:55:52.417+0900] {processor.py:840} INFO - DAG(s) 'data_for_audit' retrieved from /home/kyuseok00/teamproj/airflow/dags/audit.py
[2024-08-27T10:55:52.437+0900] {logging_mixin.py:188} INFO - [2024-08-27T10:55:52.436+0900] {dag.py:3089} INFO - Sync 1 DAGs
[2024-08-27T10:55:52.456+0900] {logging_mixin.py:188} INFO - [2024-08-27T10:55:52.455+0900] {dag.py:3947} INFO - Setting next_dagrun for data_for_audit to 2024-08-27 01:00:00+00:00, run_after=2024-08-27 02:00:00+00:00
[2024-08-27T10:55:52.477+0900] {processor.py:183} INFO - Processing /home/kyuseok00/teamproj/airflow/dags/audit.py took 0.114 seconds
[2024-08-27T10:56:22.676+0900] {processor.py:161} INFO - Started process (PID=21069) to work on /home/kyuseok00/teamproj/airflow/dags/audit.py
[2024-08-27T10:56:22.677+0900] {processor.py:830} INFO - Processing file /home/kyuseok00/teamproj/airflow/dags/audit.py for tasks to queue
[2024-08-27T10:56:22.680+0900] {logging_mixin.py:188} INFO - [2024-08-27T10:56:22.679+0900] {dagbag.py:545} INFO - Filling up the DagBag from /home/kyuseok00/teamproj/airflow/dags/audit.py
[2024-08-27T10:56:22.729+0900] {processor.py:840} INFO - DAG(s) 'data_for_audit' retrieved from /home/kyuseok00/teamproj/airflow/dags/audit.py
[2024-08-27T10:56:22.748+0900] {logging_mixin.py:188} INFO - [2024-08-27T10:56:22.748+0900] {dag.py:3089} INFO - Sync 1 DAGs
[2024-08-27T10:56:22.764+0900] {logging_mixin.py:188} INFO - [2024-08-27T10:56:22.764+0900] {dag.py:3947} INFO - Setting next_dagrun for data_for_audit to 2024-08-27 01:00:00+00:00, run_after=2024-08-27 02:00:00+00:00
[2024-08-27T10:56:22.787+0900] {processor.py:183} INFO - Processing /home/kyuseok00/teamproj/airflow/dags/audit.py took 0.121 seconds
[2024-08-27T10:56:53.018+0900] {processor.py:161} INFO - Started process (PID=21071) to work on /home/kyuseok00/teamproj/airflow/dags/audit.py
[2024-08-27T10:56:53.022+0900] {processor.py:830} INFO - Processing file /home/kyuseok00/teamproj/airflow/dags/audit.py for tasks to queue
[2024-08-27T10:56:53.024+0900] {logging_mixin.py:188} INFO - [2024-08-27T10:56:53.024+0900] {dagbag.py:545} INFO - Filling up the DagBag from /home/kyuseok00/teamproj/airflow/dags/audit.py
[2024-08-27T10:56:53.075+0900] {processor.py:840} INFO - DAG(s) 'data_for_audit' retrieved from /home/kyuseok00/teamproj/airflow/dags/audit.py
[2024-08-27T10:56:53.095+0900] {logging_mixin.py:188} INFO - [2024-08-27T10:56:53.095+0900] {dag.py:3089} INFO - Sync 1 DAGs
[2024-08-27T10:56:53.113+0900] {logging_mixin.py:188} INFO - [2024-08-27T10:56:53.112+0900] {dag.py:3947} INFO - Setting next_dagrun for data_for_audit to 2024-08-27 01:00:00+00:00, run_after=2024-08-27 02:00:00+00:00
[2024-08-27T10:56:53.135+0900] {processor.py:183} INFO - Processing /home/kyuseok00/teamproj/airflow/dags/audit.py took 0.129 seconds
[2024-08-27T10:57:23.375+0900] {processor.py:161} INFO - Started process (PID=21073) to work on /home/kyuseok00/teamproj/airflow/dags/audit.py
[2024-08-27T10:57:23.384+0900] {processor.py:830} INFO - Processing file /home/kyuseok00/teamproj/airflow/dags/audit.py for tasks to queue
[2024-08-27T10:57:23.387+0900] {logging_mixin.py:188} INFO - [2024-08-27T10:57:23.386+0900] {dagbag.py:545} INFO - Filling up the DagBag from /home/kyuseok00/teamproj/airflow/dags/audit.py
[2024-08-27T10:57:23.442+0900] {processor.py:840} INFO - DAG(s) 'data_for_audit' retrieved from /home/kyuseok00/teamproj/airflow/dags/audit.py
[2024-08-27T10:57:23.463+0900] {logging_mixin.py:188} INFO - [2024-08-27T10:57:23.463+0900] {dag.py:3089} INFO - Sync 1 DAGs
[2024-08-27T10:57:23.484+0900] {logging_mixin.py:188} INFO - [2024-08-27T10:57:23.483+0900] {dag.py:3947} INFO - Setting next_dagrun for data_for_audit to 2024-08-27 01:00:00+00:00, run_after=2024-08-27 02:00:00+00:00
[2024-08-27T10:57:23.506+0900] {processor.py:183} INFO - Processing /home/kyuseok00/teamproj/airflow/dags/audit.py took 0.142 seconds
[2024-08-27T10:57:53.737+0900] {processor.py:161} INFO - Started process (PID=21075) to work on /home/kyuseok00/teamproj/airflow/dags/audit.py
[2024-08-27T10:57:53.740+0900] {processor.py:830} INFO - Processing file /home/kyuseok00/teamproj/airflow/dags/audit.py for tasks to queue
[2024-08-27T10:57:53.743+0900] {logging_mixin.py:188} INFO - [2024-08-27T10:57:53.742+0900] {dagbag.py:545} INFO - Filling up the DagBag from /home/kyuseok00/teamproj/airflow/dags/audit.py
[2024-08-27T10:57:53.797+0900] {processor.py:840} INFO - DAG(s) 'data_for_audit' retrieved from /home/kyuseok00/teamproj/airflow/dags/audit.py
[2024-08-27T10:57:53.813+0900] {logging_mixin.py:188} INFO - [2024-08-27T10:57:53.813+0900] {dag.py:3089} INFO - Sync 1 DAGs
[2024-08-27T10:57:53.832+0900] {logging_mixin.py:188} INFO - [2024-08-27T10:57:53.832+0900] {dag.py:3947} INFO - Setting next_dagrun for data_for_audit to 2024-08-27 01:00:00+00:00, run_after=2024-08-27 02:00:00+00:00
[2024-08-27T10:57:53.857+0900] {processor.py:183} INFO - Processing /home/kyuseok00/teamproj/airflow/dags/audit.py took 0.136 seconds
[2024-08-27T10:58:23.957+0900] {processor.py:161} INFO - Started process (PID=21077) to work on /home/kyuseok00/teamproj/airflow/dags/audit.py
[2024-08-27T10:58:23.967+0900] {processor.py:830} INFO - Processing file /home/kyuseok00/teamproj/airflow/dags/audit.py for tasks to queue
[2024-08-27T10:58:23.970+0900] {logging_mixin.py:188} INFO - [2024-08-27T10:58:23.970+0900] {dagbag.py:545} INFO - Filling up the DagBag from /home/kyuseok00/teamproj/airflow/dags/audit.py
[2024-08-27T10:58:24.038+0900] {processor.py:840} INFO - DAG(s) 'data_for_audit' retrieved from /home/kyuseok00/teamproj/airflow/dags/audit.py
[2024-08-27T10:58:24.054+0900] {logging_mixin.py:188} INFO - [2024-08-27T10:58:24.054+0900] {dag.py:3089} INFO - Sync 1 DAGs
[2024-08-27T10:58:24.070+0900] {logging_mixin.py:188} INFO - [2024-08-27T10:58:24.070+0900] {dag.py:3947} INFO - Setting next_dagrun for data_for_audit to 2024-08-27 01:00:00+00:00, run_after=2024-08-27 02:00:00+00:00
[2024-08-27T10:58:24.113+0900] {processor.py:183} INFO - Processing /home/kyuseok00/teamproj/airflow/dags/audit.py took 0.170 seconds
[2024-08-27T10:58:54.270+0900] {processor.py:161} INFO - Started process (PID=21079) to work on /home/kyuseok00/teamproj/airflow/dags/audit.py
[2024-08-27T10:58:54.272+0900] {processor.py:830} INFO - Processing file /home/kyuseok00/teamproj/airflow/dags/audit.py for tasks to queue
[2024-08-27T10:58:54.275+0900] {logging_mixin.py:188} INFO - [2024-08-27T10:58:54.275+0900] {dagbag.py:545} INFO - Filling up the DagBag from /home/kyuseok00/teamproj/airflow/dags/audit.py
[2024-08-27T10:58:54.334+0900] {processor.py:840} INFO - DAG(s) 'data_for_audit' retrieved from /home/kyuseok00/teamproj/airflow/dags/audit.py
[2024-08-27T10:58:54.352+0900] {logging_mixin.py:188} INFO - [2024-08-27T10:58:54.352+0900] {dag.py:3089} INFO - Sync 1 DAGs
[2024-08-27T10:58:54.371+0900] {logging_mixin.py:188} INFO - [2024-08-27T10:58:54.371+0900] {dag.py:3947} INFO - Setting next_dagrun for data_for_audit to 2024-08-27 01:00:00+00:00, run_after=2024-08-27 02:00:00+00:00
[2024-08-27T10:58:54.391+0900] {processor.py:183} INFO - Processing /home/kyuseok00/teamproj/airflow/dags/audit.py took 0.134 seconds
[2024-08-27T10:59:24.624+0900] {processor.py:161} INFO - Started process (PID=21081) to work on /home/kyuseok00/teamproj/airflow/dags/audit.py
[2024-08-27T10:59:24.627+0900] {processor.py:830} INFO - Processing file /home/kyuseok00/teamproj/airflow/dags/audit.py for tasks to queue
[2024-08-27T10:59:24.630+0900] {logging_mixin.py:188} INFO - [2024-08-27T10:59:24.629+0900] {dagbag.py:545} INFO - Filling up the DagBag from /home/kyuseok00/teamproj/airflow/dags/audit.py
[2024-08-27T10:59:24.683+0900] {processor.py:840} INFO - DAG(s) 'data_for_audit' retrieved from /home/kyuseok00/teamproj/airflow/dags/audit.py
[2024-08-27T10:59:24.699+0900] {logging_mixin.py:188} INFO - [2024-08-27T10:59:24.699+0900] {dag.py:3089} INFO - Sync 1 DAGs
[2024-08-27T10:59:24.719+0900] {logging_mixin.py:188} INFO - [2024-08-27T10:59:24.719+0900] {dag.py:3947} INFO - Setting next_dagrun for data_for_audit to 2024-08-27 01:00:00+00:00, run_after=2024-08-27 02:00:00+00:00
[2024-08-27T10:59:24.741+0900] {processor.py:183} INFO - Processing /home/kyuseok00/teamproj/airflow/dags/audit.py took 0.127 seconds
[2024-08-27T10:59:54.910+0900] {processor.py:161} INFO - Started process (PID=21083) to work on /home/kyuseok00/teamproj/airflow/dags/audit.py
[2024-08-27T10:59:54.911+0900] {processor.py:830} INFO - Processing file /home/kyuseok00/teamproj/airflow/dags/audit.py for tasks to queue
[2024-08-27T10:59:54.912+0900] {logging_mixin.py:188} INFO - [2024-08-27T10:59:54.912+0900] {dagbag.py:545} INFO - Filling up the DagBag from /home/kyuseok00/teamproj/airflow/dags/audit.py
[2024-08-27T10:59:54.953+0900] {processor.py:840} INFO - DAG(s) 'data_for_audit' retrieved from /home/kyuseok00/teamproj/airflow/dags/audit.py
[2024-08-27T10:59:54.973+0900] {logging_mixin.py:188} INFO - [2024-08-27T10:59:54.973+0900] {dag.py:3089} INFO - Sync 1 DAGs
[2024-08-27T10:59:54.991+0900] {logging_mixin.py:188} INFO - [2024-08-27T10:59:54.991+0900] {dag.py:3947} INFO - Setting next_dagrun for data_for_audit to 2024-08-27 01:00:00+00:00, run_after=2024-08-27 02:00:00+00:00
[2024-08-27T10:59:55.012+0900] {processor.py:183} INFO - Processing /home/kyuseok00/teamproj/airflow/dags/audit.py took 0.106 seconds
[2024-08-27T11:00:25.540+0900] {processor.py:161} INFO - Started process (PID=21246) to work on /home/kyuseok00/teamproj/airflow/dags/audit.py
[2024-08-27T11:00:25.541+0900] {processor.py:830} INFO - Processing file /home/kyuseok00/teamproj/airflow/dags/audit.py for tasks to queue
[2024-08-27T11:00:25.543+0900] {logging_mixin.py:188} INFO - [2024-08-27T11:00:25.543+0900] {dagbag.py:545} INFO - Filling up the DagBag from /home/kyuseok00/teamproj/airflow/dags/audit.py
[2024-08-27T11:00:25.587+0900] {processor.py:840} INFO - DAG(s) 'data_for_audit' retrieved from /home/kyuseok00/teamproj/airflow/dags/audit.py
[2024-08-27T11:00:25.606+0900] {logging_mixin.py:188} INFO - [2024-08-27T11:00:25.606+0900] {dag.py:3089} INFO - Sync 1 DAGs
[2024-08-27T11:00:25.623+0900] {logging_mixin.py:188} INFO - [2024-08-27T11:00:25.623+0900] {dag.py:3947} INFO - Setting next_dagrun for data_for_audit to 2024-08-27 02:00:00+00:00, run_after=2024-08-27 03:00:00+00:00
[2024-08-27T11:00:25.643+0900] {processor.py:183} INFO - Processing /home/kyuseok00/teamproj/airflow/dags/audit.py took 0.110 seconds
[2024-08-27T11:00:55.796+0900] {processor.py:161} INFO - Started process (PID=21344) to work on /home/kyuseok00/teamproj/airflow/dags/audit.py
[2024-08-27T11:00:55.798+0900] {processor.py:830} INFO - Processing file /home/kyuseok00/teamproj/airflow/dags/audit.py for tasks to queue
[2024-08-27T11:00:55.801+0900] {logging_mixin.py:188} INFO - [2024-08-27T11:00:55.800+0900] {dagbag.py:545} INFO - Filling up the DagBag from /home/kyuseok00/teamproj/airflow/dags/audit.py
[2024-08-27T11:00:55.857+0900] {processor.py:840} INFO - DAG(s) 'data_for_audit' retrieved from /home/kyuseok00/teamproj/airflow/dags/audit.py
[2024-08-27T11:00:55.882+0900] {logging_mixin.py:188} INFO - [2024-08-27T11:00:55.881+0900] {dag.py:3089} INFO - Sync 1 DAGs
[2024-08-27T11:00:55.902+0900] {logging_mixin.py:188} INFO - [2024-08-27T11:00:55.901+0900] {dag.py:3947} INFO - Setting next_dagrun for data_for_audit to 2024-08-27 02:00:00+00:00, run_after=2024-08-27 03:00:00+00:00
[2024-08-27T11:00:55.925+0900] {processor.py:183} INFO - Processing /home/kyuseok00/teamproj/airflow/dags/audit.py took 0.138 seconds
[2024-08-27T11:01:26.098+0900] {processor.py:161} INFO - Started process (PID=21346) to work on /home/kyuseok00/teamproj/airflow/dags/audit.py
[2024-08-27T11:01:26.099+0900] {processor.py:830} INFO - Processing file /home/kyuseok00/teamproj/airflow/dags/audit.py for tasks to queue
[2024-08-27T11:01:26.101+0900] {logging_mixin.py:188} INFO - [2024-08-27T11:01:26.101+0900] {dagbag.py:545} INFO - Filling up the DagBag from /home/kyuseok00/teamproj/airflow/dags/audit.py
[2024-08-27T11:01:26.148+0900] {processor.py:840} INFO - DAG(s) 'data_for_audit' retrieved from /home/kyuseok00/teamproj/airflow/dags/audit.py
[2024-08-27T11:01:26.168+0900] {logging_mixin.py:188} INFO - [2024-08-27T11:01:26.168+0900] {dag.py:3089} INFO - Sync 1 DAGs
[2024-08-27T11:01:26.188+0900] {logging_mixin.py:188} INFO - [2024-08-27T11:01:26.188+0900] {dag.py:3947} INFO - Setting next_dagrun for data_for_audit to 2024-08-27 02:00:00+00:00, run_after=2024-08-27 03:00:00+00:00
[2024-08-27T11:01:26.207+0900] {processor.py:183} INFO - Processing /home/kyuseok00/teamproj/airflow/dags/audit.py took 0.114 seconds
[2024-08-27T11:01:56.388+0900] {processor.py:161} INFO - Started process (PID=21348) to work on /home/kyuseok00/teamproj/airflow/dags/audit.py
[2024-08-27T11:01:56.390+0900] {processor.py:830} INFO - Processing file /home/kyuseok00/teamproj/airflow/dags/audit.py for tasks to queue
[2024-08-27T11:01:56.392+0900] {logging_mixin.py:188} INFO - [2024-08-27T11:01:56.391+0900] {dagbag.py:545} INFO - Filling up the DagBag from /home/kyuseok00/teamproj/airflow/dags/audit.py
[2024-08-27T11:01:56.439+0900] {processor.py:840} INFO - DAG(s) 'data_for_audit' retrieved from /home/kyuseok00/teamproj/airflow/dags/audit.py
[2024-08-27T11:01:56.460+0900] {logging_mixin.py:188} INFO - [2024-08-27T11:01:56.459+0900] {dag.py:3089} INFO - Sync 1 DAGs
[2024-08-27T11:01:56.478+0900] {logging_mixin.py:188} INFO - [2024-08-27T11:01:56.477+0900] {dag.py:3947} INFO - Setting next_dagrun for data_for_audit to 2024-08-27 02:00:00+00:00, run_after=2024-08-27 03:00:00+00:00
[2024-08-27T11:01:56.500+0900] {processor.py:183} INFO - Processing /home/kyuseok00/teamproj/airflow/dags/audit.py took 0.119 seconds
[2024-08-27T11:02:26.716+0900] {processor.py:161} INFO - Started process (PID=21350) to work on /home/kyuseok00/teamproj/airflow/dags/audit.py
[2024-08-27T11:02:26.717+0900] {processor.py:830} INFO - Processing file /home/kyuseok00/teamproj/airflow/dags/audit.py for tasks to queue
[2024-08-27T11:02:26.720+0900] {logging_mixin.py:188} INFO - [2024-08-27T11:02:26.720+0900] {dagbag.py:545} INFO - Filling up the DagBag from /home/kyuseok00/teamproj/airflow/dags/audit.py
[2024-08-27T11:02:26.769+0900] {processor.py:840} INFO - DAG(s) 'data_for_audit' retrieved from /home/kyuseok00/teamproj/airflow/dags/audit.py
[2024-08-27T11:02:26.786+0900] {logging_mixin.py:188} INFO - [2024-08-27T11:02:26.785+0900] {dag.py:3089} INFO - Sync 1 DAGs
[2024-08-27T11:02:26.803+0900] {logging_mixin.py:188} INFO - [2024-08-27T11:02:26.803+0900] {dag.py:3947} INFO - Setting next_dagrun for data_for_audit to 2024-08-27 02:00:00+00:00, run_after=2024-08-27 03:00:00+00:00
[2024-08-27T11:02:26.832+0900] {processor.py:183} INFO - Processing /home/kyuseok00/teamproj/airflow/dags/audit.py took 0.125 seconds
[2024-08-27T11:02:57.097+0900] {processor.py:161} INFO - Started process (PID=21546) to work on /home/kyuseok00/teamproj/airflow/dags/audit.py
[2024-08-27T11:02:57.099+0900] {processor.py:830} INFO - Processing file /home/kyuseok00/teamproj/airflow/dags/audit.py for tasks to queue
[2024-08-27T11:02:57.101+0900] {logging_mixin.py:188} INFO - [2024-08-27T11:02:57.101+0900] {dagbag.py:545} INFO - Filling up the DagBag from /home/kyuseok00/teamproj/airflow/dags/audit.py
[2024-08-27T11:02:57.165+0900] {processor.py:840} INFO - DAG(s) 'data_for_audit' retrieved from /home/kyuseok00/teamproj/airflow/dags/audit.py
[2024-08-27T11:02:57.192+0900] {logging_mixin.py:188} INFO - [2024-08-27T11:02:57.192+0900] {dag.py:3089} INFO - Sync 1 DAGs
[2024-08-27T11:02:57.225+0900] {logging_mixin.py:188} INFO - [2024-08-27T11:02:57.224+0900] {dag.py:3947} INFO - Setting next_dagrun for data_for_audit to 2024-08-27 02:00:00+00:00, run_after=2024-08-27 03:00:00+00:00
[2024-08-27T11:02:57.370+0900] {processor.py:183} INFO - Processing /home/kyuseok00/teamproj/airflow/dags/audit.py took 0.283 seconds
[2024-08-27T11:03:27.457+0900] {processor.py:161} INFO - Started process (PID=21549) to work on /home/kyuseok00/teamproj/airflow/dags/audit.py
[2024-08-27T11:03:27.458+0900] {processor.py:830} INFO - Processing file /home/kyuseok00/teamproj/airflow/dags/audit.py for tasks to queue
[2024-08-27T11:03:27.460+0900] {logging_mixin.py:188} INFO - [2024-08-27T11:03:27.459+0900] {dagbag.py:545} INFO - Filling up the DagBag from /home/kyuseok00/teamproj/airflow/dags/audit.py
[2024-08-27T11:03:27.507+0900] {processor.py:840} INFO - DAG(s) 'data_for_audit' retrieved from /home/kyuseok00/teamproj/airflow/dags/audit.py
[2024-08-27T11:03:27.526+0900] {logging_mixin.py:188} INFO - [2024-08-27T11:03:27.526+0900] {dag.py:3089} INFO - Sync 1 DAGs
[2024-08-27T11:03:27.632+0900] {logging_mixin.py:188} INFO - [2024-08-27T11:03:27.631+0900] {dag.py:3947} INFO - Setting next_dagrun for data_for_audit to 2024-08-27 02:00:00+00:00, run_after=2024-08-27 03:00:00+00:00
[2024-08-27T11:03:27.663+0900] {processor.py:183} INFO - Processing /home/kyuseok00/teamproj/airflow/dags/audit.py took 0.211 seconds
[2024-08-27T11:03:57.826+0900] {processor.py:161} INFO - Started process (PID=21551) to work on /home/kyuseok00/teamproj/airflow/dags/audit.py
[2024-08-27T11:03:57.835+0900] {processor.py:830} INFO - Processing file /home/kyuseok00/teamproj/airflow/dags/audit.py for tasks to queue
[2024-08-27T11:03:57.837+0900] {logging_mixin.py:188} INFO - [2024-08-27T11:03:57.837+0900] {dagbag.py:545} INFO - Filling up the DagBag from /home/kyuseok00/teamproj/airflow/dags/audit.py
[2024-08-27T11:03:57.887+0900] {processor.py:840} INFO - DAG(s) 'data_for_audit' retrieved from /home/kyuseok00/teamproj/airflow/dags/audit.py
[2024-08-27T11:03:57.910+0900] {logging_mixin.py:188} INFO - [2024-08-27T11:03:57.910+0900] {dag.py:3089} INFO - Sync 1 DAGs
[2024-08-27T11:03:58.031+0900] {logging_mixin.py:188} INFO - [2024-08-27T11:03:58.031+0900] {dag.py:3947} INFO - Setting next_dagrun for data_for_audit to 2024-08-27 02:00:00+00:00, run_after=2024-08-27 03:00:00+00:00
[2024-08-27T11:03:58.057+0900] {processor.py:183} INFO - Processing /home/kyuseok00/teamproj/airflow/dags/audit.py took 0.240 seconds
[2024-08-27T11:04:28.178+0900] {processor.py:161} INFO - Started process (PID=21555) to work on /home/kyuseok00/teamproj/airflow/dags/audit.py
[2024-08-27T11:04:28.180+0900] {processor.py:830} INFO - Processing file /home/kyuseok00/teamproj/airflow/dags/audit.py for tasks to queue
[2024-08-27T11:04:28.182+0900] {logging_mixin.py:188} INFO - [2024-08-27T11:04:28.181+0900] {dagbag.py:545} INFO - Filling up the DagBag from /home/kyuseok00/teamproj/airflow/dags/audit.py
[2024-08-27T11:04:28.222+0900] {processor.py:840} INFO - DAG(s) 'data_for_audit' retrieved from /home/kyuseok00/teamproj/airflow/dags/audit.py
[2024-08-27T11:04:28.243+0900] {logging_mixin.py:188} INFO - [2024-08-27T11:04:28.243+0900] {dag.py:3089} INFO - Sync 1 DAGs
[2024-08-27T11:04:28.352+0900] {logging_mixin.py:188} INFO - [2024-08-27T11:04:28.351+0900] {dag.py:3947} INFO - Setting next_dagrun for data_for_audit to 2024-08-27 02:00:00+00:00, run_after=2024-08-27 03:00:00+00:00
[2024-08-27T11:04:28.375+0900] {processor.py:183} INFO - Processing /home/kyuseok00/teamproj/airflow/dags/audit.py took 0.203 seconds
[2024-08-27T11:04:59.507+0900] {processor.py:161} INFO - Started process (PID=21557) to work on /home/kyuseok00/teamproj/airflow/dags/audit.py
[2024-08-27T11:04:59.509+0900] {processor.py:830} INFO - Processing file /home/kyuseok00/teamproj/airflow/dags/audit.py for tasks to queue
[2024-08-27T11:04:59.511+0900] {logging_mixin.py:188} INFO - [2024-08-27T11:04:59.511+0900] {dagbag.py:545} INFO - Filling up the DagBag from /home/kyuseok00/teamproj/airflow/dags/audit.py
[2024-08-27T11:04:59.560+0900] {processor.py:840} INFO - DAG(s) 'data_for_audit' retrieved from /home/kyuseok00/teamproj/airflow/dags/audit.py
[2024-08-27T11:04:59.676+0900] {logging_mixin.py:188} INFO - [2024-08-27T11:04:59.676+0900] {dag.py:3089} INFO - Sync 1 DAGs
[2024-08-27T11:04:59.697+0900] {logging_mixin.py:188} INFO - [2024-08-27T11:04:59.696+0900] {dag.py:3947} INFO - Setting next_dagrun for data_for_audit to 2024-08-27 02:00:00+00:00, run_after=2024-08-27 03:00:00+00:00
[2024-08-27T11:04:59.721+0900] {processor.py:183} INFO - Processing /home/kyuseok00/teamproj/airflow/dags/audit.py took 0.221 seconds
[2024-08-27T11:05:29.833+0900] {processor.py:161} INFO - Started process (PID=21723) to work on /home/kyuseok00/teamproj/airflow/dags/audit.py
[2024-08-27T11:05:29.836+0900] {processor.py:830} INFO - Processing file /home/kyuseok00/teamproj/airflow/dags/audit.py for tasks to queue
[2024-08-27T11:05:29.840+0900] {logging_mixin.py:188} INFO - [2024-08-27T11:05:29.840+0900] {dagbag.py:545} INFO - Filling up the DagBag from /home/kyuseok00/teamproj/airflow/dags/audit.py
[2024-08-27T11:05:29.916+0900] {processor.py:840} INFO - DAG(s) 'data_for_audit' retrieved from /home/kyuseok00/teamproj/airflow/dags/audit.py
[2024-08-27T11:05:30.087+0900] {logging_mixin.py:188} INFO - [2024-08-27T11:05:30.086+0900] {dag.py:3089} INFO - Sync 1 DAGs
[2024-08-27T11:05:30.108+0900] {logging_mixin.py:188} INFO - [2024-08-27T11:05:30.108+0900] {dag.py:3947} INFO - Setting next_dagrun for data_for_audit to 2024-08-27 02:00:00+00:00, run_after=2024-08-27 03:00:00+00:00
[2024-08-27T11:05:30.130+0900] {processor.py:183} INFO - Processing /home/kyuseok00/teamproj/airflow/dags/audit.py took 0.312 seconds
[2024-08-27T11:06:00.668+0900] {processor.py:161} INFO - Started process (PID=22423) to work on /home/kyuseok00/teamproj/airflow/dags/audit.py
[2024-08-27T11:06:00.670+0900] {processor.py:830} INFO - Processing file /home/kyuseok00/teamproj/airflow/dags/audit.py for tasks to queue
[2024-08-27T11:06:00.672+0900] {logging_mixin.py:188} INFO - [2024-08-27T11:06:00.671+0900] {dagbag.py:545} INFO - Filling up the DagBag from /home/kyuseok00/teamproj/airflow/dags/audit.py
[2024-08-27T11:06:00.814+0900] {processor.py:840} INFO - DAG(s) 'data_for_audit' retrieved from /home/kyuseok00/teamproj/airflow/dags/audit.py
[2024-08-27T11:06:00.832+0900] {logging_mixin.py:188} INFO - [2024-08-27T11:06:00.832+0900] {dag.py:3089} INFO - Sync 1 DAGs
[2024-08-27T11:06:00.850+0900] {logging_mixin.py:188} INFO - [2024-08-27T11:06:00.850+0900] {dag.py:3947} INFO - Setting next_dagrun for data_for_audit to 2024-08-27 02:00:00+00:00, run_after=2024-08-27 03:00:00+00:00
[2024-08-27T11:06:00.872+0900] {processor.py:183} INFO - Processing /home/kyuseok00/teamproj/airflow/dags/audit.py took 0.218 seconds
[2024-08-27T11:06:31.079+0900] {processor.py:161} INFO - Started process (PID=22426) to work on /home/kyuseok00/teamproj/airflow/dags/audit.py
[2024-08-27T11:06:31.080+0900] {processor.py:830} INFO - Processing file /home/kyuseok00/teamproj/airflow/dags/audit.py for tasks to queue
[2024-08-27T11:06:31.083+0900] {logging_mixin.py:188} INFO - [2024-08-27T11:06:31.082+0900] {dagbag.py:545} INFO - Filling up the DagBag from /home/kyuseok00/teamproj/airflow/dags/audit.py
[2024-08-27T11:06:31.222+0900] {processor.py:840} INFO - DAG(s) 'data_for_audit' retrieved from /home/kyuseok00/teamproj/airflow/dags/audit.py
[2024-08-27T11:06:31.238+0900] {logging_mixin.py:188} INFO - [2024-08-27T11:06:31.238+0900] {dag.py:3089} INFO - Sync 1 DAGs
[2024-08-27T11:06:31.255+0900] {logging_mixin.py:188} INFO - [2024-08-27T11:06:31.255+0900] {dag.py:3947} INFO - Setting next_dagrun for data_for_audit to 2024-08-27 02:00:00+00:00, run_after=2024-08-27 03:00:00+00:00
[2024-08-27T11:06:31.275+0900] {processor.py:183} INFO - Processing /home/kyuseok00/teamproj/airflow/dags/audit.py took 0.209 seconds
[2024-08-27T11:07:01.499+0900] {processor.py:161} INFO - Started process (PID=22428) to work on /home/kyuseok00/teamproj/airflow/dags/audit.py
[2024-08-27T11:07:01.502+0900] {processor.py:830} INFO - Processing file /home/kyuseok00/teamproj/airflow/dags/audit.py for tasks to queue
[2024-08-27T11:07:01.505+0900] {logging_mixin.py:188} INFO - [2024-08-27T11:07:01.505+0900] {dagbag.py:545} INFO - Filling up the DagBag from /home/kyuseok00/teamproj/airflow/dags/audit.py
[2024-08-27T11:07:01.651+0900] {processor.py:840} INFO - DAG(s) 'data_for_audit' retrieved from /home/kyuseok00/teamproj/airflow/dags/audit.py
[2024-08-27T11:07:01.666+0900] {logging_mixin.py:188} INFO - [2024-08-27T11:07:01.666+0900] {dag.py:3089} INFO - Sync 1 DAGs
[2024-08-27T11:07:01.683+0900] {logging_mixin.py:188} INFO - [2024-08-27T11:07:01.683+0900] {dag.py:3947} INFO - Setting next_dagrun for data_for_audit to 2024-08-27 02:00:00+00:00, run_after=2024-08-27 03:00:00+00:00
[2024-08-27T11:07:01.708+0900] {processor.py:183} INFO - Processing /home/kyuseok00/teamproj/airflow/dags/audit.py took 0.221 seconds
[2024-08-27T11:07:31.916+0900] {processor.py:161} INFO - Started process (PID=22430) to work on /home/kyuseok00/teamproj/airflow/dags/audit.py
[2024-08-27T11:07:31.918+0900] {processor.py:830} INFO - Processing file /home/kyuseok00/teamproj/airflow/dags/audit.py for tasks to queue
[2024-08-27T11:07:31.921+0900] {logging_mixin.py:188} INFO - [2024-08-27T11:07:31.920+0900] {dagbag.py:545} INFO - Filling up the DagBag from /home/kyuseok00/teamproj/airflow/dags/audit.py
[2024-08-27T11:07:32.067+0900] {processor.py:840} INFO - DAG(s) 'data_for_audit' retrieved from /home/kyuseok00/teamproj/airflow/dags/audit.py
[2024-08-27T11:07:32.083+0900] {logging_mixin.py:188} INFO - [2024-08-27T11:07:32.082+0900] {dag.py:3089} INFO - Sync 1 DAGs
[2024-08-27T11:07:32.101+0900] {logging_mixin.py:188} INFO - [2024-08-27T11:07:32.100+0900] {dag.py:3947} INFO - Setting next_dagrun for data_for_audit to 2024-08-27 02:00:00+00:00, run_after=2024-08-27 03:00:00+00:00
[2024-08-27T11:07:32.122+0900] {processor.py:183} INFO - Processing /home/kyuseok00/teamproj/airflow/dags/audit.py took 0.220 seconds
[2024-08-27T11:08:02.304+0900] {processor.py:161} INFO - Started process (PID=22529) to work on /home/kyuseok00/teamproj/airflow/dags/audit.py
[2024-08-27T11:08:02.313+0900] {processor.py:830} INFO - Processing file /home/kyuseok00/teamproj/airflow/dags/audit.py for tasks to queue
[2024-08-27T11:08:02.315+0900] {logging_mixin.py:188} INFO - [2024-08-27T11:08:02.315+0900] {dagbag.py:545} INFO - Filling up the DagBag from /home/kyuseok00/teamproj/airflow/dags/audit.py
[2024-08-27T11:08:02.442+0900] {processor.py:840} INFO - DAG(s) 'data_for_audit' retrieved from /home/kyuseok00/teamproj/airflow/dags/audit.py
[2024-08-27T11:08:02.456+0900] {logging_mixin.py:188} INFO - [2024-08-27T11:08:02.456+0900] {dag.py:3089} INFO - Sync 1 DAGs
[2024-08-27T11:08:02.473+0900] {logging_mixin.py:188} INFO - [2024-08-27T11:08:02.473+0900] {dag.py:3947} INFO - Setting next_dagrun for data_for_audit to 2024-08-27 02:00:00+00:00, run_after=2024-08-27 03:00:00+00:00
[2024-08-27T11:08:02.492+0900] {processor.py:183} INFO - Processing /home/kyuseok00/teamproj/airflow/dags/audit.py took 0.197 seconds
[2024-08-27T11:08:32.693+0900] {processor.py:161} INFO - Started process (PID=22531) to work on /home/kyuseok00/teamproj/airflow/dags/audit.py
[2024-08-27T11:08:32.694+0900] {processor.py:830} INFO - Processing file /home/kyuseok00/teamproj/airflow/dags/audit.py for tasks to queue
[2024-08-27T11:08:32.697+0900] {logging_mixin.py:188} INFO - [2024-08-27T11:08:32.697+0900] {dagbag.py:545} INFO - Filling up the DagBag from /home/kyuseok00/teamproj/airflow/dags/audit.py
[2024-08-27T11:08:32.846+0900] {processor.py:840} INFO - DAG(s) 'data_for_audit' retrieved from /home/kyuseok00/teamproj/airflow/dags/audit.py
[2024-08-27T11:08:32.862+0900] {logging_mixin.py:188} INFO - [2024-08-27T11:08:32.861+0900] {dag.py:3089} INFO - Sync 1 DAGs
[2024-08-27T11:08:32.880+0900] {logging_mixin.py:188} INFO - [2024-08-27T11:08:32.880+0900] {dag.py:3947} INFO - Setting next_dagrun for data_for_audit to 2024-08-27 02:00:00+00:00, run_after=2024-08-27 03:00:00+00:00
[2024-08-27T11:08:32.900+0900] {processor.py:183} INFO - Processing /home/kyuseok00/teamproj/airflow/dags/audit.py took 0.216 seconds
[2024-08-27T11:09:03.105+0900] {processor.py:161} INFO - Started process (PID=22533) to work on /home/kyuseok00/teamproj/airflow/dags/audit.py
[2024-08-27T11:09:03.109+0900] {processor.py:830} INFO - Processing file /home/kyuseok00/teamproj/airflow/dags/audit.py for tasks to queue
[2024-08-27T11:09:03.111+0900] {logging_mixin.py:188} INFO - [2024-08-27T11:09:03.111+0900] {dagbag.py:545} INFO - Filling up the DagBag from /home/kyuseok00/teamproj/airflow/dags/audit.py
[2024-08-27T11:09:03.260+0900] {processor.py:840} INFO - DAG(s) 'data_for_audit' retrieved from /home/kyuseok00/teamproj/airflow/dags/audit.py
[2024-08-27T11:09:03.278+0900] {logging_mixin.py:188} INFO - [2024-08-27T11:09:03.278+0900] {dag.py:3089} INFO - Sync 1 DAGs
[2024-08-27T11:09:03.296+0900] {logging_mixin.py:188} INFO - [2024-08-27T11:09:03.296+0900] {dag.py:3947} INFO - Setting next_dagrun for data_for_audit to 2024-08-27 02:00:00+00:00, run_after=2024-08-27 03:00:00+00:00
[2024-08-27T11:09:03.317+0900] {processor.py:183} INFO - Processing /home/kyuseok00/teamproj/airflow/dags/audit.py took 0.222 seconds
[2024-08-27T11:09:33.517+0900] {processor.py:161} INFO - Started process (PID=22535) to work on /home/kyuseok00/teamproj/airflow/dags/audit.py
[2024-08-27T11:09:33.519+0900] {processor.py:830} INFO - Processing file /home/kyuseok00/teamproj/airflow/dags/audit.py for tasks to queue
[2024-08-27T11:09:33.521+0900] {logging_mixin.py:188} INFO - [2024-08-27T11:09:33.521+0900] {dagbag.py:545} INFO - Filling up the DagBag from /home/kyuseok00/teamproj/airflow/dags/audit.py
[2024-08-27T11:09:33.668+0900] {processor.py:840} INFO - DAG(s) 'data_for_audit' retrieved from /home/kyuseok00/teamproj/airflow/dags/audit.py
[2024-08-27T11:09:33.683+0900] {logging_mixin.py:188} INFO - [2024-08-27T11:09:33.683+0900] {dag.py:3089} INFO - Sync 1 DAGs
[2024-08-27T11:09:33.700+0900] {logging_mixin.py:188} INFO - [2024-08-27T11:09:33.700+0900] {dag.py:3947} INFO - Setting next_dagrun for data_for_audit to 2024-08-27 02:00:00+00:00, run_after=2024-08-27 03:00:00+00:00
[2024-08-27T11:09:33.723+0900] {processor.py:183} INFO - Processing /home/kyuseok00/teamproj/airflow/dags/audit.py took 0.218 seconds
[2024-08-27T11:10:03.890+0900] {processor.py:161} INFO - Started process (PID=22540) to work on /home/kyuseok00/teamproj/airflow/dags/audit.py
[2024-08-27T11:10:03.891+0900] {processor.py:830} INFO - Processing file /home/kyuseok00/teamproj/airflow/dags/audit.py for tasks to queue
[2024-08-27T11:10:03.893+0900] {logging_mixin.py:188} INFO - [2024-08-27T11:10:03.893+0900] {dagbag.py:545} INFO - Filling up the DagBag from /home/kyuseok00/teamproj/airflow/dags/audit.py
[2024-08-27T11:10:03.943+0900] {processor.py:840} INFO - DAG(s) 'data_for_audit' retrieved from /home/kyuseok00/teamproj/airflow/dags/audit.py
[2024-08-27T11:10:03.963+0900] {logging_mixin.py:188} INFO - [2024-08-27T11:10:03.963+0900] {dag.py:3089} INFO - Sync 1 DAGs
[2024-08-27T11:10:03.984+0900] {logging_mixin.py:188} INFO - [2024-08-27T11:10:03.984+0900] {dag.py:3947} INFO - Setting next_dagrun for data_for_audit to 2024-08-27 02:00:00+00:00, run_after=2024-08-27 03:00:00+00:00
[2024-08-27T11:10:04.008+0900] {processor.py:183} INFO - Processing /home/kyuseok00/teamproj/airflow/dags/audit.py took 0.125 seconds
[2024-08-27T11:10:34.192+0900] {processor.py:161} INFO - Started process (PID=22542) to work on /home/kyuseok00/teamproj/airflow/dags/audit.py
[2024-08-27T11:10:34.193+0900] {processor.py:830} INFO - Processing file /home/kyuseok00/teamproj/airflow/dags/audit.py for tasks to queue
[2024-08-27T11:10:34.195+0900] {logging_mixin.py:188} INFO - [2024-08-27T11:10:34.195+0900] {dagbag.py:545} INFO - Filling up the DagBag from /home/kyuseok00/teamproj/airflow/dags/audit.py
[2024-08-27T11:10:34.254+0900] {processor.py:840} INFO - DAG(s) 'data_for_audit' retrieved from /home/kyuseok00/teamproj/airflow/dags/audit.py
[2024-08-27T11:10:34.280+0900] {logging_mixin.py:188} INFO - [2024-08-27T11:10:34.279+0900] {dag.py:3089} INFO - Sync 1 DAGs
[2024-08-27T11:10:34.301+0900] {logging_mixin.py:188} INFO - [2024-08-27T11:10:34.301+0900] {dag.py:3947} INFO - Setting next_dagrun for data_for_audit to 2024-08-27 02:00:00+00:00, run_after=2024-08-27 03:00:00+00:00
[2024-08-27T11:10:34.327+0900] {processor.py:183} INFO - Processing /home/kyuseok00/teamproj/airflow/dags/audit.py took 0.147 seconds
[2024-08-27T11:11:04.504+0900] {processor.py:161} INFO - Started process (PID=22544) to work on /home/kyuseok00/teamproj/airflow/dags/audit.py
[2024-08-27T11:11:04.507+0900] {processor.py:830} INFO - Processing file /home/kyuseok00/teamproj/airflow/dags/audit.py for tasks to queue
[2024-08-27T11:11:04.510+0900] {logging_mixin.py:188} INFO - [2024-08-27T11:11:04.509+0900] {dagbag.py:545} INFO - Filling up the DagBag from /home/kyuseok00/teamproj/airflow/dags/audit.py
[2024-08-27T11:11:04.563+0900] {processor.py:840} INFO - DAG(s) 'data_for_audit' retrieved from /home/kyuseok00/teamproj/airflow/dags/audit.py
[2024-08-27T11:11:04.582+0900] {logging_mixin.py:188} INFO - [2024-08-27T11:11:04.582+0900] {dag.py:3089} INFO - Sync 1 DAGs
[2024-08-27T11:11:04.603+0900] {logging_mixin.py:188} INFO - [2024-08-27T11:11:04.603+0900] {dag.py:3947} INFO - Setting next_dagrun for data_for_audit to 2024-08-27 02:00:00+00:00, run_after=2024-08-27 03:00:00+00:00
[2024-08-27T11:11:04.627+0900] {processor.py:183} INFO - Processing /home/kyuseok00/teamproj/airflow/dags/audit.py took 0.134 seconds
[2024-08-27T11:11:34.819+0900] {processor.py:161} INFO - Started process (PID=22643) to work on /home/kyuseok00/teamproj/airflow/dags/audit.py
[2024-08-27T11:11:34.820+0900] {processor.py:830} INFO - Processing file /home/kyuseok00/teamproj/airflow/dags/audit.py for tasks to queue
[2024-08-27T11:11:34.822+0900] {logging_mixin.py:188} INFO - [2024-08-27T11:11:34.822+0900] {dagbag.py:545} INFO - Filling up the DagBag from /home/kyuseok00/teamproj/airflow/dags/audit.py
[2024-08-27T11:11:34.874+0900] {processor.py:840} INFO - DAG(s) 'data_for_audit' retrieved from /home/kyuseok00/teamproj/airflow/dags/audit.py
[2024-08-27T11:11:34.892+0900] {logging_mixin.py:188} INFO - [2024-08-27T11:11:34.892+0900] {dag.py:3089} INFO - Sync 1 DAGs
[2024-08-27T11:11:34.913+0900] {logging_mixin.py:188} INFO - [2024-08-27T11:11:34.913+0900] {dag.py:3947} INFO - Setting next_dagrun for data_for_audit to 2024-08-27 02:00:00+00:00, run_after=2024-08-27 03:00:00+00:00
[2024-08-27T11:11:34.934+0900] {processor.py:183} INFO - Processing /home/kyuseok00/teamproj/airflow/dags/audit.py took 0.125 seconds
[2024-08-27T11:12:05.099+0900] {processor.py:161} INFO - Started process (PID=22645) to work on /home/kyuseok00/teamproj/airflow/dags/audit.py
[2024-08-27T11:12:05.101+0900] {processor.py:830} INFO - Processing file /home/kyuseok00/teamproj/airflow/dags/audit.py for tasks to queue
[2024-08-27T11:12:05.102+0900] {logging_mixin.py:188} INFO - [2024-08-27T11:12:05.102+0900] {dagbag.py:545} INFO - Filling up the DagBag from /home/kyuseok00/teamproj/airflow/dags/audit.py
[2024-08-27T11:12:05.168+0900] {processor.py:840} INFO - DAG(s) 'data_for_audit' retrieved from /home/kyuseok00/teamproj/airflow/dags/audit.py
[2024-08-27T11:12:05.198+0900] {logging_mixin.py:188} INFO - [2024-08-27T11:12:05.198+0900] {dag.py:3089} INFO - Sync 1 DAGs
[2024-08-27T11:12:05.231+0900] {logging_mixin.py:188} INFO - [2024-08-27T11:12:05.231+0900] {dag.py:3947} INFO - Setting next_dagrun for data_for_audit to 2024-08-27 02:00:00+00:00, run_after=2024-08-27 03:00:00+00:00
[2024-08-27T11:12:05.261+0900] {processor.py:183} INFO - Processing /home/kyuseok00/teamproj/airflow/dags/audit.py took 0.172 seconds
[2024-08-27T11:12:35.411+0900] {processor.py:161} INFO - Started process (PID=22647) to work on /home/kyuseok00/teamproj/airflow/dags/audit.py
[2024-08-27T11:12:35.412+0900] {processor.py:830} INFO - Processing file /home/kyuseok00/teamproj/airflow/dags/audit.py for tasks to queue
[2024-08-27T11:12:35.414+0900] {logging_mixin.py:188} INFO - [2024-08-27T11:12:35.413+0900] {dagbag.py:545} INFO - Filling up the DagBag from /home/kyuseok00/teamproj/airflow/dags/audit.py
[2024-08-27T11:12:35.467+0900] {processor.py:840} INFO - DAG(s) 'data_for_audit' retrieved from /home/kyuseok00/teamproj/airflow/dags/audit.py
[2024-08-27T11:12:35.489+0900] {logging_mixin.py:188} INFO - [2024-08-27T11:12:35.488+0900] {dag.py:3089} INFO - Sync 1 DAGs
[2024-08-27T11:12:35.509+0900] {logging_mixin.py:188} INFO - [2024-08-27T11:12:35.509+0900] {dag.py:3947} INFO - Setting next_dagrun for data_for_audit to 2024-08-27 02:00:00+00:00, run_after=2024-08-27 03:00:00+00:00
[2024-08-27T11:12:35.535+0900] {processor.py:183} INFO - Processing /home/kyuseok00/teamproj/airflow/dags/audit.py took 0.135 seconds
[2024-08-27T11:13:05.727+0900] {processor.py:161} INFO - Started process (PID=22649) to work on /home/kyuseok00/teamproj/airflow/dags/audit.py
[2024-08-27T11:13:05.737+0900] {processor.py:830} INFO - Processing file /home/kyuseok00/teamproj/airflow/dags/audit.py for tasks to queue
[2024-08-27T11:13:05.741+0900] {logging_mixin.py:188} INFO - [2024-08-27T11:13:05.740+0900] {dagbag.py:545} INFO - Filling up the DagBag from /home/kyuseok00/teamproj/airflow/dags/audit.py
[2024-08-27T11:13:05.797+0900] {processor.py:840} INFO - DAG(s) 'data_for_audit' retrieved from /home/kyuseok00/teamproj/airflow/dags/audit.py
[2024-08-27T11:13:05.817+0900] {logging_mixin.py:188} INFO - [2024-08-27T11:13:05.817+0900] {dag.py:3089} INFO - Sync 1 DAGs
[2024-08-27T11:13:05.837+0900] {logging_mixin.py:188} INFO - [2024-08-27T11:13:05.836+0900] {dag.py:3947} INFO - Setting next_dagrun for data_for_audit to 2024-08-27 02:00:00+00:00, run_after=2024-08-27 03:00:00+00:00
[2024-08-27T11:13:05.866+0900] {processor.py:183} INFO - Processing /home/kyuseok00/teamproj/airflow/dags/audit.py took 0.154 seconds
[2024-08-27T11:13:35.993+0900] {processor.py:161} INFO - Started process (PID=22651) to work on /home/kyuseok00/teamproj/airflow/dags/audit.py
[2024-08-27T11:13:35.994+0900] {processor.py:830} INFO - Processing file /home/kyuseok00/teamproj/airflow/dags/audit.py for tasks to queue
[2024-08-27T11:13:35.996+0900] {logging_mixin.py:188} INFO - [2024-08-27T11:13:35.995+0900] {dagbag.py:545} INFO - Filling up the DagBag from /home/kyuseok00/teamproj/airflow/dags/audit.py
[2024-08-27T11:13:36.050+0900] {processor.py:840} INFO - DAG(s) 'data_for_audit' retrieved from /home/kyuseok00/teamproj/airflow/dags/audit.py
[2024-08-27T11:13:36.073+0900] {logging_mixin.py:188} INFO - [2024-08-27T11:13:36.072+0900] {dag.py:3089} INFO - Sync 1 DAGs
[2024-08-27T11:13:36.094+0900] {logging_mixin.py:188} INFO - [2024-08-27T11:13:36.094+0900] {dag.py:3947} INFO - Setting next_dagrun for data_for_audit to 2024-08-27 02:00:00+00:00, run_after=2024-08-27 03:00:00+00:00
[2024-08-27T11:13:36.124+0900] {processor.py:183} INFO - Processing /home/kyuseok00/teamproj/airflow/dags/audit.py took 0.138 seconds
[2024-08-27T11:14:06.276+0900] {processor.py:161} INFO - Started process (PID=22653) to work on /home/kyuseok00/teamproj/airflow/dags/audit.py
[2024-08-27T11:14:06.285+0900] {processor.py:830} INFO - Processing file /home/kyuseok00/teamproj/airflow/dags/audit.py for tasks to queue
[2024-08-27T11:14:06.287+0900] {logging_mixin.py:188} INFO - [2024-08-27T11:14:06.286+0900] {dagbag.py:545} INFO - Filling up the DagBag from /home/kyuseok00/teamproj/airflow/dags/audit.py
[2024-08-27T11:14:06.339+0900] {processor.py:840} INFO - DAG(s) 'data_for_audit' retrieved from /home/kyuseok00/teamproj/airflow/dags/audit.py
[2024-08-27T11:14:06.359+0900] {logging_mixin.py:188} INFO - [2024-08-27T11:14:06.359+0900] {dag.py:3089} INFO - Sync 1 DAGs
[2024-08-27T11:14:06.381+0900] {logging_mixin.py:188} INFO - [2024-08-27T11:14:06.380+0900] {dag.py:3947} INFO - Setting next_dagrun for data_for_audit to 2024-08-27 02:00:00+00:00, run_after=2024-08-27 03:00:00+00:00
[2024-08-27T11:14:06.405+0900] {processor.py:183} INFO - Processing /home/kyuseok00/teamproj/airflow/dags/audit.py took 0.137 seconds
[2024-08-27T11:14:36.537+0900] {processor.py:161} INFO - Started process (PID=22655) to work on /home/kyuseok00/teamproj/airflow/dags/audit.py
[2024-08-27T11:14:36.538+0900] {processor.py:830} INFO - Processing file /home/kyuseok00/teamproj/airflow/dags/audit.py for tasks to queue
[2024-08-27T11:14:36.539+0900] {logging_mixin.py:188} INFO - [2024-08-27T11:14:36.539+0900] {dagbag.py:545} INFO - Filling up the DagBag from /home/kyuseok00/teamproj/airflow/dags/audit.py
[2024-08-27T11:14:36.591+0900] {processor.py:840} INFO - DAG(s) 'data_for_audit' retrieved from /home/kyuseok00/teamproj/airflow/dags/audit.py
[2024-08-27T11:14:36.610+0900] {logging_mixin.py:188} INFO - [2024-08-27T11:14:36.610+0900] {dag.py:3089} INFO - Sync 1 DAGs
[2024-08-27T11:14:36.627+0900] {logging_mixin.py:188} INFO - [2024-08-27T11:14:36.626+0900] {dag.py:3947} INFO - Setting next_dagrun for data_for_audit to 2024-08-27 02:00:00+00:00, run_after=2024-08-27 03:00:00+00:00
[2024-08-27T11:14:36.647+0900] {processor.py:183} INFO - Processing /home/kyuseok00/teamproj/airflow/dags/audit.py took 0.116 seconds
[2024-08-27T11:15:06.846+0900] {processor.py:161} INFO - Started process (PID=22658) to work on /home/kyuseok00/teamproj/airflow/dags/audit.py
[2024-08-27T11:15:06.856+0900] {processor.py:830} INFO - Processing file /home/kyuseok00/teamproj/airflow/dags/audit.py for tasks to queue
[2024-08-27T11:15:06.858+0900] {logging_mixin.py:188} INFO - [2024-08-27T11:15:06.858+0900] {dagbag.py:545} INFO - Filling up the DagBag from /home/kyuseok00/teamproj/airflow/dags/audit.py
[2024-08-27T11:15:06.913+0900] {processor.py:840} INFO - DAG(s) 'data_for_audit' retrieved from /home/kyuseok00/teamproj/airflow/dags/audit.py
[2024-08-27T11:15:06.933+0900] {logging_mixin.py:188} INFO - [2024-08-27T11:15:06.933+0900] {dag.py:3089} INFO - Sync 1 DAGs
[2024-08-27T11:15:06.954+0900] {logging_mixin.py:188} INFO - [2024-08-27T11:15:06.954+0900] {dag.py:3947} INFO - Setting next_dagrun for data_for_audit to 2024-08-27 02:00:00+00:00, run_after=2024-08-27 03:00:00+00:00
[2024-08-27T11:15:06.985+0900] {processor.py:183} INFO - Processing /home/kyuseok00/teamproj/airflow/dags/audit.py took 0.149 seconds
[2024-08-27T11:15:37.134+0900] {processor.py:161} INFO - Started process (PID=22660) to work on /home/kyuseok00/teamproj/airflow/dags/audit.py
[2024-08-27T11:15:37.135+0900] {processor.py:830} INFO - Processing file /home/kyuseok00/teamproj/airflow/dags/audit.py for tasks to queue
[2024-08-27T11:15:37.137+0900] {logging_mixin.py:188} INFO - [2024-08-27T11:15:37.137+0900] {dagbag.py:545} INFO - Filling up the DagBag from /home/kyuseok00/teamproj/airflow/dags/audit.py
[2024-08-27T11:15:37.189+0900] {processor.py:840} INFO - DAG(s) 'data_for_audit' retrieved from /home/kyuseok00/teamproj/airflow/dags/audit.py
[2024-08-27T11:15:37.209+0900] {logging_mixin.py:188} INFO - [2024-08-27T11:15:37.208+0900] {dag.py:3089} INFO - Sync 1 DAGs
[2024-08-27T11:15:37.229+0900] {logging_mixin.py:188} INFO - [2024-08-27T11:15:37.229+0900] {dag.py:3947} INFO - Setting next_dagrun for data_for_audit to 2024-08-27 02:00:00+00:00, run_after=2024-08-27 03:00:00+00:00
[2024-08-27T11:15:37.254+0900] {processor.py:183} INFO - Processing /home/kyuseok00/teamproj/airflow/dags/audit.py took 0.128 seconds
[2024-08-27T11:16:07.460+0900] {processor.py:161} INFO - Started process (PID=22662) to work on /home/kyuseok00/teamproj/airflow/dags/audit.py
[2024-08-27T11:16:07.470+0900] {processor.py:830} INFO - Processing file /home/kyuseok00/teamproj/airflow/dags/audit.py for tasks to queue
[2024-08-27T11:16:07.473+0900] {logging_mixin.py:188} INFO - [2024-08-27T11:16:07.472+0900] {dagbag.py:545} INFO - Filling up the DagBag from /home/kyuseok00/teamproj/airflow/dags/audit.py
[2024-08-27T11:16:07.534+0900] {processor.py:840} INFO - DAG(s) 'data_for_audit' retrieved from /home/kyuseok00/teamproj/airflow/dags/audit.py
[2024-08-27T11:16:07.551+0900] {logging_mixin.py:188} INFO - [2024-08-27T11:16:07.551+0900] {dag.py:3089} INFO - Sync 1 DAGs
[2024-08-27T11:16:07.570+0900] {logging_mixin.py:188} INFO - [2024-08-27T11:16:07.569+0900] {dag.py:3947} INFO - Setting next_dagrun for data_for_audit to 2024-08-27 02:00:00+00:00, run_after=2024-08-27 03:00:00+00:00
[2024-08-27T11:16:07.593+0900] {processor.py:183} INFO - Processing /home/kyuseok00/teamproj/airflow/dags/audit.py took 0.147 seconds
[2024-08-27T11:16:37.710+0900] {processor.py:161} INFO - Started process (PID=22664) to work on /home/kyuseok00/teamproj/airflow/dags/audit.py
[2024-08-27T11:16:37.719+0900] {processor.py:830} INFO - Processing file /home/kyuseok00/teamproj/airflow/dags/audit.py for tasks to queue
[2024-08-27T11:16:37.721+0900] {logging_mixin.py:188} INFO - [2024-08-27T11:16:37.721+0900] {dagbag.py:545} INFO - Filling up the DagBag from /home/kyuseok00/teamproj/airflow/dags/audit.py
[2024-08-27T11:16:37.764+0900] {processor.py:840} INFO - DAG(s) 'data_for_audit' retrieved from /home/kyuseok00/teamproj/airflow/dags/audit.py
[2024-08-27T11:16:37.781+0900] {logging_mixin.py:188} INFO - [2024-08-27T11:16:37.781+0900] {dag.py:3089} INFO - Sync 1 DAGs
[2024-08-27T11:16:37.800+0900] {logging_mixin.py:188} INFO - [2024-08-27T11:16:37.800+0900] {dag.py:3947} INFO - Setting next_dagrun for data_for_audit to 2024-08-27 02:00:00+00:00, run_after=2024-08-27 03:00:00+00:00
[2024-08-27T11:16:37.820+0900] {processor.py:183} INFO - Processing /home/kyuseok00/teamproj/airflow/dags/audit.py took 0.115 seconds
[2024-08-27T11:17:07.976+0900] {processor.py:161} INFO - Started process (PID=22669) to work on /home/kyuseok00/teamproj/airflow/dags/audit.py
[2024-08-27T11:17:07.984+0900] {processor.py:830} INFO - Processing file /home/kyuseok00/teamproj/airflow/dags/audit.py for tasks to queue
[2024-08-27T11:17:07.986+0900] {logging_mixin.py:188} INFO - [2024-08-27T11:17:07.986+0900] {dagbag.py:545} INFO - Filling up the DagBag from /home/kyuseok00/teamproj/airflow/dags/audit.py
[2024-08-27T11:17:08.035+0900] {processor.py:840} INFO - DAG(s) 'data_for_audit' retrieved from /home/kyuseok00/teamproj/airflow/dags/audit.py
[2024-08-27T11:17:08.056+0900] {logging_mixin.py:188} INFO - [2024-08-27T11:17:08.055+0900] {dag.py:3089} INFO - Sync 1 DAGs
[2024-08-27T11:17:08.075+0900] {logging_mixin.py:188} INFO - [2024-08-27T11:17:08.075+0900] {dag.py:3947} INFO - Setting next_dagrun for data_for_audit to 2024-08-27 02:00:00+00:00, run_after=2024-08-27 03:00:00+00:00
[2024-08-27T11:17:08.099+0900] {processor.py:183} INFO - Processing /home/kyuseok00/teamproj/airflow/dags/audit.py took 0.131 seconds
[2024-08-27T11:17:38.257+0900] {processor.py:161} INFO - Started process (PID=22864) to work on /home/kyuseok00/teamproj/airflow/dags/audit.py
[2024-08-27T11:17:38.258+0900] {processor.py:830} INFO - Processing file /home/kyuseok00/teamproj/airflow/dags/audit.py for tasks to queue
[2024-08-27T11:17:38.260+0900] {logging_mixin.py:188} INFO - [2024-08-27T11:17:38.259+0900] {dagbag.py:545} INFO - Filling up the DagBag from /home/kyuseok00/teamproj/airflow/dags/audit.py
[2024-08-27T11:17:38.310+0900] {processor.py:840} INFO - DAG(s) 'data_for_audit' retrieved from /home/kyuseok00/teamproj/airflow/dags/audit.py
[2024-08-27T11:17:38.330+0900] {logging_mixin.py:188} INFO - [2024-08-27T11:17:38.330+0900] {dag.py:3089} INFO - Sync 1 DAGs
[2024-08-27T11:17:38.350+0900] {logging_mixin.py:188} INFO - [2024-08-27T11:17:38.350+0900] {dag.py:3947} INFO - Setting next_dagrun for data_for_audit to 2024-08-27 02:00:00+00:00, run_after=2024-08-27 03:00:00+00:00
[2024-08-27T11:17:38.374+0900] {processor.py:183} INFO - Processing /home/kyuseok00/teamproj/airflow/dags/audit.py took 0.124 seconds
[2024-08-27T11:18:08.572+0900] {processor.py:161} INFO - Started process (PID=23452) to work on /home/kyuseok00/teamproj/airflow/dags/audit.py
[2024-08-27T11:18:08.581+0900] {processor.py:830} INFO - Processing file /home/kyuseok00/teamproj/airflow/dags/audit.py for tasks to queue
[2024-08-27T11:18:08.583+0900] {logging_mixin.py:188} INFO - [2024-08-27T11:18:08.583+0900] {dagbag.py:545} INFO - Filling up the DagBag from /home/kyuseok00/teamproj/airflow/dags/audit.py
[2024-08-27T11:18:08.636+0900] {processor.py:840} INFO - DAG(s) 'data_for_audit' retrieved from /home/kyuseok00/teamproj/airflow/dags/audit.py
[2024-08-27T11:18:08.656+0900] {logging_mixin.py:188} INFO - [2024-08-27T11:18:08.656+0900] {dag.py:3089} INFO - Sync 1 DAGs
[2024-08-27T11:18:08.676+0900] {logging_mixin.py:188} INFO - [2024-08-27T11:18:08.676+0900] {dag.py:3947} INFO - Setting next_dagrun for data_for_audit to 2024-08-27 02:00:00+00:00, run_after=2024-08-27 03:00:00+00:00
[2024-08-27T11:18:08.698+0900] {processor.py:183} INFO - Processing /home/kyuseok00/teamproj/airflow/dags/audit.py took 0.138 seconds
[2024-08-27T11:18:38.908+0900] {processor.py:161} INFO - Started process (PID=23654) to work on /home/kyuseok00/teamproj/airflow/dags/audit.py
[2024-08-27T11:18:38.918+0900] {processor.py:830} INFO - Processing file /home/kyuseok00/teamproj/airflow/dags/audit.py for tasks to queue
[2024-08-27T11:18:38.920+0900] {logging_mixin.py:188} INFO - [2024-08-27T11:18:38.919+0900] {dagbag.py:545} INFO - Filling up the DagBag from /home/kyuseok00/teamproj/airflow/dags/audit.py
[2024-08-27T11:18:38.976+0900] {processor.py:840} INFO - DAG(s) 'data_for_audit' retrieved from /home/kyuseok00/teamproj/airflow/dags/audit.py
[2024-08-27T11:18:38.996+0900] {logging_mixin.py:188} INFO - [2024-08-27T11:18:38.996+0900] {dag.py:3089} INFO - Sync 1 DAGs
[2024-08-27T11:18:39.016+0900] {logging_mixin.py:188} INFO - [2024-08-27T11:18:39.016+0900] {dag.py:3947} INFO - Setting next_dagrun for data_for_audit to 2024-08-27 02:00:00+00:00, run_after=2024-08-27 03:00:00+00:00
[2024-08-27T11:18:39.041+0900] {processor.py:183} INFO - Processing /home/kyuseok00/teamproj/airflow/dags/audit.py took 0.148 seconds
[2024-08-27T11:19:09.176+0900] {processor.py:161} INFO - Started process (PID=23656) to work on /home/kyuseok00/teamproj/airflow/dags/audit.py
[2024-08-27T11:19:09.185+0900] {processor.py:830} INFO - Processing file /home/kyuseok00/teamproj/airflow/dags/audit.py for tasks to queue
[2024-08-27T11:19:09.187+0900] {logging_mixin.py:188} INFO - [2024-08-27T11:19:09.187+0900] {dagbag.py:545} INFO - Filling up the DagBag from /home/kyuseok00/teamproj/airflow/dags/audit.py
[2024-08-27T11:19:09.239+0900] {processor.py:840} INFO - DAG(s) 'data_for_audit' retrieved from /home/kyuseok00/teamproj/airflow/dags/audit.py
[2024-08-27T11:19:09.259+0900] {logging_mixin.py:188} INFO - [2024-08-27T11:19:09.258+0900] {dag.py:3089} INFO - Sync 1 DAGs
[2024-08-27T11:19:09.278+0900] {logging_mixin.py:188} INFO - [2024-08-27T11:19:09.278+0900] {dag.py:3947} INFO - Setting next_dagrun for data_for_audit to 2024-08-27 02:00:00+00:00, run_after=2024-08-27 03:00:00+00:00
[2024-08-27T11:19:09.304+0900] {processor.py:183} INFO - Processing /home/kyuseok00/teamproj/airflow/dags/audit.py took 0.136 seconds
[2024-08-27T11:19:39.486+0900] {processor.py:161} INFO - Started process (PID=23659) to work on /home/kyuseok00/teamproj/airflow/dags/audit.py
[2024-08-27T11:19:39.496+0900] {processor.py:830} INFO - Processing file /home/kyuseok00/teamproj/airflow/dags/audit.py for tasks to queue
[2024-08-27T11:19:39.499+0900] {logging_mixin.py:188} INFO - [2024-08-27T11:19:39.498+0900] {dagbag.py:545} INFO - Filling up the DagBag from /home/kyuseok00/teamproj/airflow/dags/audit.py
[2024-08-27T11:19:39.548+0900] {processor.py:840} INFO - DAG(s) 'data_for_audit' retrieved from /home/kyuseok00/teamproj/airflow/dags/audit.py
[2024-08-27T11:19:39.568+0900] {logging_mixin.py:188} INFO - [2024-08-27T11:19:39.568+0900] {dag.py:3089} INFO - Sync 1 DAGs
[2024-08-27T11:19:39.589+0900] {logging_mixin.py:188} INFO - [2024-08-27T11:19:39.589+0900] {dag.py:3947} INFO - Setting next_dagrun for data_for_audit to 2024-08-27 02:00:00+00:00, run_after=2024-08-27 03:00:00+00:00
[2024-08-27T11:19:39.613+0900] {processor.py:183} INFO - Processing /home/kyuseok00/teamproj/airflow/dags/audit.py took 0.135 seconds
[2024-08-27T11:20:09.796+0900] {processor.py:161} INFO - Started process (PID=24007) to work on /home/kyuseok00/teamproj/airflow/dags/audit.py
[2024-08-27T11:20:09.806+0900] {processor.py:830} INFO - Processing file /home/kyuseok00/teamproj/airflow/dags/audit.py for tasks to queue
[2024-08-27T11:20:09.809+0900] {logging_mixin.py:188} INFO - [2024-08-27T11:20:09.808+0900] {dagbag.py:545} INFO - Filling up the DagBag from /home/kyuseok00/teamproj/airflow/dags/audit.py
[2024-08-27T11:20:09.864+0900] {processor.py:840} INFO - DAG(s) 'data_for_audit' retrieved from /home/kyuseok00/teamproj/airflow/dags/audit.py
[2024-08-27T11:20:09.886+0900] {logging_mixin.py:188} INFO - [2024-08-27T11:20:09.886+0900] {dag.py:3089} INFO - Sync 1 DAGs
[2024-08-27T11:20:09.909+0900] {logging_mixin.py:188} INFO - [2024-08-27T11:20:09.909+0900] {dag.py:3947} INFO - Setting next_dagrun for data_for_audit to 2024-08-27 02:00:00+00:00, run_after=2024-08-27 03:00:00+00:00
[2024-08-27T11:20:09.933+0900] {processor.py:183} INFO - Processing /home/kyuseok00/teamproj/airflow/dags/audit.py took 0.150 seconds
[2024-08-27T11:20:40.101+0900] {processor.py:161} INFO - Started process (PID=24203) to work on /home/kyuseok00/teamproj/airflow/dags/audit.py
[2024-08-27T11:20:40.102+0900] {processor.py:830} INFO - Processing file /home/kyuseok00/teamproj/airflow/dags/audit.py for tasks to queue
[2024-08-27T11:20:40.105+0900] {logging_mixin.py:188} INFO - [2024-08-27T11:20:40.104+0900] {dagbag.py:545} INFO - Filling up the DagBag from /home/kyuseok00/teamproj/airflow/dags/audit.py
[2024-08-27T11:20:40.161+0900] {processor.py:840} INFO - DAG(s) 'data_for_audit' retrieved from /home/kyuseok00/teamproj/airflow/dags/audit.py
[2024-08-27T11:20:40.178+0900] {logging_mixin.py:188} INFO - [2024-08-27T11:20:40.177+0900] {dag.py:3089} INFO - Sync 1 DAGs
[2024-08-27T11:20:40.198+0900] {logging_mixin.py:188} INFO - [2024-08-27T11:20:40.198+0900] {dag.py:3947} INFO - Setting next_dagrun for data_for_audit to 2024-08-27 02:00:00+00:00, run_after=2024-08-27 03:00:00+00:00
[2024-08-27T11:20:40.222+0900] {processor.py:183} INFO - Processing /home/kyuseok00/teamproj/airflow/dags/audit.py took 0.135 seconds
[2024-08-27T11:21:10.369+0900] {processor.py:161} INFO - Started process (PID=24205) to work on /home/kyuseok00/teamproj/airflow/dags/audit.py
[2024-08-27T11:21:10.378+0900] {processor.py:830} INFO - Processing file /home/kyuseok00/teamproj/airflow/dags/audit.py for tasks to queue
[2024-08-27T11:21:10.379+0900] {logging_mixin.py:188} INFO - [2024-08-27T11:21:10.379+0900] {dagbag.py:545} INFO - Filling up the DagBag from /home/kyuseok00/teamproj/airflow/dags/audit.py
[2024-08-27T11:21:10.426+0900] {processor.py:840} INFO - DAG(s) 'data_for_audit' retrieved from /home/kyuseok00/teamproj/airflow/dags/audit.py
[2024-08-27T11:21:10.443+0900] {logging_mixin.py:188} INFO - [2024-08-27T11:21:10.443+0900] {dag.py:3089} INFO - Sync 1 DAGs
[2024-08-27T11:21:10.464+0900] {logging_mixin.py:188} INFO - [2024-08-27T11:21:10.464+0900] {dag.py:3947} INFO - Setting next_dagrun for data_for_audit to 2024-08-27 02:00:00+00:00, run_after=2024-08-27 03:00:00+00:00
[2024-08-27T11:21:10.484+0900] {processor.py:183} INFO - Processing /home/kyuseok00/teamproj/airflow/dags/audit.py took 0.120 seconds
[2024-08-27T11:21:40.688+0900] {processor.py:161} INFO - Started process (PID=24207) to work on /home/kyuseok00/teamproj/airflow/dags/audit.py
[2024-08-27T11:21:40.689+0900] {processor.py:830} INFO - Processing file /home/kyuseok00/teamproj/airflow/dags/audit.py for tasks to queue
[2024-08-27T11:21:40.692+0900] {logging_mixin.py:188} INFO - [2024-08-27T11:21:40.692+0900] {dagbag.py:545} INFO - Filling up the DagBag from /home/kyuseok00/teamproj/airflow/dags/audit.py
[2024-08-27T11:21:40.750+0900] {processor.py:840} INFO - DAG(s) 'data_for_audit' retrieved from /home/kyuseok00/teamproj/airflow/dags/audit.py
[2024-08-27T11:21:40.771+0900] {logging_mixin.py:188} INFO - [2024-08-27T11:21:40.770+0900] {dag.py:3089} INFO - Sync 1 DAGs
[2024-08-27T11:21:40.789+0900] {logging_mixin.py:188} INFO - [2024-08-27T11:21:40.789+0900] {dag.py:3947} INFO - Setting next_dagrun for data_for_audit to 2024-08-27 02:00:00+00:00, run_after=2024-08-27 03:00:00+00:00
[2024-08-27T11:21:40.810+0900] {processor.py:183} INFO - Processing /home/kyuseok00/teamproj/airflow/dags/audit.py took 0.135 seconds
[2024-08-27T11:22:10.981+0900] {processor.py:161} INFO - Started process (PID=24210) to work on /home/kyuseok00/teamproj/airflow/dags/audit.py
[2024-08-27T11:22:10.983+0900] {processor.py:830} INFO - Processing file /home/kyuseok00/teamproj/airflow/dags/audit.py for tasks to queue
[2024-08-27T11:22:10.985+0900] {logging_mixin.py:188} INFO - [2024-08-27T11:22:10.985+0900] {dagbag.py:545} INFO - Filling up the DagBag from /home/kyuseok00/teamproj/airflow/dags/audit.py
[2024-08-27T11:22:11.036+0900] {processor.py:840} INFO - DAG(s) 'data_for_audit' retrieved from /home/kyuseok00/teamproj/airflow/dags/audit.py
[2024-08-27T11:22:11.057+0900] {logging_mixin.py:188} INFO - [2024-08-27T11:22:11.057+0900] {dag.py:3089} INFO - Sync 1 DAGs
[2024-08-27T11:22:11.077+0900] {logging_mixin.py:188} INFO - [2024-08-27T11:22:11.077+0900] {dag.py:3947} INFO - Setting next_dagrun for data_for_audit to 2024-08-27 02:00:00+00:00, run_after=2024-08-27 03:00:00+00:00
[2024-08-27T11:22:11.101+0900] {processor.py:183} INFO - Processing /home/kyuseok00/teamproj/airflow/dags/audit.py took 0.126 seconds
[2024-08-27T11:22:41.318+0900] {processor.py:161} INFO - Started process (PID=24212) to work on /home/kyuseok00/teamproj/airflow/dags/audit.py
[2024-08-27T11:22:41.329+0900] {processor.py:830} INFO - Processing file /home/kyuseok00/teamproj/airflow/dags/audit.py for tasks to queue
[2024-08-27T11:22:41.332+0900] {logging_mixin.py:188} INFO - [2024-08-27T11:22:41.331+0900] {dagbag.py:545} INFO - Filling up the DagBag from /home/kyuseok00/teamproj/airflow/dags/audit.py
[2024-08-27T11:22:41.388+0900] {processor.py:840} INFO - DAG(s) 'data_for_audit' retrieved from /home/kyuseok00/teamproj/airflow/dags/audit.py
[2024-08-27T11:22:41.404+0900] {logging_mixin.py:188} INFO - [2024-08-27T11:22:41.404+0900] {dag.py:3089} INFO - Sync 1 DAGs
[2024-08-27T11:22:41.420+0900] {logging_mixin.py:188} INFO - [2024-08-27T11:22:41.420+0900] {dag.py:3947} INFO - Setting next_dagrun for data_for_audit to 2024-08-27 02:00:00+00:00, run_after=2024-08-27 03:00:00+00:00
[2024-08-27T11:22:41.440+0900] {processor.py:183} INFO - Processing /home/kyuseok00/teamproj/airflow/dags/audit.py took 0.137 seconds
[2024-08-27T11:23:11.591+0900] {processor.py:161} INFO - Started process (PID=24608) to work on /home/kyuseok00/teamproj/airflow/dags/audit.py
[2024-08-27T11:23:11.592+0900] {processor.py:830} INFO - Processing file /home/kyuseok00/teamproj/airflow/dags/audit.py for tasks to queue
[2024-08-27T11:23:11.594+0900] {logging_mixin.py:188} INFO - [2024-08-27T11:23:11.593+0900] {dagbag.py:545} INFO - Filling up the DagBag from /home/kyuseok00/teamproj/airflow/dags/audit.py
[2024-08-27T11:23:11.650+0900] {processor.py:840} INFO - DAG(s) 'data_for_audit' retrieved from /home/kyuseok00/teamproj/airflow/dags/audit.py
[2024-08-27T11:23:11.671+0900] {logging_mixin.py:188} INFO - [2024-08-27T11:23:11.671+0900] {dag.py:3089} INFO - Sync 1 DAGs
[2024-08-27T11:23:11.692+0900] {logging_mixin.py:188} INFO - [2024-08-27T11:23:11.692+0900] {dag.py:3947} INFO - Setting next_dagrun for data_for_audit to 2024-08-27 02:00:00+00:00, run_after=2024-08-27 03:00:00+00:00
[2024-08-27T11:23:11.713+0900] {processor.py:183} INFO - Processing /home/kyuseok00/teamproj/airflow/dags/audit.py took 0.129 seconds
[2024-08-27T11:23:41.864+0900] {processor.py:161} INFO - Started process (PID=24610) to work on /home/kyuseok00/teamproj/airflow/dags/audit.py
[2024-08-27T11:23:41.873+0900] {processor.py:830} INFO - Processing file /home/kyuseok00/teamproj/airflow/dags/audit.py for tasks to queue
[2024-08-27T11:23:41.875+0900] {logging_mixin.py:188} INFO - [2024-08-27T11:23:41.874+0900] {dagbag.py:545} INFO - Filling up the DagBag from /home/kyuseok00/teamproj/airflow/dags/audit.py
[2024-08-27T11:23:41.925+0900] {processor.py:840} INFO - DAG(s) 'data_for_audit' retrieved from /home/kyuseok00/teamproj/airflow/dags/audit.py
[2024-08-27T11:23:41.945+0900] {logging_mixin.py:188} INFO - [2024-08-27T11:23:41.945+0900] {dag.py:3089} INFO - Sync 1 DAGs
[2024-08-27T11:23:41.962+0900] {logging_mixin.py:188} INFO - [2024-08-27T11:23:41.962+0900] {dag.py:3947} INFO - Setting next_dagrun for data_for_audit to 2024-08-27 02:00:00+00:00, run_after=2024-08-27 03:00:00+00:00
[2024-08-27T11:23:41.988+0900] {processor.py:183} INFO - Processing /home/kyuseok00/teamproj/airflow/dags/audit.py took 0.130 seconds
[2024-08-27T11:24:12.157+0900] {processor.py:161} INFO - Started process (PID=24612) to work on /home/kyuseok00/teamproj/airflow/dags/audit.py
[2024-08-27T11:24:12.158+0900] {processor.py:830} INFO - Processing file /home/kyuseok00/teamproj/airflow/dags/audit.py for tasks to queue
[2024-08-27T11:24:12.160+0900] {logging_mixin.py:188} INFO - [2024-08-27T11:24:12.159+0900] {dagbag.py:545} INFO - Filling up the DagBag from /home/kyuseok00/teamproj/airflow/dags/audit.py
[2024-08-27T11:24:12.214+0900] {processor.py:840} INFO - DAG(s) 'data_for_audit' retrieved from /home/kyuseok00/teamproj/airflow/dags/audit.py
[2024-08-27T11:24:12.234+0900] {logging_mixin.py:188} INFO - [2024-08-27T11:24:12.234+0900] {dag.py:3089} INFO - Sync 1 DAGs
[2024-08-27T11:24:12.252+0900] {logging_mixin.py:188} INFO - [2024-08-27T11:24:12.252+0900] {dag.py:3947} INFO - Setting next_dagrun for data_for_audit to 2024-08-27 02:00:00+00:00, run_after=2024-08-27 03:00:00+00:00
[2024-08-27T11:24:12.277+0900] {processor.py:183} INFO - Processing /home/kyuseok00/teamproj/airflow/dags/audit.py took 0.127 seconds
[2024-08-27T11:24:42.420+0900] {processor.py:161} INFO - Started process (PID=25104) to work on /home/kyuseok00/teamproj/airflow/dags/audit.py
[2024-08-27T11:24:42.423+0900] {processor.py:830} INFO - Processing file /home/kyuseok00/teamproj/airflow/dags/audit.py for tasks to queue
[2024-08-27T11:24:42.426+0900] {logging_mixin.py:188} INFO - [2024-08-27T11:24:42.425+0900] {dagbag.py:545} INFO - Filling up the DagBag from /home/kyuseok00/teamproj/airflow/dags/audit.py
[2024-08-27T11:24:42.483+0900] {processor.py:840} INFO - DAG(s) 'data_for_audit' retrieved from /home/kyuseok00/teamproj/airflow/dags/audit.py
[2024-08-27T11:24:42.504+0900] {logging_mixin.py:188} INFO - [2024-08-27T11:24:42.504+0900] {dag.py:3089} INFO - Sync 1 DAGs
[2024-08-27T11:24:42.526+0900] {logging_mixin.py:188} INFO - [2024-08-27T11:24:42.526+0900] {dag.py:3947} INFO - Setting next_dagrun for data_for_audit to 2024-08-27 02:00:00+00:00, run_after=2024-08-27 03:00:00+00:00
[2024-08-27T11:24:42.552+0900] {processor.py:183} INFO - Processing /home/kyuseok00/teamproj/airflow/dags/audit.py took 0.142 seconds
[2024-08-27T11:25:12.709+0900] {processor.py:161} INFO - Started process (PID=25667) to work on /home/kyuseok00/teamproj/airflow/dags/audit.py
[2024-08-27T11:25:12.710+0900] {processor.py:830} INFO - Processing file /home/kyuseok00/teamproj/airflow/dags/audit.py for tasks to queue
[2024-08-27T11:25:12.713+0900] {logging_mixin.py:188} INFO - [2024-08-27T11:25:12.712+0900] {dagbag.py:545} INFO - Filling up the DagBag from /home/kyuseok00/teamproj/airflow/dags/audit.py
[2024-08-27T11:25:12.770+0900] {processor.py:840} INFO - DAG(s) 'data_for_audit' retrieved from /home/kyuseok00/teamproj/airflow/dags/audit.py
[2024-08-27T11:25:12.793+0900] {logging_mixin.py:188} INFO - [2024-08-27T11:25:12.793+0900] {dag.py:3089} INFO - Sync 1 DAGs
[2024-08-27T11:25:12.813+0900] {logging_mixin.py:188} INFO - [2024-08-27T11:25:12.813+0900] {dag.py:3947} INFO - Setting next_dagrun for data_for_audit to 2024-08-27 02:00:00+00:00, run_after=2024-08-27 03:00:00+00:00
[2024-08-27T11:25:12.838+0900] {processor.py:183} INFO - Processing /home/kyuseok00/teamproj/airflow/dags/audit.py took 0.141 seconds
[2024-08-27T11:25:43.026+0900] {processor.py:161} INFO - Started process (PID=25670) to work on /home/kyuseok00/teamproj/airflow/dags/audit.py
[2024-08-27T11:25:43.035+0900] {processor.py:830} INFO - Processing file /home/kyuseok00/teamproj/airflow/dags/audit.py for tasks to queue
[2024-08-27T11:25:43.038+0900] {logging_mixin.py:188} INFO - [2024-08-27T11:25:43.037+0900] {dagbag.py:545} INFO - Filling up the DagBag from /home/kyuseok00/teamproj/airflow/dags/audit.py
[2024-08-27T11:25:43.097+0900] {processor.py:840} INFO - DAG(s) 'data_for_audit' retrieved from /home/kyuseok00/teamproj/airflow/dags/audit.py
[2024-08-27T11:25:43.115+0900] {logging_mixin.py:188} INFO - [2024-08-27T11:25:43.115+0900] {dag.py:3089} INFO - Sync 1 DAGs
[2024-08-27T11:25:43.136+0900] {logging_mixin.py:188} INFO - [2024-08-27T11:25:43.136+0900] {dag.py:3947} INFO - Setting next_dagrun for data_for_audit to 2024-08-27 02:00:00+00:00, run_after=2024-08-27 03:00:00+00:00
[2024-08-27T11:25:43.160+0900] {processor.py:183} INFO - Processing /home/kyuseok00/teamproj/airflow/dags/audit.py took 0.148 seconds
[2024-08-27T11:26:13.297+0900] {processor.py:161} INFO - Started process (PID=25865) to work on /home/kyuseok00/teamproj/airflow/dags/audit.py
[2024-08-27T11:26:13.298+0900] {processor.py:830} INFO - Processing file /home/kyuseok00/teamproj/airflow/dags/audit.py for tasks to queue
[2024-08-27T11:26:13.299+0900] {logging_mixin.py:188} INFO - [2024-08-27T11:26:13.299+0900] {dagbag.py:545} INFO - Filling up the DagBag from /home/kyuseok00/teamproj/airflow/dags/audit.py
[2024-08-27T11:26:13.343+0900] {processor.py:840} INFO - DAG(s) 'data_for_audit' retrieved from /home/kyuseok00/teamproj/airflow/dags/audit.py
[2024-08-27T11:26:13.362+0900] {logging_mixin.py:188} INFO - [2024-08-27T11:26:13.362+0900] {dag.py:3089} INFO - Sync 1 DAGs
[2024-08-27T11:26:13.380+0900] {logging_mixin.py:188} INFO - [2024-08-27T11:26:13.380+0900] {dag.py:3947} INFO - Setting next_dagrun for data_for_audit to 2024-08-27 02:00:00+00:00, run_after=2024-08-27 03:00:00+00:00
[2024-08-27T11:26:13.399+0900] {processor.py:183} INFO - Processing /home/kyuseok00/teamproj/airflow/dags/audit.py took 0.107 seconds
[2024-08-27T11:26:43.580+0900] {processor.py:161} INFO - Started process (PID=26194) to work on /home/kyuseok00/teamproj/airflow/dags/audit.py
[2024-08-27T11:26:43.581+0900] {processor.py:830} INFO - Processing file /home/kyuseok00/teamproj/airflow/dags/audit.py for tasks to queue
[2024-08-27T11:26:43.583+0900] {logging_mixin.py:188} INFO - [2024-08-27T11:26:43.582+0900] {dagbag.py:545} INFO - Filling up the DagBag from /home/kyuseok00/teamproj/airflow/dags/audit.py
[2024-08-27T11:26:43.632+0900] {processor.py:840} INFO - DAG(s) 'data_for_audit' retrieved from /home/kyuseok00/teamproj/airflow/dags/audit.py
[2024-08-27T11:26:43.654+0900] {logging_mixin.py:188} INFO - [2024-08-27T11:26:43.653+0900] {dag.py:3089} INFO - Sync 1 DAGs
[2024-08-27T11:26:43.674+0900] {logging_mixin.py:188} INFO - [2024-08-27T11:26:43.674+0900] {dag.py:3947} INFO - Setting next_dagrun for data_for_audit to 2024-08-27 02:00:00+00:00, run_after=2024-08-27 03:00:00+00:00
[2024-08-27T11:26:43.698+0900] {processor.py:183} INFO - Processing /home/kyuseok00/teamproj/airflow/dags/audit.py took 0.125 seconds
[2024-08-27T11:27:13.909+0900] {processor.py:161} INFO - Started process (PID=26921) to work on /home/kyuseok00/teamproj/airflow/dags/audit.py
[2024-08-27T11:27:13.910+0900] {processor.py:830} INFO - Processing file /home/kyuseok00/teamproj/airflow/dags/audit.py for tasks to queue
[2024-08-27T11:27:13.912+0900] {logging_mixin.py:188} INFO - [2024-08-27T11:27:13.912+0900] {dagbag.py:545} INFO - Filling up the DagBag from /home/kyuseok00/teamproj/airflow/dags/audit.py
[2024-08-27T11:27:13.966+0900] {processor.py:840} INFO - DAG(s) 'data_for_audit' retrieved from /home/kyuseok00/teamproj/airflow/dags/audit.py
[2024-08-27T11:27:13.982+0900] {logging_mixin.py:188} INFO - [2024-08-27T11:27:13.982+0900] {dag.py:3089} INFO - Sync 1 DAGs
[2024-08-27T11:27:13.998+0900] {logging_mixin.py:188} INFO - [2024-08-27T11:27:13.998+0900] {dag.py:3947} INFO - Setting next_dagrun for data_for_audit to 2024-08-27 02:00:00+00:00, run_after=2024-08-27 03:00:00+00:00
[2024-08-27T11:27:14.019+0900] {processor.py:183} INFO - Processing /home/kyuseok00/teamproj/airflow/dags/audit.py took 0.120 seconds
[2024-08-27T11:27:44.192+0900] {processor.py:161} INFO - Started process (PID=27120) to work on /home/kyuseok00/teamproj/airflow/dags/audit.py
[2024-08-27T11:27:44.201+0900] {processor.py:830} INFO - Processing file /home/kyuseok00/teamproj/airflow/dags/audit.py for tasks to queue
[2024-08-27T11:27:44.204+0900] {logging_mixin.py:188} INFO - [2024-08-27T11:27:44.204+0900] {dagbag.py:545} INFO - Filling up the DagBag from /home/kyuseok00/teamproj/airflow/dags/audit.py
[2024-08-27T11:27:44.263+0900] {processor.py:840} INFO - DAG(s) 'data_for_audit' retrieved from /home/kyuseok00/teamproj/airflow/dags/audit.py
[2024-08-27T11:27:44.283+0900] {logging_mixin.py:188} INFO - [2024-08-27T11:27:44.283+0900] {dag.py:3089} INFO - Sync 1 DAGs
[2024-08-27T11:27:44.303+0900] {logging_mixin.py:188} INFO - [2024-08-27T11:27:44.303+0900] {dag.py:3947} INFO - Setting next_dagrun for data_for_audit to 2024-08-27 02:00:00+00:00, run_after=2024-08-27 03:00:00+00:00
[2024-08-27T11:27:44.326+0900] {processor.py:183} INFO - Processing /home/kyuseok00/teamproj/airflow/dags/audit.py took 0.147 seconds
[2024-08-27T11:28:14.502+0900] {processor.py:161} INFO - Started process (PID=27218) to work on /home/kyuseok00/teamproj/airflow/dags/audit.py
[2024-08-27T11:28:14.504+0900] {processor.py:830} INFO - Processing file /home/kyuseok00/teamproj/airflow/dags/audit.py for tasks to queue
[2024-08-27T11:28:14.507+0900] {logging_mixin.py:188} INFO - [2024-08-27T11:28:14.506+0900] {dagbag.py:545} INFO - Filling up the DagBag from /home/kyuseok00/teamproj/airflow/dags/audit.py
[2024-08-27T11:28:14.565+0900] {processor.py:840} INFO - DAG(s) 'data_for_audit' retrieved from /home/kyuseok00/teamproj/airflow/dags/audit.py
[2024-08-27T11:28:14.585+0900] {logging_mixin.py:188} INFO - [2024-08-27T11:28:14.584+0900] {dag.py:3089} INFO - Sync 1 DAGs
[2024-08-27T11:28:14.605+0900] {logging_mixin.py:188} INFO - [2024-08-27T11:28:14.605+0900] {dag.py:3947} INFO - Setting next_dagrun for data_for_audit to 2024-08-27 02:00:00+00:00, run_after=2024-08-27 03:00:00+00:00
[2024-08-27T11:28:14.630+0900] {processor.py:183} INFO - Processing /home/kyuseok00/teamproj/airflow/dags/audit.py took 0.140 seconds
[2024-08-27T11:28:44.821+0900] {processor.py:161} INFO - Started process (PID=27220) to work on /home/kyuseok00/teamproj/airflow/dags/audit.py
[2024-08-27T11:28:44.825+0900] {processor.py:830} INFO - Processing file /home/kyuseok00/teamproj/airflow/dags/audit.py for tasks to queue
[2024-08-27T11:28:44.829+0900] {logging_mixin.py:188} INFO - [2024-08-27T11:28:44.829+0900] {dagbag.py:545} INFO - Filling up the DagBag from /home/kyuseok00/teamproj/airflow/dags/audit.py
[2024-08-27T11:28:44.889+0900] {processor.py:840} INFO - DAG(s) 'data_for_audit' retrieved from /home/kyuseok00/teamproj/airflow/dags/audit.py
[2024-08-27T11:28:44.909+0900] {logging_mixin.py:188} INFO - [2024-08-27T11:28:44.909+0900] {dag.py:3089} INFO - Sync 1 DAGs
[2024-08-27T11:28:44.928+0900] {logging_mixin.py:188} INFO - [2024-08-27T11:28:44.928+0900] {dag.py:3947} INFO - Setting next_dagrun for data_for_audit to 2024-08-27 02:00:00+00:00, run_after=2024-08-27 03:00:00+00:00
[2024-08-27T11:28:44.954+0900] {processor.py:183} INFO - Processing /home/kyuseok00/teamproj/airflow/dags/audit.py took 0.150 seconds
[2024-08-27T11:29:15.097+0900] {processor.py:161} INFO - Started process (PID=27222) to work on /home/kyuseok00/teamproj/airflow/dags/audit.py
[2024-08-27T11:29:15.099+0900] {processor.py:830} INFO - Processing file /home/kyuseok00/teamproj/airflow/dags/audit.py for tasks to queue
[2024-08-27T11:29:15.101+0900] {logging_mixin.py:188} INFO - [2024-08-27T11:29:15.101+0900] {dagbag.py:545} INFO - Filling up the DagBag from /home/kyuseok00/teamproj/airflow/dags/audit.py
[2024-08-27T11:29:15.153+0900] {processor.py:840} INFO - DAG(s) 'data_for_audit' retrieved from /home/kyuseok00/teamproj/airflow/dags/audit.py
[2024-08-27T11:29:15.174+0900] {logging_mixin.py:188} INFO - [2024-08-27T11:29:15.173+0900] {dag.py:3089} INFO - Sync 1 DAGs
[2024-08-27T11:29:15.195+0900] {logging_mixin.py:188} INFO - [2024-08-27T11:29:15.195+0900] {dag.py:3947} INFO - Setting next_dagrun for data_for_audit to 2024-08-27 02:00:00+00:00, run_after=2024-08-27 03:00:00+00:00
[2024-08-27T11:29:15.225+0900] {processor.py:183} INFO - Processing /home/kyuseok00/teamproj/airflow/dags/audit.py took 0.136 seconds
[2024-08-27T11:29:45.396+0900] {processor.py:161} INFO - Started process (PID=27224) to work on /home/kyuseok00/teamproj/airflow/dags/audit.py
[2024-08-27T11:29:45.398+0900] {processor.py:830} INFO - Processing file /home/kyuseok00/teamproj/airflow/dags/audit.py for tasks to queue
[2024-08-27T11:29:45.400+0900] {logging_mixin.py:188} INFO - [2024-08-27T11:29:45.399+0900] {dagbag.py:545} INFO - Filling up the DagBag from /home/kyuseok00/teamproj/airflow/dags/audit.py
[2024-08-27T11:29:45.467+0900] {processor.py:840} INFO - DAG(s) 'data_for_audit' retrieved from /home/kyuseok00/teamproj/airflow/dags/audit.py
[2024-08-27T11:29:45.488+0900] {logging_mixin.py:188} INFO - [2024-08-27T11:29:45.488+0900] {dag.py:3089} INFO - Sync 1 DAGs
[2024-08-27T11:29:45.514+0900] {logging_mixin.py:188} INFO - [2024-08-27T11:29:45.514+0900] {dag.py:3947} INFO - Setting next_dagrun for data_for_audit to 2024-08-27 02:00:00+00:00, run_after=2024-08-27 03:00:00+00:00
[2024-08-27T11:29:45.539+0900] {processor.py:183} INFO - Processing /home/kyuseok00/teamproj/airflow/dags/audit.py took 0.151 seconds
[2024-08-27T11:30:15.688+0900] {processor.py:161} INFO - Started process (PID=27229) to work on /home/kyuseok00/teamproj/airflow/dags/audit.py
[2024-08-27T11:30:15.698+0900] {processor.py:830} INFO - Processing file /home/kyuseok00/teamproj/airflow/dags/audit.py for tasks to queue
[2024-08-27T11:30:15.700+0900] {logging_mixin.py:188} INFO - [2024-08-27T11:30:15.699+0900] {dagbag.py:545} INFO - Filling up the DagBag from /home/kyuseok00/teamproj/airflow/dags/audit.py
[2024-08-27T11:30:15.753+0900] {processor.py:840} INFO - DAG(s) 'data_for_audit' retrieved from /home/kyuseok00/teamproj/airflow/dags/audit.py
[2024-08-27T11:30:15.774+0900] {logging_mixin.py:188} INFO - [2024-08-27T11:30:15.774+0900] {dag.py:3089} INFO - Sync 1 DAGs
[2024-08-27T11:30:15.792+0900] {logging_mixin.py:188} INFO - [2024-08-27T11:30:15.791+0900] {dag.py:3947} INFO - Setting next_dagrun for data_for_audit to 2024-08-27 02:00:00+00:00, run_after=2024-08-27 03:00:00+00:00
[2024-08-27T11:30:15.812+0900] {processor.py:183} INFO - Processing /home/kyuseok00/teamproj/airflow/dags/audit.py took 0.137 seconds
[2024-08-27T11:30:45.983+0900] {processor.py:161} INFO - Started process (PID=27231) to work on /home/kyuseok00/teamproj/airflow/dags/audit.py
[2024-08-27T11:30:45.985+0900] {processor.py:830} INFO - Processing file /home/kyuseok00/teamproj/airflow/dags/audit.py for tasks to queue
[2024-08-27T11:30:45.989+0900] {logging_mixin.py:188} INFO - [2024-08-27T11:30:45.988+0900] {dagbag.py:545} INFO - Filling up the DagBag from /home/kyuseok00/teamproj/airflow/dags/audit.py
[2024-08-27T11:30:46.051+0900] {processor.py:840} INFO - DAG(s) 'data_for_audit' retrieved from /home/kyuseok00/teamproj/airflow/dags/audit.py
[2024-08-27T11:30:46.079+0900] {logging_mixin.py:188} INFO - [2024-08-27T11:30:46.079+0900] {dag.py:3089} INFO - Sync 1 DAGs
[2024-08-27T11:30:46.102+0900] {logging_mixin.py:188} INFO - [2024-08-27T11:30:46.102+0900] {dag.py:3947} INFO - Setting next_dagrun for data_for_audit to 2024-08-27 02:00:00+00:00, run_after=2024-08-27 03:00:00+00:00
[2024-08-27T11:30:46.126+0900] {processor.py:183} INFO - Processing /home/kyuseok00/teamproj/airflow/dags/audit.py took 0.153 seconds
[2024-08-27T11:31:16.270+0900] {processor.py:161} INFO - Started process (PID=27233) to work on /home/kyuseok00/teamproj/airflow/dags/audit.py
[2024-08-27T11:31:16.271+0900] {processor.py:830} INFO - Processing file /home/kyuseok00/teamproj/airflow/dags/audit.py for tasks to queue
[2024-08-27T11:31:16.273+0900] {logging_mixin.py:188} INFO - [2024-08-27T11:31:16.273+0900] {dagbag.py:545} INFO - Filling up the DagBag from /home/kyuseok00/teamproj/airflow/dags/audit.py
[2024-08-27T11:31:16.327+0900] {processor.py:840} INFO - DAG(s) 'data_for_audit' retrieved from /home/kyuseok00/teamproj/airflow/dags/audit.py
[2024-08-27T11:31:16.348+0900] {logging_mixin.py:188} INFO - [2024-08-27T11:31:16.348+0900] {dag.py:3089} INFO - Sync 1 DAGs
[2024-08-27T11:31:16.369+0900] {logging_mixin.py:188} INFO - [2024-08-27T11:31:16.368+0900] {dag.py:3947} INFO - Setting next_dagrun for data_for_audit to 2024-08-27 02:00:00+00:00, run_after=2024-08-27 03:00:00+00:00
[2024-08-27T11:31:16.399+0900] {processor.py:183} INFO - Processing /home/kyuseok00/teamproj/airflow/dags/audit.py took 0.135 seconds
[2024-08-27T11:31:46.538+0900] {processor.py:161} INFO - Started process (PID=27235) to work on /home/kyuseok00/teamproj/airflow/dags/audit.py
[2024-08-27T11:31:46.547+0900] {processor.py:830} INFO - Processing file /home/kyuseok00/teamproj/airflow/dags/audit.py for tasks to queue
[2024-08-27T11:31:46.550+0900] {logging_mixin.py:188} INFO - [2024-08-27T11:31:46.549+0900] {dagbag.py:545} INFO - Filling up the DagBag from /home/kyuseok00/teamproj/airflow/dags/audit.py
[2024-08-27T11:31:46.613+0900] {processor.py:840} INFO - DAG(s) 'data_for_audit' retrieved from /home/kyuseok00/teamproj/airflow/dags/audit.py
[2024-08-27T11:31:46.635+0900] {logging_mixin.py:188} INFO - [2024-08-27T11:31:46.635+0900] {dag.py:3089} INFO - Sync 1 DAGs
[2024-08-27T11:31:46.667+0900] {logging_mixin.py:188} INFO - [2024-08-27T11:31:46.667+0900] {dag.py:3947} INFO - Setting next_dagrun for data_for_audit to 2024-08-27 02:00:00+00:00, run_after=2024-08-27 03:00:00+00:00
[2024-08-27T11:31:46.694+0900] {processor.py:183} INFO - Processing /home/kyuseok00/teamproj/airflow/dags/audit.py took 0.163 seconds
[2024-08-27T11:32:16.821+0900] {processor.py:161} INFO - Started process (PID=27237) to work on /home/kyuseok00/teamproj/airflow/dags/audit.py
[2024-08-27T11:32:16.822+0900] {processor.py:830} INFO - Processing file /home/kyuseok00/teamproj/airflow/dags/audit.py for tasks to queue
[2024-08-27T11:32:16.824+0900] {logging_mixin.py:188} INFO - [2024-08-27T11:32:16.823+0900] {dagbag.py:545} INFO - Filling up the DagBag from /home/kyuseok00/teamproj/airflow/dags/audit.py
[2024-08-27T11:32:16.883+0900] {processor.py:840} INFO - DAG(s) 'data_for_audit' retrieved from /home/kyuseok00/teamproj/airflow/dags/audit.py
[2024-08-27T11:32:16.905+0900] {logging_mixin.py:188} INFO - [2024-08-27T11:32:16.904+0900] {dag.py:3089} INFO - Sync 1 DAGs
[2024-08-27T11:32:16.926+0900] {logging_mixin.py:188} INFO - [2024-08-27T11:32:16.926+0900] {dag.py:3947} INFO - Setting next_dagrun for data_for_audit to 2024-08-27 02:00:00+00:00, run_after=2024-08-27 03:00:00+00:00
[2024-08-27T11:32:16.949+0900] {processor.py:183} INFO - Processing /home/kyuseok00/teamproj/airflow/dags/audit.py took 0.136 seconds
[2024-08-27T11:32:47.088+0900] {processor.py:161} INFO - Started process (PID=27239) to work on /home/kyuseok00/teamproj/airflow/dags/audit.py
[2024-08-27T11:32:47.091+0900] {processor.py:830} INFO - Processing file /home/kyuseok00/teamproj/airflow/dags/audit.py for tasks to queue
[2024-08-27T11:32:47.094+0900] {logging_mixin.py:188} INFO - [2024-08-27T11:32:47.093+0900] {dagbag.py:545} INFO - Filling up the DagBag from /home/kyuseok00/teamproj/airflow/dags/audit.py
[2024-08-27T11:32:47.149+0900] {processor.py:840} INFO - DAG(s) 'data_for_audit' retrieved from /home/kyuseok00/teamproj/airflow/dags/audit.py
[2024-08-27T11:32:47.170+0900] {logging_mixin.py:188} INFO - [2024-08-27T11:32:47.169+0900] {dag.py:3089} INFO - Sync 1 DAGs
[2024-08-27T11:32:47.191+0900] {logging_mixin.py:188} INFO - [2024-08-27T11:32:47.190+0900] {dag.py:3947} INFO - Setting next_dagrun for data_for_audit to 2024-08-27 02:00:00+00:00, run_after=2024-08-27 03:00:00+00:00
[2024-08-27T11:32:47.215+0900] {processor.py:183} INFO - Processing /home/kyuseok00/teamproj/airflow/dags/audit.py took 0.136 seconds
[2024-08-27T11:33:17.352+0900] {processor.py:161} INFO - Started process (PID=27241) to work on /home/kyuseok00/teamproj/airflow/dags/audit.py
[2024-08-27T11:33:17.353+0900] {processor.py:830} INFO - Processing file /home/kyuseok00/teamproj/airflow/dags/audit.py for tasks to queue
[2024-08-27T11:33:17.355+0900] {logging_mixin.py:188} INFO - [2024-08-27T11:33:17.354+0900] {dagbag.py:545} INFO - Filling up the DagBag from /home/kyuseok00/teamproj/airflow/dags/audit.py
[2024-08-27T11:33:17.407+0900] {processor.py:840} INFO - DAG(s) 'data_for_audit' retrieved from /home/kyuseok00/teamproj/airflow/dags/audit.py
[2024-08-27T11:33:17.428+0900] {logging_mixin.py:188} INFO - [2024-08-27T11:33:17.428+0900] {dag.py:3089} INFO - Sync 1 DAGs
[2024-08-27T11:33:17.451+0900] {logging_mixin.py:188} INFO - [2024-08-27T11:33:17.451+0900] {dag.py:3947} INFO - Setting next_dagrun for data_for_audit to 2024-08-27 02:00:00+00:00, run_after=2024-08-27 03:00:00+00:00
[2024-08-27T11:33:17.475+0900] {processor.py:183} INFO - Processing /home/kyuseok00/teamproj/airflow/dags/audit.py took 0.131 seconds
[2024-08-27T11:33:47.620+0900] {processor.py:161} INFO - Started process (PID=27243) to work on /home/kyuseok00/teamproj/airflow/dags/audit.py
[2024-08-27T11:33:47.622+0900] {processor.py:830} INFO - Processing file /home/kyuseok00/teamproj/airflow/dags/audit.py for tasks to queue
[2024-08-27T11:33:47.624+0900] {logging_mixin.py:188} INFO - [2024-08-27T11:33:47.624+0900] {dagbag.py:545} INFO - Filling up the DagBag from /home/kyuseok00/teamproj/airflow/dags/audit.py
[2024-08-27T11:33:47.678+0900] {processor.py:840} INFO - DAG(s) 'data_for_audit' retrieved from /home/kyuseok00/teamproj/airflow/dags/audit.py
[2024-08-27T11:33:47.700+0900] {logging_mixin.py:188} INFO - [2024-08-27T11:33:47.700+0900] {dag.py:3089} INFO - Sync 1 DAGs
[2024-08-27T11:33:47.724+0900] {logging_mixin.py:188} INFO - [2024-08-27T11:33:47.724+0900] {dag.py:3947} INFO - Setting next_dagrun for data_for_audit to 2024-08-27 02:00:00+00:00, run_after=2024-08-27 03:00:00+00:00
[2024-08-27T11:33:47.747+0900] {processor.py:183} INFO - Processing /home/kyuseok00/teamproj/airflow/dags/audit.py took 0.135 seconds
[2024-08-27T11:34:17.881+0900] {processor.py:161} INFO - Started process (PID=27245) to work on /home/kyuseok00/teamproj/airflow/dags/audit.py
[2024-08-27T11:34:17.889+0900] {processor.py:830} INFO - Processing file /home/kyuseok00/teamproj/airflow/dags/audit.py for tasks to queue
[2024-08-27T11:34:17.892+0900] {logging_mixin.py:188} INFO - [2024-08-27T11:34:17.892+0900] {dagbag.py:545} INFO - Filling up the DagBag from /home/kyuseok00/teamproj/airflow/dags/audit.py
[2024-08-27T11:34:17.946+0900] {processor.py:840} INFO - DAG(s) 'data_for_audit' retrieved from /home/kyuseok00/teamproj/airflow/dags/audit.py
[2024-08-27T11:34:17.968+0900] {logging_mixin.py:188} INFO - [2024-08-27T11:34:17.967+0900] {dag.py:3089} INFO - Sync 1 DAGs
[2024-08-27T11:34:17.990+0900] {logging_mixin.py:188} INFO - [2024-08-27T11:34:17.990+0900] {dag.py:3947} INFO - Setting next_dagrun for data_for_audit to 2024-08-27 02:00:00+00:00, run_after=2024-08-27 03:00:00+00:00
[2024-08-27T11:34:18.017+0900] {processor.py:183} INFO - Processing /home/kyuseok00/teamproj/airflow/dags/audit.py took 0.144 seconds
[2024-08-27T11:34:48.175+0900] {processor.py:161} INFO - Started process (PID=27247) to work on /home/kyuseok00/teamproj/airflow/dags/audit.py
[2024-08-27T11:34:48.176+0900] {processor.py:830} INFO - Processing file /home/kyuseok00/teamproj/airflow/dags/audit.py for tasks to queue
[2024-08-27T11:34:48.179+0900] {logging_mixin.py:188} INFO - [2024-08-27T11:34:48.179+0900] {dagbag.py:545} INFO - Filling up the DagBag from /home/kyuseok00/teamproj/airflow/dags/audit.py
[2024-08-27T11:34:48.236+0900] {processor.py:840} INFO - DAG(s) 'data_for_audit' retrieved from /home/kyuseok00/teamproj/airflow/dags/audit.py
[2024-08-27T11:34:48.258+0900] {logging_mixin.py:188} INFO - [2024-08-27T11:34:48.257+0900] {dag.py:3089} INFO - Sync 1 DAGs
[2024-08-27T11:34:48.281+0900] {logging_mixin.py:188} INFO - [2024-08-27T11:34:48.280+0900] {dag.py:3947} INFO - Setting next_dagrun for data_for_audit to 2024-08-27 02:00:00+00:00, run_after=2024-08-27 03:00:00+00:00
[2024-08-27T11:34:48.307+0900] {processor.py:183} INFO - Processing /home/kyuseok00/teamproj/airflow/dags/audit.py took 0.146 seconds
[2024-08-27T11:35:18.453+0900] {processor.py:161} INFO - Started process (PID=27250) to work on /home/kyuseok00/teamproj/airflow/dags/audit.py
[2024-08-27T11:35:18.462+0900] {processor.py:830} INFO - Processing file /home/kyuseok00/teamproj/airflow/dags/audit.py for tasks to queue
[2024-08-27T11:35:18.464+0900] {logging_mixin.py:188} INFO - [2024-08-27T11:35:18.464+0900] {dagbag.py:545} INFO - Filling up the DagBag from /home/kyuseok00/teamproj/airflow/dags/audit.py
[2024-08-27T11:35:18.509+0900] {processor.py:840} INFO - DAG(s) 'data_for_audit' retrieved from /home/kyuseok00/teamproj/airflow/dags/audit.py
[2024-08-27T11:35:18.528+0900] {logging_mixin.py:188} INFO - [2024-08-27T11:35:18.527+0900] {dag.py:3089} INFO - Sync 1 DAGs
[2024-08-27T11:35:18.546+0900] {logging_mixin.py:188} INFO - [2024-08-27T11:35:18.546+0900] {dag.py:3947} INFO - Setting next_dagrun for data_for_audit to 2024-08-27 02:00:00+00:00, run_after=2024-08-27 03:00:00+00:00
[2024-08-27T11:35:18.571+0900] {processor.py:183} INFO - Processing /home/kyuseok00/teamproj/airflow/dags/audit.py took 0.124 seconds
[2024-08-27T11:35:48.667+0900] {processor.py:161} INFO - Started process (PID=27640) to work on /home/kyuseok00/teamproj/airflow/dags/audit.py
[2024-08-27T11:35:48.668+0900] {processor.py:830} INFO - Processing file /home/kyuseok00/teamproj/airflow/dags/audit.py for tasks to queue
[2024-08-27T11:35:48.671+0900] {logging_mixin.py:188} INFO - [2024-08-27T11:35:48.670+0900] {dagbag.py:545} INFO - Filling up the DagBag from /home/kyuseok00/teamproj/airflow/dags/audit.py
[2024-08-27T11:35:48.730+0900] {processor.py:840} INFO - DAG(s) 'data_for_audit' retrieved from /home/kyuseok00/teamproj/airflow/dags/audit.py
[2024-08-27T11:35:48.752+0900] {logging_mixin.py:188} INFO - [2024-08-27T11:35:48.752+0900] {dag.py:3089} INFO - Sync 1 DAGs
[2024-08-27T11:35:48.775+0900] {logging_mixin.py:188} INFO - [2024-08-27T11:35:48.774+0900] {dag.py:3947} INFO - Setting next_dagrun for data_for_audit to 2024-08-27 02:00:00+00:00, run_after=2024-08-27 03:00:00+00:00
[2024-08-27T11:35:48.795+0900] {processor.py:183} INFO - Processing /home/kyuseok00/teamproj/airflow/dags/audit.py took 0.136 seconds
