[2024-08-27T10:50:48.266+0900] {processor.py:161} INFO - Started process (PID=20073) to work on /home/kyuseok00/teamproj/airflow/dags/time.py
[2024-08-27T10:50:48.267+0900] {processor.py:830} INFO - Processing file /home/kyuseok00/teamproj/airflow/dags/time.py for tasks to queue
[2024-08-27T10:50:48.268+0900] {logging_mixin.py:188} INFO - [2024-08-27T10:50:48.268+0900] {dagbag.py:545} INFO - Filling up the DagBag from /home/kyuseok00/teamproj/airflow/dags/time.py
[2024-08-27T10:50:48.324+0900] {processor.py:840} INFO - DAG(s) 'send_reminder' retrieved from /home/kyuseok00/teamproj/airflow/dags/time.py
[2024-08-27T10:50:48.333+0900] {logging_mixin.py:188} INFO - [2024-08-27T10:50:48.333+0900] {dag.py:3089} INFO - Sync 1 DAGs
[2024-08-27T10:50:48.352+0900] {logging_mixin.py:188} INFO - [2024-08-27T10:50:48.351+0900] {dag.py:3947} INFO - Setting next_dagrun for send_reminder to 2024-08-25 09:30:00+00:00, run_after=2024-08-26 09:30:00+00:00
[2024-08-27T10:50:48.383+0900] {processor.py:183} INFO - Processing /home/kyuseok00/teamproj/airflow/dags/time.py took 0.122 seconds
[2024-08-27T10:51:19.221+0900] {processor.py:161} INFO - Started process (PID=20240) to work on /home/kyuseok00/teamproj/airflow/dags/time.py
[2024-08-27T10:51:19.222+0900] {processor.py:830} INFO - Processing file /home/kyuseok00/teamproj/airflow/dags/time.py for tasks to queue
[2024-08-27T10:51:19.223+0900] {logging_mixin.py:188} INFO - [2024-08-27T10:51:19.223+0900] {dagbag.py:545} INFO - Filling up the DagBag from /home/kyuseok00/teamproj/airflow/dags/time.py
[2024-08-27T10:51:19.274+0900] {processor.py:840} INFO - DAG(s) 'send_reminder' retrieved from /home/kyuseok00/teamproj/airflow/dags/time.py
[2024-08-27T10:51:19.365+0900] {logging_mixin.py:188} INFO - [2024-08-27T10:51:19.365+0900] {dag.py:3089} INFO - Sync 1 DAGs
[2024-08-27T10:51:19.382+0900] {logging_mixin.py:188} INFO - [2024-08-27T10:51:19.382+0900] {dag.py:3947} INFO - Setting next_dagrun for send_reminder to 2024-08-25 09:30:00+00:00, run_after=2024-08-26 09:30:00+00:00
[2024-08-27T10:51:19.403+0900] {processor.py:183} INFO - Processing /home/kyuseok00/teamproj/airflow/dags/time.py took 0.188 seconds
[2024-08-27T10:51:49.850+0900] {processor.py:161} INFO - Started process (PID=20248) to work on /home/kyuseok00/teamproj/airflow/dags/time.py
[2024-08-27T10:51:49.860+0900] {processor.py:830} INFO - Processing file /home/kyuseok00/teamproj/airflow/dags/time.py for tasks to queue
[2024-08-27T10:51:49.862+0900] {logging_mixin.py:188} INFO - [2024-08-27T10:51:49.862+0900] {dagbag.py:545} INFO - Filling up the DagBag from /home/kyuseok00/teamproj/airflow/dags/time.py
[2024-08-27T10:51:49.910+0900] {processor.py:840} INFO - DAG(s) 'send_reminder' retrieved from /home/kyuseok00/teamproj/airflow/dags/time.py
[2024-08-27T10:51:49.930+0900] {logging_mixin.py:188} INFO - [2024-08-27T10:51:49.930+0900] {dag.py:3089} INFO - Sync 1 DAGs
[2024-08-27T10:51:49.948+0900] {logging_mixin.py:188} INFO - [2024-08-27T10:51:49.948+0900] {dag.py:3947} INFO - Setting next_dagrun for send_reminder to 2024-08-25 09:30:00+00:00, run_after=2024-08-26 09:30:00+00:00
[2024-08-27T10:51:49.971+0900] {processor.py:183} INFO - Processing /home/kyuseok00/teamproj/airflow/dags/time.py took 0.131 seconds
[2024-08-27T10:52:20.386+0900] {processor.py:161} INFO - Started process (PID=20257) to work on /home/kyuseok00/teamproj/airflow/dags/time.py
[2024-08-27T10:52:20.388+0900] {processor.py:830} INFO - Processing file /home/kyuseok00/teamproj/airflow/dags/time.py for tasks to queue
[2024-08-27T10:52:20.389+0900] {logging_mixin.py:188} INFO - [2024-08-27T10:52:20.389+0900] {dagbag.py:545} INFO - Filling up the DagBag from /home/kyuseok00/teamproj/airflow/dags/time.py
[2024-08-27T10:52:20.438+0900] {processor.py:840} INFO - DAG(s) 'send_reminder' retrieved from /home/kyuseok00/teamproj/airflow/dags/time.py
[2024-08-27T10:52:20.455+0900] {logging_mixin.py:188} INFO - [2024-08-27T10:52:20.455+0900] {dag.py:3089} INFO - Sync 1 DAGs
[2024-08-27T10:52:20.472+0900] {logging_mixin.py:188} INFO - [2024-08-27T10:52:20.471+0900] {dag.py:3947} INFO - Setting next_dagrun for send_reminder to 2024-08-25 09:30:00+00:00, run_after=2024-08-26 09:30:00+00:00
[2024-08-27T10:52:20.492+0900] {processor.py:183} INFO - Processing /home/kyuseok00/teamproj/airflow/dags/time.py took 0.112 seconds
[2024-08-27T10:52:50.916+0900] {processor.py:161} INFO - Started process (PID=20411) to work on /home/kyuseok00/teamproj/airflow/dags/time.py
[2024-08-27T10:52:50.924+0900] {processor.py:830} INFO - Processing file /home/kyuseok00/teamproj/airflow/dags/time.py for tasks to queue
[2024-08-27T10:52:50.926+0900] {logging_mixin.py:188} INFO - [2024-08-27T10:52:50.926+0900] {dagbag.py:545} INFO - Filling up the DagBag from /home/kyuseok00/teamproj/airflow/dags/time.py
[2024-08-27T10:52:50.973+0900] {processor.py:840} INFO - DAG(s) 'send_reminder' retrieved from /home/kyuseok00/teamproj/airflow/dags/time.py
[2024-08-27T10:52:50.994+0900] {logging_mixin.py:188} INFO - [2024-08-27T10:52:50.994+0900] {dag.py:3089} INFO - Sync 1 DAGs
[2024-08-27T10:52:51.015+0900] {logging_mixin.py:188} INFO - [2024-08-27T10:52:51.014+0900] {dag.py:3947} INFO - Setting next_dagrun for send_reminder to 2024-08-25 09:30:00+00:00, run_after=2024-08-26 09:30:00+00:00
[2024-08-27T10:52:51.041+0900] {processor.py:183} INFO - Processing /home/kyuseok00/teamproj/airflow/dags/time.py took 0.133 seconds
[2024-08-27T10:53:21.407+0900] {processor.py:161} INFO - Started process (PID=20413) to work on /home/kyuseok00/teamproj/airflow/dags/time.py
[2024-08-27T10:53:21.415+0900] {processor.py:830} INFO - Processing file /home/kyuseok00/teamproj/airflow/dags/time.py for tasks to queue
[2024-08-27T10:53:21.416+0900] {logging_mixin.py:188} INFO - [2024-08-27T10:53:21.416+0900] {dagbag.py:545} INFO - Filling up the DagBag from /home/kyuseok00/teamproj/airflow/dags/time.py
[2024-08-27T10:53:21.466+0900] {processor.py:840} INFO - DAG(s) 'send_reminder' retrieved from /home/kyuseok00/teamproj/airflow/dags/time.py
[2024-08-27T10:53:21.483+0900] {logging_mixin.py:188} INFO - [2024-08-27T10:53:21.483+0900] {dag.py:3089} INFO - Sync 1 DAGs
[2024-08-27T10:53:21.502+0900] {logging_mixin.py:188} INFO - [2024-08-27T10:53:21.502+0900] {dag.py:3947} INFO - Setting next_dagrun for send_reminder to 2024-08-25 09:30:00+00:00, run_after=2024-08-26 09:30:00+00:00
[2024-08-27T10:53:21.525+0900] {processor.py:183} INFO - Processing /home/kyuseok00/teamproj/airflow/dags/time.py took 0.125 seconds
[2024-08-27T10:53:51.893+0900] {processor.py:161} INFO - Started process (PID=20421) to work on /home/kyuseok00/teamproj/airflow/dags/time.py
[2024-08-27T10:53:51.895+0900] {processor.py:830} INFO - Processing file /home/kyuseok00/teamproj/airflow/dags/time.py for tasks to queue
[2024-08-27T10:53:51.898+0900] {logging_mixin.py:188} INFO - [2024-08-27T10:53:51.897+0900] {dagbag.py:545} INFO - Filling up the DagBag from /home/kyuseok00/teamproj/airflow/dags/time.py
[2024-08-27T10:53:51.942+0900] {processor.py:840} INFO - DAG(s) 'send_reminder' retrieved from /home/kyuseok00/teamproj/airflow/dags/time.py
[2024-08-27T10:53:51.962+0900] {logging_mixin.py:188} INFO - [2024-08-27T10:53:51.961+0900] {dag.py:3089} INFO - Sync 1 DAGs
[2024-08-27T10:53:51.980+0900] {logging_mixin.py:188} INFO - [2024-08-27T10:53:51.979+0900] {dag.py:3947} INFO - Setting next_dagrun for send_reminder to 2024-08-25 09:30:00+00:00, run_after=2024-08-26 09:30:00+00:00
[2024-08-27T10:53:52.003+0900] {processor.py:183} INFO - Processing /home/kyuseok00/teamproj/airflow/dags/time.py took 0.119 seconds
[2024-08-27T10:54:22.380+0900] {processor.py:161} INFO - Started process (PID=20502) to work on /home/kyuseok00/teamproj/airflow/dags/time.py
[2024-08-27T10:54:22.382+0900] {processor.py:830} INFO - Processing file /home/kyuseok00/teamproj/airflow/dags/time.py for tasks to queue
[2024-08-27T10:54:22.385+0900] {logging_mixin.py:188} INFO - [2024-08-27T10:54:22.384+0900] {dagbag.py:545} INFO - Filling up the DagBag from /home/kyuseok00/teamproj/airflow/dags/time.py
[2024-08-27T10:54:22.436+0900] {processor.py:840} INFO - DAG(s) 'send_reminder' retrieved from /home/kyuseok00/teamproj/airflow/dags/time.py
[2024-08-27T10:54:22.455+0900] {logging_mixin.py:188} INFO - [2024-08-27T10:54:22.455+0900] {dag.py:3089} INFO - Sync 1 DAGs
[2024-08-27T10:54:22.474+0900] {logging_mixin.py:188} INFO - [2024-08-27T10:54:22.474+0900] {dag.py:3947} INFO - Setting next_dagrun for send_reminder to 2024-08-25 09:30:00+00:00, run_after=2024-08-26 09:30:00+00:00
[2024-08-27T10:54:22.495+0900] {processor.py:183} INFO - Processing /home/kyuseok00/teamproj/airflow/dags/time.py took 0.124 seconds
[2024-08-27T10:54:52.966+0900] {processor.py:161} INFO - Started process (PID=20967) to work on /home/kyuseok00/teamproj/airflow/dags/time.py
[2024-08-27T10:54:52.968+0900] {processor.py:830} INFO - Processing file /home/kyuseok00/teamproj/airflow/dags/time.py for tasks to queue
[2024-08-27T10:54:52.971+0900] {logging_mixin.py:188} INFO - [2024-08-27T10:54:52.971+0900] {dagbag.py:545} INFO - Filling up the DagBag from /home/kyuseok00/teamproj/airflow/dags/time.py
[2024-08-27T10:54:53.022+0900] {processor.py:840} INFO - DAG(s) 'send_reminder' retrieved from /home/kyuseok00/teamproj/airflow/dags/time.py
[2024-08-27T10:54:53.039+0900] {logging_mixin.py:188} INFO - [2024-08-27T10:54:53.039+0900] {dag.py:3089} INFO - Sync 1 DAGs
[2024-08-27T10:54:53.055+0900] {logging_mixin.py:188} INFO - [2024-08-27T10:54:53.055+0900] {dag.py:3947} INFO - Setting next_dagrun for send_reminder to 2024-08-25 09:30:00+00:00, run_after=2024-08-26 09:30:00+00:00
[2024-08-27T10:54:53.076+0900] {processor.py:183} INFO - Processing /home/kyuseok00/teamproj/airflow/dags/time.py took 0.123 seconds
[2024-08-27T10:55:23.328+0900] {processor.py:161} INFO - Started process (PID=20970) to work on /home/kyuseok00/teamproj/airflow/dags/time.py
[2024-08-27T10:55:23.329+0900] {processor.py:830} INFO - Processing file /home/kyuseok00/teamproj/airflow/dags/time.py for tasks to queue
[2024-08-27T10:55:23.332+0900] {logging_mixin.py:188} INFO - [2024-08-27T10:55:23.331+0900] {dagbag.py:545} INFO - Filling up the DagBag from /home/kyuseok00/teamproj/airflow/dags/time.py
[2024-08-27T10:55:23.379+0900] {processor.py:840} INFO - DAG(s) 'send_reminder' retrieved from /home/kyuseok00/teamproj/airflow/dags/time.py
[2024-08-27T10:55:23.398+0900] {logging_mixin.py:188} INFO - [2024-08-27T10:55:23.398+0900] {dag.py:3089} INFO - Sync 1 DAGs
[2024-08-27T10:55:23.416+0900] {logging_mixin.py:188} INFO - [2024-08-27T10:55:23.416+0900] {dag.py:3947} INFO - Setting next_dagrun for send_reminder to 2024-08-25 09:30:00+00:00, run_after=2024-08-26 09:30:00+00:00
[2024-08-27T10:55:23.437+0900] {processor.py:183} INFO - Processing /home/kyuseok00/teamproj/airflow/dags/time.py took 0.118 seconds
[2024-08-27T10:55:53.622+0900] {processor.py:161} INFO - Started process (PID=21068) to work on /home/kyuseok00/teamproj/airflow/dags/time.py
[2024-08-27T10:55:53.624+0900] {processor.py:830} INFO - Processing file /home/kyuseok00/teamproj/airflow/dags/time.py for tasks to queue
[2024-08-27T10:55:53.626+0900] {logging_mixin.py:188} INFO - [2024-08-27T10:55:53.625+0900] {dagbag.py:545} INFO - Filling up the DagBag from /home/kyuseok00/teamproj/airflow/dags/time.py
[2024-08-27T10:55:53.673+0900] {processor.py:840} INFO - DAG(s) 'send_reminder' retrieved from /home/kyuseok00/teamproj/airflow/dags/time.py
[2024-08-27T10:55:53.693+0900] {logging_mixin.py:188} INFO - [2024-08-27T10:55:53.693+0900] {dag.py:3089} INFO - Sync 1 DAGs
[2024-08-27T10:55:53.710+0900] {logging_mixin.py:188} INFO - [2024-08-27T10:55:53.710+0900] {dag.py:3947} INFO - Setting next_dagrun for send_reminder to 2024-08-25 09:30:00+00:00, run_after=2024-08-26 09:30:00+00:00
[2024-08-27T10:55:53.734+0900] {processor.py:183} INFO - Processing /home/kyuseok00/teamproj/airflow/dags/time.py took 0.119 seconds
[2024-08-27T10:56:23.937+0900] {processor.py:161} INFO - Started process (PID=21070) to work on /home/kyuseok00/teamproj/airflow/dags/time.py
[2024-08-27T10:56:23.938+0900] {processor.py:830} INFO - Processing file /home/kyuseok00/teamproj/airflow/dags/time.py for tasks to queue
[2024-08-27T10:56:23.941+0900] {logging_mixin.py:188} INFO - [2024-08-27T10:56:23.941+0900] {dagbag.py:545} INFO - Filling up the DagBag from /home/kyuseok00/teamproj/airflow/dags/time.py
[2024-08-27T10:56:23.990+0900] {processor.py:840} INFO - DAG(s) 'send_reminder' retrieved from /home/kyuseok00/teamproj/airflow/dags/time.py
[2024-08-27T10:56:24.011+0900] {logging_mixin.py:188} INFO - [2024-08-27T10:56:24.011+0900] {dag.py:3089} INFO - Sync 1 DAGs
[2024-08-27T10:56:24.030+0900] {logging_mixin.py:188} INFO - [2024-08-27T10:56:24.030+0900] {dag.py:3947} INFO - Setting next_dagrun for send_reminder to 2024-08-25 09:30:00+00:00, run_after=2024-08-26 09:30:00+00:00
[2024-08-27T10:56:24.055+0900] {processor.py:183} INFO - Processing /home/kyuseok00/teamproj/airflow/dags/time.py took 0.126 seconds
[2024-08-27T10:56:54.272+0900] {processor.py:161} INFO - Started process (PID=21072) to work on /home/kyuseok00/teamproj/airflow/dags/time.py
[2024-08-27T10:56:54.281+0900] {processor.py:830} INFO - Processing file /home/kyuseok00/teamproj/airflow/dags/time.py for tasks to queue
[2024-08-27T10:56:54.283+0900] {logging_mixin.py:188} INFO - [2024-08-27T10:56:54.282+0900] {dagbag.py:545} INFO - Filling up the DagBag from /home/kyuseok00/teamproj/airflow/dags/time.py
[2024-08-27T10:56:54.330+0900] {processor.py:840} INFO - DAG(s) 'send_reminder' retrieved from /home/kyuseok00/teamproj/airflow/dags/time.py
[2024-08-27T10:56:54.350+0900] {logging_mixin.py:188} INFO - [2024-08-27T10:56:54.350+0900] {dag.py:3089} INFO - Sync 1 DAGs
[2024-08-27T10:56:54.370+0900] {logging_mixin.py:188} INFO - [2024-08-27T10:56:54.370+0900] {dag.py:3947} INFO - Setting next_dagrun for send_reminder to 2024-08-25 09:30:00+00:00, run_after=2024-08-26 09:30:00+00:00
[2024-08-27T10:56:54.394+0900] {processor.py:183} INFO - Processing /home/kyuseok00/teamproj/airflow/dags/time.py took 0.130 seconds
[2024-08-27T10:57:24.639+0900] {processor.py:161} INFO - Started process (PID=21074) to work on /home/kyuseok00/teamproj/airflow/dags/time.py
[2024-08-27T10:57:24.648+0900] {processor.py:830} INFO - Processing file /home/kyuseok00/teamproj/airflow/dags/time.py for tasks to queue
[2024-08-27T10:57:24.651+0900] {logging_mixin.py:188} INFO - [2024-08-27T10:57:24.651+0900] {dagbag.py:545} INFO - Filling up the DagBag from /home/kyuseok00/teamproj/airflow/dags/time.py
[2024-08-27T10:57:24.700+0900] {processor.py:840} INFO - DAG(s) 'send_reminder' retrieved from /home/kyuseok00/teamproj/airflow/dags/time.py
[2024-08-27T10:57:24.716+0900] {logging_mixin.py:188} INFO - [2024-08-27T10:57:24.716+0900] {dag.py:3089} INFO - Sync 1 DAGs
[2024-08-27T10:57:24.731+0900] {logging_mixin.py:188} INFO - [2024-08-27T10:57:24.731+0900] {dag.py:3947} INFO - Setting next_dagrun for send_reminder to 2024-08-25 09:30:00+00:00, run_after=2024-08-26 09:30:00+00:00
[2024-08-27T10:57:24.753+0900] {processor.py:183} INFO - Processing /home/kyuseok00/teamproj/airflow/dags/time.py took 0.125 seconds
[2024-08-27T10:57:54.988+0900] {processor.py:161} INFO - Started process (PID=21076) to work on /home/kyuseok00/teamproj/airflow/dags/time.py
[2024-08-27T10:57:54.990+0900] {processor.py:830} INFO - Processing file /home/kyuseok00/teamproj/airflow/dags/time.py for tasks to queue
[2024-08-27T10:57:54.993+0900] {logging_mixin.py:188} INFO - [2024-08-27T10:57:54.993+0900] {dagbag.py:545} INFO - Filling up the DagBag from /home/kyuseok00/teamproj/airflow/dags/time.py
[2024-08-27T10:57:55.047+0900] {processor.py:840} INFO - DAG(s) 'send_reminder' retrieved from /home/kyuseok00/teamproj/airflow/dags/time.py
[2024-08-27T10:57:55.066+0900] {logging_mixin.py:188} INFO - [2024-08-27T10:57:55.066+0900] {dag.py:3089} INFO - Sync 1 DAGs
[2024-08-27T10:57:55.083+0900] {logging_mixin.py:188} INFO - [2024-08-27T10:57:55.082+0900] {dag.py:3947} INFO - Setting next_dagrun for send_reminder to 2024-08-25 09:30:00+00:00, run_after=2024-08-26 09:30:00+00:00
[2024-08-27T10:57:55.103+0900] {processor.py:183} INFO - Processing /home/kyuseok00/teamproj/airflow/dags/time.py took 0.130 seconds
[2024-08-27T10:58:25.195+0900] {processor.py:161} INFO - Started process (PID=21078) to work on /home/kyuseok00/teamproj/airflow/dags/time.py
[2024-08-27T10:58:25.204+0900] {processor.py:830} INFO - Processing file /home/kyuseok00/teamproj/airflow/dags/time.py for tasks to queue
[2024-08-27T10:58:25.205+0900] {logging_mixin.py:188} INFO - [2024-08-27T10:58:25.205+0900] {dagbag.py:545} INFO - Filling up the DagBag from /home/kyuseok00/teamproj/airflow/dags/time.py
[2024-08-27T10:58:25.246+0900] {processor.py:840} INFO - DAG(s) 'send_reminder' retrieved from /home/kyuseok00/teamproj/airflow/dags/time.py
[2024-08-27T10:58:25.263+0900] {logging_mixin.py:188} INFO - [2024-08-27T10:58:25.263+0900] {dag.py:3089} INFO - Sync 1 DAGs
[2024-08-27T10:58:25.279+0900] {logging_mixin.py:188} INFO - [2024-08-27T10:58:25.279+0900] {dag.py:3947} INFO - Setting next_dagrun for send_reminder to 2024-08-25 09:30:00+00:00, run_after=2024-08-26 09:30:00+00:00
[2024-08-27T10:58:25.298+0900] {processor.py:183} INFO - Processing /home/kyuseok00/teamproj/airflow/dags/time.py took 0.108 seconds
[2024-08-27T10:58:55.506+0900] {processor.py:161} INFO - Started process (PID=21080) to work on /home/kyuseok00/teamproj/airflow/dags/time.py
[2024-08-27T10:58:55.507+0900] {processor.py:830} INFO - Processing file /home/kyuseok00/teamproj/airflow/dags/time.py for tasks to queue
[2024-08-27T10:58:55.509+0900] {logging_mixin.py:188} INFO - [2024-08-27T10:58:55.509+0900] {dagbag.py:545} INFO - Filling up the DagBag from /home/kyuseok00/teamproj/airflow/dags/time.py
[2024-08-27T10:58:55.558+0900] {processor.py:840} INFO - DAG(s) 'send_reminder' retrieved from /home/kyuseok00/teamproj/airflow/dags/time.py
[2024-08-27T10:58:55.576+0900] {logging_mixin.py:188} INFO - [2024-08-27T10:58:55.575+0900] {dag.py:3089} INFO - Sync 1 DAGs
[2024-08-27T10:58:55.592+0900] {logging_mixin.py:188} INFO - [2024-08-27T10:58:55.592+0900] {dag.py:3947} INFO - Setting next_dagrun for send_reminder to 2024-08-25 09:30:00+00:00, run_after=2024-08-26 09:30:00+00:00
[2024-08-27T10:58:55.615+0900] {processor.py:183} INFO - Processing /home/kyuseok00/teamproj/airflow/dags/time.py took 0.118 seconds
[2024-08-27T10:59:25.881+0900] {processor.py:161} INFO - Started process (PID=21082) to work on /home/kyuseok00/teamproj/airflow/dags/time.py
[2024-08-27T10:59:25.890+0900] {processor.py:830} INFO - Processing file /home/kyuseok00/teamproj/airflow/dags/time.py for tasks to queue
[2024-08-27T10:59:25.893+0900] {logging_mixin.py:188} INFO - [2024-08-27T10:59:25.892+0900] {dagbag.py:545} INFO - Filling up the DagBag from /home/kyuseok00/teamproj/airflow/dags/time.py
[2024-08-27T10:59:25.951+0900] {processor.py:840} INFO - DAG(s) 'send_reminder' retrieved from /home/kyuseok00/teamproj/airflow/dags/time.py
[2024-08-27T10:59:25.970+0900] {logging_mixin.py:188} INFO - [2024-08-27T10:59:25.969+0900] {dag.py:3089} INFO - Sync 1 DAGs
[2024-08-27T10:59:25.989+0900] {logging_mixin.py:188} INFO - [2024-08-27T10:59:25.989+0900] {dag.py:3947} INFO - Setting next_dagrun for send_reminder to 2024-08-25 09:30:00+00:00, run_after=2024-08-26 09:30:00+00:00
[2024-08-27T10:59:26.012+0900] {processor.py:183} INFO - Processing /home/kyuseok00/teamproj/airflow/dags/time.py took 0.141 seconds
[2024-08-27T10:59:56.177+0900] {processor.py:161} INFO - Started process (PID=21084) to work on /home/kyuseok00/teamproj/airflow/dags/time.py
[2024-08-27T10:59:56.178+0900] {processor.py:830} INFO - Processing file /home/kyuseok00/teamproj/airflow/dags/time.py for tasks to queue
[2024-08-27T10:59:56.180+0900] {logging_mixin.py:188} INFO - [2024-08-27T10:59:56.180+0900] {dagbag.py:545} INFO - Filling up the DagBag from /home/kyuseok00/teamproj/airflow/dags/time.py
[2024-08-27T10:59:56.227+0900] {processor.py:840} INFO - DAG(s) 'send_reminder' retrieved from /home/kyuseok00/teamproj/airflow/dags/time.py
[2024-08-27T10:59:56.248+0900] {logging_mixin.py:188} INFO - [2024-08-27T10:59:56.248+0900] {dag.py:3089} INFO - Sync 1 DAGs
[2024-08-27T10:59:56.268+0900] {logging_mixin.py:188} INFO - [2024-08-27T10:59:56.268+0900] {dag.py:3947} INFO - Setting next_dagrun for send_reminder to 2024-08-25 09:30:00+00:00, run_after=2024-08-26 09:30:00+00:00
[2024-08-27T10:59:56.291+0900] {processor.py:183} INFO - Processing /home/kyuseok00/teamproj/airflow/dags/time.py took 0.123 seconds
[2024-08-27T11:00:26.774+0900] {processor.py:161} INFO - Started process (PID=21321) to work on /home/kyuseok00/teamproj/airflow/dags/time.py
[2024-08-27T11:00:26.776+0900] {processor.py:830} INFO - Processing file /home/kyuseok00/teamproj/airflow/dags/time.py for tasks to queue
[2024-08-27T11:00:26.778+0900] {logging_mixin.py:188} INFO - [2024-08-27T11:00:26.778+0900] {dagbag.py:545} INFO - Filling up the DagBag from /home/kyuseok00/teamproj/airflow/dags/time.py
[2024-08-27T11:00:26.849+0900] {processor.py:840} INFO - DAG(s) 'send_reminder' retrieved from /home/kyuseok00/teamproj/airflow/dags/time.py
[2024-08-27T11:00:26.871+0900] {logging_mixin.py:188} INFO - [2024-08-27T11:00:26.870+0900] {dag.py:3089} INFO - Sync 1 DAGs
[2024-08-27T11:00:26.893+0900] {logging_mixin.py:188} INFO - [2024-08-27T11:00:26.893+0900] {dag.py:3947} INFO - Setting next_dagrun for send_reminder to 2024-08-25 09:30:00+00:00, run_after=2024-08-26 09:30:00+00:00
[2024-08-27T11:00:26.919+0900] {processor.py:183} INFO - Processing /home/kyuseok00/teamproj/airflow/dags/time.py took 0.153 seconds
[2024-08-27T11:00:57.042+0900] {processor.py:161} INFO - Started process (PID=21345) to work on /home/kyuseok00/teamproj/airflow/dags/time.py
[2024-08-27T11:00:57.045+0900] {processor.py:830} INFO - Processing file /home/kyuseok00/teamproj/airflow/dags/time.py for tasks to queue
[2024-08-27T11:00:57.047+0900] {logging_mixin.py:188} INFO - [2024-08-27T11:00:57.046+0900] {dagbag.py:545} INFO - Filling up the DagBag from /home/kyuseok00/teamproj/airflow/dags/time.py
[2024-08-27T11:00:57.096+0900] {processor.py:840} INFO - DAG(s) 'send_reminder' retrieved from /home/kyuseok00/teamproj/airflow/dags/time.py
[2024-08-27T11:00:57.118+0900] {logging_mixin.py:188} INFO - [2024-08-27T11:00:57.118+0900] {dag.py:3089} INFO - Sync 1 DAGs
[2024-08-27T11:00:57.139+0900] {logging_mixin.py:188} INFO - [2024-08-27T11:00:57.138+0900] {dag.py:3947} INFO - Setting next_dagrun for send_reminder to 2024-08-25 09:30:00+00:00, run_after=2024-08-26 09:30:00+00:00
[2024-08-27T11:00:57.162+0900] {processor.py:183} INFO - Processing /home/kyuseok00/teamproj/airflow/dags/time.py took 0.129 seconds
[2024-08-27T11:01:27.350+0900] {processor.py:161} INFO - Started process (PID=21347) to work on /home/kyuseok00/teamproj/airflow/dags/time.py
[2024-08-27T11:01:27.352+0900] {processor.py:830} INFO - Processing file /home/kyuseok00/teamproj/airflow/dags/time.py for tasks to queue
[2024-08-27T11:01:27.354+0900] {logging_mixin.py:188} INFO - [2024-08-27T11:01:27.354+0900] {dagbag.py:545} INFO - Filling up the DagBag from /home/kyuseok00/teamproj/airflow/dags/time.py
[2024-08-27T11:01:27.399+0900] {processor.py:840} INFO - DAG(s) 'send_reminder' retrieved from /home/kyuseok00/teamproj/airflow/dags/time.py
[2024-08-27T11:01:27.416+0900] {logging_mixin.py:188} INFO - [2024-08-27T11:01:27.416+0900] {dag.py:3089} INFO - Sync 1 DAGs
[2024-08-27T11:01:27.435+0900] {logging_mixin.py:188} INFO - [2024-08-27T11:01:27.435+0900] {dag.py:3947} INFO - Setting next_dagrun for send_reminder to 2024-08-25 09:30:00+00:00, run_after=2024-08-26 09:30:00+00:00
[2024-08-27T11:01:27.459+0900] {processor.py:183} INFO - Processing /home/kyuseok00/teamproj/airflow/dags/time.py took 0.118 seconds
[2024-08-27T11:01:57.639+0900] {processor.py:161} INFO - Started process (PID=21349) to work on /home/kyuseok00/teamproj/airflow/dags/time.py
[2024-08-27T11:01:57.648+0900] {processor.py:830} INFO - Processing file /home/kyuseok00/teamproj/airflow/dags/time.py for tasks to queue
[2024-08-27T11:01:57.650+0900] {logging_mixin.py:188} INFO - [2024-08-27T11:01:57.649+0900] {dagbag.py:545} INFO - Filling up the DagBag from /home/kyuseok00/teamproj/airflow/dags/time.py
[2024-08-27T11:01:57.698+0900] {processor.py:840} INFO - DAG(s) 'send_reminder' retrieved from /home/kyuseok00/teamproj/airflow/dags/time.py
[2024-08-27T11:01:57.715+0900] {logging_mixin.py:188} INFO - [2024-08-27T11:01:57.715+0900] {dag.py:3089} INFO - Sync 1 DAGs
[2024-08-27T11:01:57.731+0900] {logging_mixin.py:188} INFO - [2024-08-27T11:01:57.731+0900] {dag.py:3947} INFO - Setting next_dagrun for send_reminder to 2024-08-25 09:30:00+00:00, run_after=2024-08-26 09:30:00+00:00
[2024-08-27T11:01:57.755+0900] {processor.py:183} INFO - Processing /home/kyuseok00/teamproj/airflow/dags/time.py took 0.124 seconds
[2024-08-27T11:02:27.970+0900] {processor.py:161} INFO - Started process (PID=21351) to work on /home/kyuseok00/teamproj/airflow/dags/time.py
[2024-08-27T11:02:27.971+0900] {processor.py:830} INFO - Processing file /home/kyuseok00/teamproj/airflow/dags/time.py for tasks to queue
[2024-08-27T11:02:27.974+0900] {logging_mixin.py:188} INFO - [2024-08-27T11:02:27.973+0900] {dagbag.py:545} INFO - Filling up the DagBag from /home/kyuseok00/teamproj/airflow/dags/time.py
[2024-08-27T11:02:28.025+0900] {processor.py:840} INFO - DAG(s) 'send_reminder' retrieved from /home/kyuseok00/teamproj/airflow/dags/time.py
[2024-08-27T11:02:28.043+0900] {logging_mixin.py:188} INFO - [2024-08-27T11:02:28.043+0900] {dag.py:3089} INFO - Sync 1 DAGs
[2024-08-27T11:02:28.061+0900] {logging_mixin.py:188} INFO - [2024-08-27T11:02:28.061+0900] {dag.py:3947} INFO - Setting next_dagrun for send_reminder to 2024-08-25 09:30:00+00:00, run_after=2024-08-26 09:30:00+00:00
[2024-08-27T11:02:28.084+0900] {processor.py:183} INFO - Processing /home/kyuseok00/teamproj/airflow/dags/time.py took 0.124 seconds
[2024-08-27T11:02:58.425+0900] {processor.py:161} INFO - Started process (PID=21547) to work on /home/kyuseok00/teamproj/airflow/dags/time.py
[2024-08-27T11:02:58.426+0900] {processor.py:830} INFO - Processing file /home/kyuseok00/teamproj/airflow/dags/time.py for tasks to queue
[2024-08-27T11:02:58.428+0900] {logging_mixin.py:188} INFO - [2024-08-27T11:02:58.427+0900] {dagbag.py:545} INFO - Filling up the DagBag from /home/kyuseok00/teamproj/airflow/dags/time.py
[2024-08-27T11:02:58.471+0900] {processor.py:840} INFO - DAG(s) 'send_reminder' retrieved from /home/kyuseok00/teamproj/airflow/dags/time.py
[2024-08-27T11:02:58.492+0900] {logging_mixin.py:188} INFO - [2024-08-27T11:02:58.492+0900] {dag.py:3089} INFO - Sync 1 DAGs
[2024-08-27T11:02:58.513+0900] {logging_mixin.py:188} INFO - [2024-08-27T11:02:58.513+0900] {dag.py:3947} INFO - Setting next_dagrun for send_reminder to 2024-08-25 09:30:00+00:00, run_after=2024-08-26 09:30:00+00:00
[2024-08-27T11:02:58.620+0900] {processor.py:183} INFO - Processing /home/kyuseok00/teamproj/airflow/dags/time.py took 0.201 seconds
[2024-08-27T11:03:28.817+0900] {processor.py:161} INFO - Started process (PID=21550) to work on /home/kyuseok00/teamproj/airflow/dags/time.py
[2024-08-27T11:03:28.818+0900] {processor.py:830} INFO - Processing file /home/kyuseok00/teamproj/airflow/dags/time.py for tasks to queue
[2024-08-27T11:03:28.820+0900] {logging_mixin.py:188} INFO - [2024-08-27T11:03:28.820+0900] {dagbag.py:545} INFO - Filling up the DagBag from /home/kyuseok00/teamproj/airflow/dags/time.py
[2024-08-27T11:03:28.862+0900] {processor.py:840} INFO - DAG(s) 'send_reminder' retrieved from /home/kyuseok00/teamproj/airflow/dags/time.py
[2024-08-27T11:03:28.879+0900] {logging_mixin.py:188} INFO - [2024-08-27T11:03:28.879+0900] {dag.py:3089} INFO - Sync 1 DAGs
[2024-08-27T11:03:28.982+0900] {logging_mixin.py:188} INFO - [2024-08-27T11:03:28.982+0900] {dag.py:3947} INFO - Setting next_dagrun for send_reminder to 2024-08-25 09:30:00+00:00, run_after=2024-08-26 09:30:00+00:00
[2024-08-27T11:03:29.006+0900] {processor.py:183} INFO - Processing /home/kyuseok00/teamproj/airflow/dags/time.py took 0.195 seconds
[2024-08-27T11:03:59.104+0900] {processor.py:161} INFO - Started process (PID=21552) to work on /home/kyuseok00/teamproj/airflow/dags/time.py
[2024-08-27T11:03:59.105+0900] {processor.py:830} INFO - Processing file /home/kyuseok00/teamproj/airflow/dags/time.py for tasks to queue
[2024-08-27T11:03:59.106+0900] {logging_mixin.py:188} INFO - [2024-08-27T11:03:59.106+0900] {dagbag.py:545} INFO - Filling up the DagBag from /home/kyuseok00/teamproj/airflow/dags/time.py
[2024-08-27T11:03:59.151+0900] {processor.py:840} INFO - DAG(s) 'send_reminder' retrieved from /home/kyuseok00/teamproj/airflow/dags/time.py
[2024-08-27T11:03:59.169+0900] {logging_mixin.py:188} INFO - [2024-08-27T11:03:59.169+0900] {dag.py:3089} INFO - Sync 1 DAGs
[2024-08-27T11:03:59.275+0900] {logging_mixin.py:188} INFO - [2024-08-27T11:03:59.275+0900] {dag.py:3947} INFO - Setting next_dagrun for send_reminder to 2024-08-25 09:30:00+00:00, run_after=2024-08-26 09:30:00+00:00
[2024-08-27T11:03:59.301+0900] {processor.py:183} INFO - Processing /home/kyuseok00/teamproj/airflow/dags/time.py took 0.202 seconds
[2024-08-27T11:04:29.525+0900] {processor.py:161} INFO - Started process (PID=21556) to work on /home/kyuseok00/teamproj/airflow/dags/time.py
[2024-08-27T11:04:29.529+0900] {processor.py:830} INFO - Processing file /home/kyuseok00/teamproj/airflow/dags/time.py for tasks to queue
[2024-08-27T11:04:29.533+0900] {logging_mixin.py:188} INFO - [2024-08-27T11:04:29.532+0900] {dagbag.py:545} INFO - Filling up the DagBag from /home/kyuseok00/teamproj/airflow/dags/time.py
[2024-08-27T11:04:29.598+0900] {processor.py:840} INFO - DAG(s) 'send_reminder' retrieved from /home/kyuseok00/teamproj/airflow/dags/time.py
[2024-08-27T11:04:29.619+0900] {logging_mixin.py:188} INFO - [2024-08-27T11:04:29.619+0900] {dag.py:3089} INFO - Sync 1 DAGs
[2024-08-27T11:04:29.716+0900] {logging_mixin.py:188} INFO - [2024-08-27T11:04:29.716+0900] {dag.py:3947} INFO - Setting next_dagrun for send_reminder to 2024-08-25 09:30:00+00:00, run_after=2024-08-26 09:30:00+00:00
[2024-08-27T11:04:29.737+0900] {processor.py:183} INFO - Processing /home/kyuseok00/teamproj/airflow/dags/time.py took 0.228 seconds
[2024-08-27T11:04:59.892+0900] {processor.py:161} INFO - Started process (PID=21558) to work on /home/kyuseok00/teamproj/airflow/dags/time.py
[2024-08-27T11:04:59.892+0900] {processor.py:830} INFO - Processing file /home/kyuseok00/teamproj/airflow/dags/time.py for tasks to queue
[2024-08-27T11:04:59.894+0900] {logging_mixin.py:188} INFO - [2024-08-27T11:04:59.893+0900] {dagbag.py:545} INFO - Filling up the DagBag from /home/kyuseok00/teamproj/airflow/dags/time.py
[2024-08-27T11:04:59.945+0900] {processor.py:840} INFO - DAG(s) 'send_reminder' retrieved from /home/kyuseok00/teamproj/airflow/dags/time.py
[2024-08-27T11:05:00.078+0900] {logging_mixin.py:188} INFO - [2024-08-27T11:05:00.078+0900] {dag.py:3089} INFO - Sync 1 DAGs
[2024-08-27T11:05:00.100+0900] {logging_mixin.py:188} INFO - [2024-08-27T11:05:00.100+0900] {dag.py:3947} INFO - Setting next_dagrun for send_reminder to 2024-08-25 09:30:00+00:00, run_after=2024-08-26 09:30:00+00:00
[2024-08-27T11:05:00.123+0900] {processor.py:183} INFO - Processing /home/kyuseok00/teamproj/airflow/dags/time.py took 0.236 seconds
[2024-08-27T11:05:30.265+0900] {processor.py:161} INFO - Started process (PID=21979) to work on /home/kyuseok00/teamproj/airflow/dags/time.py
[2024-08-27T11:05:30.266+0900] {processor.py:830} INFO - Processing file /home/kyuseok00/teamproj/airflow/dags/time.py for tasks to queue
[2024-08-27T11:05:30.268+0900] {logging_mixin.py:188} INFO - [2024-08-27T11:05:30.268+0900] {dagbag.py:545} INFO - Filling up the DagBag from /home/kyuseok00/teamproj/airflow/dags/time.py
[2024-08-27T11:05:30.313+0900] {processor.py:840} INFO - DAG(s) 'send_reminder' retrieved from /home/kyuseok00/teamproj/airflow/dags/time.py
[2024-08-27T11:05:30.437+0900] {logging_mixin.py:188} INFO - [2024-08-27T11:05:30.437+0900] {dag.py:3089} INFO - Sync 1 DAGs
[2024-08-27T11:05:30.461+0900] {logging_mixin.py:188} INFO - [2024-08-27T11:05:30.460+0900] {dag.py:3947} INFO - Setting next_dagrun for send_reminder to 2024-08-25 09:30:00+00:00, run_after=2024-08-26 09:30:00+00:00
[2024-08-27T11:05:30.485+0900] {processor.py:183} INFO - Processing /home/kyuseok00/teamproj/airflow/dags/time.py took 0.227 seconds
[2024-08-27T11:06:02.043+0900] {processor.py:161} INFO - Started process (PID=22424) to work on /home/kyuseok00/teamproj/airflow/dags/time.py
[2024-08-27T11:06:02.044+0900] {processor.py:830} INFO - Processing file /home/kyuseok00/teamproj/airflow/dags/time.py for tasks to queue
[2024-08-27T11:06:02.046+0900] {logging_mixin.py:188} INFO - [2024-08-27T11:06:02.046+0900] {dagbag.py:545} INFO - Filling up the DagBag from /home/kyuseok00/teamproj/airflow/dags/time.py
[2024-08-27T11:06:02.189+0900] {processor.py:840} INFO - DAG(s) 'send_reminder' retrieved from /home/kyuseok00/teamproj/airflow/dags/time.py
[2024-08-27T11:06:02.207+0900] {logging_mixin.py:188} INFO - [2024-08-27T11:06:02.207+0900] {dag.py:3089} INFO - Sync 1 DAGs
[2024-08-27T11:06:02.225+0900] {logging_mixin.py:188} INFO - [2024-08-27T11:06:02.225+0900] {dag.py:3947} INFO - Setting next_dagrun for send_reminder to 2024-08-25 09:30:00+00:00, run_after=2024-08-26 09:30:00+00:00
[2024-08-27T11:06:02.247+0900] {processor.py:183} INFO - Processing /home/kyuseok00/teamproj/airflow/dags/time.py took 0.214 seconds
[2024-08-27T11:06:32.439+0900] {processor.py:161} INFO - Started process (PID=22427) to work on /home/kyuseok00/teamproj/airflow/dags/time.py
[2024-08-27T11:06:32.441+0900] {processor.py:830} INFO - Processing file /home/kyuseok00/teamproj/airflow/dags/time.py for tasks to queue
[2024-08-27T11:06:32.442+0900] {logging_mixin.py:188} INFO - [2024-08-27T11:06:32.442+0900] {dagbag.py:545} INFO - Filling up the DagBag from /home/kyuseok00/teamproj/airflow/dags/time.py
[2024-08-27T11:06:32.569+0900] {processor.py:840} INFO - DAG(s) 'send_reminder' retrieved from /home/kyuseok00/teamproj/airflow/dags/time.py
[2024-08-27T11:06:32.583+0900] {logging_mixin.py:188} INFO - [2024-08-27T11:06:32.583+0900] {dag.py:3089} INFO - Sync 1 DAGs
[2024-08-27T11:06:32.598+0900] {logging_mixin.py:188} INFO - [2024-08-27T11:06:32.597+0900] {dag.py:3947} INFO - Setting next_dagrun for send_reminder to 2024-08-25 09:30:00+00:00, run_after=2024-08-26 09:30:00+00:00
[2024-08-27T11:06:32.616+0900] {processor.py:183} INFO - Processing /home/kyuseok00/teamproj/airflow/dags/time.py took 0.184 seconds
[2024-08-27T11:07:02.844+0900] {processor.py:161} INFO - Started process (PID=22429) to work on /home/kyuseok00/teamproj/airflow/dags/time.py
[2024-08-27T11:07:02.845+0900] {processor.py:830} INFO - Processing file /home/kyuseok00/teamproj/airflow/dags/time.py for tasks to queue
[2024-08-27T11:07:02.847+0900] {logging_mixin.py:188} INFO - [2024-08-27T11:07:02.847+0900] {dagbag.py:545} INFO - Filling up the DagBag from /home/kyuseok00/teamproj/airflow/dags/time.py
[2024-08-27T11:07:02.994+0900] {processor.py:840} INFO - DAG(s) 'send_reminder' retrieved from /home/kyuseok00/teamproj/airflow/dags/time.py
[2024-08-27T11:07:03.013+0900] {logging_mixin.py:188} INFO - [2024-08-27T11:07:03.013+0900] {dag.py:3089} INFO - Sync 1 DAGs
[2024-08-27T11:07:03.030+0900] {logging_mixin.py:188} INFO - [2024-08-27T11:07:03.030+0900] {dag.py:3947} INFO - Setting next_dagrun for send_reminder to 2024-08-25 09:30:00+00:00, run_after=2024-08-26 09:30:00+00:00
[2024-08-27T11:07:03.054+0900] {processor.py:183} INFO - Processing /home/kyuseok00/teamproj/airflow/dags/time.py took 0.218 seconds
[2024-08-27T11:07:33.273+0900] {processor.py:161} INFO - Started process (PID=22431) to work on /home/kyuseok00/teamproj/airflow/dags/time.py
[2024-08-27T11:07:33.283+0900] {processor.py:830} INFO - Processing file /home/kyuseok00/teamproj/airflow/dags/time.py for tasks to queue
[2024-08-27T11:07:33.286+0900] {logging_mixin.py:188} INFO - [2024-08-27T11:07:33.285+0900] {dagbag.py:545} INFO - Filling up the DagBag from /home/kyuseok00/teamproj/airflow/dags/time.py
[2024-08-27T11:07:33.429+0900] {processor.py:840} INFO - DAG(s) 'send_reminder' retrieved from /home/kyuseok00/teamproj/airflow/dags/time.py
[2024-08-27T11:07:33.447+0900] {logging_mixin.py:188} INFO - [2024-08-27T11:07:33.446+0900] {dag.py:3089} INFO - Sync 1 DAGs
[2024-08-27T11:07:33.464+0900] {logging_mixin.py:188} INFO - [2024-08-27T11:07:33.464+0900] {dag.py:3947} INFO - Setting next_dagrun for send_reminder to 2024-08-25 09:30:00+00:00, run_after=2024-08-26 09:30:00+00:00
[2024-08-27T11:07:33.485+0900] {processor.py:183} INFO - Processing /home/kyuseok00/teamproj/airflow/dags/time.py took 0.226 seconds
[2024-08-27T11:08:03.650+0900] {processor.py:161} INFO - Started process (PID=22530) to work on /home/kyuseok00/teamproj/airflow/dags/time.py
[2024-08-27T11:08:03.652+0900] {processor.py:830} INFO - Processing file /home/kyuseok00/teamproj/airflow/dags/time.py for tasks to queue
[2024-08-27T11:08:03.654+0900] {logging_mixin.py:188} INFO - [2024-08-27T11:08:03.654+0900] {dagbag.py:545} INFO - Filling up the DagBag from /home/kyuseok00/teamproj/airflow/dags/time.py
[2024-08-27T11:08:03.794+0900] {processor.py:840} INFO - DAG(s) 'send_reminder' retrieved from /home/kyuseok00/teamproj/airflow/dags/time.py
[2024-08-27T11:08:03.810+0900] {logging_mixin.py:188} INFO - [2024-08-27T11:08:03.810+0900] {dag.py:3089} INFO - Sync 1 DAGs
[2024-08-27T11:08:03.827+0900] {logging_mixin.py:188} INFO - [2024-08-27T11:08:03.827+0900] {dag.py:3947} INFO - Setting next_dagrun for send_reminder to 2024-08-25 09:30:00+00:00, run_after=2024-08-26 09:30:00+00:00
[2024-08-27T11:08:03.852+0900] {processor.py:183} INFO - Processing /home/kyuseok00/teamproj/airflow/dags/time.py took 0.212 seconds
[2024-08-27T11:08:34.050+0900] {processor.py:161} INFO - Started process (PID=22532) to work on /home/kyuseok00/teamproj/airflow/dags/time.py
[2024-08-27T11:08:34.057+0900] {processor.py:830} INFO - Processing file /home/kyuseok00/teamproj/airflow/dags/time.py for tasks to queue
[2024-08-27T11:08:34.059+0900] {logging_mixin.py:188} INFO - [2024-08-27T11:08:34.059+0900] {dagbag.py:545} INFO - Filling up the DagBag from /home/kyuseok00/teamproj/airflow/dags/time.py
[2024-08-27T11:08:34.202+0900] {processor.py:840} INFO - DAG(s) 'send_reminder' retrieved from /home/kyuseok00/teamproj/airflow/dags/time.py
[2024-08-27T11:08:34.219+0900] {logging_mixin.py:188} INFO - [2024-08-27T11:08:34.219+0900] {dag.py:3089} INFO - Sync 1 DAGs
[2024-08-27T11:08:34.235+0900] {logging_mixin.py:188} INFO - [2024-08-27T11:08:34.235+0900] {dag.py:3947} INFO - Setting next_dagrun for send_reminder to 2024-08-25 09:30:00+00:00, run_after=2024-08-26 09:30:00+00:00
[2024-08-27T11:08:34.257+0900] {processor.py:183} INFO - Processing /home/kyuseok00/teamproj/airflow/dags/time.py took 0.214 seconds
[2024-08-27T11:09:04.479+0900] {processor.py:161} INFO - Started process (PID=22534) to work on /home/kyuseok00/teamproj/airflow/dags/time.py
[2024-08-27T11:09:04.480+0900] {processor.py:830} INFO - Processing file /home/kyuseok00/teamproj/airflow/dags/time.py for tasks to queue
[2024-08-27T11:09:04.482+0900] {logging_mixin.py:188} INFO - [2024-08-27T11:09:04.481+0900] {dagbag.py:545} INFO - Filling up the DagBag from /home/kyuseok00/teamproj/airflow/dags/time.py
[2024-08-27T11:09:04.618+0900] {processor.py:840} INFO - DAG(s) 'send_reminder' retrieved from /home/kyuseok00/teamproj/airflow/dags/time.py
[2024-08-27T11:09:04.637+0900] {logging_mixin.py:188} INFO - [2024-08-27T11:09:04.636+0900] {dag.py:3089} INFO - Sync 1 DAGs
[2024-08-27T11:09:04.654+0900] {logging_mixin.py:188} INFO - [2024-08-27T11:09:04.653+0900] {dag.py:3947} INFO - Setting next_dagrun for send_reminder to 2024-08-25 09:30:00+00:00, run_after=2024-08-26 09:30:00+00:00
[2024-08-27T11:09:04.678+0900] {processor.py:183} INFO - Processing /home/kyuseok00/teamproj/airflow/dags/time.py took 0.208 seconds
[2024-08-27T11:09:34.862+0900] {processor.py:161} INFO - Started process (PID=22536) to work on /home/kyuseok00/teamproj/airflow/dags/time.py
[2024-08-27T11:09:34.871+0900] {processor.py:830} INFO - Processing file /home/kyuseok00/teamproj/airflow/dags/time.py for tasks to queue
[2024-08-27T11:09:34.874+0900] {logging_mixin.py:188} INFO - [2024-08-27T11:09:34.873+0900] {dagbag.py:545} INFO - Filling up the DagBag from /home/kyuseok00/teamproj/airflow/dags/time.py
[2024-08-27T11:09:35.017+0900] {processor.py:840} INFO - DAG(s) 'send_reminder' retrieved from /home/kyuseok00/teamproj/airflow/dags/time.py
[2024-08-27T11:09:35.033+0900] {logging_mixin.py:188} INFO - [2024-08-27T11:09:35.033+0900] {dag.py:3089} INFO - Sync 1 DAGs
[2024-08-27T11:09:35.049+0900] {logging_mixin.py:188} INFO - [2024-08-27T11:09:35.049+0900] {dag.py:3947} INFO - Setting next_dagrun for send_reminder to 2024-08-25 09:30:00+00:00, run_after=2024-08-26 09:30:00+00:00
[2024-08-27T11:09:35.071+0900] {processor.py:183} INFO - Processing /home/kyuseok00/teamproj/airflow/dags/time.py took 0.220 seconds
[2024-08-27T11:10:05.508+0900] {processor.py:161} INFO - Started process (PID=22541) to work on /home/kyuseok00/teamproj/airflow/dags/time.py
[2024-08-27T11:10:05.509+0900] {processor.py:830} INFO - Processing file /home/kyuseok00/teamproj/airflow/dags/time.py for tasks to queue
[2024-08-27T11:10:05.512+0900] {logging_mixin.py:188} INFO - [2024-08-27T11:10:05.511+0900] {dagbag.py:545} INFO - Filling up the DagBag from /home/kyuseok00/teamproj/airflow/dags/time.py
[2024-08-27T11:10:05.560+0900] {processor.py:840} INFO - DAG(s) 'send_reminder' retrieved from /home/kyuseok00/teamproj/airflow/dags/time.py
[2024-08-27T11:10:05.577+0900] {logging_mixin.py:188} INFO - [2024-08-27T11:10:05.577+0900] {dag.py:3089} INFO - Sync 1 DAGs
[2024-08-27T11:10:05.593+0900] {logging_mixin.py:188} INFO - [2024-08-27T11:10:05.592+0900] {dag.py:3947} INFO - Setting next_dagrun for send_reminder to 2024-08-25 09:30:00+00:00, run_after=2024-08-26 09:30:00+00:00
[2024-08-27T11:10:05.617+0900] {processor.py:183} INFO - Processing /home/kyuseok00/teamproj/airflow/dags/time.py took 0.117 seconds
[2024-08-27T11:10:36.117+0900] {processor.py:161} INFO - Started process (PID=22543) to work on /home/kyuseok00/teamproj/airflow/dags/time.py
[2024-08-27T11:10:36.126+0900] {processor.py:830} INFO - Processing file /home/kyuseok00/teamproj/airflow/dags/time.py for tasks to queue
[2024-08-27T11:10:36.129+0900] {logging_mixin.py:188} INFO - [2024-08-27T11:10:36.128+0900] {dagbag.py:545} INFO - Filling up the DagBag from /home/kyuseok00/teamproj/airflow/dags/time.py
[2024-08-27T11:10:36.185+0900] {processor.py:840} INFO - DAG(s) 'send_reminder' retrieved from /home/kyuseok00/teamproj/airflow/dags/time.py
[2024-08-27T11:10:36.205+0900] {logging_mixin.py:188} INFO - [2024-08-27T11:10:36.205+0900] {dag.py:3089} INFO - Sync 1 DAGs
[2024-08-27T11:10:36.225+0900] {logging_mixin.py:188} INFO - [2024-08-27T11:10:36.224+0900] {dag.py:3947} INFO - Setting next_dagrun for send_reminder to 2024-08-25 09:30:00+00:00, run_after=2024-08-26 09:30:00+00:00
[2024-08-27T11:10:36.250+0900] {processor.py:183} INFO - Processing /home/kyuseok00/teamproj/airflow/dags/time.py took 0.145 seconds
[2024-08-27T11:11:06.495+0900] {processor.py:161} INFO - Started process (PID=22545) to work on /home/kyuseok00/teamproj/airflow/dags/time.py
[2024-08-27T11:11:06.497+0900] {processor.py:830} INFO - Processing file /home/kyuseok00/teamproj/airflow/dags/time.py for tasks to queue
[2024-08-27T11:11:06.499+0900] {logging_mixin.py:188} INFO - [2024-08-27T11:11:06.499+0900] {dagbag.py:545} INFO - Filling up the DagBag from /home/kyuseok00/teamproj/airflow/dags/time.py
[2024-08-27T11:11:06.559+0900] {processor.py:840} INFO - DAG(s) 'send_reminder' retrieved from /home/kyuseok00/teamproj/airflow/dags/time.py
[2024-08-27T11:11:06.578+0900] {logging_mixin.py:188} INFO - [2024-08-27T11:11:06.577+0900] {dag.py:3089} INFO - Sync 1 DAGs
[2024-08-27T11:11:06.594+0900] {logging_mixin.py:188} INFO - [2024-08-27T11:11:06.594+0900] {dag.py:3947} INFO - Setting next_dagrun for send_reminder to 2024-08-25 09:30:00+00:00, run_after=2024-08-26 09:30:00+00:00
[2024-08-27T11:11:06.620+0900] {processor.py:183} INFO - Processing /home/kyuseok00/teamproj/airflow/dags/time.py took 0.138 seconds
[2024-08-27T11:11:36.913+0900] {processor.py:161} INFO - Started process (PID=22644) to work on /home/kyuseok00/teamproj/airflow/dags/time.py
[2024-08-27T11:11:36.922+0900] {processor.py:830} INFO - Processing file /home/kyuseok00/teamproj/airflow/dags/time.py for tasks to queue
[2024-08-27T11:11:36.924+0900] {logging_mixin.py:188} INFO - [2024-08-27T11:11:36.923+0900] {dagbag.py:545} INFO - Filling up the DagBag from /home/kyuseok00/teamproj/airflow/dags/time.py
[2024-08-27T11:11:36.977+0900] {processor.py:840} INFO - DAG(s) 'send_reminder' retrieved from /home/kyuseok00/teamproj/airflow/dags/time.py
[2024-08-27T11:11:36.995+0900] {logging_mixin.py:188} INFO - [2024-08-27T11:11:36.995+0900] {dag.py:3089} INFO - Sync 1 DAGs
[2024-08-27T11:11:37.015+0900] {logging_mixin.py:188} INFO - [2024-08-27T11:11:37.015+0900] {dag.py:3947} INFO - Setting next_dagrun for send_reminder to 2024-08-25 09:30:00+00:00, run_after=2024-08-26 09:30:00+00:00
[2024-08-27T11:11:37.038+0900] {processor.py:183} INFO - Processing /home/kyuseok00/teamproj/airflow/dags/time.py took 0.134 seconds
[2024-08-27T11:12:07.268+0900] {processor.py:161} INFO - Started process (PID=22646) to work on /home/kyuseok00/teamproj/airflow/dags/time.py
[2024-08-27T11:12:07.270+0900] {processor.py:830} INFO - Processing file /home/kyuseok00/teamproj/airflow/dags/time.py for tasks to queue
[2024-08-27T11:12:07.273+0900] {logging_mixin.py:188} INFO - [2024-08-27T11:12:07.272+0900] {dagbag.py:545} INFO - Filling up the DagBag from /home/kyuseok00/teamproj/airflow/dags/time.py
[2024-08-27T11:12:07.350+0900] {processor.py:840} INFO - DAG(s) 'send_reminder' retrieved from /home/kyuseok00/teamproj/airflow/dags/time.py
[2024-08-27T11:12:07.403+0900] {logging_mixin.py:188} INFO - [2024-08-27T11:12:07.403+0900] {dag.py:3089} INFO - Sync 1 DAGs
[2024-08-27T11:12:07.432+0900] {logging_mixin.py:188} INFO - [2024-08-27T11:12:07.432+0900] {dag.py:3947} INFO - Setting next_dagrun for send_reminder to 2024-08-25 09:30:00+00:00, run_after=2024-08-26 09:30:00+00:00
[2024-08-27T11:12:07.455+0900] {processor.py:183} INFO - Processing /home/kyuseok00/teamproj/airflow/dags/time.py took 0.205 seconds
[2024-08-27T11:12:37.715+0900] {processor.py:161} INFO - Started process (PID=22648) to work on /home/kyuseok00/teamproj/airflow/dags/time.py
[2024-08-27T11:12:37.716+0900] {processor.py:830} INFO - Processing file /home/kyuseok00/teamproj/airflow/dags/time.py for tasks to queue
[2024-08-27T11:12:37.719+0900] {logging_mixin.py:188} INFO - [2024-08-27T11:12:37.718+0900] {dagbag.py:545} INFO - Filling up the DagBag from /home/kyuseok00/teamproj/airflow/dags/time.py
[2024-08-27T11:12:37.774+0900] {processor.py:840} INFO - DAG(s) 'send_reminder' retrieved from /home/kyuseok00/teamproj/airflow/dags/time.py
[2024-08-27T11:12:37.794+0900] {logging_mixin.py:188} INFO - [2024-08-27T11:12:37.793+0900] {dag.py:3089} INFO - Sync 1 DAGs
[2024-08-27T11:12:37.809+0900] {logging_mixin.py:188} INFO - [2024-08-27T11:12:37.808+0900] {dag.py:3947} INFO - Setting next_dagrun for send_reminder to 2024-08-25 09:30:00+00:00, run_after=2024-08-26 09:30:00+00:00
[2024-08-27T11:12:37.829+0900] {processor.py:183} INFO - Processing /home/kyuseok00/teamproj/airflow/dags/time.py took 0.125 seconds
[2024-08-27T11:13:08.004+0900] {processor.py:161} INFO - Started process (PID=22650) to work on /home/kyuseok00/teamproj/airflow/dags/time.py
[2024-08-27T11:13:08.014+0900] {processor.py:830} INFO - Processing file /home/kyuseok00/teamproj/airflow/dags/time.py for tasks to queue
[2024-08-27T11:13:08.017+0900] {logging_mixin.py:188} INFO - [2024-08-27T11:13:08.016+0900] {dagbag.py:545} INFO - Filling up the DagBag from /home/kyuseok00/teamproj/airflow/dags/time.py
[2024-08-27T11:13:08.072+0900] {processor.py:840} INFO - DAG(s) 'send_reminder' retrieved from /home/kyuseok00/teamproj/airflow/dags/time.py
[2024-08-27T11:13:08.092+0900] {logging_mixin.py:188} INFO - [2024-08-27T11:13:08.092+0900] {dag.py:3089} INFO - Sync 1 DAGs
[2024-08-27T11:13:08.109+0900] {logging_mixin.py:188} INFO - [2024-08-27T11:13:08.109+0900] {dag.py:3947} INFO - Setting next_dagrun for send_reminder to 2024-08-25 09:30:00+00:00, run_after=2024-08-26 09:30:00+00:00
[2024-08-27T11:13:08.129+0900] {processor.py:183} INFO - Processing /home/kyuseok00/teamproj/airflow/dags/time.py took 0.138 seconds
[2024-08-27T11:13:38.260+0900] {processor.py:161} INFO - Started process (PID=22652) to work on /home/kyuseok00/teamproj/airflow/dags/time.py
[2024-08-27T11:13:38.262+0900] {processor.py:830} INFO - Processing file /home/kyuseok00/teamproj/airflow/dags/time.py for tasks to queue
[2024-08-27T11:13:38.267+0900] {logging_mixin.py:188} INFO - [2024-08-27T11:13:38.267+0900] {dagbag.py:545} INFO - Filling up the DagBag from /home/kyuseok00/teamproj/airflow/dags/time.py
[2024-08-27T11:13:38.332+0900] {processor.py:840} INFO - DAG(s) 'send_reminder' retrieved from /home/kyuseok00/teamproj/airflow/dags/time.py
[2024-08-27T11:13:38.351+0900] {logging_mixin.py:188} INFO - [2024-08-27T11:13:38.351+0900] {dag.py:3089} INFO - Sync 1 DAGs
[2024-08-27T11:13:38.369+0900] {logging_mixin.py:188} INFO - [2024-08-27T11:13:38.369+0900] {dag.py:3947} INFO - Setting next_dagrun for send_reminder to 2024-08-25 09:30:00+00:00, run_after=2024-08-26 09:30:00+00:00
[2024-08-27T11:13:38.395+0900] {processor.py:183} INFO - Processing /home/kyuseok00/teamproj/airflow/dags/time.py took 0.142 seconds
[2024-08-27T11:14:08.556+0900] {processor.py:161} INFO - Started process (PID=22654) to work on /home/kyuseok00/teamproj/airflow/dags/time.py
[2024-08-27T11:14:08.565+0900] {processor.py:830} INFO - Processing file /home/kyuseok00/teamproj/airflow/dags/time.py for tasks to queue
[2024-08-27T11:14:08.568+0900] {logging_mixin.py:188} INFO - [2024-08-27T11:14:08.567+0900] {dagbag.py:545} INFO - Filling up the DagBag from /home/kyuseok00/teamproj/airflow/dags/time.py
[2024-08-27T11:14:08.624+0900] {processor.py:840} INFO - DAG(s) 'send_reminder' retrieved from /home/kyuseok00/teamproj/airflow/dags/time.py
[2024-08-27T11:14:08.647+0900] {logging_mixin.py:188} INFO - [2024-08-27T11:14:08.646+0900] {dag.py:3089} INFO - Sync 1 DAGs
[2024-08-27T11:14:08.688+0900] {logging_mixin.py:188} INFO - [2024-08-27T11:14:08.688+0900] {dag.py:3947} INFO - Setting next_dagrun for send_reminder to 2024-08-25 09:30:00+00:00, run_after=2024-08-26 09:30:00+00:00
[2024-08-27T11:14:08.714+0900] {processor.py:183} INFO - Processing /home/kyuseok00/teamproj/airflow/dags/time.py took 0.171 seconds
[2024-08-27T11:14:38.849+0900] {processor.py:161} INFO - Started process (PID=22656) to work on /home/kyuseok00/teamproj/airflow/dags/time.py
[2024-08-27T11:14:38.850+0900] {processor.py:830} INFO - Processing file /home/kyuseok00/teamproj/airflow/dags/time.py for tasks to queue
[2024-08-27T11:14:38.852+0900] {logging_mixin.py:188} INFO - [2024-08-27T11:14:38.852+0900] {dagbag.py:545} INFO - Filling up the DagBag from /home/kyuseok00/teamproj/airflow/dags/time.py
[2024-08-27T11:14:38.903+0900] {processor.py:840} INFO - DAG(s) 'send_reminder' retrieved from /home/kyuseok00/teamproj/airflow/dags/time.py
[2024-08-27T11:14:38.923+0900] {logging_mixin.py:188} INFO - [2024-08-27T11:14:38.923+0900] {dag.py:3089} INFO - Sync 1 DAGs
[2024-08-27T11:14:38.939+0900] {logging_mixin.py:188} INFO - [2024-08-27T11:14:38.939+0900] {dag.py:3947} INFO - Setting next_dagrun for send_reminder to 2024-08-25 09:30:00+00:00, run_after=2024-08-26 09:30:00+00:00
[2024-08-27T11:14:38.962+0900] {processor.py:183} INFO - Processing /home/kyuseok00/teamproj/airflow/dags/time.py took 0.120 seconds
[2024-08-27T11:15:09.115+0900] {processor.py:161} INFO - Started process (PID=22659) to work on /home/kyuseok00/teamproj/airflow/dags/time.py
[2024-08-27T11:15:09.116+0900] {processor.py:830} INFO - Processing file /home/kyuseok00/teamproj/airflow/dags/time.py for tasks to queue
[2024-08-27T11:15:09.119+0900] {logging_mixin.py:188} INFO - [2024-08-27T11:15:09.118+0900] {dagbag.py:545} INFO - Filling up the DagBag from /home/kyuseok00/teamproj/airflow/dags/time.py
[2024-08-27T11:15:09.173+0900] {processor.py:840} INFO - DAG(s) 'send_reminder' retrieved from /home/kyuseok00/teamproj/airflow/dags/time.py
[2024-08-27T11:15:09.192+0900] {logging_mixin.py:188} INFO - [2024-08-27T11:15:09.192+0900] {dag.py:3089} INFO - Sync 1 DAGs
[2024-08-27T11:15:09.211+0900] {logging_mixin.py:188} INFO - [2024-08-27T11:15:09.211+0900] {dag.py:3947} INFO - Setting next_dagrun for send_reminder to 2024-08-25 09:30:00+00:00, run_after=2024-08-26 09:30:00+00:00
[2024-08-27T11:15:09.236+0900] {processor.py:183} INFO - Processing /home/kyuseok00/teamproj/airflow/dags/time.py took 0.131 seconds
[2024-08-27T11:15:39.456+0900] {processor.py:161} INFO - Started process (PID=22661) to work on /home/kyuseok00/teamproj/airflow/dags/time.py
[2024-08-27T11:15:39.457+0900] {processor.py:830} INFO - Processing file /home/kyuseok00/teamproj/airflow/dags/time.py for tasks to queue
[2024-08-27T11:15:39.459+0900] {logging_mixin.py:188} INFO - [2024-08-27T11:15:39.458+0900] {dagbag.py:545} INFO - Filling up the DagBag from /home/kyuseok00/teamproj/airflow/dags/time.py
[2024-08-27T11:15:39.510+0900] {processor.py:840} INFO - DAG(s) 'send_reminder' retrieved from /home/kyuseok00/teamproj/airflow/dags/time.py
[2024-08-27T11:15:39.529+0900] {logging_mixin.py:188} INFO - [2024-08-27T11:15:39.528+0900] {dag.py:3089} INFO - Sync 1 DAGs
[2024-08-27T11:15:39.550+0900] {logging_mixin.py:188} INFO - [2024-08-27T11:15:39.550+0900] {dag.py:3947} INFO - Setting next_dagrun for send_reminder to 2024-08-25 09:30:00+00:00, run_after=2024-08-26 09:30:00+00:00
[2024-08-27T11:15:39.577+0900] {processor.py:183} INFO - Processing /home/kyuseok00/teamproj/airflow/dags/time.py took 0.135 seconds
[2024-08-27T11:16:09.718+0900] {processor.py:161} INFO - Started process (PID=22663) to work on /home/kyuseok00/teamproj/airflow/dags/time.py
[2024-08-27T11:16:09.719+0900] {processor.py:830} INFO - Processing file /home/kyuseok00/teamproj/airflow/dags/time.py for tasks to queue
[2024-08-27T11:16:09.721+0900] {logging_mixin.py:188} INFO - [2024-08-27T11:16:09.721+0900] {dagbag.py:545} INFO - Filling up the DagBag from /home/kyuseok00/teamproj/airflow/dags/time.py
[2024-08-27T11:16:09.774+0900] {processor.py:840} INFO - DAG(s) 'send_reminder' retrieved from /home/kyuseok00/teamproj/airflow/dags/time.py
[2024-08-27T11:16:09.795+0900] {logging_mixin.py:188} INFO - [2024-08-27T11:16:09.795+0900] {dag.py:3089} INFO - Sync 1 DAGs
[2024-08-27T11:16:09.815+0900] {logging_mixin.py:188} INFO - [2024-08-27T11:16:09.815+0900] {dag.py:3947} INFO - Setting next_dagrun for send_reminder to 2024-08-25 09:30:00+00:00, run_after=2024-08-26 09:30:00+00:00
[2024-08-27T11:16:09.837+0900] {processor.py:183} INFO - Processing /home/kyuseok00/teamproj/airflow/dags/time.py took 0.127 seconds
[2024-08-27T11:16:39.986+0900] {processor.py:161} INFO - Started process (PID=22665) to work on /home/kyuseok00/teamproj/airflow/dags/time.py
[2024-08-27T11:16:39.988+0900] {processor.py:830} INFO - Processing file /home/kyuseok00/teamproj/airflow/dags/time.py for tasks to queue
[2024-08-27T11:16:39.989+0900] {logging_mixin.py:188} INFO - [2024-08-27T11:16:39.989+0900] {dagbag.py:545} INFO - Filling up the DagBag from /home/kyuseok00/teamproj/airflow/dags/time.py
[2024-08-27T11:16:40.038+0900] {processor.py:840} INFO - DAG(s) 'send_reminder' retrieved from /home/kyuseok00/teamproj/airflow/dags/time.py
[2024-08-27T11:16:40.056+0900] {logging_mixin.py:188} INFO - [2024-08-27T11:16:40.056+0900] {dag.py:3089} INFO - Sync 1 DAGs
[2024-08-27T11:16:40.076+0900] {logging_mixin.py:188} INFO - [2024-08-27T11:16:40.076+0900] {dag.py:3947} INFO - Setting next_dagrun for send_reminder to 2024-08-25 09:30:00+00:00, run_after=2024-08-26 09:30:00+00:00
[2024-08-27T11:16:40.100+0900] {processor.py:183} INFO - Processing /home/kyuseok00/teamproj/airflow/dags/time.py took 0.125 seconds
[2024-08-27T11:17:10.252+0900] {processor.py:161} INFO - Started process (PID=22670) to work on /home/kyuseok00/teamproj/airflow/dags/time.py
[2024-08-27T11:17:10.254+0900] {processor.py:830} INFO - Processing file /home/kyuseok00/teamproj/airflow/dags/time.py for tasks to queue
[2024-08-27T11:17:10.255+0900] {logging_mixin.py:188} INFO - [2024-08-27T11:17:10.255+0900] {dagbag.py:545} INFO - Filling up the DagBag from /home/kyuseok00/teamproj/airflow/dags/time.py
[2024-08-27T11:17:10.304+0900] {processor.py:840} INFO - DAG(s) 'send_reminder' retrieved from /home/kyuseok00/teamproj/airflow/dags/time.py
[2024-08-27T11:17:10.323+0900] {logging_mixin.py:188} INFO - [2024-08-27T11:17:10.323+0900] {dag.py:3089} INFO - Sync 1 DAGs
[2024-08-27T11:17:10.341+0900] {logging_mixin.py:188} INFO - [2024-08-27T11:17:10.341+0900] {dag.py:3947} INFO - Setting next_dagrun for send_reminder to 2024-08-25 09:30:00+00:00, run_after=2024-08-26 09:30:00+00:00
[2024-08-27T11:17:10.361+0900] {processor.py:183} INFO - Processing /home/kyuseok00/teamproj/airflow/dags/time.py took 0.115 seconds
[2024-08-27T11:17:40.571+0900] {processor.py:161} INFO - Started process (PID=22865) to work on /home/kyuseok00/teamproj/airflow/dags/time.py
[2024-08-27T11:17:40.580+0900] {processor.py:830} INFO - Processing file /home/kyuseok00/teamproj/airflow/dags/time.py for tasks to queue
[2024-08-27T11:17:40.583+0900] {logging_mixin.py:188} INFO - [2024-08-27T11:17:40.582+0900] {dagbag.py:545} INFO - Filling up the DagBag from /home/kyuseok00/teamproj/airflow/dags/time.py
[2024-08-27T11:17:40.634+0900] {processor.py:840} INFO - DAG(s) 'send_reminder' retrieved from /home/kyuseok00/teamproj/airflow/dags/time.py
[2024-08-27T11:17:40.652+0900] {logging_mixin.py:188} INFO - [2024-08-27T11:17:40.652+0900] {dag.py:3089} INFO - Sync 1 DAGs
[2024-08-27T11:17:40.672+0900] {logging_mixin.py:188} INFO - [2024-08-27T11:17:40.671+0900] {dag.py:3947} INFO - Setting next_dagrun for send_reminder to 2024-08-25 09:30:00+00:00, run_after=2024-08-26 09:30:00+00:00
[2024-08-27T11:17:40.695+0900] {processor.py:183} INFO - Processing /home/kyuseok00/teamproj/airflow/dags/time.py took 0.137 seconds
[2024-08-27T11:18:10.858+0900] {processor.py:161} INFO - Started process (PID=23551) to work on /home/kyuseok00/teamproj/airflow/dags/time.py
[2024-08-27T11:18:10.859+0900] {processor.py:830} INFO - Processing file /home/kyuseok00/teamproj/airflow/dags/time.py for tasks to queue
[2024-08-27T11:18:10.861+0900] {logging_mixin.py:188} INFO - [2024-08-27T11:18:10.860+0900] {dagbag.py:545} INFO - Filling up the DagBag from /home/kyuseok00/teamproj/airflow/dags/time.py
[2024-08-27T11:18:10.906+0900] {processor.py:840} INFO - DAG(s) 'send_reminder' retrieved from /home/kyuseok00/teamproj/airflow/dags/time.py
[2024-08-27T11:18:10.924+0900] {logging_mixin.py:188} INFO - [2024-08-27T11:18:10.923+0900] {dag.py:3089} INFO - Sync 1 DAGs
[2024-08-27T11:18:10.940+0900] {logging_mixin.py:188} INFO - [2024-08-27T11:18:10.940+0900] {dag.py:3947} INFO - Setting next_dagrun for send_reminder to 2024-08-25 09:30:00+00:00, run_after=2024-08-26 09:30:00+00:00
[2024-08-27T11:18:10.960+0900] {processor.py:183} INFO - Processing /home/kyuseok00/teamproj/airflow/dags/time.py took 0.108 seconds
[2024-08-27T11:18:41.209+0900] {processor.py:161} INFO - Started process (PID=23655) to work on /home/kyuseok00/teamproj/airflow/dags/time.py
[2024-08-27T11:18:41.218+0900] {processor.py:830} INFO - Processing file /home/kyuseok00/teamproj/airflow/dags/time.py for tasks to queue
[2024-08-27T11:18:41.221+0900] {logging_mixin.py:188} INFO - [2024-08-27T11:18:41.220+0900] {dagbag.py:545} INFO - Filling up the DagBag from /home/kyuseok00/teamproj/airflow/dags/time.py
[2024-08-27T11:18:41.278+0900] {processor.py:840} INFO - DAG(s) 'send_reminder' retrieved from /home/kyuseok00/teamproj/airflow/dags/time.py
[2024-08-27T11:18:41.297+0900] {logging_mixin.py:188} INFO - [2024-08-27T11:18:41.297+0900] {dag.py:3089} INFO - Sync 1 DAGs
[2024-08-27T11:18:41.314+0900] {logging_mixin.py:188} INFO - [2024-08-27T11:18:41.314+0900] {dag.py:3947} INFO - Setting next_dagrun for send_reminder to 2024-08-25 09:30:00+00:00, run_after=2024-08-26 09:30:00+00:00
[2024-08-27T11:18:41.335+0900] {processor.py:183} INFO - Processing /home/kyuseok00/teamproj/airflow/dags/time.py took 0.139 seconds
[2024-08-27T11:19:11.487+0900] {processor.py:161} INFO - Started process (PID=23657) to work on /home/kyuseok00/teamproj/airflow/dags/time.py
[2024-08-27T11:19:11.495+0900] {processor.py:830} INFO - Processing file /home/kyuseok00/teamproj/airflow/dags/time.py for tasks to queue
[2024-08-27T11:19:11.498+0900] {logging_mixin.py:188} INFO - [2024-08-27T11:19:11.497+0900] {dagbag.py:545} INFO - Filling up the DagBag from /home/kyuseok00/teamproj/airflow/dags/time.py
[2024-08-27T11:19:11.549+0900] {processor.py:840} INFO - DAG(s) 'send_reminder' retrieved from /home/kyuseok00/teamproj/airflow/dags/time.py
[2024-08-27T11:19:11.566+0900] {logging_mixin.py:188} INFO - [2024-08-27T11:19:11.566+0900] {dag.py:3089} INFO - Sync 1 DAGs
[2024-08-27T11:19:11.586+0900] {logging_mixin.py:188} INFO - [2024-08-27T11:19:11.586+0900] {dag.py:3947} INFO - Setting next_dagrun for send_reminder to 2024-08-25 09:30:00+00:00, run_after=2024-08-26 09:30:00+00:00
[2024-08-27T11:19:11.610+0900] {processor.py:183} INFO - Processing /home/kyuseok00/teamproj/airflow/dags/time.py took 0.135 seconds
[2024-08-27T11:19:41.753+0900] {processor.py:161} INFO - Started process (PID=23660) to work on /home/kyuseok00/teamproj/airflow/dags/time.py
[2024-08-27T11:19:41.755+0900] {processor.py:830} INFO - Processing file /home/kyuseok00/teamproj/airflow/dags/time.py for tasks to queue
[2024-08-27T11:19:41.757+0900] {logging_mixin.py:188} INFO - [2024-08-27T11:19:41.757+0900] {dagbag.py:545} INFO - Filling up the DagBag from /home/kyuseok00/teamproj/airflow/dags/time.py
[2024-08-27T11:19:41.803+0900] {processor.py:840} INFO - DAG(s) 'send_reminder' retrieved from /home/kyuseok00/teamproj/airflow/dags/time.py
[2024-08-27T11:19:41.820+0900] {logging_mixin.py:188} INFO - [2024-08-27T11:19:41.820+0900] {dag.py:3089} INFO - Sync 1 DAGs
[2024-08-27T11:19:41.839+0900] {logging_mixin.py:188} INFO - [2024-08-27T11:19:41.839+0900] {dag.py:3947} INFO - Setting next_dagrun for send_reminder to 2024-08-25 09:30:00+00:00, run_after=2024-08-26 09:30:00+00:00
[2024-08-27T11:19:41.860+0900] {processor.py:183} INFO - Processing /home/kyuseok00/teamproj/airflow/dags/time.py took 0.112 seconds
[2024-08-27T11:20:12.087+0900] {processor.py:161} INFO - Started process (PID=24201) to work on /home/kyuseok00/teamproj/airflow/dags/time.py
[2024-08-27T11:20:12.096+0900] {processor.py:830} INFO - Processing file /home/kyuseok00/teamproj/airflow/dags/time.py for tasks to queue
[2024-08-27T11:20:12.099+0900] {logging_mixin.py:188} INFO - [2024-08-27T11:20:12.098+0900] {dagbag.py:545} INFO - Filling up the DagBag from /home/kyuseok00/teamproj/airflow/dags/time.py
[2024-08-27T11:20:12.151+0900] {processor.py:840} INFO - DAG(s) 'send_reminder' retrieved from /home/kyuseok00/teamproj/airflow/dags/time.py
[2024-08-27T11:20:12.170+0900] {logging_mixin.py:188} INFO - [2024-08-27T11:20:12.170+0900] {dag.py:3089} INFO - Sync 1 DAGs
[2024-08-27T11:20:12.189+0900] {logging_mixin.py:188} INFO - [2024-08-27T11:20:12.189+0900] {dag.py:3947} INFO - Setting next_dagrun for send_reminder to 2024-08-25 09:30:00+00:00, run_after=2024-08-26 09:30:00+00:00
[2024-08-27T11:20:12.213+0900] {processor.py:183} INFO - Processing /home/kyuseok00/teamproj/airflow/dags/time.py took 0.135 seconds
[2024-08-27T11:20:42.388+0900] {processor.py:161} INFO - Started process (PID=24204) to work on /home/kyuseok00/teamproj/airflow/dags/time.py
[2024-08-27T11:20:42.389+0900] {processor.py:830} INFO - Processing file /home/kyuseok00/teamproj/airflow/dags/time.py for tasks to queue
[2024-08-27T11:20:42.391+0900] {logging_mixin.py:188} INFO - [2024-08-27T11:20:42.391+0900] {dagbag.py:545} INFO - Filling up the DagBag from /home/kyuseok00/teamproj/airflow/dags/time.py
[2024-08-27T11:20:42.445+0900] {processor.py:840} INFO - DAG(s) 'send_reminder' retrieved from /home/kyuseok00/teamproj/airflow/dags/time.py
[2024-08-27T11:20:42.464+0900] {logging_mixin.py:188} INFO - [2024-08-27T11:20:42.464+0900] {dag.py:3089} INFO - Sync 1 DAGs
[2024-08-27T11:20:42.483+0900] {logging_mixin.py:188} INFO - [2024-08-27T11:20:42.482+0900] {dag.py:3947} INFO - Setting next_dagrun for send_reminder to 2024-08-25 09:30:00+00:00, run_after=2024-08-26 09:30:00+00:00
[2024-08-27T11:20:42.503+0900] {processor.py:183} INFO - Processing /home/kyuseok00/teamproj/airflow/dags/time.py took 0.124 seconds
[2024-08-27T11:21:12.677+0900] {processor.py:161} INFO - Started process (PID=24206) to work on /home/kyuseok00/teamproj/airflow/dags/time.py
[2024-08-27T11:21:12.679+0900] {processor.py:830} INFO - Processing file /home/kyuseok00/teamproj/airflow/dags/time.py for tasks to queue
[2024-08-27T11:21:12.680+0900] {logging_mixin.py:188} INFO - [2024-08-27T11:21:12.680+0900] {dagbag.py:545} INFO - Filling up the DagBag from /home/kyuseok00/teamproj/airflow/dags/time.py
[2024-08-27T11:21:12.731+0900] {processor.py:840} INFO - DAG(s) 'send_reminder' retrieved from /home/kyuseok00/teamproj/airflow/dags/time.py
[2024-08-27T11:21:12.751+0900] {logging_mixin.py:188} INFO - [2024-08-27T11:21:12.751+0900] {dag.py:3089} INFO - Sync 1 DAGs
[2024-08-27T11:21:12.771+0900] {logging_mixin.py:188} INFO - [2024-08-27T11:21:12.771+0900] {dag.py:3947} INFO - Setting next_dagrun for send_reminder to 2024-08-25 09:30:00+00:00, run_after=2024-08-26 09:30:00+00:00
[2024-08-27T11:21:12.795+0900] {processor.py:183} INFO - Processing /home/kyuseok00/teamproj/airflow/dags/time.py took 0.127 seconds
[2024-08-27T11:21:42.982+0900] {processor.py:161} INFO - Started process (PID=24208) to work on /home/kyuseok00/teamproj/airflow/dags/time.py
[2024-08-27T11:21:42.983+0900] {processor.py:830} INFO - Processing file /home/kyuseok00/teamproj/airflow/dags/time.py for tasks to queue
[2024-08-27T11:21:42.985+0900] {logging_mixin.py:188} INFO - [2024-08-27T11:21:42.985+0900] {dagbag.py:545} INFO - Filling up the DagBag from /home/kyuseok00/teamproj/airflow/dags/time.py
[2024-08-27T11:21:43.038+0900] {processor.py:840} INFO - DAG(s) 'send_reminder' retrieved from /home/kyuseok00/teamproj/airflow/dags/time.py
[2024-08-27T11:21:43.059+0900] {logging_mixin.py:188} INFO - [2024-08-27T11:21:43.059+0900] {dag.py:3089} INFO - Sync 1 DAGs
[2024-08-27T11:21:43.077+0900] {logging_mixin.py:188} INFO - [2024-08-27T11:21:43.077+0900] {dag.py:3947} INFO - Setting next_dagrun for send_reminder to 2024-08-25 09:30:00+00:00, run_after=2024-08-26 09:30:00+00:00
[2024-08-27T11:21:43.099+0900] {processor.py:183} INFO - Processing /home/kyuseok00/teamproj/airflow/dags/time.py took 0.127 seconds
[2024-08-27T11:22:13.313+0900] {processor.py:161} INFO - Started process (PID=24211) to work on /home/kyuseok00/teamproj/airflow/dags/time.py
[2024-08-27T11:22:13.322+0900] {processor.py:830} INFO - Processing file /home/kyuseok00/teamproj/airflow/dags/time.py for tasks to queue
[2024-08-27T11:22:13.324+0900] {logging_mixin.py:188} INFO - [2024-08-27T11:22:13.324+0900] {dagbag.py:545} INFO - Filling up the DagBag from /home/kyuseok00/teamproj/airflow/dags/time.py
[2024-08-27T11:22:13.369+0900] {processor.py:840} INFO - DAG(s) 'send_reminder' retrieved from /home/kyuseok00/teamproj/airflow/dags/time.py
[2024-08-27T11:22:13.388+0900] {logging_mixin.py:188} INFO - [2024-08-27T11:22:13.387+0900] {dag.py:3089} INFO - Sync 1 DAGs
[2024-08-27T11:22:13.404+0900] {logging_mixin.py:188} INFO - [2024-08-27T11:22:13.404+0900] {dag.py:3947} INFO - Setting next_dagrun for send_reminder to 2024-08-25 09:30:00+00:00, run_after=2024-08-26 09:30:00+00:00
[2024-08-27T11:22:13.425+0900] {processor.py:183} INFO - Processing /home/kyuseok00/teamproj/airflow/dags/time.py took 0.122 seconds
[2024-08-27T11:22:43.613+0900] {processor.py:161} INFO - Started process (PID=24213) to work on /home/kyuseok00/teamproj/airflow/dags/time.py
[2024-08-27T11:22:43.615+0900] {processor.py:830} INFO - Processing file /home/kyuseok00/teamproj/airflow/dags/time.py for tasks to queue
[2024-08-27T11:22:43.617+0900] {logging_mixin.py:188} INFO - [2024-08-27T11:22:43.617+0900] {dagbag.py:545} INFO - Filling up the DagBag from /home/kyuseok00/teamproj/airflow/dags/time.py
[2024-08-27T11:22:43.669+0900] {processor.py:840} INFO - DAG(s) 'send_reminder' retrieved from /home/kyuseok00/teamproj/airflow/dags/time.py
[2024-08-27T11:22:43.688+0900] {logging_mixin.py:188} INFO - [2024-08-27T11:22:43.688+0900] {dag.py:3089} INFO - Sync 1 DAGs
[2024-08-27T11:22:43.707+0900] {logging_mixin.py:188} INFO - [2024-08-27T11:22:43.706+0900] {dag.py:3947} INFO - Setting next_dagrun for send_reminder to 2024-08-25 09:30:00+00:00, run_after=2024-08-26 09:30:00+00:00
[2024-08-27T11:22:43.730+0900] {processor.py:183} INFO - Processing /home/kyuseok00/teamproj/airflow/dags/time.py took 0.128 seconds
[2024-08-27T11:23:13.899+0900] {processor.py:161} INFO - Started process (PID=24609) to work on /home/kyuseok00/teamproj/airflow/dags/time.py
[2024-08-27T11:23:13.900+0900] {processor.py:830} INFO - Processing file /home/kyuseok00/teamproj/airflow/dags/time.py for tasks to queue
[2024-08-27T11:23:13.902+0900] {logging_mixin.py:188} INFO - [2024-08-27T11:23:13.901+0900] {dagbag.py:545} INFO - Filling up the DagBag from /home/kyuseok00/teamproj/airflow/dags/time.py
[2024-08-27T11:23:13.961+0900] {processor.py:840} INFO - DAG(s) 'send_reminder' retrieved from /home/kyuseok00/teamproj/airflow/dags/time.py
[2024-08-27T11:23:13.988+0900] {logging_mixin.py:188} INFO - [2024-08-27T11:23:13.987+0900] {dag.py:3089} INFO - Sync 1 DAGs
[2024-08-27T11:23:14.008+0900] {logging_mixin.py:188} INFO - [2024-08-27T11:23:14.008+0900] {dag.py:3947} INFO - Setting next_dagrun for send_reminder to 2024-08-25 09:30:00+00:00, run_after=2024-08-26 09:30:00+00:00
[2024-08-27T11:23:14.036+0900] {processor.py:183} INFO - Processing /home/kyuseok00/teamproj/airflow/dags/time.py took 0.145 seconds
[2024-08-27T11:23:44.182+0900] {processor.py:161} INFO - Started process (PID=24611) to work on /home/kyuseok00/teamproj/airflow/dags/time.py
[2024-08-27T11:23:44.190+0900] {processor.py:830} INFO - Processing file /home/kyuseok00/teamproj/airflow/dags/time.py for tasks to queue
[2024-08-27T11:23:44.193+0900] {logging_mixin.py:188} INFO - [2024-08-27T11:23:44.192+0900] {dagbag.py:545} INFO - Filling up the DagBag from /home/kyuseok00/teamproj/airflow/dags/time.py
[2024-08-27T11:23:44.241+0900] {processor.py:840} INFO - DAG(s) 'send_reminder' retrieved from /home/kyuseok00/teamproj/airflow/dags/time.py
[2024-08-27T11:23:44.260+0900] {logging_mixin.py:188} INFO - [2024-08-27T11:23:44.260+0900] {dag.py:3089} INFO - Sync 1 DAGs
[2024-08-27T11:23:44.278+0900] {logging_mixin.py:188} INFO - [2024-08-27T11:23:44.278+0900] {dag.py:3947} INFO - Setting next_dagrun for send_reminder to 2024-08-25 09:30:00+00:00, run_after=2024-08-26 09:30:00+00:00
[2024-08-27T11:23:44.299+0900] {processor.py:183} INFO - Processing /home/kyuseok00/teamproj/airflow/dags/time.py took 0.123 seconds
[2024-08-27T11:24:14.419+0900] {processor.py:161} INFO - Started process (PID=24613) to work on /home/kyuseok00/teamproj/airflow/dags/time.py
[2024-08-27T11:24:14.419+0900] {processor.py:830} INFO - Processing file /home/kyuseok00/teamproj/airflow/dags/time.py for tasks to queue
[2024-08-27T11:24:14.421+0900] {logging_mixin.py:188} INFO - [2024-08-27T11:24:14.421+0900] {dagbag.py:545} INFO - Filling up the DagBag from /home/kyuseok00/teamproj/airflow/dags/time.py
[2024-08-27T11:24:14.473+0900] {processor.py:840} INFO - DAG(s) 'send_reminder' retrieved from /home/kyuseok00/teamproj/airflow/dags/time.py
[2024-08-27T11:24:14.493+0900] {logging_mixin.py:188} INFO - [2024-08-27T11:24:14.493+0900] {dag.py:3089} INFO - Sync 1 DAGs
[2024-08-27T11:24:14.511+0900] {logging_mixin.py:188} INFO - [2024-08-27T11:24:14.510+0900] {dag.py:3947} INFO - Setting next_dagrun for send_reminder to 2024-08-25 09:30:00+00:00, run_after=2024-08-26 09:30:00+00:00
[2024-08-27T11:24:14.536+0900] {processor.py:183} INFO - Processing /home/kyuseok00/teamproj/airflow/dags/time.py took 0.124 seconds
[2024-08-27T11:24:44.713+0900] {processor.py:161} INFO - Started process (PID=25203) to work on /home/kyuseok00/teamproj/airflow/dags/time.py
[2024-08-27T11:24:44.714+0900] {processor.py:830} INFO - Processing file /home/kyuseok00/teamproj/airflow/dags/time.py for tasks to queue
[2024-08-27T11:24:44.717+0900] {logging_mixin.py:188} INFO - [2024-08-27T11:24:44.716+0900] {dagbag.py:545} INFO - Filling up the DagBag from /home/kyuseok00/teamproj/airflow/dags/time.py
[2024-08-27T11:24:44.768+0900] {processor.py:840} INFO - DAG(s) 'send_reminder' retrieved from /home/kyuseok00/teamproj/airflow/dags/time.py
[2024-08-27T11:24:44.789+0900] {logging_mixin.py:188} INFO - [2024-08-27T11:24:44.788+0900] {dag.py:3089} INFO - Sync 1 DAGs
[2024-08-27T11:24:44.810+0900] {logging_mixin.py:188} INFO - [2024-08-27T11:24:44.810+0900] {dag.py:3947} INFO - Setting next_dagrun for send_reminder to 2024-08-25 09:30:00+00:00, run_after=2024-08-26 09:30:00+00:00
[2024-08-27T11:24:44.835+0900] {processor.py:183} INFO - Processing /home/kyuseok00/teamproj/airflow/dags/time.py took 0.133 seconds
[2024-08-27T11:25:14.999+0900] {processor.py:161} INFO - Started process (PID=25668) to work on /home/kyuseok00/teamproj/airflow/dags/time.py
[2024-08-27T11:25:15.002+0900] {processor.py:830} INFO - Processing file /home/kyuseok00/teamproj/airflow/dags/time.py for tasks to queue
[2024-08-27T11:25:15.004+0900] {logging_mixin.py:188} INFO - [2024-08-27T11:25:15.004+0900] {dagbag.py:545} INFO - Filling up the DagBag from /home/kyuseok00/teamproj/airflow/dags/time.py
[2024-08-27T11:25:15.057+0900] {processor.py:840} INFO - DAG(s) 'send_reminder' retrieved from /home/kyuseok00/teamproj/airflow/dags/time.py
[2024-08-27T11:25:15.076+0900] {logging_mixin.py:188} INFO - [2024-08-27T11:25:15.076+0900] {dag.py:3089} INFO - Sync 1 DAGs
[2024-08-27T11:25:15.095+0900] {logging_mixin.py:188} INFO - [2024-08-27T11:25:15.095+0900] {dag.py:3947} INFO - Setting next_dagrun for send_reminder to 2024-08-25 09:30:00+00:00, run_after=2024-08-26 09:30:00+00:00
[2024-08-27T11:25:15.119+0900] {processor.py:183} INFO - Processing /home/kyuseok00/teamproj/airflow/dags/time.py took 0.129 seconds
[2024-08-27T11:25:45.340+0900] {processor.py:161} INFO - Started process (PID=25767) to work on /home/kyuseok00/teamproj/airflow/dags/time.py
[2024-08-27T11:25:45.343+0900] {processor.py:830} INFO - Processing file /home/kyuseok00/teamproj/airflow/dags/time.py for tasks to queue
[2024-08-27T11:25:45.346+0900] {logging_mixin.py:188} INFO - [2024-08-27T11:25:45.346+0900] {dagbag.py:545} INFO - Filling up the DagBag from /home/kyuseok00/teamproj/airflow/dags/time.py
[2024-08-27T11:25:45.402+0900] {processor.py:840} INFO - DAG(s) 'send_reminder' retrieved from /home/kyuseok00/teamproj/airflow/dags/time.py
[2024-08-27T11:25:45.422+0900] {logging_mixin.py:188} INFO - [2024-08-27T11:25:45.422+0900] {dag.py:3089} INFO - Sync 1 DAGs
[2024-08-27T11:25:45.442+0900] {logging_mixin.py:188} INFO - [2024-08-27T11:25:45.442+0900] {dag.py:3947} INFO - Setting next_dagrun for send_reminder to 2024-08-25 09:30:00+00:00, run_after=2024-08-26 09:30:00+00:00
[2024-08-27T11:25:45.468+0900] {processor.py:183} INFO - Processing /home/kyuseok00/teamproj/airflow/dags/time.py took 0.139 seconds
[2024-08-27T11:26:15.587+0900] {processor.py:161} INFO - Started process (PID=25866) to work on /home/kyuseok00/teamproj/airflow/dags/time.py
[2024-08-27T11:26:15.589+0900] {processor.py:830} INFO - Processing file /home/kyuseok00/teamproj/airflow/dags/time.py for tasks to queue
[2024-08-27T11:26:15.592+0900] {logging_mixin.py:188} INFO - [2024-08-27T11:26:15.591+0900] {dagbag.py:545} INFO - Filling up the DagBag from /home/kyuseok00/teamproj/airflow/dags/time.py
[2024-08-27T11:26:15.647+0900] {processor.py:840} INFO - DAG(s) 'send_reminder' retrieved from /home/kyuseok00/teamproj/airflow/dags/time.py
[2024-08-27T11:26:15.667+0900] {logging_mixin.py:188} INFO - [2024-08-27T11:26:15.667+0900] {dag.py:3089} INFO - Sync 1 DAGs
[2024-08-27T11:26:15.683+0900] {logging_mixin.py:188} INFO - [2024-08-27T11:26:15.683+0900] {dag.py:3947} INFO - Setting next_dagrun for send_reminder to 2024-08-25 09:30:00+00:00, run_after=2024-08-26 09:30:00+00:00
[2024-08-27T11:26:15.704+0900] {processor.py:183} INFO - Processing /home/kyuseok00/teamproj/airflow/dags/time.py took 0.129 seconds
[2024-08-27T11:26:45.877+0900] {processor.py:161} INFO - Started process (PID=26195) to work on /home/kyuseok00/teamproj/airflow/dags/time.py
[2024-08-27T11:26:45.886+0900] {processor.py:830} INFO - Processing file /home/kyuseok00/teamproj/airflow/dags/time.py for tasks to queue
[2024-08-27T11:26:45.888+0900] {logging_mixin.py:188} INFO - [2024-08-27T11:26:45.887+0900] {dagbag.py:545} INFO - Filling up the DagBag from /home/kyuseok00/teamproj/airflow/dags/time.py
[2024-08-27T11:26:45.947+0900] {processor.py:840} INFO - DAG(s) 'send_reminder' retrieved from /home/kyuseok00/teamproj/airflow/dags/time.py
[2024-08-27T11:26:45.967+0900] {logging_mixin.py:188} INFO - [2024-08-27T11:26:45.966+0900] {dag.py:3089} INFO - Sync 1 DAGs
[2024-08-27T11:26:45.986+0900] {logging_mixin.py:188} INFO - [2024-08-27T11:26:45.986+0900] {dag.py:3947} INFO - Setting next_dagrun for send_reminder to 2024-08-25 09:30:00+00:00, run_after=2024-08-26 09:30:00+00:00
[2024-08-27T11:26:46.010+0900] {processor.py:183} INFO - Processing /home/kyuseok00/teamproj/airflow/dags/time.py took 0.144 seconds
[2024-08-27T11:27:16.205+0900] {processor.py:161} INFO - Started process (PID=27019) to work on /home/kyuseok00/teamproj/airflow/dags/time.py
[2024-08-27T11:27:16.214+0900] {processor.py:830} INFO - Processing file /home/kyuseok00/teamproj/airflow/dags/time.py for tasks to queue
[2024-08-27T11:27:16.218+0900] {logging_mixin.py:188} INFO - [2024-08-27T11:27:16.217+0900] {dagbag.py:545} INFO - Filling up the DagBag from /home/kyuseok00/teamproj/airflow/dags/time.py
[2024-08-27T11:27:16.277+0900] {processor.py:840} INFO - DAG(s) 'send_reminder' retrieved from /home/kyuseok00/teamproj/airflow/dags/time.py
[2024-08-27T11:27:16.298+0900] {logging_mixin.py:188} INFO - [2024-08-27T11:27:16.298+0900] {dag.py:3089} INFO - Sync 1 DAGs
[2024-08-27T11:27:16.318+0900] {logging_mixin.py:188} INFO - [2024-08-27T11:27:16.318+0900] {dag.py:3947} INFO - Setting next_dagrun for send_reminder to 2024-08-25 09:30:00+00:00, run_after=2024-08-26 09:30:00+00:00
[2024-08-27T11:27:16.342+0900] {processor.py:183} INFO - Processing /home/kyuseok00/teamproj/airflow/dags/time.py took 0.154 seconds
[2024-08-27T11:27:46.484+0900] {processor.py:161} INFO - Started process (PID=27121) to work on /home/kyuseok00/teamproj/airflow/dags/time.py
[2024-08-27T11:27:46.485+0900] {processor.py:830} INFO - Processing file /home/kyuseok00/teamproj/airflow/dags/time.py for tasks to queue
[2024-08-27T11:27:46.487+0900] {logging_mixin.py:188} INFO - [2024-08-27T11:27:46.486+0900] {dagbag.py:545} INFO - Filling up the DagBag from /home/kyuseok00/teamproj/airflow/dags/time.py
[2024-08-27T11:27:46.531+0900] {processor.py:840} INFO - DAG(s) 'send_reminder' retrieved from /home/kyuseok00/teamproj/airflow/dags/time.py
[2024-08-27T11:27:46.548+0900] {logging_mixin.py:188} INFO - [2024-08-27T11:27:46.548+0900] {dag.py:3089} INFO - Sync 1 DAGs
[2024-08-27T11:27:46.565+0900] {logging_mixin.py:188} INFO - [2024-08-27T11:27:46.565+0900] {dag.py:3947} INFO - Setting next_dagrun for send_reminder to 2024-08-25 09:30:00+00:00, run_after=2024-08-26 09:30:00+00:00
[2024-08-27T11:27:46.585+0900] {processor.py:183} INFO - Processing /home/kyuseok00/teamproj/airflow/dags/time.py took 0.107 seconds
[2024-08-27T11:28:16.762+0900] {processor.py:161} INFO - Started process (PID=27219) to work on /home/kyuseok00/teamproj/airflow/dags/time.py
[2024-08-27T11:28:16.770+0900] {processor.py:830} INFO - Processing file /home/kyuseok00/teamproj/airflow/dags/time.py for tasks to queue
[2024-08-27T11:28:16.772+0900] {logging_mixin.py:188} INFO - [2024-08-27T11:28:16.771+0900] {dagbag.py:545} INFO - Filling up the DagBag from /home/kyuseok00/teamproj/airflow/dags/time.py
[2024-08-27T11:28:16.818+0900] {processor.py:840} INFO - DAG(s) 'send_reminder' retrieved from /home/kyuseok00/teamproj/airflow/dags/time.py
[2024-08-27T11:28:16.838+0900] {logging_mixin.py:188} INFO - [2024-08-27T11:28:16.838+0900] {dag.py:3089} INFO - Sync 1 DAGs
[2024-08-27T11:28:16.857+0900] {logging_mixin.py:188} INFO - [2024-08-27T11:28:16.857+0900] {dag.py:3947} INFO - Setting next_dagrun for send_reminder to 2024-08-25 09:30:00+00:00, run_after=2024-08-26 09:30:00+00:00
[2024-08-27T11:28:16.883+0900] {processor.py:183} INFO - Processing /home/kyuseok00/teamproj/airflow/dags/time.py took 0.126 seconds
[2024-08-27T11:28:47.126+0900] {processor.py:161} INFO - Started process (PID=27221) to work on /home/kyuseok00/teamproj/airflow/dags/time.py
[2024-08-27T11:28:47.136+0900] {processor.py:830} INFO - Processing file /home/kyuseok00/teamproj/airflow/dags/time.py for tasks to queue
[2024-08-27T11:28:47.139+0900] {logging_mixin.py:188} INFO - [2024-08-27T11:28:47.138+0900] {dagbag.py:545} INFO - Filling up the DagBag from /home/kyuseok00/teamproj/airflow/dags/time.py
[2024-08-27T11:28:47.191+0900] {processor.py:840} INFO - DAG(s) 'send_reminder' retrieved from /home/kyuseok00/teamproj/airflow/dags/time.py
[2024-08-27T11:28:47.211+0900] {logging_mixin.py:188} INFO - [2024-08-27T11:28:47.211+0900] {dag.py:3089} INFO - Sync 1 DAGs
[2024-08-27T11:28:47.230+0900] {logging_mixin.py:188} INFO - [2024-08-27T11:28:47.230+0900] {dag.py:3947} INFO - Setting next_dagrun for send_reminder to 2024-08-25 09:30:00+00:00, run_after=2024-08-26 09:30:00+00:00
[2024-08-27T11:28:47.254+0900] {processor.py:183} INFO - Processing /home/kyuseok00/teamproj/airflow/dags/time.py took 0.143 seconds
[2024-08-27T11:29:17.404+0900] {processor.py:161} INFO - Started process (PID=27223) to work on /home/kyuseok00/teamproj/airflow/dags/time.py
[2024-08-27T11:29:17.405+0900] {processor.py:830} INFO - Processing file /home/kyuseok00/teamproj/airflow/dags/time.py for tasks to queue
[2024-08-27T11:29:17.407+0900] {logging_mixin.py:188} INFO - [2024-08-27T11:29:17.407+0900] {dagbag.py:545} INFO - Filling up the DagBag from /home/kyuseok00/teamproj/airflow/dags/time.py
[2024-08-27T11:29:17.484+0900] {processor.py:840} INFO - DAG(s) 'send_reminder' retrieved from /home/kyuseok00/teamproj/airflow/dags/time.py
[2024-08-27T11:29:17.510+0900] {logging_mixin.py:188} INFO - [2024-08-27T11:29:17.510+0900] {dag.py:3089} INFO - Sync 1 DAGs
[2024-08-27T11:29:17.532+0900] {logging_mixin.py:188} INFO - [2024-08-27T11:29:17.532+0900] {dag.py:3947} INFO - Setting next_dagrun for send_reminder to 2024-08-25 09:30:00+00:00, run_after=2024-08-26 09:30:00+00:00
[2024-08-27T11:29:17.559+0900] {processor.py:183} INFO - Processing /home/kyuseok00/teamproj/airflow/dags/time.py took 0.162 seconds
[2024-08-27T11:29:47.695+0900] {processor.py:161} INFO - Started process (PID=27225) to work on /home/kyuseok00/teamproj/airflow/dags/time.py
[2024-08-27T11:29:47.696+0900] {processor.py:830} INFO - Processing file /home/kyuseok00/teamproj/airflow/dags/time.py for tasks to queue
[2024-08-27T11:29:47.698+0900] {logging_mixin.py:188} INFO - [2024-08-27T11:29:47.698+0900] {dagbag.py:545} INFO - Filling up the DagBag from /home/kyuseok00/teamproj/airflow/dags/time.py
[2024-08-27T11:29:47.747+0900] {processor.py:840} INFO - DAG(s) 'send_reminder' retrieved from /home/kyuseok00/teamproj/airflow/dags/time.py
[2024-08-27T11:29:47.766+0900] {logging_mixin.py:188} INFO - [2024-08-27T11:29:47.766+0900] {dag.py:3089} INFO - Sync 1 DAGs
[2024-08-27T11:29:47.792+0900] {logging_mixin.py:188} INFO - [2024-08-27T11:29:47.791+0900] {dag.py:3947} INFO - Setting next_dagrun for send_reminder to 2024-08-25 09:30:00+00:00, run_after=2024-08-26 09:30:00+00:00
[2024-08-27T11:29:47.822+0900] {processor.py:183} INFO - Processing /home/kyuseok00/teamproj/airflow/dags/time.py took 0.134 seconds
[2024-08-27T11:30:17.990+0900] {processor.py:161} INFO - Started process (PID=27230) to work on /home/kyuseok00/teamproj/airflow/dags/time.py
[2024-08-27T11:30:18.000+0900] {processor.py:830} INFO - Processing file /home/kyuseok00/teamproj/airflow/dags/time.py for tasks to queue
[2024-08-27T11:30:18.002+0900] {logging_mixin.py:188} INFO - [2024-08-27T11:30:18.002+0900] {dagbag.py:545} INFO - Filling up the DagBag from /home/kyuseok00/teamproj/airflow/dags/time.py
[2024-08-27T11:30:18.057+0900] {processor.py:840} INFO - DAG(s) 'send_reminder' retrieved from /home/kyuseok00/teamproj/airflow/dags/time.py
[2024-08-27T11:30:18.079+0900] {logging_mixin.py:188} INFO - [2024-08-27T11:30:18.079+0900] {dag.py:3089} INFO - Sync 1 DAGs
[2024-08-27T11:30:18.098+0900] {logging_mixin.py:188} INFO - [2024-08-27T11:30:18.098+0900] {dag.py:3947} INFO - Setting next_dagrun for send_reminder to 2024-08-25 09:30:00+00:00, run_after=2024-08-26 09:30:00+00:00
[2024-08-27T11:30:18.123+0900] {processor.py:183} INFO - Processing /home/kyuseok00/teamproj/airflow/dags/time.py took 0.143 seconds
[2024-08-27T11:30:48.298+0900] {processor.py:161} INFO - Started process (PID=27232) to work on /home/kyuseok00/teamproj/airflow/dags/time.py
[2024-08-27T11:30:48.300+0900] {processor.py:830} INFO - Processing file /home/kyuseok00/teamproj/airflow/dags/time.py for tasks to queue
[2024-08-27T11:30:48.302+0900] {logging_mixin.py:188} INFO - [2024-08-27T11:30:48.302+0900] {dagbag.py:545} INFO - Filling up the DagBag from /home/kyuseok00/teamproj/airflow/dags/time.py
[2024-08-27T11:30:48.360+0900] {processor.py:840} INFO - DAG(s) 'send_reminder' retrieved from /home/kyuseok00/teamproj/airflow/dags/time.py
[2024-08-27T11:30:48.381+0900] {logging_mixin.py:188} INFO - [2024-08-27T11:30:48.381+0900] {dag.py:3089} INFO - Sync 1 DAGs
[2024-08-27T11:30:48.398+0900] {logging_mixin.py:188} INFO - [2024-08-27T11:30:48.398+0900] {dag.py:3947} INFO - Setting next_dagrun for send_reminder to 2024-08-25 09:30:00+00:00, run_after=2024-08-26 09:30:00+00:00
[2024-08-27T11:30:48.421+0900] {processor.py:183} INFO - Processing /home/kyuseok00/teamproj/airflow/dags/time.py took 0.128 seconds
[2024-08-27T11:31:18.545+0900] {processor.py:161} INFO - Started process (PID=27234) to work on /home/kyuseok00/teamproj/airflow/dags/time.py
[2024-08-27T11:31:18.546+0900] {processor.py:830} INFO - Processing file /home/kyuseok00/teamproj/airflow/dags/time.py for tasks to queue
[2024-08-27T11:31:18.549+0900] {logging_mixin.py:188} INFO - [2024-08-27T11:31:18.548+0900] {dagbag.py:545} INFO - Filling up the DagBag from /home/kyuseok00/teamproj/airflow/dags/time.py
[2024-08-27T11:31:18.605+0900] {processor.py:840} INFO - DAG(s) 'send_reminder' retrieved from /home/kyuseok00/teamproj/airflow/dags/time.py
[2024-08-27T11:31:18.625+0900] {logging_mixin.py:188} INFO - [2024-08-27T11:31:18.625+0900] {dag.py:3089} INFO - Sync 1 DAGs
[2024-08-27T11:31:18.643+0900] {logging_mixin.py:188} INFO - [2024-08-27T11:31:18.643+0900] {dag.py:3947} INFO - Setting next_dagrun for send_reminder to 2024-08-25 09:30:00+00:00, run_after=2024-08-26 09:30:00+00:00
[2024-08-27T11:31:18.669+0900] {processor.py:183} INFO - Processing /home/kyuseok00/teamproj/airflow/dags/time.py took 0.132 seconds
[2024-08-27T11:31:48.850+0900] {processor.py:161} INFO - Started process (PID=27236) to work on /home/kyuseok00/teamproj/airflow/dags/time.py
[2024-08-27T11:31:48.851+0900] {processor.py:830} INFO - Processing file /home/kyuseok00/teamproj/airflow/dags/time.py for tasks to queue
[2024-08-27T11:31:48.853+0900] {logging_mixin.py:188} INFO - [2024-08-27T11:31:48.853+0900] {dagbag.py:545} INFO - Filling up the DagBag from /home/kyuseok00/teamproj/airflow/dags/time.py
[2024-08-27T11:31:48.906+0900] {processor.py:840} INFO - DAG(s) 'send_reminder' retrieved from /home/kyuseok00/teamproj/airflow/dags/time.py
[2024-08-27T11:31:48.926+0900] {logging_mixin.py:188} INFO - [2024-08-27T11:31:48.926+0900] {dag.py:3089} INFO - Sync 1 DAGs
[2024-08-27T11:31:48.944+0900] {logging_mixin.py:188} INFO - [2024-08-27T11:31:48.944+0900] {dag.py:3947} INFO - Setting next_dagrun for send_reminder to 2024-08-25 09:30:00+00:00, run_after=2024-08-26 09:30:00+00:00
[2024-08-27T11:31:48.967+0900] {processor.py:183} INFO - Processing /home/kyuseok00/teamproj/airflow/dags/time.py took 0.124 seconds
[2024-08-27T11:32:19.086+0900] {processor.py:161} INFO - Started process (PID=27238) to work on /home/kyuseok00/teamproj/airflow/dags/time.py
[2024-08-27T11:32:19.087+0900] {processor.py:830} INFO - Processing file /home/kyuseok00/teamproj/airflow/dags/time.py for tasks to queue
[2024-08-27T11:32:19.089+0900] {logging_mixin.py:188} INFO - [2024-08-27T11:32:19.088+0900] {dagbag.py:545} INFO - Filling up the DagBag from /home/kyuseok00/teamproj/airflow/dags/time.py
[2024-08-27T11:32:19.138+0900] {processor.py:840} INFO - DAG(s) 'send_reminder' retrieved from /home/kyuseok00/teamproj/airflow/dags/time.py
[2024-08-27T11:32:19.158+0900] {logging_mixin.py:188} INFO - [2024-08-27T11:32:19.158+0900] {dag.py:3089} INFO - Sync 1 DAGs
[2024-08-27T11:32:19.177+0900] {logging_mixin.py:188} INFO - [2024-08-27T11:32:19.177+0900] {dag.py:3947} INFO - Setting next_dagrun for send_reminder to 2024-08-25 09:30:00+00:00, run_after=2024-08-26 09:30:00+00:00
[2024-08-27T11:32:19.202+0900] {processor.py:183} INFO - Processing /home/kyuseok00/teamproj/airflow/dags/time.py took 0.122 seconds
[2024-08-27T11:32:49.379+0900] {processor.py:161} INFO - Started process (PID=27240) to work on /home/kyuseok00/teamproj/airflow/dags/time.py
[2024-08-27T11:32:49.388+0900] {processor.py:830} INFO - Processing file /home/kyuseok00/teamproj/airflow/dags/time.py for tasks to queue
[2024-08-27T11:32:49.390+0900] {logging_mixin.py:188} INFO - [2024-08-27T11:32:49.390+0900] {dagbag.py:545} INFO - Filling up the DagBag from /home/kyuseok00/teamproj/airflow/dags/time.py
[2024-08-27T11:32:49.441+0900] {processor.py:840} INFO - DAG(s) 'send_reminder' retrieved from /home/kyuseok00/teamproj/airflow/dags/time.py
[2024-08-27T11:32:49.462+0900] {logging_mixin.py:188} INFO - [2024-08-27T11:32:49.462+0900] {dag.py:3089} INFO - Sync 1 DAGs
[2024-08-27T11:32:49.485+0900] {logging_mixin.py:188} INFO - [2024-08-27T11:32:49.485+0900] {dag.py:3947} INFO - Setting next_dagrun for send_reminder to 2024-08-25 09:30:00+00:00, run_after=2024-08-26 09:30:00+00:00
[2024-08-27T11:32:49.513+0900] {processor.py:183} INFO - Processing /home/kyuseok00/teamproj/airflow/dags/time.py took 0.142 seconds
[2024-08-27T11:33:19.617+0900] {processor.py:161} INFO - Started process (PID=27242) to work on /home/kyuseok00/teamproj/airflow/dags/time.py
[2024-08-27T11:33:19.618+0900] {processor.py:830} INFO - Processing file /home/kyuseok00/teamproj/airflow/dags/time.py for tasks to queue
[2024-08-27T11:33:19.619+0900] {logging_mixin.py:188} INFO - [2024-08-27T11:33:19.619+0900] {dagbag.py:545} INFO - Filling up the DagBag from /home/kyuseok00/teamproj/airflow/dags/time.py
[2024-08-27T11:33:19.675+0900] {processor.py:840} INFO - DAG(s) 'send_reminder' retrieved from /home/kyuseok00/teamproj/airflow/dags/time.py
[2024-08-27T11:33:19.696+0900] {logging_mixin.py:188} INFO - [2024-08-27T11:33:19.696+0900] {dag.py:3089} INFO - Sync 1 DAGs
[2024-08-27T11:33:19.716+0900] {logging_mixin.py:188} INFO - [2024-08-27T11:33:19.716+0900] {dag.py:3947} INFO - Setting next_dagrun for send_reminder to 2024-08-25 09:30:00+00:00, run_after=2024-08-26 09:30:00+00:00
[2024-08-27T11:33:19.739+0900] {processor.py:183} INFO - Processing /home/kyuseok00/teamproj/airflow/dags/time.py took 0.130 seconds
[2024-08-27T11:33:49.908+0900] {processor.py:161} INFO - Started process (PID=27244) to work on /home/kyuseok00/teamproj/airflow/dags/time.py
[2024-08-27T11:33:49.909+0900] {processor.py:830} INFO - Processing file /home/kyuseok00/teamproj/airflow/dags/time.py for tasks to queue
[2024-08-27T11:33:49.911+0900] {logging_mixin.py:188} INFO - [2024-08-27T11:33:49.911+0900] {dagbag.py:545} INFO - Filling up the DagBag from /home/kyuseok00/teamproj/airflow/dags/time.py
[2024-08-27T11:33:49.961+0900] {processor.py:840} INFO - DAG(s) 'send_reminder' retrieved from /home/kyuseok00/teamproj/airflow/dags/time.py
[2024-08-27T11:33:49.982+0900] {logging_mixin.py:188} INFO - [2024-08-27T11:33:49.981+0900] {dag.py:3089} INFO - Sync 1 DAGs
[2024-08-27T11:33:50.002+0900] {logging_mixin.py:188} INFO - [2024-08-27T11:33:50.002+0900] {dag.py:3947} INFO - Setting next_dagrun for send_reminder to 2024-08-25 09:30:00+00:00, run_after=2024-08-26 09:30:00+00:00
[2024-08-27T11:33:50.025+0900] {processor.py:183} INFO - Processing /home/kyuseok00/teamproj/airflow/dags/time.py took 0.123 seconds
[2024-08-27T11:34:20.149+0900] {processor.py:161} INFO - Started process (PID=27246) to work on /home/kyuseok00/teamproj/airflow/dags/time.py
[2024-08-27T11:34:20.151+0900] {processor.py:830} INFO - Processing file /home/kyuseok00/teamproj/airflow/dags/time.py for tasks to queue
[2024-08-27T11:34:20.154+0900] {logging_mixin.py:188} INFO - [2024-08-27T11:34:20.153+0900] {dagbag.py:545} INFO - Filling up the DagBag from /home/kyuseok00/teamproj/airflow/dags/time.py
[2024-08-27T11:34:20.208+0900] {processor.py:840} INFO - DAG(s) 'send_reminder' retrieved from /home/kyuseok00/teamproj/airflow/dags/time.py
[2024-08-27T11:34:20.233+0900] {logging_mixin.py:188} INFO - [2024-08-27T11:34:20.232+0900] {dag.py:3089} INFO - Sync 1 DAGs
[2024-08-27T11:34:20.254+0900] {logging_mixin.py:188} INFO - [2024-08-27T11:34:20.254+0900] {dag.py:3947} INFO - Setting next_dagrun for send_reminder to 2024-08-25 09:30:00+00:00, run_after=2024-08-26 09:30:00+00:00
[2024-08-27T11:34:20.278+0900] {processor.py:183} INFO - Processing /home/kyuseok00/teamproj/airflow/dags/time.py took 0.135 seconds
[2024-08-27T11:34:50.445+0900] {processor.py:161} INFO - Started process (PID=27248) to work on /home/kyuseok00/teamproj/airflow/dags/time.py
[2024-08-27T11:34:50.446+0900] {processor.py:830} INFO - Processing file /home/kyuseok00/teamproj/airflow/dags/time.py for tasks to queue
[2024-08-27T11:34:50.448+0900] {logging_mixin.py:188} INFO - [2024-08-27T11:34:50.448+0900] {dagbag.py:545} INFO - Filling up the DagBag from /home/kyuseok00/teamproj/airflow/dags/time.py
[2024-08-27T11:34:50.498+0900] {processor.py:840} INFO - DAG(s) 'send_reminder' retrieved from /home/kyuseok00/teamproj/airflow/dags/time.py
[2024-08-27T11:34:50.520+0900] {logging_mixin.py:188} INFO - [2024-08-27T11:34:50.519+0900] {dag.py:3089} INFO - Sync 1 DAGs
[2024-08-27T11:34:50.540+0900] {logging_mixin.py:188} INFO - [2024-08-27T11:34:50.540+0900] {dag.py:3947} INFO - Setting next_dagrun for send_reminder to 2024-08-25 09:30:00+00:00, run_after=2024-08-26 09:30:00+00:00
[2024-08-27T11:34:50.562+0900] {processor.py:183} INFO - Processing /home/kyuseok00/teamproj/airflow/dags/time.py took 0.123 seconds
[2024-08-27T11:35:20.734+0900] {processor.py:161} INFO - Started process (PID=27251) to work on /home/kyuseok00/teamproj/airflow/dags/time.py
[2024-08-27T11:35:20.743+0900] {processor.py:830} INFO - Processing file /home/kyuseok00/teamproj/airflow/dags/time.py for tasks to queue
[2024-08-27T11:35:20.746+0900] {logging_mixin.py:188} INFO - [2024-08-27T11:35:20.746+0900] {dagbag.py:545} INFO - Filling up the DagBag from /home/kyuseok00/teamproj/airflow/dags/time.py
[2024-08-27T11:35:20.801+0900] {processor.py:840} INFO - DAG(s) 'send_reminder' retrieved from /home/kyuseok00/teamproj/airflow/dags/time.py
[2024-08-27T11:35:20.822+0900] {logging_mixin.py:188} INFO - [2024-08-27T11:35:20.822+0900] {dag.py:3089} INFO - Sync 1 DAGs
[2024-08-27T11:35:20.840+0900] {logging_mixin.py:188} INFO - [2024-08-27T11:35:20.840+0900] {dag.py:3947} INFO - Setting next_dagrun for send_reminder to 2024-08-25 09:30:00+00:00, run_after=2024-08-26 09:30:00+00:00
[2024-08-27T11:35:20.863+0900] {processor.py:183} INFO - Processing /home/kyuseok00/teamproj/airflow/dags/time.py took 0.136 seconds
[2024-08-27T11:35:50.956+0900] {processor.py:161} INFO - Started process (PID=27641) to work on /home/kyuseok00/teamproj/airflow/dags/time.py
[2024-08-27T11:35:50.958+0900] {processor.py:830} INFO - Processing file /home/kyuseok00/teamproj/airflow/dags/time.py for tasks to queue
[2024-08-27T11:35:50.960+0900] {logging_mixin.py:188} INFO - [2024-08-27T11:35:50.959+0900] {dagbag.py:545} INFO - Filling up the DagBag from /home/kyuseok00/teamproj/airflow/dags/time.py
[2024-08-27T11:35:51.013+0900] {processor.py:840} INFO - DAG(s) 'send_reminder' retrieved from /home/kyuseok00/teamproj/airflow/dags/time.py
[2024-08-27T11:35:51.035+0900] {logging_mixin.py:188} INFO - [2024-08-27T11:35:51.035+0900] {dag.py:3089} INFO - Sync 1 DAGs
[2024-08-27T11:35:51.054+0900] {logging_mixin.py:188} INFO - [2024-08-27T11:35:51.054+0900] {dag.py:3947} INFO - Setting next_dagrun for send_reminder to 2024-08-25 09:30:00+00:00, run_after=2024-08-26 09:30:00+00:00
