[2024-08-26T17:11:31.798+0900] {processor.py:161} INFO - Started process (PID=81922) to work on /home/kyuseok00/teamproj/airflow/dags/audit.py
[2024-08-26T17:11:31.799+0900] {processor.py:830} INFO - Processing file /home/kyuseok00/teamproj/airflow/dags/audit.py for tasks to queue
[2024-08-26T17:11:31.801+0900] {logging_mixin.py:188} INFO - [2024-08-26T17:11:31.801+0900] {dagbag.py:545} INFO - Filling up the DagBag from /home/kyuseok00/teamproj/airflow/dags/audit.py
[2024-08-26T17:11:31.808+0900] {logging_mixin.py:188} INFO - [2024-08-26T17:11:31.805+0900] {dagbag.py:355} ERROR - Failed to import: /home/kyuseok00/teamproj/airflow/dags/audit.py
Traceback (most recent call last):
  File "/home/kyuseok00/.pyenv/versions/3.11.9/envs/air/lib/python3.11/site-packages/airflow/models/dagbag.py", line 351, in parse
    loader.exec_module(new_module)
  File "<frozen importlib._bootstrap_external>", line 940, in exec_module
  File "<frozen importlib._bootstrap>", line 241, in _call_with_frames_removed
  File "/home/kyuseok00/teamproj/airflow/dags/audit.py", line 6, in <module>
    from kafka import KafkaProducer
ModuleNotFoundError: No module named 'kafka'
[2024-08-26T17:11:31.809+0900] {processor.py:842} WARNING - No viable dags retrieved from /home/kyuseok00/teamproj/airflow/dags/audit.py
[2024-08-26T17:11:31.834+0900] {processor.py:183} INFO - Processing /home/kyuseok00/teamproj/airflow/dags/audit.py took 0.045 seconds
[2024-08-26T17:12:02.433+0900] {processor.py:161} INFO - Started process (PID=81934) to work on /home/kyuseok00/teamproj/airflow/dags/audit.py
[2024-08-26T17:12:02.434+0900] {processor.py:830} INFO - Processing file /home/kyuseok00/teamproj/airflow/dags/audit.py for tasks to queue
[2024-08-26T17:12:02.436+0900] {logging_mixin.py:188} INFO - [2024-08-26T17:12:02.436+0900] {dagbag.py:545} INFO - Filling up the DagBag from /home/kyuseok00/teamproj/airflow/dags/audit.py
[2024-08-26T17:12:02.439+0900] {logging_mixin.py:188} INFO - [2024-08-26T17:12:02.438+0900] {dagbag.py:355} ERROR - Failed to import: /home/kyuseok00/teamproj/airflow/dags/audit.py
Traceback (most recent call last):
  File "/home/kyuseok00/.pyenv/versions/3.11.9/envs/air/lib/python3.11/site-packages/airflow/models/dagbag.py", line 351, in parse
    loader.exec_module(new_module)
  File "<frozen importlib._bootstrap_external>", line 940, in exec_module
  File "<frozen importlib._bootstrap>", line 241, in _call_with_frames_removed
  File "/home/kyuseok00/teamproj/airflow/dags/audit.py", line 6, in <module>
    from kafka import KafkaProducer
ModuleNotFoundError: No module named 'kafka'
[2024-08-26T17:12:02.440+0900] {processor.py:842} WARNING - No viable dags retrieved from /home/kyuseok00/teamproj/airflow/dags/audit.py
[2024-08-26T17:12:02.463+0900] {processor.py:183} INFO - Processing /home/kyuseok00/teamproj/airflow/dags/audit.py took 0.037 seconds
[2024-08-26T17:12:32.879+0900] {processor.py:161} INFO - Started process (PID=82299) to work on /home/kyuseok00/teamproj/airflow/dags/audit.py
[2024-08-26T17:12:32.888+0900] {processor.py:830} INFO - Processing file /home/kyuseok00/teamproj/airflow/dags/audit.py for tasks to queue
[2024-08-26T17:12:32.891+0900] {logging_mixin.py:188} INFO - [2024-08-26T17:12:32.890+0900] {dagbag.py:545} INFO - Filling up the DagBag from /home/kyuseok00/teamproj/airflow/dags/audit.py
[2024-08-26T17:12:32.936+0900] {logging_mixin.py:188} INFO - [2024-08-26T17:12:32.934+0900] {dagbag.py:355} ERROR - Failed to import: /home/kyuseok00/teamproj/airflow/dags/audit.py
Traceback (most recent call last):
  File "/home/kyuseok00/.pyenv/versions/3.11.9/envs/air/lib/python3.11/site-packages/airflow/models/dagbag.py", line 351, in parse
    loader.exec_module(new_module)
  File "<frozen importlib._bootstrap_external>", line 940, in exec_module
  File "<frozen importlib._bootstrap>", line 241, in _call_with_frames_removed
  File "/home/kyuseok00/teamproj/airflow/dags/audit.py", line 6, in <module>
    from kafka import KafkaProducer
  File "/home/kyuseok00/.pyenv/versions/3.11.9/envs/air/lib/python3.11/site-packages/kafka/__init__.py", line 23, in <module>
    from kafka.producer import KafkaProducer
  File "/home/kyuseok00/.pyenv/versions/3.11.9/envs/air/lib/python3.11/site-packages/kafka/producer/__init__.py", line 4, in <module>
    from .simple import SimpleProducer
  File "/home/kyuseok00/.pyenv/versions/3.11.9/envs/air/lib/python3.11/site-packages/kafka/producer/simple.py", line 54
    return '<SimpleProducer batch=%s>' % self.async
                                              ^^^^^
SyntaxError: invalid syntax
[2024-08-26T17:12:32.936+0900] {processor.py:842} WARNING - No viable dags retrieved from /home/kyuseok00/teamproj/airflow/dags/audit.py
[2024-08-26T17:12:32.957+0900] {processor.py:183} INFO - Processing /home/kyuseok00/teamproj/airflow/dags/audit.py took 0.097 seconds
[2024-08-26T17:13:03.102+0900] {processor.py:161} INFO - Started process (PID=82303) to work on /home/kyuseok00/teamproj/airflow/dags/audit.py
[2024-08-26T17:13:03.103+0900] {processor.py:830} INFO - Processing file /home/kyuseok00/teamproj/airflow/dags/audit.py for tasks to queue
[2024-08-26T17:13:03.104+0900] {logging_mixin.py:188} INFO - [2024-08-26T17:13:03.104+0900] {dagbag.py:545} INFO - Filling up the DagBag from /home/kyuseok00/teamproj/airflow/dags/audit.py
[2024-08-26T17:13:03.136+0900] {logging_mixin.py:188} INFO - [2024-08-26T17:13:03.135+0900] {dagbag.py:355} ERROR - Failed to import: /home/kyuseok00/teamproj/airflow/dags/audit.py
Traceback (most recent call last):
  File "/home/kyuseok00/.pyenv/versions/3.11.9/envs/air/lib/python3.11/site-packages/airflow/models/dagbag.py", line 351, in parse
    loader.exec_module(new_module)
  File "<frozen importlib._bootstrap_external>", line 940, in exec_module
  File "<frozen importlib._bootstrap>", line 241, in _call_with_frames_removed
  File "/home/kyuseok00/teamproj/airflow/dags/audit.py", line 6, in <module>
    from kafka import KafkaProducer
  File "/home/kyuseok00/.pyenv/versions/3.11.9/envs/air/lib/python3.11/site-packages/kafka/__init__.py", line 23, in <module>
    from kafka.producer import KafkaProducer
  File "/home/kyuseok00/.pyenv/versions/3.11.9/envs/air/lib/python3.11/site-packages/kafka/producer/__init__.py", line 4, in <module>
    from .simple import SimpleProducer
  File "/home/kyuseok00/.pyenv/versions/3.11.9/envs/air/lib/python3.11/site-packages/kafka/producer/simple.py", line 54
    return '<SimpleProducer batch=%s>' % self.async
                                              ^^^^^
SyntaxError: invalid syntax
[2024-08-26T17:13:03.137+0900] {processor.py:842} WARNING - No viable dags retrieved from /home/kyuseok00/teamproj/airflow/dags/audit.py
[2024-08-26T17:13:03.160+0900] {processor.py:183} INFO - Processing /home/kyuseok00/teamproj/airflow/dags/audit.py took 0.066 seconds
[2024-08-26T17:13:33.816+0900] {processor.py:161} INFO - Started process (PID=82574) to work on /home/kyuseok00/teamproj/airflow/dags/audit.py
[2024-08-26T17:13:33.819+0900] {processor.py:830} INFO - Processing file /home/kyuseok00/teamproj/airflow/dags/audit.py for tasks to queue
[2024-08-26T17:13:33.821+0900] {logging_mixin.py:188} INFO - [2024-08-26T17:13:33.821+0900] {dagbag.py:545} INFO - Filling up the DagBag from /home/kyuseok00/teamproj/airflow/dags/audit.py
[2024-08-26T17:13:33.870+0900] {logging_mixin.py:188} INFO - [2024-08-26T17:13:33.867+0900] {dagbag.py:355} ERROR - Failed to import: /home/kyuseok00/teamproj/airflow/dags/audit.py
Traceback (most recent call last):
  File "/home/kyuseok00/.pyenv/versions/3.11.9/envs/air/lib/python3.11/site-packages/airflow/models/dagbag.py", line 351, in parse
    loader.exec_module(new_module)
  File "<frozen importlib._bootstrap_external>", line 940, in exec_module
  File "<frozen importlib._bootstrap>", line 241, in _call_with_frames_removed
  File "/home/kyuseok00/teamproj/airflow/dags/audit.py", line 17, in <module>
    dag = DAG(
          ^^^^
  File "/home/kyuseok00/.pyenv/versions/3.11.9/envs/air/lib/python3.11/site-packages/airflow/models/dag.py", line 519, in __init__
    validate_key(dag_id)
  File "/home/kyuseok00/.pyenv/versions/3.11.9/envs/air/lib/python3.11/site-packages/airflow/utils/helpers.py", line 57, in validate_key
    raise AirflowException(
airflow.exceptions.AirflowException: The key 'data for audit' has to be made of alphanumeric characters, dashes, dots and underscores exclusively
[2024-08-26T17:13:33.871+0900] {processor.py:842} WARNING - No viable dags retrieved from /home/kyuseok00/teamproj/airflow/dags/audit.py
[2024-08-26T17:13:33.895+0900] {processor.py:183} INFO - Processing /home/kyuseok00/teamproj/airflow/dags/audit.py took 0.088 seconds
[2024-08-26T17:14:00.937+0900] {processor.py:161} INFO - Started process (PID=82992) to work on /home/kyuseok00/teamproj/airflow/dags/audit.py
[2024-08-26T17:14:00.939+0900] {processor.py:830} INFO - Processing file /home/kyuseok00/teamproj/airflow/dags/audit.py for tasks to queue
[2024-08-26T17:14:00.942+0900] {logging_mixin.py:188} INFO - [2024-08-26T17:14:00.941+0900] {dagbag.py:545} INFO - Filling up the DagBag from /home/kyuseok00/teamproj/airflow/dags/audit.py
[2024-08-26T17:14:00.982+0900] {logging_mixin.py:188} INFO - [2024-08-26T17:14:00.981+0900] {dagbag.py:355} ERROR - Failed to import: /home/kyuseok00/teamproj/airflow/dags/audit.py
Traceback (most recent call last):
  File "/home/kyuseok00/.pyenv/versions/3.11.9/envs/air/lib/python3.11/site-packages/airflow/models/dagbag.py", line 351, in parse
    loader.exec_module(new_module)
  File "<frozen importlib._bootstrap_external>", line 940, in exec_module
  File "<frozen importlib._bootstrap>", line 241, in _call_with_frames_removed
  File "/home/kyuseok00/teamproj/airflow/dags/audit.py", line 17, in <module>
    dag = DAG(
          ^^^^
  File "/home/kyuseok00/.pyenv/versions/3.11.9/envs/air/lib/python3.11/site-packages/airflow/models/dag.py", line 519, in __init__
    validate_key(dag_id)
  File "/home/kyuseok00/.pyenv/versions/3.11.9/envs/air/lib/python3.11/site-packages/airflow/utils/helpers.py", line 57, in validate_key
    raise AirflowException(
airflow.exceptions.AirflowException: The key 'data for audit' has to be made of alphanumeric characters, dashes, dots and underscores exclusively
[2024-08-26T17:14:00.983+0900] {processor.py:842} WARNING - No viable dags retrieved from /home/kyuseok00/teamproj/airflow/dags/audit.py
[2024-08-26T17:14:01.000+0900] {processor.py:183} INFO - Processing /home/kyuseok00/teamproj/airflow/dags/audit.py took 0.068 seconds
[2024-08-26T17:15:41.750+0900] {processor.py:161} INFO - Started process (PID=83760) to work on /home/kyuseok00/teamproj/airflow/dags/audit.py
[2024-08-26T17:15:41.751+0900] {processor.py:830} INFO - Processing file /home/kyuseok00/teamproj/airflow/dags/audit.py for tasks to queue
[2024-08-26T17:15:41.753+0900] {logging_mixin.py:188} INFO - [2024-08-26T17:15:41.753+0900] {dagbag.py:545} INFO - Filling up the DagBag from /home/kyuseok00/teamproj/airflow/dags/audit.py
[2024-08-26T17:15:41.807+0900] {processor.py:840} INFO - DAG(s) 'data_for_audit' retrieved from /home/kyuseok00/teamproj/airflow/dags/audit.py
[2024-08-26T17:15:41.818+0900] {logging_mixin.py:188} INFO - [2024-08-26T17:15:41.818+0900] {dag.py:3089} INFO - Sync 1 DAGs
[2024-08-26T17:15:41.838+0900] {logging_mixin.py:188} INFO - [2024-08-26T17:15:41.837+0900] {dag.py:3947} INFO - Setting next_dagrun for data_for_audit to 2024-08-26 07:00:00+00:00, run_after=2024-08-26 08:00:00+00:00
[2024-08-26T17:15:41.864+0900] {processor.py:183} INFO - Processing /home/kyuseok00/teamproj/airflow/dags/audit.py took 0.122 seconds
[2024-08-26T17:17:05.389+0900] {processor.py:161} INFO - Started process (PID=84356) to work on /home/kyuseok00/teamproj/airflow/dags/audit.py
[2024-08-26T17:17:05.390+0900] {processor.py:830} INFO - Processing file /home/kyuseok00/teamproj/airflow/dags/audit.py for tasks to queue
[2024-08-26T17:17:05.393+0900] {logging_mixin.py:188} INFO - [2024-08-26T17:17:05.393+0900] {dagbag.py:545} INFO - Filling up the DagBag from /home/kyuseok00/teamproj/airflow/dags/audit.py
[2024-08-26T17:17:05.466+0900] {processor.py:840} INFO - DAG(s) 'data_for_audit' retrieved from /home/kyuseok00/teamproj/airflow/dags/audit.py
[2024-08-26T17:17:05.477+0900] {logging_mixin.py:188} INFO - [2024-08-26T17:17:05.476+0900] {dag.py:3089} INFO - Sync 1 DAGs
[2024-08-26T17:17:05.529+0900] {logging_mixin.py:188} INFO - [2024-08-26T17:17:05.526+0900] {dag.py:3947} INFO - Setting next_dagrun for data_for_audit to 2024-08-26 07:00:00+00:00, run_after=2024-08-26 08:00:00+00:00
[2024-08-26T17:17:05.579+0900] {processor.py:183} INFO - Processing /home/kyuseok00/teamproj/airflow/dags/audit.py took 0.199 seconds
[2024-08-26T17:17:36.360+0900] {processor.py:161} INFO - Started process (PID=84644) to work on /home/kyuseok00/teamproj/airflow/dags/audit.py
[2024-08-26T17:17:36.363+0900] {processor.py:830} INFO - Processing file /home/kyuseok00/teamproj/airflow/dags/audit.py for tasks to queue
[2024-08-26T17:17:36.367+0900] {logging_mixin.py:188} INFO - [2024-08-26T17:17:36.366+0900] {dagbag.py:545} INFO - Filling up the DagBag from /home/kyuseok00/teamproj/airflow/dags/audit.py
[2024-08-26T17:17:36.429+0900] {processor.py:840} INFO - DAG(s) 'data_for_audit' retrieved from /home/kyuseok00/teamproj/airflow/dags/audit.py
[2024-08-26T17:17:36.507+0900] {logging_mixin.py:188} INFO - [2024-08-26T17:17:36.507+0900] {dag.py:3089} INFO - Sync 1 DAGs
[2024-08-26T17:17:36.523+0900] {logging_mixin.py:188} INFO - [2024-08-26T17:17:36.523+0900] {dag.py:3947} INFO - Setting next_dagrun for data_for_audit to 2024-08-26 08:00:00+00:00, run_after=2024-08-26 09:00:00+00:00
[2024-08-26T17:17:36.543+0900] {processor.py:183} INFO - Processing /home/kyuseok00/teamproj/airflow/dags/audit.py took 0.193 seconds
[2024-08-26T17:18:07.573+0900] {processor.py:161} INFO - Started process (PID=84648) to work on /home/kyuseok00/teamproj/airflow/dags/audit.py
[2024-08-26T17:18:07.575+0900] {processor.py:830} INFO - Processing file /home/kyuseok00/teamproj/airflow/dags/audit.py for tasks to queue
[2024-08-26T17:18:07.577+0900] {logging_mixin.py:188} INFO - [2024-08-26T17:18:07.577+0900] {dagbag.py:545} INFO - Filling up the DagBag from /home/kyuseok00/teamproj/airflow/dags/audit.py
[2024-08-26T17:18:07.645+0900] {processor.py:840} INFO - DAG(s) 'data_for_audit' retrieved from /home/kyuseok00/teamproj/airflow/dags/audit.py
[2024-08-26T17:18:07.675+0900] {logging_mixin.py:188} INFO - [2024-08-26T17:18:07.675+0900] {dag.py:3089} INFO - Sync 1 DAGs
[2024-08-26T17:18:07.700+0900] {logging_mixin.py:188} INFO - [2024-08-26T17:18:07.699+0900] {dag.py:3947} INFO - Setting next_dagrun for data_for_audit to 2024-08-26 08:00:00+00:00, run_after=2024-08-26 09:00:00+00:00
[2024-08-26T17:18:07.722+0900] {processor.py:183} INFO - Processing /home/kyuseok00/teamproj/airflow/dags/audit.py took 0.158 seconds
[2024-08-26T17:18:37.948+0900] {processor.py:161} INFO - Started process (PID=84650) to work on /home/kyuseok00/teamproj/airflow/dags/audit.py
[2024-08-26T17:18:37.957+0900] {processor.py:830} INFO - Processing file /home/kyuseok00/teamproj/airflow/dags/audit.py for tasks to queue
[2024-08-26T17:18:37.960+0900] {logging_mixin.py:188} INFO - [2024-08-26T17:18:37.959+0900] {dagbag.py:545} INFO - Filling up the DagBag from /home/kyuseok00/teamproj/airflow/dags/audit.py
[2024-08-26T17:18:38.050+0900] {processor.py:840} INFO - DAG(s) 'data_for_audit' retrieved from /home/kyuseok00/teamproj/airflow/dags/audit.py
[2024-08-26T17:18:38.079+0900] {logging_mixin.py:188} INFO - [2024-08-26T17:18:38.079+0900] {dag.py:3089} INFO - Sync 1 DAGs
[2024-08-26T17:18:38.116+0900] {logging_mixin.py:188} INFO - [2024-08-26T17:18:38.115+0900] {dag.py:3947} INFO - Setting next_dagrun for data_for_audit to 2024-08-26 08:00:00+00:00, run_after=2024-08-26 09:00:00+00:00
[2024-08-26T17:18:38.153+0900] {processor.py:183} INFO - Processing /home/kyuseok00/teamproj/airflow/dags/audit.py took 0.211 seconds
[2024-08-26T17:19:09.271+0900] {processor.py:161} INFO - Started process (PID=84652) to work on /home/kyuseok00/teamproj/airflow/dags/audit.py
[2024-08-26T17:19:09.281+0900] {processor.py:830} INFO - Processing file /home/kyuseok00/teamproj/airflow/dags/audit.py for tasks to queue
[2024-08-26T17:19:09.283+0900] {logging_mixin.py:188} INFO - [2024-08-26T17:19:09.283+0900] {dagbag.py:545} INFO - Filling up the DagBag from /home/kyuseok00/teamproj/airflow/dags/audit.py
[2024-08-26T17:19:09.335+0900] {processor.py:840} INFO - DAG(s) 'data_for_audit' retrieved from /home/kyuseok00/teamproj/airflow/dags/audit.py
[2024-08-26T17:19:09.358+0900] {logging_mixin.py:188} INFO - [2024-08-26T17:19:09.358+0900] {dag.py:3089} INFO - Sync 1 DAGs
[2024-08-26T17:19:09.384+0900] {logging_mixin.py:188} INFO - [2024-08-26T17:19:09.383+0900] {dag.py:3947} INFO - Setting next_dagrun for data_for_audit to 2024-08-26 08:00:00+00:00, run_after=2024-08-26 09:00:00+00:00
[2024-08-26T17:19:09.406+0900] {processor.py:183} INFO - Processing /home/kyuseok00/teamproj/airflow/dags/audit.py took 0.141 seconds
[2024-08-26T17:19:39.586+0900] {processor.py:161} INFO - Started process (PID=84654) to work on /home/kyuseok00/teamproj/airflow/dags/audit.py
[2024-08-26T17:19:39.594+0900] {processor.py:830} INFO - Processing file /home/kyuseok00/teamproj/airflow/dags/audit.py for tasks to queue
[2024-08-26T17:19:39.597+0900] {logging_mixin.py:188} INFO - [2024-08-26T17:19:39.596+0900] {dagbag.py:545} INFO - Filling up the DagBag from /home/kyuseok00/teamproj/airflow/dags/audit.py
[2024-08-26T17:19:39.665+0900] {processor.py:840} INFO - DAG(s) 'data_for_audit' retrieved from /home/kyuseok00/teamproj/airflow/dags/audit.py
[2024-08-26T17:19:39.687+0900] {logging_mixin.py:188} INFO - [2024-08-26T17:19:39.687+0900] {dag.py:3089} INFO - Sync 1 DAGs
[2024-08-26T17:19:39.709+0900] {logging_mixin.py:188} INFO - [2024-08-26T17:19:39.709+0900] {dag.py:3947} INFO - Setting next_dagrun for data_for_audit to 2024-08-26 08:00:00+00:00, run_after=2024-08-26 09:00:00+00:00
[2024-08-26T17:19:39.732+0900] {processor.py:183} INFO - Processing /home/kyuseok00/teamproj/airflow/dags/audit.py took 0.152 seconds
[2024-08-26T17:20:09.856+0900] {processor.py:161} INFO - Started process (PID=84659) to work on /home/kyuseok00/teamproj/airflow/dags/audit.py
[2024-08-26T17:20:09.864+0900] {processor.py:830} INFO - Processing file /home/kyuseok00/teamproj/airflow/dags/audit.py for tasks to queue
[2024-08-26T17:20:09.866+0900] {logging_mixin.py:188} INFO - [2024-08-26T17:20:09.866+0900] {dagbag.py:545} INFO - Filling up the DagBag from /home/kyuseok00/teamproj/airflow/dags/audit.py
[2024-08-26T17:20:09.924+0900] {processor.py:840} INFO - DAG(s) 'data_for_audit' retrieved from /home/kyuseok00/teamproj/airflow/dags/audit.py
[2024-08-26T17:20:09.949+0900] {logging_mixin.py:188} INFO - [2024-08-26T17:20:09.949+0900] {dag.py:3089} INFO - Sync 1 DAGs
[2024-08-26T17:20:09.977+0900] {logging_mixin.py:188} INFO - [2024-08-26T17:20:09.977+0900] {dag.py:3947} INFO - Setting next_dagrun for data_for_audit to 2024-08-26 08:00:00+00:00, run_after=2024-08-26 09:00:00+00:00
[2024-08-26T17:20:10.002+0900] {processor.py:183} INFO - Processing /home/kyuseok00/teamproj/airflow/dags/audit.py took 0.151 seconds
[2024-08-26T17:20:40.138+0900] {processor.py:161} INFO - Started process (PID=84661) to work on /home/kyuseok00/teamproj/airflow/dags/audit.py
[2024-08-26T17:20:40.139+0900] {processor.py:830} INFO - Processing file /home/kyuseok00/teamproj/airflow/dags/audit.py for tasks to queue
[2024-08-26T17:20:40.140+0900] {logging_mixin.py:188} INFO - [2024-08-26T17:20:40.140+0900] {dagbag.py:545} INFO - Filling up the DagBag from /home/kyuseok00/teamproj/airflow/dags/audit.py
[2024-08-26T17:20:40.189+0900] {processor.py:840} INFO - DAG(s) 'data_for_audit' retrieved from /home/kyuseok00/teamproj/airflow/dags/audit.py
[2024-08-26T17:20:40.208+0900] {logging_mixin.py:188} INFO - [2024-08-26T17:20:40.208+0900] {dag.py:3089} INFO - Sync 1 DAGs
[2024-08-26T17:20:40.230+0900] {logging_mixin.py:188} INFO - [2024-08-26T17:20:40.230+0900] {dag.py:3947} INFO - Setting next_dagrun for data_for_audit to 2024-08-26 08:00:00+00:00, run_after=2024-08-26 09:00:00+00:00
[2024-08-26T17:20:40.253+0900] {processor.py:183} INFO - Processing /home/kyuseok00/teamproj/airflow/dags/audit.py took 0.121 seconds
[2024-08-26T17:21:10.386+0900] {processor.py:161} INFO - Started process (PID=84663) to work on /home/kyuseok00/teamproj/airflow/dags/audit.py
[2024-08-26T17:21:10.395+0900] {processor.py:830} INFO - Processing file /home/kyuseok00/teamproj/airflow/dags/audit.py for tasks to queue
[2024-08-26T17:21:10.398+0900] {logging_mixin.py:188} INFO - [2024-08-26T17:21:10.397+0900] {dagbag.py:545} INFO - Filling up the DagBag from /home/kyuseok00/teamproj/airflow/dags/audit.py
[2024-08-26T17:21:10.448+0900] {processor.py:840} INFO - DAG(s) 'data_for_audit' retrieved from /home/kyuseok00/teamproj/airflow/dags/audit.py
[2024-08-26T17:21:10.473+0900] {logging_mixin.py:188} INFO - [2024-08-26T17:21:10.472+0900] {dag.py:3089} INFO - Sync 1 DAGs
[2024-08-26T17:21:10.500+0900] {logging_mixin.py:188} INFO - [2024-08-26T17:21:10.499+0900] {dag.py:3947} INFO - Setting next_dagrun for data_for_audit to 2024-08-26 08:00:00+00:00, run_after=2024-08-26 09:00:00+00:00
[2024-08-26T17:21:10.525+0900] {processor.py:183} INFO - Processing /home/kyuseok00/teamproj/airflow/dags/audit.py took 0.146 seconds
[2024-08-26T17:21:40.645+0900] {processor.py:161} INFO - Started process (PID=84665) to work on /home/kyuseok00/teamproj/airflow/dags/audit.py
[2024-08-26T17:21:40.655+0900] {processor.py:830} INFO - Processing file /home/kyuseok00/teamproj/airflow/dags/audit.py for tasks to queue
[2024-08-26T17:21:40.656+0900] {logging_mixin.py:188} INFO - [2024-08-26T17:21:40.656+0900] {dagbag.py:545} INFO - Filling up the DagBag from /home/kyuseok00/teamproj/airflow/dags/audit.py
[2024-08-26T17:21:40.703+0900] {processor.py:840} INFO - DAG(s) 'data_for_audit' retrieved from /home/kyuseok00/teamproj/airflow/dags/audit.py
[2024-08-26T17:21:40.723+0900] {logging_mixin.py:188} INFO - [2024-08-26T17:21:40.723+0900] {dag.py:3089} INFO - Sync 1 DAGs
[2024-08-26T17:21:40.742+0900] {logging_mixin.py:188} INFO - [2024-08-26T17:21:40.742+0900] {dag.py:3947} INFO - Setting next_dagrun for data_for_audit to 2024-08-26 08:00:00+00:00, run_after=2024-08-26 09:00:00+00:00
[2024-08-26T17:21:40.765+0900] {processor.py:183} INFO - Processing /home/kyuseok00/teamproj/airflow/dags/audit.py took 0.128 seconds
[2024-08-26T17:22:10.933+0900] {processor.py:161} INFO - Started process (PID=84668) to work on /home/kyuseok00/teamproj/airflow/dags/audit.py
[2024-08-26T17:22:10.942+0900] {processor.py:830} INFO - Processing file /home/kyuseok00/teamproj/airflow/dags/audit.py for tasks to queue
[2024-08-26T17:22:10.945+0900] {logging_mixin.py:188} INFO - [2024-08-26T17:22:10.944+0900] {dagbag.py:545} INFO - Filling up the DagBag from /home/kyuseok00/teamproj/airflow/dags/audit.py
[2024-08-26T17:22:10.997+0900] {processor.py:840} INFO - DAG(s) 'data_for_audit' retrieved from /home/kyuseok00/teamproj/airflow/dags/audit.py
[2024-08-26T17:22:11.020+0900] {logging_mixin.py:188} INFO - [2024-08-26T17:22:11.019+0900] {dag.py:3089} INFO - Sync 1 DAGs
[2024-08-26T17:22:11.039+0900] {logging_mixin.py:188} INFO - [2024-08-26T17:22:11.038+0900] {dag.py:3947} INFO - Setting next_dagrun for data_for_audit to 2024-08-26 08:00:00+00:00, run_after=2024-08-26 09:00:00+00:00
[2024-08-26T17:22:11.066+0900] {processor.py:183} INFO - Processing /home/kyuseok00/teamproj/airflow/dags/audit.py took 0.141 seconds
[2024-08-26T17:22:41.180+0900] {processor.py:161} INFO - Started process (PID=84670) to work on /home/kyuseok00/teamproj/airflow/dags/audit.py
[2024-08-26T17:22:41.184+0900] {processor.py:830} INFO - Processing file /home/kyuseok00/teamproj/airflow/dags/audit.py for tasks to queue
[2024-08-26T17:22:41.186+0900] {logging_mixin.py:188} INFO - [2024-08-26T17:22:41.185+0900] {dagbag.py:545} INFO - Filling up the DagBag from /home/kyuseok00/teamproj/airflow/dags/audit.py
[2024-08-26T17:22:41.243+0900] {processor.py:840} INFO - DAG(s) 'data_for_audit' retrieved from /home/kyuseok00/teamproj/airflow/dags/audit.py
[2024-08-26T17:22:41.268+0900] {logging_mixin.py:188} INFO - [2024-08-26T17:22:41.268+0900] {dag.py:3089} INFO - Sync 1 DAGs
[2024-08-26T17:22:41.291+0900] {logging_mixin.py:188} INFO - [2024-08-26T17:22:41.291+0900] {dag.py:3947} INFO - Setting next_dagrun for data_for_audit to 2024-08-26 08:00:00+00:00, run_after=2024-08-26 09:00:00+00:00
[2024-08-26T17:22:41.318+0900] {processor.py:183} INFO - Processing /home/kyuseok00/teamproj/airflow/dags/audit.py took 0.145 seconds
[2024-08-26T17:23:11.446+0900] {processor.py:161} INFO - Started process (PID=84672) to work on /home/kyuseok00/teamproj/airflow/dags/audit.py
[2024-08-26T17:23:11.455+0900] {processor.py:830} INFO - Processing file /home/kyuseok00/teamproj/airflow/dags/audit.py for tasks to queue
[2024-08-26T17:23:11.457+0900] {logging_mixin.py:188} INFO - [2024-08-26T17:23:11.456+0900] {dagbag.py:545} INFO - Filling up the DagBag from /home/kyuseok00/teamproj/airflow/dags/audit.py
[2024-08-26T17:23:11.510+0900] {processor.py:840} INFO - DAG(s) 'data_for_audit' retrieved from /home/kyuseok00/teamproj/airflow/dags/audit.py
[2024-08-26T17:23:11.531+0900] {logging_mixin.py:188} INFO - [2024-08-26T17:23:11.530+0900] {dag.py:3089} INFO - Sync 1 DAGs
[2024-08-26T17:23:11.551+0900] {logging_mixin.py:188} INFO - [2024-08-26T17:23:11.551+0900] {dag.py:3947} INFO - Setting next_dagrun for data_for_audit to 2024-08-26 08:00:00+00:00, run_after=2024-08-26 09:00:00+00:00
[2024-08-26T17:23:11.574+0900] {processor.py:183} INFO - Processing /home/kyuseok00/teamproj/airflow/dags/audit.py took 0.134 seconds
[2024-08-26T17:23:41.709+0900] {processor.py:161} INFO - Started process (PID=84674) to work on /home/kyuseok00/teamproj/airflow/dags/audit.py
[2024-08-26T17:23:41.718+0900] {processor.py:830} INFO - Processing file /home/kyuseok00/teamproj/airflow/dags/audit.py for tasks to queue
[2024-08-26T17:23:41.720+0900] {logging_mixin.py:188} INFO - [2024-08-26T17:23:41.719+0900] {dagbag.py:545} INFO - Filling up the DagBag from /home/kyuseok00/teamproj/airflow/dags/audit.py
[2024-08-26T17:23:41.771+0900] {processor.py:840} INFO - DAG(s) 'data_for_audit' retrieved from /home/kyuseok00/teamproj/airflow/dags/audit.py
[2024-08-26T17:23:41.791+0900] {logging_mixin.py:188} INFO - [2024-08-26T17:23:41.791+0900] {dag.py:3089} INFO - Sync 1 DAGs
[2024-08-26T17:23:41.813+0900] {logging_mixin.py:188} INFO - [2024-08-26T17:23:41.813+0900] {dag.py:3947} INFO - Setting next_dagrun for data_for_audit to 2024-08-26 08:00:00+00:00, run_after=2024-08-26 09:00:00+00:00
[2024-08-26T17:23:41.837+0900] {processor.py:183} INFO - Processing /home/kyuseok00/teamproj/airflow/dags/audit.py took 0.135 seconds
[2024-08-26T17:24:12.001+0900] {processor.py:161} INFO - Started process (PID=84676) to work on /home/kyuseok00/teamproj/airflow/dags/audit.py
[2024-08-26T17:24:12.002+0900] {processor.py:830} INFO - Processing file /home/kyuseok00/teamproj/airflow/dags/audit.py for tasks to queue
[2024-08-26T17:24:12.004+0900] {logging_mixin.py:188} INFO - [2024-08-26T17:24:12.004+0900] {dagbag.py:545} INFO - Filling up the DagBag from /home/kyuseok00/teamproj/airflow/dags/audit.py
[2024-08-26T17:24:12.059+0900] {processor.py:840} INFO - DAG(s) 'data_for_audit' retrieved from /home/kyuseok00/teamproj/airflow/dags/audit.py
[2024-08-26T17:24:12.080+0900] {logging_mixin.py:188} INFO - [2024-08-26T17:24:12.080+0900] {dag.py:3089} INFO - Sync 1 DAGs
[2024-08-26T17:24:12.100+0900] {logging_mixin.py:188} INFO - [2024-08-26T17:24:12.100+0900] {dag.py:3947} INFO - Setting next_dagrun for data_for_audit to 2024-08-26 08:00:00+00:00, run_after=2024-08-26 09:00:00+00:00
[2024-08-26T17:24:12.126+0900] {processor.py:183} INFO - Processing /home/kyuseok00/teamproj/airflow/dags/audit.py took 0.132 seconds
[2024-08-26T17:24:42.418+0900] {processor.py:161} INFO - Started process (PID=84766) to work on /home/kyuseok00/teamproj/airflow/dags/audit.py
[2024-08-26T17:24:42.420+0900] {processor.py:830} INFO - Processing file /home/kyuseok00/teamproj/airflow/dags/audit.py for tasks to queue
[2024-08-26T17:24:42.424+0900] {logging_mixin.py:188} INFO - [2024-08-26T17:24:42.423+0900] {dagbag.py:545} INFO - Filling up the DagBag from /home/kyuseok00/teamproj/airflow/dags/audit.py
[2024-08-26T17:24:42.479+0900] {processor.py:840} INFO - DAG(s) 'data_for_audit' retrieved from /home/kyuseok00/teamproj/airflow/dags/audit.py
[2024-08-26T17:24:42.496+0900] {logging_mixin.py:188} INFO - [2024-08-26T17:24:42.496+0900] {dag.py:3089} INFO - Sync 1 DAGs
[2024-08-26T17:24:42.514+0900] {logging_mixin.py:188} INFO - [2024-08-26T17:24:42.514+0900] {dag.py:3947} INFO - Setting next_dagrun for data_for_audit to 2024-08-26 08:00:00+00:00, run_after=2024-08-26 09:00:00+00:00
[2024-08-26T17:24:42.537+0900] {processor.py:183} INFO - Processing /home/kyuseok00/teamproj/airflow/dags/audit.py took 0.132 seconds
[2024-08-26T17:25:12.756+0900] {processor.py:161} INFO - Started process (PID=84768) to work on /home/kyuseok00/teamproj/airflow/dags/audit.py
[2024-08-26T17:25:12.757+0900] {processor.py:830} INFO - Processing file /home/kyuseok00/teamproj/airflow/dags/audit.py for tasks to queue
[2024-08-26T17:25:12.759+0900] {logging_mixin.py:188} INFO - [2024-08-26T17:25:12.758+0900] {dagbag.py:545} INFO - Filling up the DagBag from /home/kyuseok00/teamproj/airflow/dags/audit.py
[2024-08-26T17:25:12.807+0900] {processor.py:840} INFO - DAG(s) 'data_for_audit' retrieved from /home/kyuseok00/teamproj/airflow/dags/audit.py
[2024-08-26T17:25:12.827+0900] {logging_mixin.py:188} INFO - [2024-08-26T17:25:12.827+0900] {dag.py:3089} INFO - Sync 1 DAGs
[2024-08-26T17:25:12.853+0900] {logging_mixin.py:188} INFO - [2024-08-26T17:25:12.853+0900] {dag.py:3947} INFO - Setting next_dagrun for data_for_audit to 2024-08-26 08:00:00+00:00, run_after=2024-08-26 09:00:00+00:00
[2024-08-26T17:25:12.876+0900] {processor.py:183} INFO - Processing /home/kyuseok00/teamproj/airflow/dags/audit.py took 0.131 seconds
[2024-08-26T17:25:43.206+0900] {processor.py:161} INFO - Started process (PID=84770) to work on /home/kyuseok00/teamproj/airflow/dags/audit.py
[2024-08-26T17:25:43.216+0900] {processor.py:830} INFO - Processing file /home/kyuseok00/teamproj/airflow/dags/audit.py for tasks to queue
[2024-08-26T17:25:43.219+0900] {logging_mixin.py:188} INFO - [2024-08-26T17:25:43.218+0900] {dagbag.py:545} INFO - Filling up the DagBag from /home/kyuseok00/teamproj/airflow/dags/audit.py
[2024-08-26T17:25:43.270+0900] {processor.py:840} INFO - DAG(s) 'data_for_audit' retrieved from /home/kyuseok00/teamproj/airflow/dags/audit.py
[2024-08-26T17:25:43.287+0900] {logging_mixin.py:188} INFO - [2024-08-26T17:25:43.287+0900] {dag.py:3089} INFO - Sync 1 DAGs
[2024-08-26T17:25:43.304+0900] {logging_mixin.py:188} INFO - [2024-08-26T17:25:43.304+0900] {dag.py:3947} INFO - Setting next_dagrun for data_for_audit to 2024-08-26 08:00:00+00:00, run_after=2024-08-26 09:00:00+00:00
[2024-08-26T17:25:43.327+0900] {processor.py:183} INFO - Processing /home/kyuseok00/teamproj/airflow/dags/audit.py took 0.134 seconds
[2024-08-26T17:26:13.591+0900] {processor.py:161} INFO - Started process (PID=84774) to work on /home/kyuseok00/teamproj/airflow/dags/audit.py
[2024-08-26T17:26:13.592+0900] {processor.py:830} INFO - Processing file /home/kyuseok00/teamproj/airflow/dags/audit.py for tasks to queue
[2024-08-26T17:26:13.594+0900] {logging_mixin.py:188} INFO - [2024-08-26T17:26:13.594+0900] {dagbag.py:545} INFO - Filling up the DagBag from /home/kyuseok00/teamproj/airflow/dags/audit.py
[2024-08-26T17:26:13.644+0900] {processor.py:840} INFO - DAG(s) 'data_for_audit' retrieved from /home/kyuseok00/teamproj/airflow/dags/audit.py
[2024-08-26T17:26:13.664+0900] {logging_mixin.py:188} INFO - [2024-08-26T17:26:13.664+0900] {dag.py:3089} INFO - Sync 1 DAGs
[2024-08-26T17:26:13.682+0900] {logging_mixin.py:188} INFO - [2024-08-26T17:26:13.682+0900] {dag.py:3947} INFO - Setting next_dagrun for data_for_audit to 2024-08-26 08:00:00+00:00, run_after=2024-08-26 09:00:00+00:00
[2024-08-26T17:26:13.703+0900] {processor.py:183} INFO - Processing /home/kyuseok00/teamproj/airflow/dags/audit.py took 0.122 seconds
[2024-08-26T17:26:44.021+0900] {processor.py:161} INFO - Started process (PID=84776) to work on /home/kyuseok00/teamproj/airflow/dags/audit.py
[2024-08-26T17:26:44.031+0900] {processor.py:830} INFO - Processing file /home/kyuseok00/teamproj/airflow/dags/audit.py for tasks to queue
[2024-08-26T17:26:44.034+0900] {logging_mixin.py:188} INFO - [2024-08-26T17:26:44.033+0900] {dagbag.py:545} INFO - Filling up the DagBag from /home/kyuseok00/teamproj/airflow/dags/audit.py
[2024-08-26T17:26:44.083+0900] {processor.py:840} INFO - DAG(s) 'data_for_audit' retrieved from /home/kyuseok00/teamproj/airflow/dags/audit.py
[2024-08-26T17:26:44.104+0900] {logging_mixin.py:188} INFO - [2024-08-26T17:26:44.103+0900] {dag.py:3089} INFO - Sync 1 DAGs
[2024-08-26T17:26:44.123+0900] {logging_mixin.py:188} INFO - [2024-08-26T17:26:44.123+0900] {dag.py:3947} INFO - Setting next_dagrun for data_for_audit to 2024-08-26 08:00:00+00:00, run_after=2024-08-26 09:00:00+00:00
[2024-08-26T17:26:44.147+0900] {processor.py:183} INFO - Processing /home/kyuseok00/teamproj/airflow/dags/audit.py took 0.138 seconds
[2024-08-26T17:27:14.367+0900] {processor.py:161} INFO - Started process (PID=84864) to work on /home/kyuseok00/teamproj/airflow/dags/audit.py
[2024-08-26T17:27:14.368+0900] {processor.py:830} INFO - Processing file /home/kyuseok00/teamproj/airflow/dags/audit.py for tasks to queue
[2024-08-26T17:27:14.369+0900] {logging_mixin.py:188} INFO - [2024-08-26T17:27:14.369+0900] {dagbag.py:545} INFO - Filling up the DagBag from /home/kyuseok00/teamproj/airflow/dags/audit.py
[2024-08-26T17:27:14.410+0900] {processor.py:840} INFO - DAG(s) 'data_for_audit' retrieved from /home/kyuseok00/teamproj/airflow/dags/audit.py
[2024-08-26T17:27:14.427+0900] {logging_mixin.py:188} INFO - [2024-08-26T17:27:14.427+0900] {dag.py:3089} INFO - Sync 1 DAGs
[2024-08-26T17:27:14.444+0900] {logging_mixin.py:188} INFO - [2024-08-26T17:27:14.444+0900] {dag.py:3947} INFO - Setting next_dagrun for data_for_audit to 2024-08-26 08:00:00+00:00, run_after=2024-08-26 09:00:00+00:00
[2024-08-26T17:27:14.465+0900] {processor.py:183} INFO - Processing /home/kyuseok00/teamproj/airflow/dags/audit.py took 0.103 seconds
