[2024-08-26T17:11:32.987+0900] {processor.py:161} INFO - Started process (PID=81923) to work on /home/kyuseok00/teamproj/airflow/dags/time.py
[2024-08-26T17:11:32.988+0900] {processor.py:830} INFO - Processing file /home/kyuseok00/teamproj/airflow/dags/time.py for tasks to queue
[2024-08-26T17:11:32.991+0900] {logging_mixin.py:188} INFO - [2024-08-26T17:11:32.990+0900] {dagbag.py:545} INFO - Filling up the DagBag from /home/kyuseok00/teamproj/airflow/dags/time.py
[2024-08-26T17:11:32.994+0900] {logging_mixin.py:188} INFO - [2024-08-26T17:11:32.993+0900] {dagbag.py:355} ERROR - Failed to import: /home/kyuseok00/teamproj/airflow/dags/time.py
Traceback (most recent call last):
  File "/home/kyuseok00/.pyenv/versions/3.11.9/envs/air/lib/python3.11/site-packages/airflow/models/dagbag.py", line 351, in parse
    loader.exec_module(new_module)
  File "<frozen importlib._bootstrap_external>", line 940, in exec_module
  File "<frozen importlib._bootstrap>", line 241, in _call_with_frames_removed
  File "/home/kyuseok00/teamproj/airflow/dags/time.py", line 5, in <module>
    from kafka import KafkaProducer
ModuleNotFoundError: No module named 'kafka'
[2024-08-26T17:11:32.995+0900] {processor.py:842} WARNING - No viable dags retrieved from /home/kyuseok00/teamproj/airflow/dags/time.py
[2024-08-26T17:11:33.018+0900] {processor.py:183} INFO - Processing /home/kyuseok00/teamproj/airflow/dags/time.py took 0.036 seconds
[2024-08-26T17:12:03.601+0900] {processor.py:161} INFO - Started process (PID=81935) to work on /home/kyuseok00/teamproj/airflow/dags/time.py
[2024-08-26T17:12:03.604+0900] {processor.py:830} INFO - Processing file /home/kyuseok00/teamproj/airflow/dags/time.py for tasks to queue
[2024-08-26T17:12:03.605+0900] {logging_mixin.py:188} INFO - [2024-08-26T17:12:03.605+0900] {dagbag.py:545} INFO - Filling up the DagBag from /home/kyuseok00/teamproj/airflow/dags/time.py
[2024-08-26T17:12:03.608+0900] {logging_mixin.py:188} INFO - [2024-08-26T17:12:03.607+0900] {dagbag.py:355} ERROR - Failed to import: /home/kyuseok00/teamproj/airflow/dags/time.py
Traceback (most recent call last):
  File "/home/kyuseok00/.pyenv/versions/3.11.9/envs/air/lib/python3.11/site-packages/airflow/models/dagbag.py", line 351, in parse
    loader.exec_module(new_module)
  File "<frozen importlib._bootstrap_external>", line 940, in exec_module
  File "<frozen importlib._bootstrap>", line 241, in _call_with_frames_removed
  File "/home/kyuseok00/teamproj/airflow/dags/time.py", line 5, in <module>
    from kafka import KafkaProducer
ModuleNotFoundError: No module named 'kafka'
[2024-08-26T17:12:03.609+0900] {processor.py:842} WARNING - No viable dags retrieved from /home/kyuseok00/teamproj/airflow/dags/time.py
[2024-08-26T17:12:03.629+0900] {processor.py:183} INFO - Processing /home/kyuseok00/teamproj/airflow/dags/time.py took 0.033 seconds
[2024-08-26T17:12:34.170+0900] {processor.py:161} INFO - Started process (PID=82300) to work on /home/kyuseok00/teamproj/airflow/dags/time.py
[2024-08-26T17:12:34.173+0900] {processor.py:830} INFO - Processing file /home/kyuseok00/teamproj/airflow/dags/time.py for tasks to queue
[2024-08-26T17:12:34.175+0900] {logging_mixin.py:188} INFO - [2024-08-26T17:12:34.175+0900] {dagbag.py:545} INFO - Filling up the DagBag from /home/kyuseok00/teamproj/airflow/dags/time.py
[2024-08-26T17:12:34.216+0900] {logging_mixin.py:188} INFO - [2024-08-26T17:12:34.215+0900] {dagbag.py:355} ERROR - Failed to import: /home/kyuseok00/teamproj/airflow/dags/time.py
Traceback (most recent call last):
  File "/home/kyuseok00/.pyenv/versions/3.11.9/envs/air/lib/python3.11/site-packages/airflow/models/dagbag.py", line 351, in parse
    loader.exec_module(new_module)
  File "<frozen importlib._bootstrap_external>", line 940, in exec_module
  File "<frozen importlib._bootstrap>", line 241, in _call_with_frames_removed
  File "/home/kyuseok00/teamproj/airflow/dags/time.py", line 5, in <module>
    from kafka import KafkaProducer
  File "/home/kyuseok00/.pyenv/versions/3.11.9/envs/air/lib/python3.11/site-packages/kafka/__init__.py", line 23, in <module>
    from kafka.producer import KafkaProducer
  File "/home/kyuseok00/.pyenv/versions/3.11.9/envs/air/lib/python3.11/site-packages/kafka/producer/__init__.py", line 4, in <module>
    from .simple import SimpleProducer
  File "/home/kyuseok00/.pyenv/versions/3.11.9/envs/air/lib/python3.11/site-packages/kafka/producer/simple.py", line 54
    return '<SimpleProducer batch=%s>' % self.async
                                              ^^^^^
SyntaxError: invalid syntax
[2024-08-26T17:12:34.217+0900] {processor.py:842} WARNING - No viable dags retrieved from /home/kyuseok00/teamproj/airflow/dags/time.py
[2024-08-26T17:12:34.238+0900] {processor.py:183} INFO - Processing /home/kyuseok00/teamproj/airflow/dags/time.py took 0.088 seconds
[2024-08-26T17:13:04.427+0900] {processor.py:161} INFO - Started process (PID=82304) to work on /home/kyuseok00/teamproj/airflow/dags/time.py
[2024-08-26T17:13:04.429+0900] {processor.py:830} INFO - Processing file /home/kyuseok00/teamproj/airflow/dags/time.py for tasks to queue
[2024-08-26T17:13:04.431+0900] {logging_mixin.py:188} INFO - [2024-08-26T17:13:04.430+0900] {dagbag.py:545} INFO - Filling up the DagBag from /home/kyuseok00/teamproj/airflow/dags/time.py
[2024-08-26T17:13:04.462+0900] {logging_mixin.py:188} INFO - [2024-08-26T17:13:04.461+0900] {dagbag.py:355} ERROR - Failed to import: /home/kyuseok00/teamproj/airflow/dags/time.py
Traceback (most recent call last):
  File "/home/kyuseok00/.pyenv/versions/3.11.9/envs/air/lib/python3.11/site-packages/airflow/models/dagbag.py", line 351, in parse
    loader.exec_module(new_module)
  File "<frozen importlib._bootstrap_external>", line 940, in exec_module
  File "<frozen importlib._bootstrap>", line 241, in _call_with_frames_removed
  File "/home/kyuseok00/teamproj/airflow/dags/time.py", line 5, in <module>
    from kafka import KafkaProducer
  File "/home/kyuseok00/.pyenv/versions/3.11.9/envs/air/lib/python3.11/site-packages/kafka/__init__.py", line 23, in <module>
    from kafka.producer import KafkaProducer
  File "/home/kyuseok00/.pyenv/versions/3.11.9/envs/air/lib/python3.11/site-packages/kafka/producer/__init__.py", line 4, in <module>
    from .simple import SimpleProducer
  File "/home/kyuseok00/.pyenv/versions/3.11.9/envs/air/lib/python3.11/site-packages/kafka/producer/simple.py", line 54
    return '<SimpleProducer batch=%s>' % self.async
                                              ^^^^^
SyntaxError: invalid syntax
[2024-08-26T17:13:04.462+0900] {processor.py:842} WARNING - No viable dags retrieved from /home/kyuseok00/teamproj/airflow/dags/time.py
[2024-08-26T17:13:04.484+0900] {processor.py:183} INFO - Processing /home/kyuseok00/teamproj/airflow/dags/time.py took 0.066 seconds
[2024-08-26T17:13:34.956+0900] {processor.py:161} INFO - Started process (PID=82575) to work on /home/kyuseok00/teamproj/airflow/dags/time.py
[2024-08-26T17:13:34.959+0900] {processor.py:830} INFO - Processing file /home/kyuseok00/teamproj/airflow/dags/time.py for tasks to queue
[2024-08-26T17:13:34.961+0900] {logging_mixin.py:188} INFO - [2024-08-26T17:13:34.960+0900] {dagbag.py:545} INFO - Filling up the DagBag from /home/kyuseok00/teamproj/airflow/dags/time.py
[2024-08-26T17:13:35.007+0900] {processor.py:840} INFO - DAG(s) 'send_reminder' retrieved from /home/kyuseok00/teamproj/airflow/dags/time.py
[2024-08-26T17:13:35.118+0900] {logging_mixin.py:188} INFO - [2024-08-26T17:13:35.117+0900] {override.py:1858} INFO - Created Permission View: can read on DAG:send_reminder
[2024-08-26T17:13:35.129+0900] {logging_mixin.py:188} INFO - [2024-08-26T17:13:35.129+0900] {override.py:1858} INFO - Created Permission View: can edit on DAG:send_reminder
[2024-08-26T17:13:35.141+0900] {logging_mixin.py:188} INFO - [2024-08-26T17:13:35.140+0900] {override.py:1858} INFO - Created Permission View: can delete on DAG:send_reminder
[2024-08-26T17:13:35.141+0900] {logging_mixin.py:188} INFO - [2024-08-26T17:13:35.141+0900] {dag.py:3089} INFO - Sync 1 DAGs
[2024-08-26T17:13:35.153+0900] {logging_mixin.py:188} INFO - [2024-08-26T17:13:35.152+0900] {dag.py:3111} INFO - Creating ORM DAG for send_reminder
[2024-08-26T17:13:35.165+0900] {logging_mixin.py:188} INFO - [2024-08-26T17:13:35.165+0900] {dag.py:3947} INFO - Setting next_dagrun for send_reminder to 2024-08-24 09:30:00+00:00, run_after=2024-08-25 09:30:00+00:00
[2024-08-26T17:13:35.193+0900] {processor.py:183} INFO - Processing /home/kyuseok00/teamproj/airflow/dags/time.py took 0.245 seconds
[2024-08-26T17:14:02.098+0900] {processor.py:161} INFO - Started process (PID=82994) to work on /home/kyuseok00/teamproj/airflow/dags/time.py
[2024-08-26T17:14:02.099+0900] {processor.py:830} INFO - Processing file /home/kyuseok00/teamproj/airflow/dags/time.py for tasks to queue
[2024-08-26T17:14:02.101+0900] {logging_mixin.py:188} INFO - [2024-08-26T17:14:02.100+0900] {dagbag.py:545} INFO - Filling up the DagBag from /home/kyuseok00/teamproj/airflow/dags/time.py
[2024-08-26T17:14:02.164+0900] {processor.py:840} INFO - DAG(s) 'send_reminder' retrieved from /home/kyuseok00/teamproj/airflow/dags/time.py
[2024-08-26T17:14:02.171+0900] {logging_mixin.py:188} INFO - [2024-08-26T17:14:02.171+0900] {dag.py:3089} INFO - Sync 1 DAGs
[2024-08-26T17:14:02.201+0900] {logging_mixin.py:188} INFO - [2024-08-26T17:14:02.200+0900] {dag.py:3947} INFO - Setting next_dagrun for send_reminder to 2024-08-24 09:30:00+00:00, run_after=2024-08-25 09:30:00+00:00
[2024-08-26T17:14:02.227+0900] {processor.py:183} INFO - Processing /home/kyuseok00/teamproj/airflow/dags/time.py took 0.135 seconds
[2024-08-26T17:15:43.025+0900] {processor.py:161} INFO - Started process (PID=83762) to work on /home/kyuseok00/teamproj/airflow/dags/time.py
[2024-08-26T17:15:43.033+0900] {processor.py:830} INFO - Processing file /home/kyuseok00/teamproj/airflow/dags/time.py for tasks to queue
[2024-08-26T17:15:43.035+0900] {logging_mixin.py:188} INFO - [2024-08-26T17:15:43.034+0900] {dagbag.py:545} INFO - Filling up the DagBag from /home/kyuseok00/teamproj/airflow/dags/time.py
[2024-08-26T17:15:43.085+0900] {processor.py:840} INFO - DAG(s) 'send_reminder' retrieved from /home/kyuseok00/teamproj/airflow/dags/time.py
[2024-08-26T17:15:43.092+0900] {logging_mixin.py:188} INFO - [2024-08-26T17:15:43.091+0900] {dag.py:3089} INFO - Sync 1 DAGs
[2024-08-26T17:15:43.123+0900] {logging_mixin.py:188} INFO - [2024-08-26T17:15:43.122+0900] {dag.py:3947} INFO - Setting next_dagrun for send_reminder to 2024-08-24 09:30:00+00:00, run_after=2024-08-25 09:30:00+00:00
[2024-08-26T17:15:43.150+0900] {processor.py:183} INFO - Processing /home/kyuseok00/teamproj/airflow/dags/time.py took 0.130 seconds
[2024-08-26T17:17:06.765+0900] {processor.py:161} INFO - Started process (PID=84358) to work on /home/kyuseok00/teamproj/airflow/dags/time.py
[2024-08-26T17:17:06.774+0900] {processor.py:830} INFO - Processing file /home/kyuseok00/teamproj/airflow/dags/time.py for tasks to queue
[2024-08-26T17:17:06.776+0900] {logging_mixin.py:188} INFO - [2024-08-26T17:17:06.775+0900] {dagbag.py:545} INFO - Filling up the DagBag from /home/kyuseok00/teamproj/airflow/dags/time.py
[2024-08-26T17:17:06.837+0900] {processor.py:840} INFO - DAG(s) 'send_reminder' retrieved from /home/kyuseok00/teamproj/airflow/dags/time.py
[2024-08-26T17:17:06.845+0900] {logging_mixin.py:188} INFO - [2024-08-26T17:17:06.845+0900] {dag.py:3089} INFO - Sync 1 DAGs
[2024-08-26T17:17:06.868+0900] {logging_mixin.py:188} INFO - [2024-08-26T17:17:06.868+0900] {dag.py:3947} INFO - Setting next_dagrun for send_reminder to 2024-08-24 09:30:00+00:00, run_after=2024-08-25 09:30:00+00:00
[2024-08-26T17:17:06.892+0900] {processor.py:183} INFO - Processing /home/kyuseok00/teamproj/airflow/dags/time.py took 0.133 seconds
[2024-08-26T17:17:37.609+0900] {processor.py:161} INFO - Started process (PID=84645) to work on /home/kyuseok00/teamproj/airflow/dags/time.py
[2024-08-26T17:17:37.611+0900] {processor.py:830} INFO - Processing file /home/kyuseok00/teamproj/airflow/dags/time.py for tasks to queue
[2024-08-26T17:17:37.614+0900] {logging_mixin.py:188} INFO - [2024-08-26T17:17:37.614+0900] {dagbag.py:545} INFO - Filling up the DagBag from /home/kyuseok00/teamproj/airflow/dags/time.py
[2024-08-26T17:17:37.666+0900] {processor.py:840} INFO - DAG(s) 'send_reminder' retrieved from /home/kyuseok00/teamproj/airflow/dags/time.py
[2024-08-26T17:17:37.752+0900] {logging_mixin.py:188} INFO - [2024-08-26T17:17:37.752+0900] {dag.py:3089} INFO - Sync 1 DAGs
[2024-08-26T17:17:37.768+0900] {logging_mixin.py:188} INFO - [2024-08-26T17:17:37.768+0900] {dag.py:3947} INFO - Setting next_dagrun for send_reminder to 2024-08-24 09:30:00+00:00, run_after=2024-08-25 09:30:00+00:00
[2024-08-26T17:17:37.792+0900] {processor.py:183} INFO - Processing /home/kyuseok00/teamproj/airflow/dags/time.py took 0.193 seconds
[2024-08-26T17:18:08.811+0900] {processor.py:161} INFO - Started process (PID=84649) to work on /home/kyuseok00/teamproj/airflow/dags/time.py
[2024-08-26T17:18:08.820+0900] {processor.py:830} INFO - Processing file /home/kyuseok00/teamproj/airflow/dags/time.py for tasks to queue
[2024-08-26T17:18:08.823+0900] {logging_mixin.py:188} INFO - [2024-08-26T17:18:08.822+0900] {dagbag.py:545} INFO - Filling up the DagBag from /home/kyuseok00/teamproj/airflow/dags/time.py
[2024-08-26T17:18:08.886+0900] {processor.py:840} INFO - DAG(s) 'send_reminder' retrieved from /home/kyuseok00/teamproj/airflow/dags/time.py
[2024-08-26T17:18:08.914+0900] {logging_mixin.py:188} INFO - [2024-08-26T17:18:08.913+0900] {dag.py:3089} INFO - Sync 1 DAGs
[2024-08-26T17:18:08.939+0900] {logging_mixin.py:188} INFO - [2024-08-26T17:18:08.939+0900] {dag.py:3947} INFO - Setting next_dagrun for send_reminder to 2024-08-24 09:30:00+00:00, run_after=2024-08-25 09:30:00+00:00
[2024-08-26T17:18:08.970+0900] {processor.py:183} INFO - Processing /home/kyuseok00/teamproj/airflow/dags/time.py took 0.168 seconds
[2024-08-26T17:18:39.286+0900] {processor.py:161} INFO - Started process (PID=84651) to work on /home/kyuseok00/teamproj/airflow/dags/time.py
[2024-08-26T17:18:39.294+0900] {processor.py:830} INFO - Processing file /home/kyuseok00/teamproj/airflow/dags/time.py for tasks to queue
[2024-08-26T17:18:39.296+0900] {logging_mixin.py:188} INFO - [2024-08-26T17:18:39.296+0900] {dagbag.py:545} INFO - Filling up the DagBag from /home/kyuseok00/teamproj/airflow/dags/time.py
[2024-08-26T17:18:39.344+0900] {processor.py:840} INFO - DAG(s) 'send_reminder' retrieved from /home/kyuseok00/teamproj/airflow/dags/time.py
[2024-08-26T17:18:39.366+0900] {logging_mixin.py:188} INFO - [2024-08-26T17:18:39.366+0900] {dag.py:3089} INFO - Sync 1 DAGs
[2024-08-26T17:18:39.386+0900] {logging_mixin.py:188} INFO - [2024-08-26T17:18:39.386+0900] {dag.py:3947} INFO - Setting next_dagrun for send_reminder to 2024-08-24 09:30:00+00:00, run_after=2024-08-25 09:30:00+00:00
[2024-08-26T17:18:39.413+0900] {processor.py:183} INFO - Processing /home/kyuseok00/teamproj/airflow/dags/time.py took 0.133 seconds
[2024-08-26T17:19:10.503+0900] {processor.py:161} INFO - Started process (PID=84653) to work on /home/kyuseok00/teamproj/airflow/dags/time.py
[2024-08-26T17:19:10.512+0900] {processor.py:830} INFO - Processing file /home/kyuseok00/teamproj/airflow/dags/time.py for tasks to queue
[2024-08-26T17:19:10.514+0900] {logging_mixin.py:188} INFO - [2024-08-26T17:19:10.513+0900] {dagbag.py:545} INFO - Filling up the DagBag from /home/kyuseok00/teamproj/airflow/dags/time.py
[2024-08-26T17:19:10.560+0900] {processor.py:840} INFO - DAG(s) 'send_reminder' retrieved from /home/kyuseok00/teamproj/airflow/dags/time.py
[2024-08-26T17:19:10.580+0900] {logging_mixin.py:188} INFO - [2024-08-26T17:19:10.580+0900] {dag.py:3089} INFO - Sync 1 DAGs
[2024-08-26T17:19:10.600+0900] {logging_mixin.py:188} INFO - [2024-08-26T17:19:10.600+0900] {dag.py:3947} INFO - Setting next_dagrun for send_reminder to 2024-08-24 09:30:00+00:00, run_after=2024-08-25 09:30:00+00:00
[2024-08-26T17:19:10.624+0900] {processor.py:183} INFO - Processing /home/kyuseok00/teamproj/airflow/dags/time.py took 0.126 seconds
[2024-08-26T17:19:40.806+0900] {processor.py:161} INFO - Started process (PID=84655) to work on /home/kyuseok00/teamproj/airflow/dags/time.py
[2024-08-26T17:19:40.815+0900] {processor.py:830} INFO - Processing file /home/kyuseok00/teamproj/airflow/dags/time.py for tasks to queue
[2024-08-26T17:19:40.817+0900] {logging_mixin.py:188} INFO - [2024-08-26T17:19:40.816+0900] {dagbag.py:545} INFO - Filling up the DagBag from /home/kyuseok00/teamproj/airflow/dags/time.py
[2024-08-26T17:19:40.866+0900] {processor.py:840} INFO - DAG(s) 'send_reminder' retrieved from /home/kyuseok00/teamproj/airflow/dags/time.py
[2024-08-26T17:19:40.886+0900] {logging_mixin.py:188} INFO - [2024-08-26T17:19:40.886+0900] {dag.py:3089} INFO - Sync 1 DAGs
[2024-08-26T17:19:40.904+0900] {logging_mixin.py:188} INFO - [2024-08-26T17:19:40.904+0900] {dag.py:3947} INFO - Setting next_dagrun for send_reminder to 2024-08-24 09:30:00+00:00, run_after=2024-08-25 09:30:00+00:00
[2024-08-26T17:19:40.927+0900] {processor.py:183} INFO - Processing /home/kyuseok00/teamproj/airflow/dags/time.py took 0.128 seconds
[2024-08-26T17:20:11.090+0900] {processor.py:161} INFO - Started process (PID=84660) to work on /home/kyuseok00/teamproj/airflow/dags/time.py
[2024-08-26T17:20:11.099+0900] {processor.py:830} INFO - Processing file /home/kyuseok00/teamproj/airflow/dags/time.py for tasks to queue
[2024-08-26T17:20:11.101+0900] {logging_mixin.py:188} INFO - [2024-08-26T17:20:11.101+0900] {dagbag.py:545} INFO - Filling up the DagBag from /home/kyuseok00/teamproj/airflow/dags/time.py
[2024-08-26T17:20:11.152+0900] {processor.py:840} INFO - DAG(s) 'send_reminder' retrieved from /home/kyuseok00/teamproj/airflow/dags/time.py
[2024-08-26T17:20:11.174+0900] {logging_mixin.py:188} INFO - [2024-08-26T17:20:11.174+0900] {dag.py:3089} INFO - Sync 1 DAGs
[2024-08-26T17:20:11.194+0900] {logging_mixin.py:188} INFO - [2024-08-26T17:20:11.193+0900] {dag.py:3947} INFO - Setting next_dagrun for send_reminder to 2024-08-24 09:30:00+00:00, run_after=2024-08-25 09:30:00+00:00
[2024-08-26T17:20:11.216+0900] {processor.py:183} INFO - Processing /home/kyuseok00/teamproj/airflow/dags/time.py took 0.132 seconds
[2024-08-26T17:20:41.382+0900] {processor.py:161} INFO - Started process (PID=84662) to work on /home/kyuseok00/teamproj/airflow/dags/time.py
[2024-08-26T17:20:41.383+0900] {processor.py:830} INFO - Processing file /home/kyuseok00/teamproj/airflow/dags/time.py for tasks to queue
[2024-08-26T17:20:41.384+0900] {logging_mixin.py:188} INFO - [2024-08-26T17:20:41.384+0900] {dagbag.py:545} INFO - Filling up the DagBag from /home/kyuseok00/teamproj/airflow/dags/time.py
[2024-08-26T17:20:41.437+0900] {processor.py:840} INFO - DAG(s) 'send_reminder' retrieved from /home/kyuseok00/teamproj/airflow/dags/time.py
[2024-08-26T17:20:41.457+0900] {logging_mixin.py:188} INFO - [2024-08-26T17:20:41.457+0900] {dag.py:3089} INFO - Sync 1 DAGs
[2024-08-26T17:20:41.477+0900] {logging_mixin.py:188} INFO - [2024-08-26T17:20:41.477+0900] {dag.py:3947} INFO - Setting next_dagrun for send_reminder to 2024-08-24 09:30:00+00:00, run_after=2024-08-25 09:30:00+00:00
[2024-08-26T17:20:41.500+0900] {processor.py:183} INFO - Processing /home/kyuseok00/teamproj/airflow/dags/time.py took 0.123 seconds
[2024-08-26T17:21:11.624+0900] {processor.py:161} INFO - Started process (PID=84664) to work on /home/kyuseok00/teamproj/airflow/dags/time.py
[2024-08-26T17:21:11.633+0900] {processor.py:830} INFO - Processing file /home/kyuseok00/teamproj/airflow/dags/time.py for tasks to queue
[2024-08-26T17:21:11.635+0900] {logging_mixin.py:188} INFO - [2024-08-26T17:21:11.635+0900] {dagbag.py:545} INFO - Filling up the DagBag from /home/kyuseok00/teamproj/airflow/dags/time.py
[2024-08-26T17:21:11.682+0900] {processor.py:840} INFO - DAG(s) 'send_reminder' retrieved from /home/kyuseok00/teamproj/airflow/dags/time.py
[2024-08-26T17:21:11.702+0900] {logging_mixin.py:188} INFO - [2024-08-26T17:21:11.702+0900] {dag.py:3089} INFO - Sync 1 DAGs
[2024-08-26T17:21:11.721+0900] {logging_mixin.py:188} INFO - [2024-08-26T17:21:11.721+0900] {dag.py:3947} INFO - Setting next_dagrun for send_reminder to 2024-08-24 09:30:00+00:00, run_after=2024-08-25 09:30:00+00:00
[2024-08-26T17:21:11.743+0900] {processor.py:183} INFO - Processing /home/kyuseok00/teamproj/airflow/dags/time.py took 0.125 seconds
[2024-08-26T17:21:41.877+0900] {processor.py:161} INFO - Started process (PID=84666) to work on /home/kyuseok00/teamproj/airflow/dags/time.py
[2024-08-26T17:21:41.886+0900] {processor.py:830} INFO - Processing file /home/kyuseok00/teamproj/airflow/dags/time.py for tasks to queue
[2024-08-26T17:21:41.888+0900] {logging_mixin.py:188} INFO - [2024-08-26T17:21:41.887+0900] {dagbag.py:545} INFO - Filling up the DagBag from /home/kyuseok00/teamproj/airflow/dags/time.py
[2024-08-26T17:21:41.933+0900] {processor.py:840} INFO - DAG(s) 'send_reminder' retrieved from /home/kyuseok00/teamproj/airflow/dags/time.py
[2024-08-26T17:21:41.955+0900] {logging_mixin.py:188} INFO - [2024-08-26T17:21:41.955+0900] {dag.py:3089} INFO - Sync 1 DAGs
[2024-08-26T17:21:41.974+0900] {logging_mixin.py:188} INFO - [2024-08-26T17:21:41.973+0900] {dag.py:3947} INFO - Setting next_dagrun for send_reminder to 2024-08-24 09:30:00+00:00, run_after=2024-08-25 09:30:00+00:00
[2024-08-26T17:21:41.996+0900] {processor.py:183} INFO - Processing /home/kyuseok00/teamproj/airflow/dags/time.py took 0.124 seconds
[2024-08-26T17:22:12.166+0900] {processor.py:161} INFO - Started process (PID=84669) to work on /home/kyuseok00/teamproj/airflow/dags/time.py
[2024-08-26T17:22:12.175+0900] {processor.py:830} INFO - Processing file /home/kyuseok00/teamproj/airflow/dags/time.py for tasks to queue
[2024-08-26T17:22:12.177+0900] {logging_mixin.py:188} INFO - [2024-08-26T17:22:12.177+0900] {dagbag.py:545} INFO - Filling up the DagBag from /home/kyuseok00/teamproj/airflow/dags/time.py
[2024-08-26T17:22:12.229+0900] {processor.py:840} INFO - DAG(s) 'send_reminder' retrieved from /home/kyuseok00/teamproj/airflow/dags/time.py
[2024-08-26T17:22:12.254+0900] {logging_mixin.py:188} INFO - [2024-08-26T17:22:12.253+0900] {dag.py:3089} INFO - Sync 1 DAGs
[2024-08-26T17:22:12.276+0900] {logging_mixin.py:188} INFO - [2024-08-26T17:22:12.276+0900] {dag.py:3947} INFO - Setting next_dagrun for send_reminder to 2024-08-24 09:30:00+00:00, run_after=2024-08-25 09:30:00+00:00
[2024-08-26T17:22:12.302+0900] {processor.py:183} INFO - Processing /home/kyuseok00/teamproj/airflow/dags/time.py took 0.142 seconds
[2024-08-26T17:22:42.415+0900] {processor.py:161} INFO - Started process (PID=84671) to work on /home/kyuseok00/teamproj/airflow/dags/time.py
[2024-08-26T17:22:42.424+0900] {processor.py:830} INFO - Processing file /home/kyuseok00/teamproj/airflow/dags/time.py for tasks to queue
[2024-08-26T17:22:42.426+0900] {logging_mixin.py:188} INFO - [2024-08-26T17:22:42.426+0900] {dagbag.py:545} INFO - Filling up the DagBag from /home/kyuseok00/teamproj/airflow/dags/time.py
[2024-08-26T17:22:42.473+0900] {processor.py:840} INFO - DAG(s) 'send_reminder' retrieved from /home/kyuseok00/teamproj/airflow/dags/time.py
[2024-08-26T17:22:42.494+0900] {logging_mixin.py:188} INFO - [2024-08-26T17:22:42.494+0900] {dag.py:3089} INFO - Sync 1 DAGs
[2024-08-26T17:22:42.513+0900] {logging_mixin.py:188} INFO - [2024-08-26T17:22:42.513+0900] {dag.py:3947} INFO - Setting next_dagrun for send_reminder to 2024-08-24 09:30:00+00:00, run_after=2024-08-25 09:30:00+00:00
[2024-08-26T17:22:42.538+0900] {processor.py:183} INFO - Processing /home/kyuseok00/teamproj/airflow/dags/time.py took 0.128 seconds
[2024-08-26T17:23:12.689+0900] {processor.py:161} INFO - Started process (PID=84673) to work on /home/kyuseok00/teamproj/airflow/dags/time.py
[2024-08-26T17:23:12.691+0900] {processor.py:830} INFO - Processing file /home/kyuseok00/teamproj/airflow/dags/time.py for tasks to queue
[2024-08-26T17:23:12.693+0900] {logging_mixin.py:188} INFO - [2024-08-26T17:23:12.693+0900] {dagbag.py:545} INFO - Filling up the DagBag from /home/kyuseok00/teamproj/airflow/dags/time.py
[2024-08-26T17:23:12.747+0900] {processor.py:840} INFO - DAG(s) 'send_reminder' retrieved from /home/kyuseok00/teamproj/airflow/dags/time.py
[2024-08-26T17:23:12.770+0900] {logging_mixin.py:188} INFO - [2024-08-26T17:23:12.769+0900] {dag.py:3089} INFO - Sync 1 DAGs
[2024-08-26T17:23:12.789+0900] {logging_mixin.py:188} INFO - [2024-08-26T17:23:12.788+0900] {dag.py:3947} INFO - Setting next_dagrun for send_reminder to 2024-08-24 09:30:00+00:00, run_after=2024-08-25 09:30:00+00:00
[2024-08-26T17:23:12.813+0900] {processor.py:183} INFO - Processing /home/kyuseok00/teamproj/airflow/dags/time.py took 0.134 seconds
[2024-08-26T17:23:42.944+0900] {processor.py:161} INFO - Started process (PID=84675) to work on /home/kyuseok00/teamproj/airflow/dags/time.py
[2024-08-26T17:23:42.953+0900] {processor.py:830} INFO - Processing file /home/kyuseok00/teamproj/airflow/dags/time.py for tasks to queue
[2024-08-26T17:23:42.955+0900] {logging_mixin.py:188} INFO - [2024-08-26T17:23:42.955+0900] {dagbag.py:545} INFO - Filling up the DagBag from /home/kyuseok00/teamproj/airflow/dags/time.py
[2024-08-26T17:23:43.010+0900] {processor.py:840} INFO - DAG(s) 'send_reminder' retrieved from /home/kyuseok00/teamproj/airflow/dags/time.py
[2024-08-26T17:23:43.031+0900] {logging_mixin.py:188} INFO - [2024-08-26T17:23:43.031+0900] {dag.py:3089} INFO - Sync 1 DAGs
[2024-08-26T17:23:43.051+0900] {logging_mixin.py:188} INFO - [2024-08-26T17:23:43.051+0900] {dag.py:3947} INFO - Setting next_dagrun for send_reminder to 2024-08-24 09:30:00+00:00, run_after=2024-08-25 09:30:00+00:00
[2024-08-26T17:23:43.074+0900] {processor.py:183} INFO - Processing /home/kyuseok00/teamproj/airflow/dags/time.py took 0.136 seconds
[2024-08-26T17:24:13.220+0900] {processor.py:161} INFO - Started process (PID=84677) to work on /home/kyuseok00/teamproj/airflow/dags/time.py
[2024-08-26T17:24:13.220+0900] {processor.py:830} INFO - Processing file /home/kyuseok00/teamproj/airflow/dags/time.py for tasks to queue
[2024-08-26T17:24:13.222+0900] {logging_mixin.py:188} INFO - [2024-08-26T17:24:13.222+0900] {dagbag.py:545} INFO - Filling up the DagBag from /home/kyuseok00/teamproj/airflow/dags/time.py
[2024-08-26T17:24:13.271+0900] {processor.py:840} INFO - DAG(s) 'send_reminder' retrieved from /home/kyuseok00/teamproj/airflow/dags/time.py
[2024-08-26T17:24:13.290+0900] {logging_mixin.py:188} INFO - [2024-08-26T17:24:13.290+0900] {dag.py:3089} INFO - Sync 1 DAGs
[2024-08-26T17:24:13.310+0900] {logging_mixin.py:188} INFO - [2024-08-26T17:24:13.310+0900] {dag.py:3947} INFO - Setting next_dagrun for send_reminder to 2024-08-24 09:30:00+00:00, run_after=2024-08-25 09:30:00+00:00
[2024-08-26T17:24:13.335+0900] {processor.py:183} INFO - Processing /home/kyuseok00/teamproj/airflow/dags/time.py took 0.122 seconds
[2024-08-26T17:24:43.557+0900] {processor.py:161} INFO - Started process (PID=84767) to work on /home/kyuseok00/teamproj/airflow/dags/time.py
[2024-08-26T17:24:43.559+0900] {processor.py:830} INFO - Processing file /home/kyuseok00/teamproj/airflow/dags/time.py for tasks to queue
[2024-08-26T17:24:43.562+0900] {logging_mixin.py:188} INFO - [2024-08-26T17:24:43.562+0900] {dagbag.py:545} INFO - Filling up the DagBag from /home/kyuseok00/teamproj/airflow/dags/time.py
[2024-08-26T17:24:43.613+0900] {processor.py:840} INFO - DAG(s) 'send_reminder' retrieved from /home/kyuseok00/teamproj/airflow/dags/time.py
[2024-08-26T17:24:43.633+0900] {logging_mixin.py:188} INFO - [2024-08-26T17:24:43.632+0900] {dag.py:3089} INFO - Sync 1 DAGs
[2024-08-26T17:24:43.651+0900] {logging_mixin.py:188} INFO - [2024-08-26T17:24:43.651+0900] {dag.py:3947} INFO - Setting next_dagrun for send_reminder to 2024-08-24 09:30:00+00:00, run_after=2024-08-25 09:30:00+00:00
[2024-08-26T17:24:43.674+0900] {processor.py:183} INFO - Processing /home/kyuseok00/teamproj/airflow/dags/time.py took 0.129 seconds
[2024-08-26T17:25:13.909+0900] {processor.py:161} INFO - Started process (PID=84769) to work on /home/kyuseok00/teamproj/airflow/dags/time.py
[2024-08-26T17:25:13.910+0900] {processor.py:830} INFO - Processing file /home/kyuseok00/teamproj/airflow/dags/time.py for tasks to queue
[2024-08-26T17:25:13.913+0900] {logging_mixin.py:188} INFO - [2024-08-26T17:25:13.912+0900] {dagbag.py:545} INFO - Filling up the DagBag from /home/kyuseok00/teamproj/airflow/dags/time.py
[2024-08-26T17:25:13.961+0900] {processor.py:840} INFO - DAG(s) 'send_reminder' retrieved from /home/kyuseok00/teamproj/airflow/dags/time.py
[2024-08-26T17:25:13.977+0900] {logging_mixin.py:188} INFO - [2024-08-26T17:25:13.977+0900] {dag.py:3089} INFO - Sync 1 DAGs
[2024-08-26T17:25:13.993+0900] {logging_mixin.py:188} INFO - [2024-08-26T17:25:13.993+0900] {dag.py:3947} INFO - Setting next_dagrun for send_reminder to 2024-08-24 09:30:00+00:00, run_after=2024-08-25 09:30:00+00:00
[2024-08-26T17:25:14.015+0900] {processor.py:183} INFO - Processing /home/kyuseok00/teamproj/airflow/dags/time.py took 0.115 seconds
[2024-08-26T17:25:44.307+0900] {processor.py:161} INFO - Started process (PID=84771) to work on /home/kyuseok00/teamproj/airflow/dags/time.py
[2024-08-26T17:25:44.317+0900] {processor.py:830} INFO - Processing file /home/kyuseok00/teamproj/airflow/dags/time.py for tasks to queue
[2024-08-26T17:25:44.319+0900] {logging_mixin.py:188} INFO - [2024-08-26T17:25:44.318+0900] {dagbag.py:545} INFO - Filling up the DagBag from /home/kyuseok00/teamproj/airflow/dags/time.py
[2024-08-26T17:25:44.369+0900] {processor.py:840} INFO - DAG(s) 'send_reminder' retrieved from /home/kyuseok00/teamproj/airflow/dags/time.py
[2024-08-26T17:25:44.388+0900] {logging_mixin.py:188} INFO - [2024-08-26T17:25:44.388+0900] {dag.py:3089} INFO - Sync 1 DAGs
[2024-08-26T17:25:44.408+0900] {logging_mixin.py:188} INFO - [2024-08-26T17:25:44.408+0900] {dag.py:3947} INFO - Setting next_dagrun for send_reminder to 2024-08-24 09:30:00+00:00, run_after=2024-08-25 09:30:00+00:00
[2024-08-26T17:25:44.428+0900] {processor.py:183} INFO - Processing /home/kyuseok00/teamproj/airflow/dags/time.py took 0.133 seconds
[2024-08-26T17:26:14.693+0900] {processor.py:161} INFO - Started process (PID=84775) to work on /home/kyuseok00/teamproj/airflow/dags/time.py
[2024-08-26T17:26:14.694+0900] {processor.py:830} INFO - Processing file /home/kyuseok00/teamproj/airflow/dags/time.py for tasks to queue
[2024-08-26T17:26:14.696+0900] {logging_mixin.py:188} INFO - [2024-08-26T17:26:14.696+0900] {dagbag.py:545} INFO - Filling up the DagBag from /home/kyuseok00/teamproj/airflow/dags/time.py
[2024-08-26T17:26:14.742+0900] {processor.py:840} INFO - DAG(s) 'send_reminder' retrieved from /home/kyuseok00/teamproj/airflow/dags/time.py
[2024-08-26T17:26:14.761+0900] {logging_mixin.py:188} INFO - [2024-08-26T17:26:14.761+0900] {dag.py:3089} INFO - Sync 1 DAGs
[2024-08-26T17:26:14.780+0900] {logging_mixin.py:188} INFO - [2024-08-26T17:26:14.780+0900] {dag.py:3947} INFO - Setting next_dagrun for send_reminder to 2024-08-24 09:30:00+00:00, run_after=2024-08-25 09:30:00+00:00
[2024-08-26T17:26:14.802+0900] {processor.py:183} INFO - Processing /home/kyuseok00/teamproj/airflow/dags/time.py took 0.119 seconds
[2024-08-26T17:26:45.045+0900] {processor.py:161} INFO - Started process (PID=84777) to work on /home/kyuseok00/teamproj/airflow/dags/time.py
[2024-08-26T17:26:45.054+0900] {processor.py:830} INFO - Processing file /home/kyuseok00/teamproj/airflow/dags/time.py for tasks to queue
[2024-08-26T17:26:45.055+0900] {logging_mixin.py:188} INFO - [2024-08-26T17:26:45.055+0900] {dagbag.py:545} INFO - Filling up the DagBag from /home/kyuseok00/teamproj/airflow/dags/time.py
[2024-08-26T17:26:45.095+0900] {processor.py:840} INFO - DAG(s) 'send_reminder' retrieved from /home/kyuseok00/teamproj/airflow/dags/time.py
[2024-08-26T17:26:45.113+0900] {logging_mixin.py:188} INFO - [2024-08-26T17:26:45.113+0900] {dag.py:3089} INFO - Sync 1 DAGs
[2024-08-26T17:26:45.130+0900] {logging_mixin.py:188} INFO - [2024-08-26T17:26:45.130+0900] {dag.py:3947} INFO - Setting next_dagrun for send_reminder to 2024-08-24 09:30:00+00:00, run_after=2024-08-25 09:30:00+00:00
[2024-08-26T17:26:45.150+0900] {processor.py:183} INFO - Processing /home/kyuseok00/teamproj/airflow/dags/time.py took 0.109 seconds
